#
# A fatal error has been detected by the Java Runtime Environment:
#
#  EXCEPTION_ACCESS_VIOLATION (0xc0000005) at pc=0x0000000000000000, pid=19160, tid=19792
#
# JRE version: OpenJDK Runtime Environment (19.0.1+10) (build 19.0.1+10-21)
# Java VM: OpenJDK 64-Bit Server VM (19.0.1+10-21, mixed mode, sharing, tiered, compressed oops, compressed class ptrs, g1 gc, windows-amd64)
# Problematic frame:
# C  0x0000000000000000
#
# No core dump will be written. Minidumps are not enabled by default on client versions of Windows
#
# If you would like to submit a bug report, please visit:
#   https://bugreport.java.com/bugreport/crash.jsp
# The crash happened outside the Java Virtual Machine in native code.
# See problematic frame for where to report the bug.
#

---------------  S U M M A R Y ------------

Command Line: -agentlib:jdwp=transport=dt_socket,address=127.0.0.1:62423,suspend=y,server=n -javaagent:C:\Users\Umar\AppData\Local\JetBrains\IntelliJIdea2022.2\captureAgent\debugger-agent.jar -Dfile.encoding=UTF-8 -Dsun.stdout.encoding=UTF-8 -Dsun.stderr.encoding=UTF-8 Client.ClientBootstrap

Host: Intel(R) Core(TM) i7-9700F CPU @ 3.00GHz, 8 cores, 31G,  Windows 10 , 64 bit Build 19041 (10.0.19041.1645)
Time: Mon Dec 19 08:46:01 2022  Windows 10 , 64 bit Build 19041 (10.0.19041.1645) elapsed time: 0.315358 seconds (0d 0h 0m 0s)

---------------  T H R E A D  ---------------

Current thread (0x0000013c6dc02600):  JavaThread "Thread-0" [_thread_in_native, id=19792, stack(0x0000002a2c900000,0x0000002a2ca00000)]

Stack: [0x0000002a2c900000,0x0000002a2ca00000],  sp=0x0000002a2c9fe708,  free space=1017k
Native frames: (J=compiled Java code, j=interpreted, Vv=VM code, C=native code)

Java frames: (J=compiled Java code, j=interpreted, Vv=VM code)
j  jdk.internal.reflect.MethodHandleAccessorFactory.newFieldAccessor(Ljava/lang/reflect/Field;Z)Ljdk/internal/reflect/FieldAccessorImpl;+170 java.base@19.0.1
j  jdk.internal.reflect.ReflectionFactory.newFieldAccessor(Ljava/lang/reflect/Field;Z)Ljdk/internal/reflect/FieldAccessor;+82 java.base@19.0.1
j  java.lang.reflect.Field.acquireFieldAccessor()Ljdk/internal/reflect/FieldAccessor;+35 java.base@19.0.1
j  java.lang.reflect.Field.getFieldAccessor()Ljdk/internal/reflect/FieldAccessor;+14 java.base@19.0.1
j  java.lang.reflect.Field.getInt(Ljava/lang/Object;)I+18 java.base@19.0.1
j  org.lwjgl.system.APIUtil.apiClassTokens(Ljava/util/function/BiPredicate;Ljava/util/Map;[Ljava/lang/Class;)Ljava/util/Map;+104
j  org.lwjgl.glfw.GLFWErrorCallback$1.<init>(Ljava/io/PrintStream;)V+25
j  org.lwjgl.glfw.GLFWErrorCallback.createPrint(Ljava/io/PrintStream;)Lorg/lwjgl/glfw/GLFWErrorCallback;+5
j  Client.View.Window.Window.initWindow()V+3
j  Client.View.Window.Window.initialize(LClient/View/Scenes/Layer;)V+6
j  Client.View.Initializer.UIInitializer.lambda$initialize$0(LClient/View/Window/Window;LClient/View/Scenes/Layer;)V+2
j  Client.View.Initializer.UIInitializer$$Lambda$28+0x000000080100af48.run()V+8
j  java.lang.Thread.run()V+13 java.base@19.0.1
v  ~StubRoutines::call_stub 0x0000013c4c26100e

siginfo: EXCEPTION_ACCESS_VIOLATION (0xc0000005), data execution prevention violation at address 0x0000000000000000


Registers:
RAX=0x0000013c6e1ef500, RBX=0x0000013c6de067b0, RCX=0x0000013c6dc028e0, RDX=0x0000013c6de067b0
RSP=0x0000002a2c9fe708, RBP=0x0000000000000002, RSI=0x0000002a2c9fe7b0, RDI=0x0000013c6dc028e0
R8 =0x0000000000010002, R9 =0x0000000000000000, R10=0x00007ffbdfcb0000, R11=0x0000002a2c9fe6d8
R12=0x0000000000000007, R13=0x0000013c3cdbef00, R14=0x00007ffbdfab0300, R15=0x0000000000000000
RIP=0x0000000000000000, EFLAGS=0x0000000000010206


Register to memory mapping:

RIP=0x0 is NULL
RAX=0x0000013c6e1ef500 points into unknown readable memory: 0x0000000000000000 | 00 00 00 00 00 00 00 00
RBX=0x0000013c6de067b0 points into unknown readable memory: 0x000000062099e620 | 20 e6 99 20 06 00 00 00
RCX=0x0000013c6dc028e0 points into unknown readable memory: 0x0000013c6e1ef500 | 00 f5 1e 6e 3c 01 00 00
RDX=0x0000013c6de067b0 points into unknown readable memory: 0x000000062099e620 | 20 e6 99 20 06 00 00 00
RSP=0x0000002a2c9fe708 is pointing into the stack for thread: 0x0000013c6dc02600
RBP=0x0000000000000002 is an unknown value
RSI=0x0000002a2c9fe7b0 is pointing into the stack for thread: 0x0000013c6dc02600
RDI=0x0000013c6dc028e0 points into unknown readable memory: 0x0000013c6e1ef500 | 00 f5 1e 6e 3c 01 00 00
R8 =0x0000000000010002 is an unknown value
R9 =0x0 is NULL
R10=0x00007ffbdfcb0000 VCRUNTIME140.dll
R11=0x0000002a2c9fe6d8 is pointing into the stack for thread: 0x0000013c6dc02600
R12=0x0000000000000007 is an unknown value
R13=0x0000013c3cdbef00 points into unknown readable memory: 0x00007ffb60bf8ff0 | f0 8f bf 60 fb 7f 00 00
R14=0x00007ffbdfab0300 jdwp.dll
R15=0x0 is NULL


Top of Stack: (sp=0x0000002a2c9fe708)
0x0000002a2c9fe708:   00007ffbdfa95bd1 0000013c6de067b0
0x0000002a2c9fe718:   0000002a2c9fe7b0 0000000000000000
0x0000002a2c9fe728:   0000000000000000 00007ffb60bdecd0
0x0000002a2c9fe738:   0000000000004d50 0000013c6de067b0
0x0000002a2c9fe748:   00007ffbdfab0328 0000000000000000
0x0000002a2c9fe758:   00007ffbdfa9272f 0000013c6de067b0
0x0000002a2c9fe768:   0000000000000002 0000013c6dc028e0
0x0000002a2c9fe778:   0000013c6de067b8 000000396e090000
0x0000002a2c9fe788:   00007ffb6032685f 0000000000000000
0x0000002a2c9fe798:   00000008001de828 0000002a2c9fe800
0x0000002a2c9fe7a8:   00007ffb6032a286 0000000000000007
0x0000002a2c9fe7b8:   0000013c6de067b0 0000000000000000
0x0000002a2c9fe7c8:   0000013c6de067b8 0000000000000000
0x0000002a2c9fe7d8:   0000000000000000 0000000000000000
0x0000002a2c9fe7e8:   0000000000000000 0000000000000000
0x0000002a2c9fe7f8:   0000000000000000 0000000000000000 

Instructions: (pc=0x0000000000000000)
0xffffffffffffff00:   


Stack slot to memory mapping:
stack at sp + 0 slots: 0x00007ffbdfa95bd1 jdwp.dll
stack at sp + 1 slots: 0x0000013c6de067b0 points into unknown readable memory: 0x000000062099e620 | 20 e6 99 20 06 00 00 00
stack at sp + 2 slots: 0x0000002a2c9fe7b0 is pointing into the stack for thread: 0x0000013c6dc02600
stack at sp + 3 slots: 0x0 is NULL
stack at sp + 4 slots: 0x0 is NULL
stack at sp + 5 slots: 0x00007ffb60bdecd0 jvm.dll
stack at sp + 6 slots: 0x0000000000004d50 is an unknown value
stack at sp + 7 slots: 0x0000013c6de067b0 points into unknown readable memory: 0x000000062099e620 | 20 e6 99 20 06 00 00 00


---------------  P R O C E S S  ---------------

Threads class SMR info:
_java_thread_list=0x0000013c6e121d20, length=17, elements={
0x0000013c692d74b0, 0x0000013c692d7db0, 0x0000013c692d9ff0, 0x0000013c692dd960,
0x0000013c6dc035f0, 0x0000013c6dc01610, 0x0000013c6dc15120, 0x0000013c6dc176b0,
0x0000013c6dc020b0, 0x0000013c6dc01b60, 0x0000013c6ddb0c90, 0x0000013c6ddb1a00,
0x0000013c6ddd1320, 0x0000013c6dc000d0, 0x0000013c6de17020, 0x0000013c6dc02600,
0x0000013c6dc010c0
}

Java Threads: ( => current thread )
  0x0000013c692d74b0 JavaThread "Reference Handler" daemon [_thread_blocked, id=21520, stack(0x0000002a2b900000,0x0000002a2ba00000)]
  0x0000013c692d7db0 JavaThread "Finalizer" daemon [_thread_blocked, id=27756, stack(0x0000002a2ba00000,0x0000002a2bb00000)]
  0x0000013c692d9ff0 JavaThread "Signal Dispatcher" daemon [_thread_blocked, id=20780, stack(0x0000002a2bb00000,0x0000002a2bc00000)]
  0x0000013c692dd960 JavaThread "Attach Listener" daemon [_thread_blocked, id=5016, stack(0x0000002a2bc00000,0x0000002a2bd00000)]
  0x0000013c6dc035f0 JavaThread "Service Thread" daemon [_thread_blocked, id=26988, stack(0x0000002a2bd00000,0x0000002a2be00000)]
  0x0000013c6dc01610 JavaThread "Monitor Deflation Thread" daemon [_thread_blocked, id=27644, stack(0x0000002a2be00000,0x0000002a2bf00000)]
  0x0000013c6dc15120 JavaThread "C2 CompilerThread0" daemon [_thread_blocked, id=11980, stack(0x0000002a2bf00000,0x0000002a2c000000)]
  0x0000013c6dc176b0 JavaThread "C1 CompilerThread0" daemon [_thread_blocked, id=24104, stack(0x0000002a2c000000,0x0000002a2c100000)]
  0x0000013c6dc020b0 JavaThread "Sweeper thread" daemon [_thread_blocked, id=28140, stack(0x0000002a2c100000,0x0000002a2c200000)]
  0x0000013c6dc01b60 JavaThread "Common-Cleaner" daemon [_thread_blocked, id=22952, stack(0x0000002a2c200000,0x0000002a2c300000)]
  0x0000013c6ddb0c90 JavaThread "JDWP Transport Listener: dt_socket" daemon [_thread_blocked, id=10212, stack(0x0000002a2c300000,0x0000002a2c400000)]
  0x0000013c6ddb1a00 JavaThread "JDWP Event Helper Thread" daemon [_thread_blocked, id=15004, stack(0x0000002a2c400000,0x0000002a2c500000)]
  0x0000013c6ddd1320 JavaThread "JDWP Command Reader" daemon [_thread_in_native, id=26240, stack(0x0000002a2c500000,0x0000002a2c600000)]
  0x0000013c6dc000d0 JavaThread "Notification Thread" daemon [_thread_blocked, id=25392, stack(0x0000002a2c600000,0x0000002a2c700000)]
  0x0000013c6de17020 JavaThread "C2 CompilerThread1" daemon [_thread_blocked, id=9460, stack(0x0000002a2c800000,0x0000002a2c900000)]
=>0x0000013c6dc02600 JavaThread "Thread-0" [_thread_in_native, id=19792, stack(0x0000002a2c900000,0x0000002a2ca00000)]
  0x0000013c6dc010c0 JavaThread "DestroyJavaVM" [_thread_blocked, id=3112, stack(0x0000002a2b200000,0x0000002a2b300000)]

Other Threads:
  0x0000013c692bb080 VMThread "VM Thread" [stack: 0x0000002a2b800000,0x0000002a2b900000] [id=25340]
  0x0000013c6de7ecc0 WatcherThread "VM Periodic Task Thread" [stack: 0x0000002a2c700000,0x0000002a2c800000] [id=3028]
  0x0000013c3ce82130 WorkerThread "GC Thread#0" [stack: 0x0000002a2b300000,0x0000002a2b400000] [id=7096]
  0x0000013c3ce95310 ConcurrentGCThread "G1 Main Marker" [stack: 0x0000002a2b400000,0x0000002a2b500000] [id=27344]
  0x0000013c3ce95df0 WorkerThread "G1 Conc#0" [stack: 0x0000002a2b500000,0x0000002a2b600000] [id=27392]
  0x0000013c691739e0 ConcurrentGCThread "G1 Refine#0" [stack: 0x0000002a2b600000,0x0000002a2b700000] [id=21464]
  0x0000013c69174040 ConcurrentGCThread "G1 Service" [stack: 0x0000002a2b700000,0x0000002a2b800000] [id=22472]

Threads with active compile tasks:

VM state: not at safepoint (normal execution)

VM Mutex/Monitor currently owned by a thread: None

Heap address: 0x0000000601400000, size: 8172 MB, Compressed Oops mode: Zero based, Oop shift amount: 3

CDS archive(s) mapped at: [0x0000000800000000-0x0000000800c30000-0x0000000800c30000), size 12779520, SharedBaseAddress: 0x0000000800000000, ArchiveRelocationMode: 0.
Compressed class space mapped at: 0x0000000801000000-0x0000000841000000, reserved size: 1073741824
Narrow klass base: 0x0000000800000000, Narrow klass shift: 0, Narrow klass range: 0x100000000

GC Precious Log:
 CardTable entry size: 512
 Card Set container configuration: InlinePtr #cards 4 size 8 Array Of Cards #cards 32 size 80 Howl #buckets 8 coarsen threshold 7372 Howl Bitmap #cards 1024 size 144 coarsen threshold 921 Card regions per heap region 1 cards per card region 8192
 CPUs: 8 total, 8 available
 Memory: 32685M
 Large Page Support: Disabled
 NUMA Support: Disabled
 Compressed Oops: Enabled (Zero based)
 Heap Region Size: 4M
 Heap Min Capacity: 8M
 Heap Initial Capacity: 512M
 Heap Max Capacity: 8172M
 Pre-touch: Disabled
 Parallel Workers: 8
 Concurrent Workers: 2
 Concurrent Refinement Workers: 8
 Periodic GC: Disabled

Heap:
 garbage-first heap   total 524288K, used 12288K [0x0000000601400000, 0x0000000800000000)
  region size 4096K, 4 young (16384K), 0 survivors (0K)
 Metaspace       used 3205K, committed 3392K, reserved 1114112K
  class space    used 290K, committed 384K, reserved 1048576K

Heap Regions: E=young(eden), S=young(survivor), O=old, HS=humongous(starts), HC=humongous(continues), CS=collection set, F=free, OA=open archive, CA=closed archive, TAMS=top-at-mark-start (previous, next)
|   0|0x0000000601400000, 0x0000000601400000, 0x0000000601800000|  0%| F|  |TAMS 0x0000000601400000, 0x0000000601400000| Untracked 
|   1|0x0000000601800000, 0x0000000601800000, 0x0000000601c00000|  0%| F|  |TAMS 0x0000000601800000, 0x0000000601800000| Untracked 
|   2|0x0000000601c00000, 0x0000000601c00000, 0x0000000602000000|  0%| F|  |TAMS 0x0000000601c00000, 0x0000000601c00000| Untracked 
|   3|0x0000000602000000, 0x0000000602000000, 0x0000000602400000|  0%| F|  |TAMS 0x0000000602000000, 0x0000000602000000| Untracked 
|   4|0x0000000602400000, 0x0000000602400000, 0x0000000602800000|  0%| F|  |TAMS 0x0000000602400000, 0x0000000602400000| Untracked 
|   5|0x0000000602800000, 0x0000000602800000, 0x0000000602c00000|  0%| F|  |TAMS 0x0000000602800000, 0x0000000602800000| Untracked 
|   6|0x0000000602c00000, 0x0000000602c00000, 0x0000000603000000|  0%| F|  |TAMS 0x0000000602c00000, 0x0000000602c00000| Untracked 
|   7|0x0000000603000000, 0x0000000603000000, 0x0000000603400000|  0%| F|  |TAMS 0x0000000603000000, 0x0000000603000000| Untracked 
|   8|0x0000000603400000, 0x0000000603400000, 0x0000000603800000|  0%| F|  |TAMS 0x0000000603400000, 0x0000000603400000| Untracked 
|   9|0x0000000603800000, 0x0000000603800000, 0x0000000603c00000|  0%| F|  |TAMS 0x0000000603800000, 0x0000000603800000| Untracked 
|  10|0x0000000603c00000, 0x0000000603c00000, 0x0000000604000000|  0%| F|  |TAMS 0x0000000603c00000, 0x0000000603c00000| Untracked 
|  11|0x0000000604000000, 0x0000000604000000, 0x0000000604400000|  0%| F|  |TAMS 0x0000000604000000, 0x0000000604000000| Untracked 
|  12|0x0000000604400000, 0x0000000604400000, 0x0000000604800000|  0%| F|  |TAMS 0x0000000604400000, 0x0000000604400000| Untracked 
|  13|0x0000000604800000, 0x0000000604800000, 0x0000000604c00000|  0%| F|  |TAMS 0x0000000604800000, 0x0000000604800000| Untracked 
|  14|0x0000000604c00000, 0x0000000604c00000, 0x0000000605000000|  0%| F|  |TAMS 0x0000000604c00000, 0x0000000604c00000| Untracked 
|  15|0x0000000605000000, 0x0000000605000000, 0x0000000605400000|  0%| F|  |TAMS 0x0000000605000000, 0x0000000605000000| Untracked 
|  16|0x0000000605400000, 0x0000000605400000, 0x0000000605800000|  0%| F|  |TAMS 0x0000000605400000, 0x0000000605400000| Untracked 
|  17|0x0000000605800000, 0x0000000605800000, 0x0000000605c00000|  0%| F|  |TAMS 0x0000000605800000, 0x0000000605800000| Untracked 
|  18|0x0000000605c00000, 0x0000000605c00000, 0x0000000606000000|  0%| F|  |TAMS 0x0000000605c00000, 0x0000000605c00000| Untracked 
|  19|0x0000000606000000, 0x0000000606000000, 0x0000000606400000|  0%| F|  |TAMS 0x0000000606000000, 0x0000000606000000| Untracked 
|  20|0x0000000606400000, 0x0000000606400000, 0x0000000606800000|  0%| F|  |TAMS 0x0000000606400000, 0x0000000606400000| Untracked 
|  21|0x0000000606800000, 0x0000000606800000, 0x0000000606c00000|  0%| F|  |TAMS 0x0000000606800000, 0x0000000606800000| Untracked 
|  22|0x0000000606c00000, 0x0000000606c00000, 0x0000000607000000|  0%| F|  |TAMS 0x0000000606c00000, 0x0000000606c00000| Untracked 
|  23|0x0000000607000000, 0x0000000607000000, 0x0000000607400000|  0%| F|  |TAMS 0x0000000607000000, 0x0000000607000000| Untracked 
|  24|0x0000000607400000, 0x0000000607400000, 0x0000000607800000|  0%| F|  |TAMS 0x0000000607400000, 0x0000000607400000| Untracked 
|  25|0x0000000607800000, 0x0000000607800000, 0x0000000607c00000|  0%| F|  |TAMS 0x0000000607800000, 0x0000000607800000| Untracked 
|  26|0x0000000607c00000, 0x0000000607c00000, 0x0000000608000000|  0%| F|  |TAMS 0x0000000607c00000, 0x0000000607c00000| Untracked 
|  27|0x0000000608000000, 0x0000000608000000, 0x0000000608400000|  0%| F|  |TAMS 0x0000000608000000, 0x0000000608000000| Untracked 
|  28|0x0000000608400000, 0x0000000608400000, 0x0000000608800000|  0%| F|  |TAMS 0x0000000608400000, 0x0000000608400000| Untracked 
|  29|0x0000000608800000, 0x0000000608800000, 0x0000000608c00000|  0%| F|  |TAMS 0x0000000608800000, 0x0000000608800000| Untracked 
|  30|0x0000000608c00000, 0x0000000608c00000, 0x0000000609000000|  0%| F|  |TAMS 0x0000000608c00000, 0x0000000608c00000| Untracked 
|  31|0x0000000609000000, 0x0000000609000000, 0x0000000609400000|  0%| F|  |TAMS 0x0000000609000000, 0x0000000609000000| Untracked 
|  32|0x0000000609400000, 0x0000000609400000, 0x0000000609800000|  0%| F|  |TAMS 0x0000000609400000, 0x0000000609400000| Untracked 
|  33|0x0000000609800000, 0x0000000609800000, 0x0000000609c00000|  0%| F|  |TAMS 0x0000000609800000, 0x0000000609800000| Untracked 
|  34|0x0000000609c00000, 0x0000000609c00000, 0x000000060a000000|  0%| F|  |TAMS 0x0000000609c00000, 0x0000000609c00000| Untracked 
|  35|0x000000060a000000, 0x000000060a000000, 0x000000060a400000|  0%| F|  |TAMS 0x000000060a000000, 0x000000060a000000| Untracked 
|  36|0x000000060a400000, 0x000000060a400000, 0x000000060a800000|  0%| F|  |TAMS 0x000000060a400000, 0x000000060a400000| Untracked 
|  37|0x000000060a800000, 0x000000060a800000, 0x000000060ac00000|  0%| F|  |TAMS 0x000000060a800000, 0x000000060a800000| Untracked 
|  38|0x000000060ac00000, 0x000000060ac00000, 0x000000060b000000|  0%| F|  |TAMS 0x000000060ac00000, 0x000000060ac00000| Untracked 
|  39|0x000000060b000000, 0x000000060b000000, 0x000000060b400000|  0%| F|  |TAMS 0x000000060b000000, 0x000000060b000000| Untracked 
|  40|0x000000060b400000, 0x000000060b400000, 0x000000060b800000|  0%| F|  |TAMS 0x000000060b400000, 0x000000060b400000| Untracked 
|  41|0x000000060b800000, 0x000000060b800000, 0x000000060bc00000|  0%| F|  |TAMS 0x000000060b800000, 0x000000060b800000| Untracked 
|  42|0x000000060bc00000, 0x000000060bc00000, 0x000000060c000000|  0%| F|  |TAMS 0x000000060bc00000, 0x000000060bc00000| Untracked 
|  43|0x000000060c000000, 0x000000060c000000, 0x000000060c400000|  0%| F|  |TAMS 0x000000060c000000, 0x000000060c000000| Untracked 
|  44|0x000000060c400000, 0x000000060c400000, 0x000000060c800000|  0%| F|  |TAMS 0x000000060c400000, 0x000000060c400000| Untracked 
|  45|0x000000060c800000, 0x000000060c800000, 0x000000060cc00000|  0%| F|  |TAMS 0x000000060c800000, 0x000000060c800000| Untracked 
|  46|0x000000060cc00000, 0x000000060cc00000, 0x000000060d000000|  0%| F|  |TAMS 0x000000060cc00000, 0x000000060cc00000| Untracked 
|  47|0x000000060d000000, 0x000000060d000000, 0x000000060d400000|  0%| F|  |TAMS 0x000000060d000000, 0x000000060d000000| Untracked 
|  48|0x000000060d400000, 0x000000060d400000, 0x000000060d800000|  0%| F|  |TAMS 0x000000060d400000, 0x000000060d400000| Untracked 
|  49|0x000000060d800000, 0x000000060d800000, 0x000000060dc00000|  0%| F|  |TAMS 0x000000060d800000, 0x000000060d800000| Untracked 
|  50|0x000000060dc00000, 0x000000060dc00000, 0x000000060e000000|  0%| F|  |TAMS 0x000000060dc00000, 0x000000060dc00000| Untracked 
|  51|0x000000060e000000, 0x000000060e000000, 0x000000060e400000|  0%| F|  |TAMS 0x000000060e000000, 0x000000060e000000| Untracked 
|  52|0x000000060e400000, 0x000000060e400000, 0x000000060e800000|  0%| F|  |TAMS 0x000000060e400000, 0x000000060e400000| Untracked 
|  53|0x000000060e800000, 0x000000060e800000, 0x000000060ec00000|  0%| F|  |TAMS 0x000000060e800000, 0x000000060e800000| Untracked 
|  54|0x000000060ec00000, 0x000000060ec00000, 0x000000060f000000|  0%| F|  |TAMS 0x000000060ec00000, 0x000000060ec00000| Untracked 
|  55|0x000000060f000000, 0x000000060f000000, 0x000000060f400000|  0%| F|  |TAMS 0x000000060f000000, 0x000000060f000000| Untracked 
|  56|0x000000060f400000, 0x000000060f400000, 0x000000060f800000|  0%| F|  |TAMS 0x000000060f400000, 0x000000060f400000| Untracked 
|  57|0x000000060f800000, 0x000000060f800000, 0x000000060fc00000|  0%| F|  |TAMS 0x000000060f800000, 0x000000060f800000| Untracked 
|  58|0x000000060fc00000, 0x000000060fc00000, 0x0000000610000000|  0%| F|  |TAMS 0x000000060fc00000, 0x000000060fc00000| Untracked 
|  59|0x0000000610000000, 0x0000000610000000, 0x0000000610400000|  0%| F|  |TAMS 0x0000000610000000, 0x0000000610000000| Untracked 
|  60|0x0000000610400000, 0x0000000610400000, 0x0000000610800000|  0%| F|  |TAMS 0x0000000610400000, 0x0000000610400000| Untracked 
|  61|0x0000000610800000, 0x0000000610800000, 0x0000000610c00000|  0%| F|  |TAMS 0x0000000610800000, 0x0000000610800000| Untracked 
|  62|0x0000000610c00000, 0x0000000610c00000, 0x0000000611000000|  0%| F|  |TAMS 0x0000000610c00000, 0x0000000610c00000| Untracked 
|  63|0x0000000611000000, 0x0000000611000000, 0x0000000611400000|  0%| F|  |TAMS 0x0000000611000000, 0x0000000611000000| Untracked 
|  64|0x0000000611400000, 0x0000000611400000, 0x0000000611800000|  0%| F|  |TAMS 0x0000000611400000, 0x0000000611400000| Untracked 
|  65|0x0000000611800000, 0x0000000611800000, 0x0000000611c00000|  0%| F|  |TAMS 0x0000000611800000, 0x0000000611800000| Untracked 
|  66|0x0000000611c00000, 0x0000000611c00000, 0x0000000612000000|  0%| F|  |TAMS 0x0000000611c00000, 0x0000000611c00000| Untracked 
|  67|0x0000000612000000, 0x0000000612000000, 0x0000000612400000|  0%| F|  |TAMS 0x0000000612000000, 0x0000000612000000| Untracked 
|  68|0x0000000612400000, 0x0000000612400000, 0x0000000612800000|  0%| F|  |TAMS 0x0000000612400000, 0x0000000612400000| Untracked 
|  69|0x0000000612800000, 0x0000000612800000, 0x0000000612c00000|  0%| F|  |TAMS 0x0000000612800000, 0x0000000612800000| Untracked 
|  70|0x0000000612c00000, 0x0000000612c00000, 0x0000000613000000|  0%| F|  |TAMS 0x0000000612c00000, 0x0000000612c00000| Untracked 
|  71|0x0000000613000000, 0x0000000613000000, 0x0000000613400000|  0%| F|  |TAMS 0x0000000613000000, 0x0000000613000000| Untracked 
|  72|0x0000000613400000, 0x0000000613400000, 0x0000000613800000|  0%| F|  |TAMS 0x0000000613400000, 0x0000000613400000| Untracked 
|  73|0x0000000613800000, 0x0000000613800000, 0x0000000613c00000|  0%| F|  |TAMS 0x0000000613800000, 0x0000000613800000| Untracked 
|  74|0x0000000613c00000, 0x0000000613c00000, 0x0000000614000000|  0%| F|  |TAMS 0x0000000613c00000, 0x0000000613c00000| Untracked 
|  75|0x0000000614000000, 0x0000000614000000, 0x0000000614400000|  0%| F|  |TAMS 0x0000000614000000, 0x0000000614000000| Untracked 
|  76|0x0000000614400000, 0x0000000614400000, 0x0000000614800000|  0%| F|  |TAMS 0x0000000614400000, 0x0000000614400000| Untracked 
|  77|0x0000000614800000, 0x0000000614800000, 0x0000000614c00000|  0%| F|  |TAMS 0x0000000614800000, 0x0000000614800000| Untracked 
|  78|0x0000000614c00000, 0x0000000614c00000, 0x0000000615000000|  0%| F|  |TAMS 0x0000000614c00000, 0x0000000614c00000| Untracked 
|  79|0x0000000615000000, 0x0000000615000000, 0x0000000615400000|  0%| F|  |TAMS 0x0000000615000000, 0x0000000615000000| Untracked 
|  80|0x0000000615400000, 0x0000000615400000, 0x0000000615800000|  0%| F|  |TAMS 0x0000000615400000, 0x0000000615400000| Untracked 
|  81|0x0000000615800000, 0x0000000615800000, 0x0000000615c00000|  0%| F|  |TAMS 0x0000000615800000, 0x0000000615800000| Untracked 
|  82|0x0000000615c00000, 0x0000000615c00000, 0x0000000616000000|  0%| F|  |TAMS 0x0000000615c00000, 0x0000000615c00000| Untracked 
|  83|0x0000000616000000, 0x0000000616000000, 0x0000000616400000|  0%| F|  |TAMS 0x0000000616000000, 0x0000000616000000| Untracked 
|  84|0x0000000616400000, 0x0000000616400000, 0x0000000616800000|  0%| F|  |TAMS 0x0000000616400000, 0x0000000616400000| Untracked 
|  85|0x0000000616800000, 0x0000000616800000, 0x0000000616c00000|  0%| F|  |TAMS 0x0000000616800000, 0x0000000616800000| Untracked 
|  86|0x0000000616c00000, 0x0000000616c00000, 0x0000000617000000|  0%| F|  |TAMS 0x0000000616c00000, 0x0000000616c00000| Untracked 
|  87|0x0000000617000000, 0x0000000617000000, 0x0000000617400000|  0%| F|  |TAMS 0x0000000617000000, 0x0000000617000000| Untracked 
|  88|0x0000000617400000, 0x0000000617400000, 0x0000000617800000|  0%| F|  |TAMS 0x0000000617400000, 0x0000000617400000| Untracked 
|  89|0x0000000617800000, 0x0000000617800000, 0x0000000617c00000|  0%| F|  |TAMS 0x0000000617800000, 0x0000000617800000| Untracked 
|  90|0x0000000617c00000, 0x0000000617c00000, 0x0000000618000000|  0%| F|  |TAMS 0x0000000617c00000, 0x0000000617c00000| Untracked 
|  91|0x0000000618000000, 0x0000000618000000, 0x0000000618400000|  0%| F|  |TAMS 0x0000000618000000, 0x0000000618000000| Untracked 
|  92|0x0000000618400000, 0x0000000618400000, 0x0000000618800000|  0%| F|  |TAMS 0x0000000618400000, 0x0000000618400000| Untracked 
|  93|0x0000000618800000, 0x0000000618800000, 0x0000000618c00000|  0%| F|  |TAMS 0x0000000618800000, 0x0000000618800000| Untracked 
|  94|0x0000000618c00000, 0x0000000618c00000, 0x0000000619000000|  0%| F|  |TAMS 0x0000000618c00000, 0x0000000618c00000| Untracked 
|  95|0x0000000619000000, 0x0000000619000000, 0x0000000619400000|  0%| F|  |TAMS 0x0000000619000000, 0x0000000619000000| Untracked 
|  96|0x0000000619400000, 0x0000000619400000, 0x0000000619800000|  0%| F|  |TAMS 0x0000000619400000, 0x0000000619400000| Untracked 
|  97|0x0000000619800000, 0x0000000619800000, 0x0000000619c00000|  0%| F|  |TAMS 0x0000000619800000, 0x0000000619800000| Untracked 
|  98|0x0000000619c00000, 0x0000000619c00000, 0x000000061a000000|  0%| F|  |TAMS 0x0000000619c00000, 0x0000000619c00000| Untracked 
|  99|0x000000061a000000, 0x000000061a000000, 0x000000061a400000|  0%| F|  |TAMS 0x000000061a000000, 0x000000061a000000| Untracked 
| 100|0x000000061a400000, 0x000000061a400000, 0x000000061a800000|  0%| F|  |TAMS 0x000000061a400000, 0x000000061a400000| Untracked 
| 101|0x000000061a800000, 0x000000061a800000, 0x000000061ac00000|  0%| F|  |TAMS 0x000000061a800000, 0x000000061a800000| Untracked 
| 102|0x000000061ac00000, 0x000000061ac00000, 0x000000061b000000|  0%| F|  |TAMS 0x000000061ac00000, 0x000000061ac00000| Untracked 
| 103|0x000000061b000000, 0x000000061b000000, 0x000000061b400000|  0%| F|  |TAMS 0x000000061b000000, 0x000000061b000000| Untracked 
| 104|0x000000061b400000, 0x000000061b400000, 0x000000061b800000|  0%| F|  |TAMS 0x000000061b400000, 0x000000061b400000| Untracked 
| 105|0x000000061b800000, 0x000000061b800000, 0x000000061bc00000|  0%| F|  |TAMS 0x000000061b800000, 0x000000061b800000| Untracked 
| 106|0x000000061bc00000, 0x000000061bc00000, 0x000000061c000000|  0%| F|  |TAMS 0x000000061bc00000, 0x000000061bc00000| Untracked 
| 107|0x000000061c000000, 0x000000061c000000, 0x000000061c400000|  0%| F|  |TAMS 0x000000061c000000, 0x000000061c000000| Untracked 
| 108|0x000000061c400000, 0x000000061c400000, 0x000000061c800000|  0%| F|  |TAMS 0x000000061c400000, 0x000000061c400000| Untracked 
| 109|0x000000061c800000, 0x000000061c800000, 0x000000061cc00000|  0%| F|  |TAMS 0x000000061c800000, 0x000000061c800000| Untracked 
| 110|0x000000061cc00000, 0x000000061cc00000, 0x000000061d000000|  0%| F|  |TAMS 0x000000061cc00000, 0x000000061cc00000| Untracked 
| 111|0x000000061d000000, 0x000000061d000000, 0x000000061d400000|  0%| F|  |TAMS 0x000000061d000000, 0x000000061d000000| Untracked 
| 112|0x000000061d400000, 0x000000061d400000, 0x000000061d800000|  0%| F|  |TAMS 0x000000061d400000, 0x000000061d400000| Untracked 
| 113|0x000000061d800000, 0x000000061d800000, 0x000000061dc00000|  0%| F|  |TAMS 0x000000061d800000, 0x000000061d800000| Untracked 
| 114|0x000000061dc00000, 0x000000061dc00000, 0x000000061e000000|  0%| F|  |TAMS 0x000000061dc00000, 0x000000061dc00000| Untracked 
| 115|0x000000061e000000, 0x000000061e000000, 0x000000061e400000|  0%| F|  |TAMS 0x000000061e000000, 0x000000061e000000| Untracked 
| 116|0x000000061e400000, 0x000000061e400000, 0x000000061e800000|  0%| F|  |TAMS 0x000000061e400000, 0x000000061e400000| Untracked 
| 117|0x000000061e800000, 0x000000061e800000, 0x000000061ec00000|  0%| F|  |TAMS 0x000000061e800000, 0x000000061e800000| Untracked 
| 118|0x000000061ec00000, 0x000000061ec00000, 0x000000061f000000|  0%| F|  |TAMS 0x000000061ec00000, 0x000000061ec00000| Untracked 
| 119|0x000000061f000000, 0x000000061f000000, 0x000000061f400000|  0%| F|  |TAMS 0x000000061f000000, 0x000000061f000000| Untracked 
| 120|0x000000061f400000, 0x000000061f400000, 0x000000061f800000|  0%| F|  |TAMS 0x000000061f400000, 0x000000061f400000| Untracked 
| 121|0x000000061f800000, 0x000000061f800000, 0x000000061fc00000|  0%| F|  |TAMS 0x000000061f800000, 0x000000061f800000| Untracked 
| 122|0x000000061fc00000, 0x000000061fc00000, 0x0000000620000000|  0%| F|  |TAMS 0x000000061fc00000, 0x000000061fc00000| Untracked 
| 123|0x0000000620000000, 0x0000000620000000, 0x0000000620400000|  0%| F|  |TAMS 0x0000000620000000, 0x0000000620000000| Untracked 
| 124|0x0000000620400000, 0x000000062057b058, 0x0000000620800000| 37%| E|  |TAMS 0x0000000620400000, 0x0000000620400000| Complete 
| 125|0x0000000620800000, 0x0000000620c00000, 0x0000000620c00000|100%| E|CS|TAMS 0x0000000620800000, 0x0000000620800000| Complete 
| 126|0x0000000620c00000, 0x0000000621000000, 0x0000000621000000|100%| E|CS|TAMS 0x0000000620c00000, 0x0000000620c00000| Complete 
| 127|0x0000000621000000, 0x0000000621400000, 0x0000000621400000|100%| E|CS|TAMS 0x0000000621000000, 0x0000000621000000| Complete 

Card table byte_map: [0x0000013c55070000,0x0000013c56070000] _byte_map_base: 0x0000013c52066000

Marking Bits (Prev, Next): (CMBitMap*) 0x0000013c3ce84a90, (CMBitMap*) 0x0000013c3ce84ad0
 Prev Bits: [0x0000013c57070000, 0x0000013c5f020000)
 Next Bits: [0x0000013c5f020000, 0x0000013c66fd0000)

Polling page: 0x0000013c3abe0000

Metaspace:

Usage:
  Non-class:      2.85 MB used.
      Class:    290.30 KB used.
       Both:      3.13 MB used.

Virtual space:
  Non-class space:       64.00 MB reserved,       2.94 MB (  5%) committed,  1 nodes.
      Class space:        1.00 GB reserved,     384.00 KB ( <1%) committed,  1 nodes.
             Both:        1.06 GB reserved,       3.31 MB ( <1%) committed. 

Chunk freelists:
   Non-Class:  3.16 MB
       Class:  3.61 MB
        Both:  6.76 MB

MaxMetaspaceSize: unlimited
CompressedClassSpaceSize: 1.00 GB
Initial GC threshold: 21.00 MB
Current GC threshold: 21.00 MB
CDS: on
MetaspaceReclaimPolicy: balanced
 - commit_granule_bytes: 65536.
 - commit_granule_words: 8192.
 - virtual_space_node_default_size: 8388608.
 - enlarge_chunks_in_place: 1.
 - new_chunks_are_fully_committed: 0.
 - uncommit_free_chunks: 1.
 - use_allocation_guard: 0.


Internal statistics:

num_allocs_failed_limit: 0.
num_arena_births: 128.
num_arena_deaths: 0.
num_vsnodes_births: 2.
num_vsnodes_deaths: 0.
num_space_committed: 53.
num_space_uncommitted: 0.
num_chunks_returned_to_freelist: 0.
num_chunks_taken_from_freelist: 184.
num_chunk_merges: 0.
num_chunk_splits: 116.
num_chunks_enlarged: 73.
num_inconsistent_stats: 0.

CodeHeap 'non-profiled nmethods': size=120000Kb used=209Kb max_used=209Kb free=119790Kb
 bounds [0x0000013c4c800000, 0x0000013c4ca70000, 0x0000013c53d30000]
CodeHeap 'profiled nmethods': size=120000Kb used=1004Kb max_used=1004Kb free=118996Kb
 bounds [0x0000013c44d30000, 0x0000013c44fa0000, 0x0000013c4c260000]
CodeHeap 'non-nmethods': size=5760Kb used=1315Kb max_used=1341Kb free=4444Kb
 bounds [0x0000013c4c260000, 0x0000013c4c4d0000, 0x0000013c4c800000]
 total_blobs=1135 nmethods=674 adapters=372
 compilation: enabled
              stopped_count=0, restarted_count=0
 full_count=0

Compilation events (20 events):
Event: 0.310 Thread 0x0000013c6dc176b0  666       3       java.lang.ThreadLocal$ThreadLocalMap::getEntry (42 bytes)
Event: 0.310 Thread 0x0000013c6dc176b0 nmethod 666 0x0000013c44e26e10 code [0x0000013c44e26fe0, 0x0000013c44e273d8]
Event: 0.310 Thread 0x0000013c6dc176b0  667       3       java.lang.ThreadLocal::get (47 bytes)
Event: 0.310 Thread 0x0000013c6dc176b0 nmethod 667 0x0000013c44e27590 code [0x0000013c44e27780, 0x0000013c44e27bc8]
Event: 0.310 Thread 0x0000013c6dc176b0  663       3       java.util.zip.CRC32::updateBytesCheck (35 bytes)
Event: 0.310 Thread 0x0000013c6dc176b0 nmethod 663 0x0000013c44e27d90 code [0x0000013c44e27f60, 0x0000013c44e282c8]
Event: 0.310 Thread 0x0000013c6dc176b0  664       1       java.nio.HeapByteBuffer::isReadOnly (2 bytes)
Event: 0.310 Thread 0x0000013c6dc176b0 nmethod 664 0x0000013c4c833b90 code [0x0000013c4c833d20, 0x0000013c4c833df8]
Event: 0.311 Thread 0x0000013c6dc176b0  668       3       java.lang.String::indexOf (18 bytes)
Event: 0.311 Thread 0x0000013c6dc176b0 nmethod 668 0x0000013c44e28490 code [0x0000013c44e28660, 0x0000013c44e28948]
Event: 0.312 Thread 0x0000013c6dc176b0  669       3       java.lang.String::indexOf (113 bytes)
Event: 0.312 Thread 0x0000013c6dc176b0 nmethod 669 0x0000013c44e28a90 code [0x0000013c44e28cc0, 0x0000013c44e29348]
Event: 0.312 Thread 0x0000013c6dc176b0  670       3       java.lang.String::indexOf (64 bytes)
Event: 0.312 Thread 0x0000013c6dc176b0 nmethod 670 0x0000013c44e29510 code [0x0000013c44e29720, 0x0000013c44e29c08]
Event: 0.312 Thread 0x0000013c6dc176b0  671       3       java.lang.StringLatin1::indexOf (25 bytes)
Event: 0.312 Thread 0x0000013c6dc176b0 nmethod 671 0x0000013c44e29d90 code [0x0000013c44e29f40, 0x0000013c44e2a168]
Event: 0.313 Thread 0x0000013c6dc15120  672       4       jdk.internal.jimage.ImageStringsReader::unmaskedHashCode (166 bytes)
Event: 0.313 Thread 0x0000013c6dc176b0  673       3       java.lang.Integer::stringSize (47 bytes)
Event: 0.313 Thread 0x0000013c6dc176b0 nmethod 673 0x0000013c44e2a290 code [0x0000013c44e2a440, 0x0000013c44e2a698]
Event: 0.313 Thread 0x0000013c6dc176b0  674       3       java.lang.Integer::getChars (121 bytes)

GC Heap History (0 events):
No events

Dll operation events (11 events):
Event: 0.011 Loaded shared library C:\Users\Umar\.jdks\openjdk-19.0.1\bin\java.dll
Event: 0.012 Loaded shared library C:\Users\Umar\.jdks\openjdk-19.0.1\bin\zip.dll
Event: 0.017 Loaded shared library C:\Users\Umar\.jdks\openjdk-19.0.1\bin\jsvml.dll
Event: 0.129 Loaded shared library C:\Users\Umar\.jdks\openjdk-19.0.1\bin\instrument.dll
Event: 0.145 Loaded shared library C:\Users\Umar\.jdks\openjdk-19.0.1\bin\net.dll
Event: 0.150 Loaded shared library C:\Users\Umar\.jdks\openjdk-19.0.1\bin\jimage.dll
Event: 0.155 Loaded shared library C:\Users\Umar\.jdks\openjdk-19.0.1\bin\nio.dll
Event: 0.159 Loaded shared library C:\Users\Umar\.jdks\openjdk-19.0.1\bin\zip.dll
Event: 0.195 Loaded shared library C:\Users\Umar\.jdks\openjdk-19.0.1\bin\extnet.dll
Event: 0.228 Loaded shared library C:\Users\Umar\.jdks\openjdk-19.0.1\bin\awt.dll
Event: 0.286 Loaded shared library C:\Users\Umar\AppData\Local\Temp\lwjglUmar\3.3.1-SNAPSHOT\lwjgl.dll

Deoptimization events (8 events):
Event: 0.181 Thread 0x0000013c3cdd1ee0 DEOPT PACKING pc=0x0000013c44d5a5ea sp=0x0000002a2b2fdcf0
Event: 0.181 Thread 0x0000013c3cdd1ee0 DEOPT UNPACKING pc=0x0000013c4c2c7543 sp=0x0000002a2b2fd110 mode 0
Event: 0.210 Thread 0x0000013c3cdd1ee0 DEOPT PACKING pc=0x0000013c44d387d5 sp=0x0000002a2b2f9230
Event: 0.210 Thread 0x0000013c3cdd1ee0 DEOPT UNPACKING pc=0x0000013c4c2c7543 sp=0x0000002a2b2f86a8 mode 0
Event: 0.280 Thread 0x0000013c6dc02600 Uncommon trap: trap_request=0xffffff45 fr.pc=0x0000013c4c81a408 relative=0x0000000000000068
Event: 0.280 Thread 0x0000013c6dc02600 Uncommon trap: reason=unstable_if action=reinterpret pc=0x0000013c4c81a408 method=java.io.WinNTFileSystem.isSlash(C)Z @ 9 c2
Event: 0.280 Thread 0x0000013c6dc02600 DEOPT PACKING pc=0x0000013c4c81a408 sp=0x0000002a2c9fbb80
Event: 0.280 Thread 0x0000013c6dc02600 DEOPT UNPACKING pc=0x0000013c4c2c6da3 sp=0x0000002a2c9fbb18 mode 2

Classes loaded (20 events):
Event: 0.304 Loading class org/lwjgl/glfw/GLFW
Event: 0.304 Loading class org/lwjgl/glfw/GLFW done
Event: 0.306 Loading class org/lwjgl/glfw/GLFWImage$Buffer
Event: 0.306 Loading class org/lwjgl/glfw/GLFWImage$Buffer done
Event: 0.306 Loading class org/lwjgl/system/StructBuffer
Event: 0.306 Loading class org/lwjgl/system/StructBuffer done
Event: 0.310 Loading class org/lwjgl/system/APIUtil$1
Event: 0.310 Loading class org/lwjgl/system/APIUtil$1 done
Event: 0.311 Loading class java/lang/NoSuchFieldError
Event: 0.311 Loading class java/lang/NoSuchFieldError done
Event: 0.311 Loading class org/lwjgl/system/windows/WindowsLibrary
Event: 0.311 Loading class org/lwjgl/system/windows/WindowsLibrary done
Event: 0.311 Loading class org/lwjgl/system/SharedLibrary$Default
Event: 0.311 Loading class org/lwjgl/system/SharedLibrary$Default done
Event: 0.311 Loading class org/lwjgl/system/windows/WinBase
Event: 0.311 Loading class org/lwjgl/system/windows/WinBase done
Event: 0.312 Loading class org/lwjgl/system/ThreadLocalUtil
Event: 0.312 Loading class org/lwjgl/system/ThreadLocalUtil done
Event: 0.313 Loading class jdk/internal/reflect/MethodHandleIntegerFieldAccessorImpl
Event: 0.313 Loading class jdk/internal/reflect/MethodHandleIntegerFieldAccessorImpl done

Classes unloaded (0 events):
No events

Classes redefined (0 events):
No events

Internal exceptions (20 events):
Event: 0.205 Thread 0x0000013c3cdd1ee0 Exception <a 'java/lang/NoSuchMethodError'{0x00000006208354c8}: 'java.lang.Object java.lang.invoke.DirectMethodHandle$Holder.invokeStaticInit(java.lang.Object)'> (0x00000006208354c8) 
thrown [s\open\src\hotspot\share\interpreter\linkResolver.cpp, line 774]
Event: 0.223 Thread 0x0000013c3cdd1ee0 Exception <a 'java/lang/ClassNotFoundException'{0x00000006208e4128}: sun/awt/resources/spi/awtProvider> (0x00000006208e4128) 
thrown [s\open\src\hotspot\share\classfile\systemDictionary.cpp, line 255]
Event: 0.235 Thread 0x0000013c3cdd1ee0 Exception <a 'java/io/FileNotFoundException'{0x0000000620949de0}> (0x0000000620949de0) 
thrown [s\open\src\hotspot\share\prims\jni.cpp, line 517]
Event: 0.239 Thread 0x0000013c3cdd1ee0 Exception <a 'java/io/FileNotFoundException'{0x0000000620976f48}> (0x0000000620976f48) 
thrown [s\open\src\hotspot\share\prims\jni.cpp, line 517]
Event: 0.263 Thread 0x0000013c6dc02600 Exception <a 'java/lang/NoSuchMethodError'{0x0000000620b679b0}: 'void java.lang.System.load(java.lang.String, java.lang.Class)'> (0x0000000620b679b0) 
thrown [s\open\src\hotspot\share\interpreter\linkResolver.cpp, line 774]
Event: 0.263 Thread 0x0000013c6dc02600 Exception <a 'java/lang/NoSuchMethodError'{0x0000000620b683b0}: 'void java.lang.invoke.DirectMethodHandle$Holder.invokeSpecial(java.lang.Object, java.lang.Object, java.lang.Object)'> (0x0000000620b683b0) 
thrown [s\open\src\hotspot\share\interpreter\linkResolver.cpp, line 774]
Event: 0.264 Thread 0x0000013c6dc02600 Exception <a 'java/lang/NoSuchMethodError'{0x0000000620b7cfd0}: 'java.lang.Object java.lang.invoke.DirectMethodHandle$Holder.invokeStatic(java.lang.Object, java.lang.Object, int)'> (0x0000000620b7cfd0) 
thrown [s\open\src\hotspot\share\interpreter\linkResolver.cpp, line 774]
Event: 0.265 Thread 0x0000013c6dc02600 Exception <a 'java/lang/NoSuchMethodError'{0x0000000620b88c00}: 'void java.lang.invoke.DelegatingMethodHandle$Holder.delegate(java.lang.Object, java.lang.Object, int, java.lang.Object)'> (0x0000000620b88c00) 
thrown [s\open\src\hotspot\share\interpreter\linkResolver.cpp, line 774]
Event: 0.265 Thread 0x0000013c6dc02600 Exception <a 'java/lang/NoSuchMethodError'{0x0000000620b8cc00}: 'int java.lang.invoke.DirectMethodHandle$Holder.invokeSpecial(java.lang.Object, java.lang.Object, java.lang.Object)'> (0x0000000620b8cc00) 
thrown [s\open\src\hotspot\share\interpreter\linkResolver.cpp, line 774]
Event: 0.268 Thread 0x0000013c6dc02600 Exception <a 'java/lang/NoSuchMethodError'{0x0000000620baa108}: 'void java.lang.System.loadLibrary(java.lang.String, java.lang.Class)'> (0x0000000620baa108) 
thrown [s\open\src\hotspot\share\interpreter\linkResolver.cpp, line 774]
Event: 0.285 Thread 0x0000013c6dc02600 Exception <a 'sun/nio/fs/WindowsException'{0x00000006204326e8}> (0x00000006204326e8) 
thrown [s\open\src\hotspot\share\prims\jni.cpp, line 517]
Event: 0.285 Thread 0x0000013c6dc02600 Exception <a 'sun/nio/fs/WindowsException'{0x0000000620433d10}> (0x0000000620433d10) 
thrown [s\open\src\hotspot\share\prims\jni.cpp, line 517]
Event: 0.291 Thread 0x0000013c6dc02600 Exception <a 'java/lang/NoSuchMethodError'{0x0000000620481830}: 'int java.lang.invoke.DirectMethodHandle$Holder.invokeStaticInit(java.lang.Object, java.lang.Object, int, long)'> (0x0000000620481830) 
thrown [s\open\src\hotspot\share\interpreter\linkResolver.cpp, line 774]
Event: 0.291 Thread 0x0000013c6dc02600 Exception <a 'java/lang/NoSuchMethodError'{0x0000000620487340}: 'java.lang.Object java.lang.invoke.DirectMethodHandle$Holder.newInvokeSpecial(java.lang.Object, java.lang.Object, int)'> (0x0000000620487340) 
thrown [s\open\src\hotspot\share\interpreter\linkResolver.cpp, line 774]
Event: 0.294 Thread 0x0000013c6dc02600 Exception <a 'java/lang/NoSuchMethodError'{0x000000062049af68}: 'int java.lang.invoke.DirectMethodHandle$Holder.invokeStaticInit(java.lang.Object, java.lang.Object, long, long)'> (0x000000062049af68) 
thrown [s\open\src\hotspot\share\interpreter\linkResolver.cpp, line 774]
Event: 0.295 Thread 0x0000013c6dc02600 Exception <a 'java/lang/NoSuchMethodError'{0x00000006204a0c00}: 'java.lang.Object java.lang.invoke.DirectMethodHandle$Holder.newInvokeSpecial(java.lang.Object, java.lang.Object, long)'> (0x00000006204a0c00) 
thrown [s\open\src\hotspot\share\interpreter\linkResolver.cpp, line 774]
Event: 0.295 Thread 0x0000013c6dc02600 Exception <a 'java/lang/NoSuchMethodError'{0x00000006204a44d8}: 'java.lang.Object java.lang.invoke.Invokers$Holder.linkToTargetMethod(java.lang.Object, long, java.lang.Object)'> (0x00000006204a44d8) 
thrown [s\open\src\hotspot\share\interpreter\linkResolver.cpp, line 774]
Event: 0.295 Thread 0x0000013c6dc02600 Exception <a 'java/lang/NoSuchMethodError'{0x00000006204aba60}: 'int java.lang.invoke.DirectMethodHandle$Holder.invokeStaticInit(java.lang.Object, java.lang.Object, java.lang.Object, long)'> (0x00000006204aba60) 
thrown [s\open\src\hotspot\share\interpreter\linkResolver.cpp, line 774]
Event: 0.310 Thread 0x0000013c6dc02600 Exception <a 'sun/nio/fs/WindowsException'{0x000000062055fe68}> (0x000000062055fe68) 
thrown [s\open\src\hotspot\share\prims\jni.cpp, line 517]
Event: 0.310 Thread 0x0000013c6dc02600 Exception <a 'sun/nio/fs/WindowsException'{0x00000006205601c8}> (0x00000006205601c8) 
thrown [s\open\src\hotspot\share\prims\jni.cpp, line 517]

VM Operations (14 events):
Event: 0.054 Executing VM operation: HandshakeAllThreads
Event: 0.054 Executing VM operation: HandshakeAllThreads done
Event: 0.063 Executing VM operation: ChangeBreakpoints
Event: 0.063 Executing VM operation: ChangeBreakpoints done
Event: 0.128 Executing VM operation: ChangeBreakpoints
Event: 0.128 Executing VM operation: ChangeBreakpoints done
Event: 0.128 Executing VM operation: ChangeBreakpoints
Event: 0.128 Executing VM operation: ChangeBreakpoints done
Event: 0.145 Executing VM operation: HandshakeAllThreads
Event: 0.145 Executing VM operation: HandshakeAllThreads done
Event: 0.264 Executing VM operation: HandshakeAllThreads
Event: 0.264 Executing VM operation: HandshakeAllThreads done
Event: 0.280 Executing VM operation: HandshakeAllThreads
Event: 0.280 Executing VM operation: HandshakeAllThreads done

Events (19 events):
Event: 0.018 Thread 0x0000013c3cdd1ee0 Thread added: 0x0000013c3cdd1ee0
Event: 0.025 Thread 0x0000013c692d74b0 Thread added: 0x0000013c692d74b0
Event: 0.025 Thread 0x0000013c692d7db0 Thread added: 0x0000013c692d7db0
Event: 0.025 Thread 0x0000013c692d9ff0 Thread added: 0x0000013c692d9ff0
Event: 0.025 Thread 0x0000013c692dd960 Thread added: 0x0000013c692dd960
Event: 0.026 Thread 0x0000013c6dc035f0 Thread added: 0x0000013c6dc035f0
Event: 0.026 Thread 0x0000013c6dc01610 Thread added: 0x0000013c6dc01610
Event: 0.026 Thread 0x0000013c6dc15120 Thread added: 0x0000013c6dc15120
Event: 0.026 Thread 0x0000013c6dc176b0 Thread added: 0x0000013c6dc176b0
Event: 0.026 Thread 0x0000013c6dc020b0 Thread added: 0x0000013c6dc020b0
Event: 0.049 Thread 0x0000013c6dc01b60 Thread added: 0x0000013c6dc01b60
Event: 0.063 Thread 0x0000013c6ddb0c90 Thread added: 0x0000013c6ddb0c90
Event: 0.063 Thread 0x0000013c6ddb1a00 Thread added: 0x0000013c6ddb1a00
Event: 0.063 Thread 0x0000013c6ddd1320 Thread added: 0x0000013c6ddd1320
Event: 0.137 Thread 0x0000013c6dc000d0 Thread added: 0x0000013c6dc000d0
Event: 0.170 Thread 0x0000013c6de17020 Thread added: 0x0000013c6de17020
Event: 0.245 Thread 0x0000013c6dc02600 Thread added: 0x0000013c6dc02600
Event: 0.245 Thread 0x0000013c3cdd1ee0 Thread exited: 0x0000013c3cdd1ee0
Event: 0.245 Thread 0x0000013c6dc010c0 Thread added: 0x0000013c6dc010c0


Dynamic libraries:
0x00007ff7f6310000 - 0x00007ff7f631e000 	C:\Users\Umar\.jdks\openjdk-19.0.1\bin\java.exe
0x00007ffc098b0000 - 0x00007ffc09aa5000 	C:\WINDOWS\SYSTEM32\ntdll.dll
0x00007ffc089c0000 - 0x00007ffc08a7e000 	C:\WINDOWS\System32\KERNEL32.DLL
0x00007ffc075c0000 - 0x00007ffc07888000 	C:\WINDOWS\System32\KERNELBASE.dll
0x00007ffc07400000 - 0x00007ffc07500000 	C:\WINDOWS\System32\ucrtbase.dll
0x00007ffbdfcb0000 - 0x00007ffbdfccb000 	C:\Users\Umar\.jdks\openjdk-19.0.1\bin\VCRUNTIME140.dll
0x00007ffbdfcf0000 - 0x00007ffbdfd07000 	C:\Users\Umar\.jdks\openjdk-19.0.1\bin\jli.dll
0x00007ffc08b30000 - 0x00007ffc08cd0000 	C:\WINDOWS\System32\USER32.dll
0x00007ffbf0c50000 - 0x00007ffbf0eea000 	C:\WINDOWS\WinSxS\amd64_microsoft.windows.common-controls_6595b64144ccf1df_6.0.19041.1110_none_60b5254171f9507e\COMCTL32.dll
0x00007ffc07890000 - 0x00007ffc078b2000 	C:\WINDOWS\System32\win32u.dll
0x00007ffc07ae0000 - 0x00007ffc07b7e000 	C:\WINDOWS\System32\msvcrt.dll
0x00007ffc08f90000 - 0x00007ffc08fba000 	C:\WINDOWS\System32\GDI32.dll
0x00007ffc07130000 - 0x00007ffc0723b000 	C:\WINDOWS\System32\gdi32full.dll
0x00007ffc07240000 - 0x00007ffc072dd000 	C:\WINDOWS\System32\msvcp_win.dll
0x00007ffc08f00000 - 0x00007ffc08f30000 	C:\WINDOWS\System32\IMM32.DLL
0x00007ffbdfce0000 - 0x00007ffbdfcec000 	C:\Users\Umar\.jdks\openjdk-19.0.1\bin\vcruntime140_1.dll
0x00007ffbdfc20000 - 0x00007ffbdfcae000 	C:\Users\Umar\.jdks\openjdk-19.0.1\bin\msvcp140.dll
0x00007ffb60090000 - 0x00007ffb60d50000 	C:\Users\Umar\.jdks\openjdk-19.0.1\bin\server\jvm.dll
0x00007ffc08a80000 - 0x00007ffc08b2e000 	C:\WINDOWS\System32\ADVAPI32.dll
0x00007ffc08d30000 - 0x00007ffc08dcc000 	C:\WINDOWS\System32\sechost.dll
0x00007ffc07c70000 - 0x00007ffc07d95000 	C:\WINDOWS\System32\RPCRT4.dll
0x00007ffbf29d0000 - 0x00007ffbf29d9000 	C:\WINDOWS\SYSTEM32\WSOCK32.dll
0x00007ffbf6440000 - 0x00007ffbf6467000 	C:\WINDOWS\SYSTEM32\WINMM.dll
0x00007ffc04390000 - 0x00007ffc0439a000 	C:\WINDOWS\SYSTEM32\VERSION.dll
0x00007ffc08940000 - 0x00007ffc089ab000 	C:\WINDOWS\System32\WS2_32.dll
0x00007ffc04f10000 - 0x00007ffc04f22000 	C:\WINDOWS\SYSTEM32\kernel.appcore.dll
0x00007ffbdfc10000 - 0x00007ffbdfc1a000 	C:\Users\Umar\.jdks\openjdk-19.0.1\bin\jimage.dll
0x00007ffbfea00000 - 0x00007ffbfebe4000 	C:\WINDOWS\SYSTEM32\DBGHELP.DLL
0x00007ffbfe9d0000 - 0x00007ffbfe9fc000 	C:\WINDOWS\SYSTEM32\dbgcore.DLL
0x00007ffc07500000 - 0x00007ffc07582000 	C:\WINDOWS\System32\bcryptPrimitives.dll
0x00007ffbdfa80000 - 0x00007ffbdfabc000 	C:\Users\Umar\.jdks\openjdk-19.0.1\bin\jdwp.dll
0x00007ffbe0820000 - 0x00007ffbe082e000 	C:\Users\Umar\.jdks\openjdk-19.0.1\bin\instrument.dll
0x00007ffbdfbe0000 - 0x00007ffbdfc06000 	C:\Users\Umar\.jdks\openjdk-19.0.1\bin\java.dll
0x00007ffbde6f0000 - 0x00007ffbde708000 	C:\Users\Umar\.jdks\openjdk-19.0.1\bin\zip.dll
0x00007ffbde790000 - 0x00007ffbde867000 	C:\Users\Umar\.jdks\openjdk-19.0.1\bin\jsvml.dll
0x00007ffc07da0000 - 0x00007ffc084e4000 	C:\WINDOWS\System32\SHELL32.dll
0x00007ffc05110000 - 0x00007ffc058a4000 	C:\WINDOWS\SYSTEM32\windows.storage.dll
0x00007ffc08550000 - 0x00007ffc088a4000 	C:\WINDOWS\System32\combase.dll
0x00007ffc06a40000 - 0x00007ffc06a6c000 	C:\WINDOWS\SYSTEM32\Wldp.dll
0x00007ffc079c0000 - 0x00007ffc07a6d000 	C:\WINDOWS\System32\SHCORE.dll
0x00007ffc08cd0000 - 0x00007ffc08d25000 	C:\WINDOWS\System32\shlwapi.dll
0x00007ffc06f10000 - 0x00007ffc06f2f000 	C:\WINDOWS\SYSTEM32\profapi.dll
0x00007ffbe07b0000 - 0x00007ffbe07bc000 	C:\Users\Umar\.jdks\openjdk-19.0.1\bin\dt_socket.dll
0x00007ffc06440000 - 0x00007ffc0647b000 	C:\WINDOWS\SYSTEM32\IPHLPAPI.DLL
0x00007ffc067a0000 - 0x00007ffc0680a000 	C:\WINDOWS\system32\mswsock.dll
0x00007ffbde770000 - 0x00007ffbde783000 	C:\Users\Umar\.jdks\openjdk-19.0.1\bin\net.dll
0x00007ffc00530000 - 0x00007ffc0063a000 	C:\WINDOWS\SYSTEM32\WINHTTP.dll
0x00007ffbde750000 - 0x00007ffbde766000 	C:\Users\Umar\.jdks\openjdk-19.0.1\bin\nio.dll
0x00007ffc06480000 - 0x00007ffc0654b000 	C:\WINDOWS\SYSTEM32\DNSAPI.dll
0x00007ffc07c60000 - 0x00007ffc07c68000 	C:\WINDOWS\System32\NSI.dll
0x00007ffc002f0000 - 0x00007ffc002fa000 	C:\Windows\System32\rasadhlp.dll
0x00007ffbff670000 - 0x00007ffbff6ef000 	C:\WINDOWS\System32\fwpuclnt.dll
0x00007ffc07590000 - 0x00007ffc075b7000 	C:\WINDOWS\System32\bcrypt.dll
0x00007ffbde8b0000 - 0x00007ffbde8b8000 	C:\Users\Umar\.jdks\openjdk-19.0.1\bin\extnet.dll
0x00007ffbcdbe0000 - 0x00007ffbcdd70000 	C:\Users\Umar\.jdks\openjdk-19.0.1\bin\awt.dll
0x00007ffc097a0000 - 0x00007ffc0986d000 	C:\WINDOWS\System32\OLEAUT32.dll
0x00007ffc03ba0000 - 0x00007ffc03c30000 	C:\WINDOWS\SYSTEM32\apphelp.dll
0x00007ffbdf800000 - 0x00007ffbdf875000 	C:\Users\Umar\AppData\Local\Temp\lwjglUmar\3.3.1-SNAPSHOT\lwjgl.dll
0x00007ffbdf710000 - 0x00007ffbdf771000 	C:\Users\Umar\AppData\Local\Temp\lwjglUmar\3.3.1-SNAPSHOT\glfw.dll

dbghelp: loaded successfully - version: 4.0.5 - missing functions: none
symbol engine: initialized successfully - sym options: 0x614 - pdb path: .;C:\Users\Umar\.jdks\openjdk-19.0.1\bin;C:\WINDOWS\SYSTEM32;C:\WINDOWS\WinSxS\amd64_microsoft.windows.common-controls_6595b64144ccf1df_6.0.19041.1110_none_60b5254171f9507e;C:\Users\Umar\.jdks\openjdk-19.0.1\bin\server;C:\Users\Umar\AppData\Local\Temp\lwjglUmar\3.3.1-SNAPSHOT

VM Arguments:
jvm_args: -agentlib:jdwp=transport=dt_socket,address=127.0.0.1:62423,suspend=y,server=n -javaagent:C:\Users\Umar\AppData\Local\JetBrains\IntelliJIdea2022.2\captureAgent\debugger-agent.jar -Dfile.encoding=UTF-8 -Dsun.stdout.encoding=UTF-8 -Dsun.stderr.encoding=UTF-8 
java_command: Client.ClientBootstrap
java_class_path (initial): C:\Users\Umar\IdeaProjects\course-work-2022\target\classes;C:\Users\Umar\.m2\repository\com\mysql\mysql-connector-j\8.0.31\mysql-connector-j-8.0.31.jar;C:\Users\Umar\.m2\repository\com\google\protobuf\protobuf-java\3.19.4\protobuf-java-3.19.4.jar;C:\Users\Umar\.m2\repository\org\hibernate\hibernate-entitymanager\5.6.14.Final\hibernate-entitymanager-5.6.14.Final.jar;C:\Users\Umar\.m2\repository\org\jboss\logging\jboss-logging\3.4.3.Final\jboss-logging-3.4.3.Final.jar;C:\Users\Umar\.m2\repository\org\hibernate\hibernate-core\5.6.14.Final\hibernate-core-5.6.14.Final.jar;C:\Users\Umar\.m2\repository\antlr\antlr\2.7.7\antlr-2.7.7.jar;C:\Users\Umar\.m2\repository\org\jboss\jandex\2.4.2.Final\jandex-2.4.2.Final.jar;C:\Users\Umar\.m2\repository\com\fasterxml\classmate\1.5.1\classmate-1.5.1.jar;C:\Users\Umar\.m2\repository\javax\activation\javax.activation-api\1.2.0\javax.activation-api-1.2.0.jar;C:\Users\Umar\.m2\repository\javax\xml\bind\jaxb-api\2.3.1\jaxb-api-2.3.1.jar;C:\Users\Umar\.m2\repository\org\glassfish\jaxb\jaxb-runtime\2.3.1\jaxb-runtime-2.3.1.jar;C:\Users\Umar\.m2\repository\org\glassfish\jaxb\txw2\2.3.1\txw2-2.3.1.jar;C:\Users\Umar\.m2\repository\com\sun\istack\istack-commons-runtime\3.0.7\istack-commons-runtime-3.0.7.jar;C:\Users\Umar\.m2\repository\org\jvnet\staxex\stax-ex\1.8\stax-ex-1.8.jar;C:\Users\Umar\.m2\repository\com\sun\xml\fastinfoset\FastInfoset\1.2.15\FastInfoset-1.2.15.jar;C:\Users\Umar\.m2\repository\org\hibernate\common\hibernate-commons-annotations\5.1.2.Final\hibernate-commons-annotations-5.1.2.Final.jar;C:\Users\Umar\.m2\repository\javax\persistence\javax.persistence-api\2.2\javax.persistence-api-2.2.jar;C:\Users\Umar\.m2\repository\net\bytebuddy\byte-buddy\1.12.18\byte-buddy-1.12.18.jar;C:\Users\Umar\.m2\repository\org\jboss\spec\javax\transaction\jboss-transaction-api_1.2_spec\1.1.1.Final\jboss-transaction-api_1.2_spec-1.1.1.Final.jar;C:\Users\Umar\.m2\repository\io\github\spair\imgui-java-app\1.86.4\imgui-java-app-1.86.4.jar;C:\Users\Umar\.m2\repository\org\lwjgl\lwjgl\3.3.1\lwjgl-3.3.1.jar;C:\Users\Umar\.m2\repository\org\lwjgl\lwjgl-glfw\3.3.1\lwjgl-glfw-3.3.1.jar;C:\Users\Umar\.m2\repository\org\lwjgl\lwjgl-opengl\3.3.1\lwjgl-opengl-3.3.1.jar;C:\Users\Umar\.m2\repository\org\lwjgl\lwjgl\3.3.1\lwjgl-3.3.1-natives-linux.jar;C:\Users\Umar\.m2\repository\org\lwjgl\lwjgl-glfw\3.3.1\lwjgl-glfw-3.3.1-natives-linux.jar;C:\Users\Umar\.m2\repository\org\lwjgl\lwjgl-opengl\3.3.1\lwjgl-opengl-3.3.1-natives-linux.jar;C:\Users\Umar\.m2\repository\org\lwjgl\lwjgl\3.3.1\lwjgl-3.3.1-natives-windows.jar;C:\Users\Umar\.m2\repository\org\lwjgl\lwjgl-glfw\3.3.1\lwjgl-glfw-3.3.1-natives-windows.jar;C:\Users\Umar\.m2\repository\org\lwjgl\lwjgl-opengl\3.3.1\lwjgl-opengl-3.3.1-natives-windows.jar;C:\Users\Umar\.m2\repository\org\lwjgl\lwjgl\3.3.1\lwjgl-3.3.1-natives-macos.jar;C:\Users\Umar\.m2\repository\org\lwjgl\lwjgl-glfw\3.3.1\lwjgl-glfw-3.3.1-natives-macos.jar;C:\Users\Umar\.m2\repository\org\lwjgl\lwjgl-opengl\3.3.1\lwjgl-opengl-3.3.1-natives-macos.jar;C:\Users\Umar\.m2\repository\io\github\spair\imgui-java-binding\1.86.4\imgui-java-binding-1.86.4.jar;C:\Users\Umar\.m2\repository\io\github\spair\imgui-java-lwjgl3\1.86.4\imgui-java-lwjgl3-1.86.4.jar;C:\Program Files\JetBrains\IntelliJ IDEA 2022.2.1\lib\idea_rt.jar
Launcher Type: SUN_STANDARD

[Global flags]
     intx CICompilerCount                          = 4                                         {product} {ergonomic}
     uint ConcGCThreads                            = 2                                         {product} {ergonomic}
     uint G1ConcRefinementThreads                  = 8                                         {product} {ergonomic}
   size_t G1HeapRegionSize                         = 4194304                                   {product} {ergonomic}
    uintx GCDrainStackTargetSize                   = 64                                        {product} {ergonomic}
   size_t InitialHeapSize                          = 536870912                                 {product} {ergonomic}
   size_t MarkStackSize                            = 4194304                                   {product} {ergonomic}
   size_t MaxHeapSize                              = 8568963072                                {product} {ergonomic}
   size_t MaxNewSize                               = 5138022400                                {product} {ergonomic}
   size_t MinHeapDeltaBytes                        = 4194304                                   {product} {ergonomic}
   size_t MinHeapSize                              = 8388608                                   {product} {ergonomic}
    uintx NonNMethodCodeHeapSize                   = 5839372                                {pd product} {ergonomic}
    uintx NonProfiledCodeHeapSize                  = 122909434                              {pd product} {ergonomic}
    uintx ProfiledCodeHeapSize                     = 122909434                              {pd product} {ergonomic}
    uintx ReservedCodeCacheSize                    = 251658240                              {pd product} {ergonomic}
     bool SegmentedCodeCache                       = true                                      {product} {ergonomic}
   size_t SoftMaxHeapSize                          = 8568963072                             {manageable} {ergonomic}
     bool UseCompressedClassPointers               = true                           {product lp64_product} {ergonomic}
     bool UseCompressedOops                        = true                           {product lp64_product} {ergonomic}
     bool UseG1GC                                  = true                                      {product} {ergonomic}
     bool UseLargePagesIndividualAllocation        = false                                  {pd product} {ergonomic}

Logging:
Log output configuration:
 #0: stdout all=warning uptime,level,tags foldmultilines=false
 #1: stderr all=off uptime,level,tags foldmultilines=false

Environment Variables:
PATH=C:\Program Files (x86)\VMware\VMware Player\bin\;C:\ProgramData\Oracle\Java\javapath;C:\WINDOWS\system32;C:\WINDOWS;C:\WINDOWS\System32\Wbem;C:\WINDOWS\System32\WindowsPowerShell\v1.0\;C:\WINDOWS\System32\OpenSSH\;C:\Program Files\Git\cmd;C:\Program Files (x86)\NVIDIA Corporation\PhysX\Common;C:\Program Files\NVIDIA Corporation\NVIDIA NvDLISR;C:\Program Files\WireGuard\;C:\Program Files\dotnet\;C:\Program Files\MySQL\MySQL Shell 8.0\bin\;C:\Users\Umar\AppData\Local\Microsoft\WindowsApps;C:\Users\Umar\.dotnet\tools;C:\Program Files\JetBrains\IntelliJ IDEA 2022.2.1\bin;
USERNAME=Umar
OS=Windows_NT
PROCESSOR_IDENTIFIER=Intel64 Family 6 Model 158 Stepping 13, GenuineIntel
TMP=C:\Users\Umar\AppData\Local\Temp
TEMP=C:\Users\Umar\AppData\Local\Temp



---------------  S Y S T E M  ---------------

OS:
 Windows 10 , 64 bit Build 19041 (10.0.19041.1645)
OS uptime: 0 days 20:28 hours

CPU: total 8 (initial active 8) (8 cores per cpu, 1 threads per core) family 6 model 158 stepping 13 microcode 0xd6, cx8, cmov, fxsr, mmx, 3dnowpref, sse, sse2, sse3, ssse3, sse4.1, sse4.2, popcnt, lzcnt, tsc, tscinvbit, avx, avx2, aes, erms, clmul, bmi1, bmi2, adx, fma, vzeroupper, clflush, clflushopt, rdtscp

Memory: 4k page, system-wide physical 32685M (16686M free)
TotalPageFile size 37549M (AvailPageFile size 10960M)
current process WorkingSet (physical memory assigned to process): 54M, peak: 54M
current process commit charge ("private bytes"): 618M, peak: 618M

vm_info: OpenJDK 64-Bit Server VM (19.0.1+10-21) for windows-amd64 JRE (19.0.1+10-21), built on 2022-09-14T12:45:06Z by "mach5one" with MS VC++ 17.1 (VS2022)

END.
