#
# A fatal error has been detected by the Java Runtime Environment:
#
#  EXCEPTION_ACCESS_VIOLATION (0xc0000005) at pc=0x0000000064a61fed, pid=12184, tid=18748
#
# JRE version: OpenJDK Runtime Environment (19.0.1+10) (build 19.0.1+10-21)
# Java VM: OpenJDK 64-Bit Server VM (19.0.1+10-21, mixed mode, sharing, tiered, compressed oops, compressed class ptrs, g1 gc, windows-amd64)
# Problematic frame:
# C  [imgui-java64.dll+0x61fed]
#
# No core dump will be written. Minidumps are not enabled by default on client versions of Windows
#
# If you would like to submit a bug report, please visit:
#   https://bugreport.java.com/bugreport/crash.jsp
# The crash happened outside the Java Virtual Machine in native code.
# See problematic frame for where to report the bug.
#

---------------  S U M M A R Y ------------

Command Line: -javaagent:C:\Program Files\JetBrains\IntelliJ IDEA 2022.2.1\lib\idea_rt.jar=52349:C:\Program Files\JetBrains\IntelliJ IDEA 2022.2.1\bin -Dfile.encoding=UTF-8 -Dsun.stdout.encoding=UTF-8 -Dsun.stderr.encoding=UTF-8 Client.ClientBootstrap

Host: Intel(R) Core(TM) i7-9700F CPU @ 3.00GHz, 8 cores, 31G,  Windows 10 , 64 bit Build 19041 (10.0.19041.1645)
Time: Sun Dec 18 17:20:41 2022  Windows 10 , 64 bit Build 19041 (10.0.19041.1645) elapsed time: 322.375679 seconds (0d 0h 5m 22s)

---------------  T H R E A D  ---------------

Current thread (0x000001fa5a92c7f0):  JavaThread "Thread-0" [_thread_in_native, id=18748, stack(0x000000d009500000,0x000000d009600000)]

Stack: [0x000000d009500000,0x000000d009600000],  sp=0x000000d0095fefa0,  free space=1019k
Native frames: (J=compiled Java code, j=interpreted, Vv=VM code, C=native code)
C  [imgui-java64.dll+0x61fed]

Java frames: (J=compiled Java code, j=interpreted, Vv=VM code)
J 1039  imgui.ImGui.end()V (0 bytes) @ 0x000001fa39522966 [0x000001fa39522920+0x0000000000000046]
J 1315 c1 Client.View.Scenes.bootstrapScene.BootstrapScene.exitButton()V (79 bytes) @ 0x000001fa31bca0ac [0x000001fa31bc9d00+0x00000000000003ac]
J 1312 c1 Client.View.Scenes.bootstrapScene.BootstrapScene.layer()V (13 bytes) @ 0x000001fa31bc8324 [0x000001fa31bc8260+0x00000000000000c4]
j  Client.View.Window.Window.run()V+65
j  Client.View.Initializer.UIInitializer.lambda$initialize$0(LClient/View/Window/Window;LClient/View/Scenes/Layer;)V+6
j  Client.View.Initializer.UIInitializer$$Lambda$28+0x000000080100bb70.run()V+8
j  java.lang.Thread.run()V+13 java.base@19.0.1
v  ~StubRoutines::call_stub 0x000001fa38f3100e

siginfo: EXCEPTION_ACCESS_VIOLATION (0xc0000005), reading address 0x0000000000001cf8


Registers:
RAX=0x000001fa56f12e40, RBX=0x0000000000000000, RCX=0x000001fa5a92cad0, RDX=0x000000d0095ff030
RSP=0x000000d0095fefa0, RBP=0x000000d0095ff040, RSI=0x000001fa56f11eb0, RDI=0x0000000000000000
R8 =0x0000000000000009, R9 =0x000000061f8c50e0, R10=0x0000000064a90800, R11=0x000001fa56869cf0
R12=0x0000000000000000, R13=0x000001fa31bca084, R14=0x000000d0095ff030, R15=0x000001fa5a92c7f0
RIP=0x0000000064a61fed, EFLAGS=0x0000000000010206


Register to memory mapping:

RIP=0x0000000064a61fed imgui-java64.dll
RAX=0x000001fa56f12e40 is pointing into metadata
RBX=0x0 is NULL
RCX=0x000001fa5a92cad0 points into unknown readable memory: 0x000001fa5ae57860 | 60 78 e5 5a fa 01 00 00
RDX=0x000000d0095ff030 is pointing into the stack for thread: 0x000001fa5a92c7f0
RSP=0x000000d0095fefa0 is pointing into the stack for thread: 0x000001fa5a92c7f0
RBP=0x000000d0095ff040 is pointing into the stack for thread: 0x000001fa5a92c7f0
RSI=0x000001fa56f11eb0 is pointing into metadata
RDI=0x0 is NULL
R8 =0x0000000000000009 is an unknown value
R9 =0x000000061f8c50e0 is an oop: java.net.Socket 
{0x000000061f8c50e0} - klass: 'java/net/Socket'
 - ---- fields (total size 5 words):
 - private 'created' 'Z' @12  true
 - private 'bound' 'Z' @13  true
 - private 'connected' 'Z' @14  true
 - private 'closed' 'Z' @15  true
 - private 'shutIn' 'Z' @16  false
 - private 'shutOut' 'Z' @17  false
 - private 'closeLock' 'Ljava/lang/Object;' @20  a 'java/lang/Object'{0x000000061f8c5108} (c3f18a21)
 - 'impl' 'Ljava/net/SocketImpl;' @24  a 'java/net/SocksSocketImpl'{0x000000061f8c5118} (c3f18a23)
 - private volatile 'in' 'Ljava/io/InputStream;' @28  a 'java/net/Socket$SocketInputStream'{0x000000061f8c5218} (c3f18a43)
 - private volatile 'out' 'Ljava/io/OutputStream;' @32  a 'java/net/Socket$SocketOutputStream'{0x000000061f8c5240} (c3f18a48)
 - private volatile 'options' 'Ljava/util/Set;' @36  NULL (0)
R10=0x0000000064a90800 imgui-java64.dll
R11={method} {0x000001fa56869cf8} 'close' '()V' in 'java/net/Socket'
R12=0x0 is NULL
R13=0x000001fa31bca084 is at entry_point+900 in (nmethod*)0x000001fa31bc9a90
Compiled method (c1)  322387 1315       3       Client.View.Scenes.bootstrapScene.BootstrapScene::exitButton (79 bytes)
 total in heap  [0x000001fa31bc9a90,0x000001fa31bca5e0] = 2896
 relocation     [0x000001fa31bc9bf0,0x000001fa31bc9cd0] = 224
 constants      [0x000001fa31bc9ce0,0x000001fa31bc9d00] = 32
 main code      [0x000001fa31bc9d00,0x000001fa31bca260] = 1376
 stub code      [0x000001fa31bca260,0x000001fa31bca318] = 184
 oops           [0x000001fa31bca318,0x000001fa31bca328] = 16
 metadata       [0x000001fa31bca328,0x000001fa31bca368] = 64
 scopes data    [0x000001fa31bca368,0x000001fa31bca400] = 152
 scopes pcs     [0x000001fa31bca400,0x000001fa31bca550] = 336
 dependencies   [0x000001fa31bca550,0x000001fa31bca568] = 24
 handler table  [0x000001fa31bca568,0x000001fa31bca5b0] = 72
 nul chk table  [0x000001fa31bca5b0,0x000001fa31bca5e0] = 48
R14=0x000000d0095ff030 is pointing into the stack for thread: 0x000001fa5a92c7f0
R15=0x000001fa5a92c7f0 is a thread


Top of Stack: (sp=0x000000d0095fefa0)
0x000000d0095fefa0:   000001fa56c08be0 0000000000000000
0x000000d0095fefb0:   000000061faec9c0 000001fa56c08b60
0x000000d0095fefc0:   0000000000000000 000000d0095ff050
0x000000d0095fefd0:   000001fa56f11eb0 000001fa395229fc
0x000000d0095fefe0:   000000061f8c50c8 000000d0095fefe8
0x000000d0095feff0:   000001fa56c372a3 000000d0095ff048
0x000000d0095ff000:   000001fa56c396f0 000001fa56f12e40
0x000000d0095ff010:   000000061faed530 000001fa56c372f0
0x000000d0095ff020:   0000000000000000 000000d0095ff050
0x000000d0095ff030:   000000061f828070 000001fa31bca084
0x000000d0095ff040:   000000d0095ff168 000001fa31bca0ac
0x000000d0095ff050:   00000006210fe2b8 000001fa56da2e78
0x000000d0095ff060:   000001fa56eef4e8 00007ffb64e04550
0x000000d0095ff070:   000000d0095ff100 0000000000000000
0x000000d0095ff080:   000000d0095ff120 000000d0095ff0f0
0x000000d0095ff090:   000000061f80e6b0 00000006210cbea0 

Instructions: (pc=0x0000000064a61fed)
0x0000000064a61eed:   c0 48 83 c4 28 5b 5e 5f 5d 41 5c 41 5d 41 5e 41
0x0000000064a61efd:   5f c3 90 39 c5 7c e7 e8 d7 e0 12 00 84 c0 74 2b
0x0000000064a61f0d:   4c 8d 05 a6 f5 4a 00 ba 06 07 00 00 48 8d 0d b1
0x0000000064a61f1d:   f5 4a 00 e8 db df 12 00 48 8b 86 48 1f 00 00 4e
0x0000000064a61f2d:   8b 04 38 eb b9 66 0f 1f 44 00 00 3b ae 40 1f 00
0x0000000064a61f3d:   00 7c 1a 41 b8 06 07 00 00 48 8d 15 6d f5 4a 00
0x0000000064a61f4d:   48 8d 0d 7d f5 4a 00 ff 15 be 57 da 00 48 8b 86
0x0000000064a61f5d:   48 1f 00 00 4e 8b 04 38 eb 84 66 0f 1f 84 00 00
0x0000000064a61f6d:   00 00 00 48 8b 05 d1 71 55 00 48 89 d1 48 8b 90
0x0000000064a61f7d:   58 1f 00 00 48 85 c9 74 3a 44 8b 80 a8 1c 00 00
0x0000000064a61f8d:   44 89 41 60 48 39 d1 74 44 f3 0f 10 41 28 48 89
0x0000000064a61f9d:   88 58 1f 00 00 f3 0f 11 80 50 1f 00 00 48 8b 80
0x0000000064a61fad:   f0 15 00 00 48 85 c0 74 24 48 ff e0 0f 1f 80 00
0x0000000064a61fbd:   00 00 00 48 85 d2 74 15 c7 80 50 1f 00 00 00 00
0x0000000064a61fcd:   80 3f 48 c7 80 58 1f 00 00 00 00 00 00 c3 0f 1f
0x0000000064a61fdd:   44 00 00 56 53 48 83 ec 28 48 8b 1d 5b 71 55 00
0x0000000064a61fed:   8b 83 f8 1c 00 00 48 8b b3 28 1d 00 00 83 f8 01
0x0000000064a61ffd:   0f 8e 0d 02 00 00 8b 46 0c 25 00 00 00 21 3d 00
0x0000000064a6200d:   00 00 01 0f 84 4a 02 00 00 48 83 be b8 01 00 00
0x0000000064a6201d:   00 74 05 e8 8b 03 0c 00 8b 46 0c a9 00 00 00 20
0x0000000064a6202d:   0f 84 bd 02 00 00 a9 00 00 00 01 0f 84 a2 02 00
0x0000000064a6203d:   00 48 8b 86 10 04 00 00 48 85 c0 74 49 f6 86 f1
0x0000000064a6204d:   03 00 00 04 74 40 48 8b 80 88 00 00 00 48 85 c0
0x0000000064a6205d:   74 34 f3 0f 10 86 2c 01 00 00 f3 0f 10 8e 28 01
0x0000000064a6206d:   00 00 f3 0f 58 46 7c f3 0f 58 4e 78 f3 0f 5c 40
0x0000000064a6207d:   7c f3 0f 5c 48 78 f3 0f 11 80 2c 01 00 00 f3 0f
0x0000000064a6208d:   11 88 28 01 00 00 48 63 93 f8 1c 00 00 85 d2 0f
0x0000000064a6209d:   8e 5e 02 00 00 48 63 c2 48 8d 0c 80 48 8d 04 48
0x0000000064a620ad:   48 8b 8b 00 1d 00 00 48 8d 04 c1 f3 0f 6f 50 b0
0x0000000064a620bd:   48 83 e8 58 0f 11 93 e8 1d 00 00 f3 0f 6f 58 18
0x0000000064a620cd:   0f 11 9b f8 1d 00 00 f3 0f 6f 60 28 0f 11 a3 08
0x0000000064a620dd:   1e 00 00 48 8b 48 38 48 89 8b 18 1e 00 00 8b 40 


Stack slot to memory mapping:
stack at sp + 0 slots: 0x000001fa56c08be0 is pointing into metadata
stack at sp + 1 slots: 0x0 is NULL
stack at sp + 2 slots: 0x000000061faec9c0 is an oop: java.lang.Class 
{0x000000061faec9c0} - klass: 'java/lang/Class'
 - ---- fields (total size 14 words):
 - private volatile transient 'classRedefinedCount' 'I' @12  0
 - abstract internal 'klass' 'J' @16  34376530320 (1003990 8)
 - abstract internal 'array_klass' 'J' @24  0 (0 0)
 - abstract internal 'oop_size' 'I' @32  14 (e)
 - abstract internal 'static_oop_field_count' 'I' @36  0
 - private volatile transient 'cachedConstructor' 'Ljava/lang/reflect/Constructor;' @40  NULL (0)
 - private transient 'name' 'Ljava/lang/String;' @44  "Server.Session.SessionSteam"{0x000000061faeca30} (c3f5d946)
 - private transient 'module' 'Ljava/lang/Module;' @48  a 'java/lang/Module'{0x000000061f8207f0} (c3f040fe)
 - private final 'classLoader' 'Ljava/lang/ClassLoader;' @52  a 'jdk/internal/loader/ClassLoaders$AppClassLoader'{0x000000061f800988} (c3f00131)
 - private transient 'classData' 'Ljava/lang/Object;' @56  NULL (0)
 - private transient 'packageName' 'Ljava/lang/String;' @60  "Server.Session"{0x000000061fa5f808} (c3f4bf01)
 - private final 'componentType' 'Ljava/lang/Class;' @64  NULL (0)
 - private volatile transient 'reflectionData' 'Ljava/lang/ref/SoftReference;' @68  NULL (0)
 - private volatile transient 'genericInfo' 'Lsun/reflect/generics/repository/ClassRepository;' @72  NULL (0)
 - private volatile transient 'enumConstants' '[Ljava/lang/Object;' @76  NULL (0)
 - private volatile transient 'enumConstantDirectory' 'Ljava/util/Map;' @80  NULL (0)
 - private volatile transient 'annotationData' 'Ljava/lang/Class$AnnotationData;' @84  NULL (0)
 - private volatile transient 'annotationType' 'Lsun/reflect/annotation/AnnotationType;' @88  NULL (0)
 - transient 'classValueMap' 'Ljava/lang/ClassValue$ClassValueMap;' @92  NULL (0)
 - abstract internal 'protection_domain' 'Ljava/lang/Object;' @96  a 'java/security/ProtectionDomain'{0x000000061f820868} (c3f0410d)
 - abstract internal 'signers_name' 'Ljava/lang/Object;' @100  NULL (0)
 - abstract internal 'source_file' 'Ljava/lang/Object;' @104  NULL (0)
 - signature: LServer/Session/SessionSteam;
 - ---- static fields (0):
stack at sp + 3 slots: {method} {0x000001fa56c08b68} 'dispose' '()V' in 'Server/Session/SessionSteam'
stack at sp + 4 slots: 0x0 is NULL
stack at sp + 5 slots: 0x000000d0095ff050 is pointing into the stack for thread: 0x000001fa5a92c7f0
stack at sp + 6 slots: 0x000001fa56f11eb0 is pointing into metadata
stack at sp + 7 slots: 0x000001fa395229fc is at entry_point+220 in (nmethod*)0x000001fa39522790
Compiled method (n/a)  322391 1039     n 0       imgui.ImGui::end (native)
 total in heap  [0x000001fa39522790,0x000001fa39522b38] = 936
 relocation     [0x000001fa395228f0,0x000001fa39522920] = 48
 main code      [0x000001fa39522920,0x000001fa39522b2d] = 525
 stub code      [0x000001fa39522b2d,0x000001fa39522b30] = 3
 oops           [0x000001fa39522b30,0x000001fa39522b38] = 8


Compiled method (n/a)  322392 1039     n 0       imgui.ImGui::end (native)
 total in heap  [0x000001fa39522790,0x000001fa39522b38] = 936
 relocation     [0x000001fa395228f0,0x000001fa39522920] = 48
 main code      [0x000001fa39522920,0x000001fa39522b2d] = 525
 stub code      [0x000001fa39522b2d,0x000001fa39522b30] = 3
 oops           [0x000001fa39522b30,0x000001fa39522b38] = 8

[Constant Pool (empty)]

[MachCode]
[Entry Point]
  # {method} {0x000001fa56da47c8} 'end' '()V' in 'imgui/ImGui'
  #           [sp+0x70]  (sp of caller)
  0x000001fa39522920: 448b 5208 | 49bb 0000 | 0000 0800 | 0000 4d03 | d349 3bc2 | 0f84 0600 

  0x000001fa39522938: ;   {runtime_call ic_miss_stub}
  0x000001fa39522938: 0000 e941 | eea6 ff90 
[Verified Entry Point]
  0x000001fa39522940: 8984 2400 | 90ff ff55 | 488b ec48 

  0x000001fa3952294c: ;   {oop(a 'java/lang/Class'{0x000000061f828070} = 'imgui/ImGui')}
  0x000001fa3952294c: 83ec 6049 | be70 8082 | 1f06 0000 | 004c 8974 | 2450 4c8d | 7424 5049 | 8bd6 c5f8 

  0x000001fa39522968: ;   {internal_word}
  0x000001fa39522968: 7749 ba66 | 2952 39fa | 0100 004d | 8997 c802 | 0000 4989 | a7c0 0200 

  0x000001fa39522980: ;   {external_word}
  0x000001fa39522980: 0049 bac9 | 8415 5afb | 7f00 0041 | 803a 000f | 8448 0000 

  0x000001fa39522994: ;   {metadata({method} {0x000001fa56da47c8} 'end' '()V' in 'imgui/ImGui')}
  0x000001fa39522994: 0052 48ba | c047 da56 | fa01 0000 | 498b cf48 | 83ec 2040 | f6c4 0f0f | 841a 0000 | 0048 83ec 
  0x000001fa395229b4: ;   {runtime_call}
  0x000001fa395229b4: 0849 ba90 | 2bcd 59fb | 7f00 0041 | ffd2 4883 | c408 e90d 

  0x000001fa395229c8: ;   {runtime_call}
  0x000001fa395229c8: 0000 0049 | ba90 2bcd | 59fb 7f00 | 0041 ffd2 | 4883 c420 | 5a49 8d8f | e002 0000 | 41c7 8774 
  0x000001fa395229e8: 0300 0004 

  0x000001fa395229ec: ;   {runtime_call}
  0x000001fa395229ec: 0000 0049 | ba00 08a9 | 6400 0000 | 0041 ffd2 | c5f8 7741 | c787 7403 | 0000 0500 | 0000 f083 
  0x000001fa39522a0c: 4424 c000 | 493b af78 | 0300 000f | 8711 0000 | 0041 81bf | 7003 0000 | 0000 0000 | 0f84 2400 
  0x000001fa39522a2c: 0000 c5f8 | 7749 8bcf | 4c8b e448 | 83ec 2048 

  0x000001fa39522a3c: ;   {runtime_call}
  0x000001fa39522a3c: 83e4 f049 | baa0 18d8 | 59fb 7f00 | 0041 ffd2 | 498b e44d | 33e4 41c7 | 8774 0300 | 0008 0000 
  0x000001fa39522a5c: 0041 81bf | e803 0000 | 0200 0000 | 0f84 9900 

  0x000001fa39522a6c: ;   {external_word}
  0x000001fa39522a6c: 0000 49ba | c984 155a | fb7f 0000 | 4180 3a00 | 0f84 4600 

  0x000001fa39522a80: ;   {metadata({method} {0x000001fa56da47c8} 'end' '()V' in 'imgui/ImGui')}
  0x000001fa39522a80: 0000 48ba | c047 da56 | fa01 0000 | 498b cf48 | 83ec 2040 | f6c4 0f0f | 841a 0000 | 0048 83ec 
  0x000001fa39522aa0: ;   {runtime_call}
  0x000001fa39522aa0: 0849 ba90 | 2bcd 59fb | 7f00 0041 | ffd2 4883 | c408 e90d 

  0x000001fa39522ab4: ;   {runtime_call}
  0x000001fa39522ab4: 0000 0049 | ba90 2bcd | 59fb 7f00 | 0041 ffd2 | 4883 c420 | 49c7 87c0 | 0200 0000 | 0000 0049 
  0x000001fa39522ad4: c787 c802 | 0000 0000 | 0000 c5f8 | 7749 8b8f | 5003 0000 | c781 0001 | 0000 0000 | 0000 c949 
  0x000001fa39522af4: 817f 0800 | 0000 000f | 8501 0000 

  0x000001fa39522b00: ;   {runtime_call StubRoutines (1)}
  0x000001fa39522b00: 00c3 e9f9 | e3a0 ffc5 | f877 4c8b | e448 83ec | 2048 83e4 

  0x000001fa39522b14: ;   {runtime_call}
  0x000001fa39522b14: f049 bad0 | 5fcd 59fb | 7f00 0041 | ffd2 498b | e44d 33e4 | e941 ffff | fff4 f4f4 
[/MachCode]


Compiled method (c1)  322397 1315       3       Client.View.Scenes.bootstrapScene.BootstrapScene::exitButton (79 bytes)
 total in heap  [0x000001fa31bc9a90,0x000001fa31bca5e0] = 2896
 relocation     [0x000001fa31bc9bf0,0x000001fa31bc9cd0] = 224
 constants      [0x000001fa31bc9ce0,0x000001fa31bc9d00] = 32
 main code      [0x000001fa31bc9d00,0x000001fa31bca260] = 1376
 stub code      [0x000001fa31bca260,0x000001fa31bca318] = 184
 oops           [0x000001fa31bca318,0x000001fa31bca328] = 16
 metadata       [0x000001fa31bca328,0x000001fa31bca368] = 64
 scopes data    [0x000001fa31bca368,0x000001fa31bca400] = 152
 scopes pcs     [0x000001fa31bca400,0x000001fa31bca550] = 336
 dependencies   [0x000001fa31bca550,0x000001fa31bca568] = 24
 handler table  [0x000001fa31bca568,0x000001fa31bca5b0] = 72
 nul chk table  [0x000001fa31bca5b0,0x000001fa31bca5e0] = 48


[Constant Pool]
             Address          hex4                    hex8      
  0x000001fa31bc9ce0:   0x42c80000      0x42dc000042c80000      
  0x000001fa31bc9ce4:   0x42dc0000                              
  0x000001fa31bc9ce8:   0xf4f4f4f4      0xf4f4f4f4f4f4f4f4      
  0x000001fa31bc9cec:   0xf4f4f4f4                              
  0x000001fa31bc9cf0:   0xf4f4f4f4      0xf4f4f4f4f4f4f4f4      
  0x000001fa31bc9cf4:   0xf4f4f4f4                              
  0x000001fa31bc9cf8:   0xf4f4f4f4      0xf4f4f4f4f4f4f4f4      
  0x000001fa31bc9cfc:   0xf4f4f4f4                              

[MachCode]
[Entry Point]
  # {method} {0x000001fa56c3bd30} 'exitButton' '()V' in 'Client/View/Scenes/First/FirstScene'
  #           [sp+0x80]  (sp of caller)
  0x000001fa31bc9d00: ;   {no_reloc}
  0x000001fa31bc9d00: 448b 5208 | 49bb 0000 | 0000 0800 | 0000 4d03 | d34c 3bd0 

  0x000001fa31bc9d14: ;   {runtime_call ic_miss_stub}
  0x000001fa31bc9d14: 0f85 667a | 3c07 660f | 1f44 0000 
[Verified Entry Point]
  0x000001fa31bc9d20: 8984 2400 | 90ff ff55 | 4883 ec70 

  0x000001fa31bc9d2c: ;   {metadata(method data for {method} {0x000001fa56c3bd30} 'exitButton' '()V' in 'Client/View/Scenes/First/FirstScene')}
  0x000001fa31bc9d2c: 48be b01e | f156 fa01 | 0000 8bbe | cc00 0000 | 83c7 0289 | becc 0000 | 0081 e7fe | 0700 0083 
  0x000001fa31bc9d4c: ff00 0f84 | 1204 0000 | 4889 5424 

  0x000001fa31bc9d58: ;   {oop(a 'Client/View/Config/ViewConfig$WindowSettings'{0x000000061f80e6b0})}
  0x000001fa31bc9d58: 4848 beb0 | e680 1f06 | 0000 008b | 7e10 48c1 | e703 483b | 0748 8bdf 

  0x000001fa31bc9d70: ;   {metadata(method data for {method} {0x000001fa56c3bd30} 'exitButton' '()V' in 'Client/View/Scenes/First/FirstScene')}
  0x000001fa31bc9d70: 48b8 b01e | f156 fa01 | 0000 4883 | 8010 0100 | 0001 8b5f | 0c48 8bc7 

  0x000001fa31bc9d88: ;   {metadata(method data for {method} {0x000001fa56c3bd30} 'exitButton' '()V' in 'Client/View/Scenes/First/FirstScene')}
  0x000001fa31bc9d88: 48b9 b01e | f156 fa01 | 0000 4883 | 8148 0100 | 0001 8b7f 

  0x000001fa31bc9d9c: ;   {metadata(method data for {method} {0x000001fa56c3bd30} 'exitButton' '()V' in 'Client/View/Scenes/First/FirstScene')}
  0x000001fa31bc9d9c: 1048 b8b0 | 1ef1 56fa | 0100 0048 | 8380 8001 | 0000 01c5 | fa2a c3c5 | f22a cf48 | 8974 2440 
  0x000001fa31bc9dbc: ;   {static_call}
  0x000001fa31bc9dbc: 6666 90e8 

  0x000001fa31bc9dc0: ; ImmutableOopMap {[64]=Oop [72]=Oop }
                      ;*invokestatic setNextWindowPos {reexecute=0 rethrow=0 return_oop=0}
                      ; - Client.View.Scenes.bootstrapScene.BootstrapScene::exitButton@20 (line 82)
  0x000001fa31bc9dc0: 7c7b 9507 

  0x000001fa31bc9dc4: ;   {metadata(method data for {method} {0x000001fa56c3bd30} 'exitButton' '()V' in 'Client/View/Scenes/First/FirstScene')}
  0x000001fa31bc9dc4: 48ba b01e | f156 fa01 | 0000 4883 | 8290 0100 

  0x000001fa31bc9dd4: ;   {metadata(method data for {method} {0x000001fa56da4530} 'begin' '(Ljava/lang/String;I)Z' in 'imgui/ImGui')}
  0x000001fa31bc9dd4: 0001 48ba | b84d ee56 | fa01 0000 | 448b 82cc | 0000 0041 | 83c0 0244 | 8982 cc00 | 0000 4181 
  0x000001fa31bc9df4: e0fe ff1f | 0041 83f8 | 000f 848e 

  0x000001fa31bc9e00: ;   {metadata(method data for {method} {0x000001fa56da4530} 'begin' '(Ljava/lang/String;I)Z' in 'imgui/ImGui')}
  0x000001fa31bc9e00: 0300 0048 | bab8 4dee | 56fa 0100 | 0048 8382 | 1001 0000 

  0x000001fa31bc9e14: ;   {oop("Exit"{0x000000061f80f278})}
  0x000001fa31bc9e14: 0148 be78 | f280 1f06 | 0000 0048 | 8bd6 41b8 | 0a00 0000 | 4889 7424 

  0x000001fa31bc9e2c: ;   {static_call}
  0x000001fa31bc9e2c: 5066 90e8 

  0x000001fa31bc9e30: ; ImmutableOopMap {[64]=Oop [72]=Oop [80]=Oop }
                      ;*invokestatic nBegin {reexecute=0 rethrow=0 return_oop=0}
                      ; - imgui.ImGui::begin@2 (line 457)
                      ; - Client.View.Scenes.bootstrapScene.BootstrapScene::exitButton@27 (line 83)
  0x000001fa31bc9e30: 0c7f 9507 

  0x000001fa31bc9e34: ;   {metadata(method data for {method} {0x000001fa56c3bd30} 'exitButton' '()V' in 'Client/View/Scenes/First/FirstScene')}
  0x000001fa31bc9e34: 48be b01e | f156 fa01 | 0000 4883 | 86a0 0100 

  0x000001fa31bc9e44: ;   {section_word}
  0x000001fa31bc9e44: 0001 c5fa | 1005 92fe 

  0x000001fa31bc9e4c: ;   {section_word}
  0x000001fa31bc9e4c: ffff c5fa | 100d 8efe 

  0x000001fa31bc9e54: ;   {static_call}
  0x000001fa31bc9e54: ffff 90e8 

  0x000001fa31bc9e58: ; ImmutableOopMap {[64]=Oop [72]=Oop [80]=Oop }
                      ;*invokestatic setWindowSize {reexecute=0 rethrow=0 return_oop=0}
                      ; - Client.View.Scenes.bootstrapScene.BootstrapScene::exitButton@35 (line 84)
  0x000001fa31bc9e58: e482 9507 | 488b 7424 | 408b 5614 | 48c1 e203 

  0x000001fa31bc9e68: ; implicit exception: dispatches to 0x000001fa31bca1b2
  0x000001fa31bc9e68: 483b 0248 

  0x000001fa31bc9e6c: ;   {metadata(method data for {method} {0x000001fa56c3bd30} 'exitButton' '()V' in 'Client/View/Scenes/First/FirstScene')}
  0x000001fa31bc9e6c: 8bf2 48bf | b01e f156 | fa01 0000 | 4883 87b0 | 0100 0001 | 8b72 0c48 

  0x000001fa31bc9e84: ;   {metadata(method data for {method} {0x000001fa56c3bd30} 'exitButton' '()V' in 'Client/View/Scenes/First/FirstScene')}
  0x000001fa31bc9e84: 8bfa 48bb | b01e f156 | fa01 0000 | 4883 83e8 | 0100 0001 

  0x000001fa31bc9e98: ;   {metadata(method data for {method} {0x000001fa56c3bd30} 'exitButton' '()V' in 'Client/View/Scenes/First/FirstScene')}
  0x000001fa31bc9e98: 8b52 1048 | bfb0 1ef1 | 56fa 0100 | 0048 8387 | 2002 0000 | 01c5 fa2a | c6c5 f22a | ca48 8b54 
  0x000001fa31bc9eb8: 2450 0f1f 

  0x000001fa31bc9ebc: ;   {static_call}
  0x000001fa31bc9ebc: 4400 00e8 

  0x000001fa31bc9ec0: ; ImmutableOopMap {[72]=Oop }
                      ;*invokestatic button {reexecute=0 rethrow=0 return_oop=0}
                      ; - Client.View.Scenes.bootstrapScene.BootstrapScene::exitButton@60 (line 85)
  0x000001fa31bc9ec0: fc6e 9507 

  0x000001fa31bc9ec4: ;   {metadata(method data for {method} {0x000001fa56c3bd30} 'exitButton' '()V' in 'Client/View/Scenes/First/FirstScene')}
  0x000001fa31bc9ec4: 83f8 0049 | b8b0 1ef1 | 56fa 0100 | 0048 ba30 | 0200 0000 | 0000 000f | 840a 0000 | 0048 ba40 
  0x000001fa31bc9ee4: 0200 0000 | 0000 0049 | 8b34 1048 | 8d76 0149 | 8934 100f | 8497 0100 | 0048 8b54 | 2448 8b72 
  0x000001fa31bc9f04: 0c48 c1e6 | 0348 83fe | 000f 8429 

  0x000001fa31bc9f10: ;   {metadata('Client/Loop/ClientLoop')}
  0x000001fa31bc9f10: 0000 0048 | bb80 b000 | 0108 0000 | 008b 7e08 | 49ba 0000 | 0000 0800 | 0000 4903 | fa48 3b5f 
  0x000001fa31bc9f30: 380f 8580 | 0200 00e9 | 0000 0000 | 4c8b c648 | 3b06 4c8b 

  0x000001fa31bc9f44: ;   {metadata(method data for {method} {0x000001fa56c3bd30} 'exitButton' '()V' in 'Client/View/Scenes/First/FirstScene')}
  0x000001fa31bc9f44: c648 bab0 | 1ef1 56fa 

  0x000001fa31bc9f4c: ;   {metadata('Client/Loop/ClientLoop')}
  0x000001fa31bc9f4c: 0100 0049 | ba80 b000 | 0108 0000 | 004c 8992 | 6002 0000 | 4883 8268 | 0200 0001 

  0x000001fa31bc9f68: ;   {metadata(method data for {method} {0x000001fa56c37cd0} 'onButtonExit' '()V' in 'Client/Loop/ClientLoop')}
  0x000001fa31bc9f68: 49b8 1828 | f156 fa01 | 0000 418b | 90cc 0000 | 0083 c202 | 4189 90cc | 0000 0081 | e2fe ff1f 
  0x000001fa31bc9f88: 0083 fa00 | 0f84 2f02 | 0000 8b56 | 0c48 c1e2 | 0348 3b02 

  0x000001fa31bc9f9c: ;   {metadata(method data for {method} {0x000001fa56c37cd0} 'onButtonExit' '()V' in 'Client/Loop/ClientLoop')}
  0x000001fa31bc9f9c: 4c8b c248 | bf18 28f1 | 56fa 0100 | 0045 8b40 | 0849 ba00 | 0000 0008 | 0000 004d | 03c2 4c3b 
  0x000001fa31bc9fbc: 8720 0100 | 0075 0d48 | 8387 2801 | 0000 01e9 | 6600 0000 | 4c3b 8730 | 0100 0075 | 0d48 8387 
  0x000001fa31bc9fdc: 3801 0000 | 01e9 5000 | 0000 4881 | bf20 0100 | 0000 0000 | 0075 174c | 8987 2001 | 0000 48c7 
  0x000001fa31bc9ffc: 8728 0100 | 0001 0000 | 00e9 2c00 | 0000 4881 | bf30 0100 | 0000 0000 | 0075 174c | 8987 3001 
  0x000001fa31bca01c: 0000 48c7 | 8738 0100 | 0001 0000 | 00e9 0800 | 0000 4883 | 8710 0100 

  0x000001fa31bca034: ;   {oop("EXIT"{0x000000061f80f290})}
  0x000001fa31bca034: 0001 49b8 | 90f2 801f | 0600 0000 | 4889 7424 

  0x000001fa31bca044: ;   {optimized virtual_call}
  0x000001fa31bca044: 5866 90e8 

  0x000001fa31bca048: ; ImmutableOopMap {[88]=Oop }
                      ;*invokevirtual startAction {reexecute=0 rethrow=0 return_oop=0}
                      ; - Client.Loop.ClientLoop::onButtonExit@7 (line 271)
                      ; - Client.View.Scenes.bootstrapScene.BootstrapScene::exitButton@70 (line 86)
  0x000001fa31bca048: 5902 0000 | 488b 7424 

  0x000001fa31bca050: ;   {metadata(method data for {method} {0x000001fa56c37cd0} 'onButtonExit' '()V' in 'Client/Loop/ClientLoop')}
  0x000001fa31bca050: 5848 ba18 | 28f1 56fa 

  0x000001fa31bca058: ;   {metadata('Client/Loop/ClientLoop')}
  0x000001fa31bca058: 0100 0049 | ba80 b000 | 0108 0000 | 004c 8992 | 5801 0000 | 4883 8260 | 0100 0001 | 488b 5424 
  0x000001fa31bca078: 5866 0f1f 

  0x000001fa31bca07c: ;   {optimized virtual_call}
  0x000001fa31bca07c: 4400 00e8 

  0x000001fa31bca080: ; ImmutableOopMap {}
                      ;*invokevirtual dispose {reexecute=0 rethrow=0 return_oop=0}
                      ; - Client.Loop.ClientLoop::onButtonExit@11 (line 272)
                      ; - Client.View.Scenes.bootstrapScene.BootstrapScene::exitButton@70 (line 86)
  0x000001fa31bca080: 3102 0000 

  0x000001fa31bca084: ;   {metadata(method data for {method} {0x000001fa56c37cd0} 'onButtonExit' '()V' in 'Client/Loop/ClientLoop')}
  0x000001fa31bca084: 48be 1828 | f156 fa01 | 0000 ff86 | 8001 0000 

  0x000001fa31bca094: ;   {metadata(method data for {method} {0x000001fa56c3bd30} 'exitButton' '()V' in 'Client/View/Scenes/First/FirstScene')}
  0x000001fa31bca094: 48be b01e | f156 fa01 | 0000 4883 | 8688 0200 

  0x000001fa31bca0a4: ;   {static_call}
  0x000001fa31bca0a4: 0001 90e8 

  0x000001fa31bca0a8: ; ImmutableOopMap {}
                      ;*invokestatic end {reexecute=0 rethrow=0 return_oop=0}
                      ; - Client.View.Scenes.bootstrapScene.BootstrapScene::exitButton@75 (line 87)
  0x000001fa31bca0a8: 9488 9507 | 4883 c470 

  0x000001fa31bca0b0: ;   {poll_return}
  0x000001fa31bca0b0: 5d49 3ba7 | 7803 0000 | 0f87 2901 | 0000 c349 | 8b87 2004 | 0000 4d33 | d24d 8997 | 2004 0000 
  0x000001fa31bca0d0: 4d33 d24d | 8997 2804 | 0000 4c8b | c066 6690 

  0x000001fa31bca0e0: ;   {no_reloc}
  0x000001fa31bca0e0: e927 0100 | 0000 0000 | 0000 498b | 87f8 0000 | 0048 8d78 | 2849 3bbf | 0801 0000 | 0f87 1401 
  0x000001fa31bca100: 0000 4989 | bff8 0000 | 0048 c700 | 0100 0000 | 488b ca49 | ba00 0000 | 0008 0000 | 0049 2bca 
  0x000001fa31bca120: 8948 0848 | 33c9 8948 | 0c48 33c9 | 4889 4810 | 4889 4818 | 4889 4820 

  0x000001fa31bca138: ;   {metadata(method data for {method} {0x000001fa56c37cd0} 'onButtonExit' '()V' in 'Client/Loop/ClientLoop')}
  0x000001fa31bca138: 488b d048 | be18 28f1 | 56fa 0100 | 0048 8386 | 9801 0000 | 0148 8bd0 | 4889 4424 

  0x000001fa31bca154: ;   {optimized virtual_call}
  0x000001fa31bca154: 6066 90e8 

  0x000001fa31bca158: ; ImmutableOopMap {[96]=Oop }
                      ;*invokespecial <init> {reexecute=0 rethrow=0 return_oop=0}
                      ; - Client.Loop.ClientLoop::onButtonExit@23 (line 274)
                      ; - Client.View.Scenes.bootstrapScene.BootstrapScene::exitButton@70 (line 86)
  0x000001fa31bca158: 2479 3c07 | 488b 4424 | 60e9 da00 

  0x000001fa31bca164: ;   {metadata({method} {0x000001fa56c3bd30} 'exitButton' '()V' in 'Client/View/Scenes/First/FirstScene')}
  0x000001fa31bca164: 0000 49ba | 28bd c356 | fa01 0000 | 4c89 5424 | 0848 c704 | 24ff ffff 

  0x000001fa31bca17c: ;   {runtime_call counter_overflow Runtime1 stub}
  0x000001fa31bca17c: ffe8 7e70 

  0x000001fa31bca180: ; ImmutableOopMap {rdx=Oop }
                      ;*synchronization entry
                      ; - Client.View.Scenes.bootstrapScene.BootstrapScene::exitButton@-1 (line 82)
  0x000001fa31bca180: 4707 e9cd 

  0x000001fa31bca184: ;   {runtime_call throw_null_pointer_exception Runtime1 stub}
  0x000001fa31bca184: fbff ffe8 

  0x000001fa31bca188: ; ImmutableOopMap {rsi=Oop [72]=Oop }
                      ;*getfield Position {reexecute=1 rethrow=0 return_oop=0}
                      ; - (reexecute) Client.View.Scenes.bootstrapScene.BootstrapScene::exitButton@3 (line 82)
  0x000001fa31bca188: 9401 4707 

  0x000001fa31bca18c: ;   {runtime_call throw_null_pointer_exception Runtime1 stub}
  0x000001fa31bca18c: e88f 0147 

  0x000001fa31bca190: ; ImmutableOopMap {rsi=Oop rdi=Oop [72]=Oop }
                      ;*invokevirtual x {reexecute=0 rethrow=0 return_oop=0}
                      ; - Client.View.Scenes.bootstrapScene.BootstrapScene::exitButton@6 (line 82)
                      ;   {metadata({method} {0x000001fa56da4530} 'begin' '(Ljava/lang/String;I)Z' in 'imgui/ImGui')}
  0x000001fa31bca190: 0749 ba28 | 45da 56fa | 0100 004c | 8954 2408 | 48c7 0424 | ffff ffff 

  0x000001fa31bca1a8: ;   {runtime_call counter_overflow Runtime1 stub}
  0x000001fa31bca1a8: e853 7047 

  0x000001fa31bca1ac: ; ImmutableOopMap {[64]=Oop [72]=Oop }
                      ;*synchronization entry
                      ; - imgui.ImGui::begin@-1 (line 457)
                      ; - Client.View.Scenes.bootstrapScene.BootstrapScene::exitButton@27 (line 83)
  0x000001fa31bca1ac: 07e9 51fc 

  0x000001fa31bca1b0: ;   {runtime_call throw_null_pointer_exception Runtime1 stub}
  0x000001fa31bca1b0: ffff e869 

  0x000001fa31bca1b4: ; ImmutableOopMap {rdx=Oop [72]=Oop [80]=Oop }
                      ;*invokevirtual x {reexecute=0 rethrow=0 return_oop=0}
                      ; - Client.View.Scenes.bootstrapScene.BootstrapScene::exitButton@46 (line 85)
                      ;   {runtime_call throw_incompatible_class_change_error Runtime1 stub}
  0x000001fa31bca1b4: 0147 07e8 

  0x000001fa31bca1b8: ; ImmutableOopMap {rsi=Oop }
                      ;*invokeinterface onButtonExit {reexecute=0 rethrow=0 return_oop=0}
                      ; - Client.View.Scenes.bootstrapScene.BootstrapScene::exitButton@70 (line 86)
  0x000001fa31bca1b8: 6431 4707 

  0x000001fa31bca1bc: ;   {runtime_call throw_null_pointer_exception Runtime1 stub}
  0x000001fa31bca1bc: e85f 0147 

  0x000001fa31bca1c0: ; ImmutableOopMap {rsi=Oop }
                      ;*invokeinterface onButtonExit {reexecute=0 rethrow=0 return_oop=0}
                      ; - Client.View.Scenes.bootstrapScene.BootstrapScene::exitButton@70 (line 86)
                      ;   {metadata({method} {0x000001fa56c37cd0} 'onButtonExit' '()V' in 'Client/Loop/ClientLoop')}
  0x000001fa31bca1c0: 0749 bac8 | 7cc3 56fa | 0100 004c | 8954 2408 | 48c7 0424 | ffff ffff 

  0x000001fa31bca1d8: ;   {runtime_call counter_overflow Runtime1 stub}
  0x000001fa31bca1d8: e823 7047 

  0x000001fa31bca1dc: ; ImmutableOopMap {rsi=Oop }
                      ;*synchronization entry
                      ; - Client.Loop.ClientLoop::onButtonExit@-1 (line 271)
                      ; - Client.View.Scenes.bootstrapScene.BootstrapScene::exitButton@70 (line 86)
  0x000001fa31bca1dc: 07e9 b0fd 

  0x000001fa31bca1e0: ;   {runtime_call throw_null_pointer_exception Runtime1 stub}
  0x000001fa31bca1e0: ffff e839 

  0x000001fa31bca1e4: ; ImmutableOopMap {rsi=Oop rdx=Oop }
                      ;*invokevirtual startAction {reexecute=0 rethrow=0 return_oop=0}
                      ; - Client.Loop.ClientLoop::onButtonExit@7 (line 271)
                      ; - Client.View.Scenes.bootstrapScene.BootstrapScene::exitButton@70 (line 86)
                      ;   {internal_word}
  0x000001fa31bca1e4: 0147 0749 | bab1 a0bc | 31fa 0100 | 004d 8997 | 9003 0000 

  0x000001fa31bca1f8: ;   {runtime_call SafepointBlob}
  0x000001fa31bca1f8: e903 dc3c 

  0x000001fa31bca1fc: ;   {metadata(NULL)}
  0x000001fa31bca1fc: 0748 ba00 | 0000 0000 | 0000 00b8 | 000f 050a 

  0x000001fa31bca20c: ;   {runtime_call load_klass_patching Runtime1 stub}
  0x000001fa31bca20c: e86f 5347 

  0x000001fa31bca210: ; ImmutableOopMap {r8=Oop }
                      ;*new {reexecute=1 rethrow=0 return_oop=0}
                      ; - (reexecute) Client.Loop.ClientLoop::onButtonExit@18 (line 274)
                      ; - Client.View.Scenes.bootstrapScene.BootstrapScene::exitButton@70 (line 86)
  0x000001fa31bca210: 07e9 cafe | ffff 488b 

  0x000001fa31bca218: ;   {runtime_call fast_new_instance Runtime1 stub}
  0x000001fa31bca218: d2e8 e209 

  0x000001fa31bca21c: ; ImmutableOopMap {r8=Oop }
                      ;*new {reexecute=0 rethrow=0 return_oop=0}
                      ; - Client.Loop.ClientLoop::onButtonExit@18 (line 274)
                      ; - Client.View.Scenes.bootstrapScene.BootstrapScene::exitButton@70 (line 86)
  0x000001fa31bca21c: 4707 e915 | ffff ff49 | 8b87 2004 | 0000 49c7 | 8720 0400 | 0000 0000 | 0049 c787 | 2804 0000 
  0x000001fa31bca23c: 0000 0000 | 4883 c470 

  0x000001fa31bca244: ;   {runtime_call unwind_exception Runtime1 stub}
  0x000001fa31bca244: 5de9 3621 | 3e07 f4f4 | f4f4 f4f4 | f4f4 f4f4 | f4f4 f4f4 | f4f4 f4f4 | f4f4 f4f4 
[Stub Code]
  0x000001fa31bca260: ;   {no_reloc}
  0x000001fa31bca260: 0f1f 4400 

  0x000001fa31bca264: ;   {static_stub}
  0x000001fa31bca264: 0048 bb00 | 0000 0000 

  0x000001fa31bca26c: ;   {runtime_call}
  0x000001fa31bca26c: 0000 00e9 | fbff ffff 

  0x000001fa31bca274: ;   {static_stub}
  0x000001fa31bca274: 9048 bb00 | 0000 0000 

  0x000001fa31bca27c: ;   {runtime_call}
  0x000001fa31bca27c: 0000 00e9 | fbff ffff 

  0x000001fa31bca284: ;   {static_stub}
  0x000001fa31bca284: 9048 bb00 | 0000 0000 

  0x000001fa31bca28c: ;   {runtime_call}
  0x000001fa31bca28c: 0000 00e9 | fbff ffff 

  0x000001fa31bca294: ;   {static_stub}
  0x000001fa31bca294: 9048 bb00 | 0000 0000 

  0x000001fa31bca29c: ;   {runtime_call}
  0x000001fa31bca29c: 0000 00e9 | fbff ffff 

  0x000001fa31bca2a4: ;   {static_stub}
  0x000001fa31bca2a4: 9048 bb70 | 88c0 56fa 

  0x000001fa31bca2ac: ;   {runtime_call I2C/C2I adapters}
  0x000001fa31bca2ac: 0100 00e9 | a9c7 3c07 

  0x000001fa31bca2b4: ;   {static_stub}
  0x000001fa31bca2b4: 9048 bbf0 | 72c3 56fa 

  0x000001fa31bca2bc: ;   {runtime_call I2C/C2I adapters}
  0x000001fa31bca2bc: 0100 00e9 | 956b 3c07 

  0x000001fa31bca2c4: ;   {static_stub}
  0x000001fa31bca2c4: 9048 bb00 | 0000 0000 

  0x000001fa31bca2cc: ;   {runtime_call}
  0x000001fa31bca2cc: 0000 00e9 | fbff ffff 

  0x000001fa31bca2d4: ;   {static_stub}
  0x000001fa31bca2d4: 9048 bb00 | 0000 0000 

  0x000001fa31bca2dc: ;   {runtime_call}
  0x000001fa31bca2dc: 0000 00e9 | fbff ffff 
[Exception Handler]
  0x000001fa31bca2e4: ;   {runtime_call handle_exception_from_callee Runtime1 stub}
  0x000001fa31bca2e4: e817 2747 

  0x000001fa31bca2e8: ;   {external_word}
  0x000001fa31bca2e8: 0748 b928 | 49ee 59fb | 7f00 0048 

  0x000001fa31bca2f4: ;   {runtime_call}
  0x000001fa31bca2f4: 83e4 f049 | ba00 feb9 | 59fb 7f00 | 0041 ffd2 

  0x000001fa31bca304: ;   {section_word}
  0x000001fa31bca304: f449 ba05 | a3bc 31fa | 0100 0041 

  0x000001fa31bca310: ;   {runtime_call DeoptimizationBlob}
  0x000001fa31bca310: 52e9 8acd | 3c07 f4f4 
[/MachCode]


Compiled method (c1)  322407 1312       3       Client.View.Scenes.bootstrapScene.BootstrapScene::layer (13 bytes)
 total in heap  [0x000001fa31bc8090,0x000001fa31bc84f0] = 1120
 relocation     [0x000001fa31bc81f0,0x000001fa31bc8250] = 96
 main code      [0x000001fa31bc8260,0x000001fa31bc83e0] = 384
 stub code      [0x000001fa31bc83e0,0x000001fa31bc8448] = 104
 oops           [0x000001fa31bc8448,0x000001fa31bc8450] = 8
 metadata       [0x000001fa31bc8450,0x000001fa31bc8460] = 16
 scopes data    [0x000001fa31bc8460,0x000001fa31bc8488] = 40
 scopes pcs     [0x000001fa31bc8488,0x000001fa31bc84e8] = 96
 dependencies   [0x000001fa31bc84e8,0x000001fa31bc84f0] = 8

[Constant Pool (empty)]

[MachCode]
[Entry Point]
  # {method} {0x000001fa56c3ba80} 'layer' '()V' in 'Client/View/Scenes/First/FirstScene'
  #           [sp+0x40]  (sp of caller)
  0x000001fa31bc8260: 448b 5208 | 49bb 0000 | 0000 0800 | 0000 4d03 | d34c 3bd0 

  0x000001fa31bc8274: ;   {runtime_call ic_miss_stub}
  0x000001fa31bc8274: 0f85 0695 | 3c07 660f | 1f44 0000 
[Verified Entry Point]
  0x000001fa31bc8280: 8984 2400 | 90ff ff55 | 4883 ec30 

  0x000001fa31bc828c: ;   {metadata(method data for {method} {0x000001fa56c3ba80} 'layer' '()V' in 'Client/View/Scenes/First/FirstScene')}
  0x000001fa31bc828c: 48be 2018 | f156 fa01 | 0000 8bbe | cc00 0000 | 83c7 0289 | becc 0000 | 0081 e7fe | 0700 0083 
  0x000001fa31bc82ac: ff00 0f84 | bb00 0000 

  0x000001fa31bc82b4: ;   {metadata(method data for {method} {0x000001fa56c3ba80} 'layer' '()V' in 'Client/View/Scenes/First/FirstScene')}
  0x000001fa31bc82b4: 488b f248 | bf20 18f1 | 56fa 0100 

  0x000001fa31bc82c0: ;   {metadata('Client/View/Scenes/First/FirstScene')}
  0x000001fa31bc82c0: 0049 ba38 | b700 0108 | 0000 004c | 8997 2001 | 0000 4883 | 8728 0100 | 0001 488b | f248 8bd6 
  0x000001fa31bc82e0: 4889 7424 

  0x000001fa31bc82e4: ;   {optimized virtual_call}
  0x000001fa31bc82e4: 2066 90e8 

  0x000001fa31bc82e8: ; ImmutableOopMap {[32]=Oop }
                      ;*invokevirtual colorSchemeLayer {reexecute=0 rethrow=0 return_oop=0}
                      ; - Client.View.Scenes.bootstrapScene.BootstrapScene::layer@1 (line 20)
  0x000001fa31bc82e8: 3405 0000 | 488b 5424 

  0x000001fa31bc82f0: ;   {metadata(method data for {method} {0x000001fa56c3ba80} 'layer' '()V' in 'Client/View/Scenes/First/FirstScene')}
  0x000001fa31bc82f0: 2048 be20 | 18f1 56fa 

  0x000001fa31bc82f8: ;   {metadata('Client/View/Scenes/First/FirstScene')}
  0x000001fa31bc82f8: 0100 0049 | ba38 b700 | 0108 0000 | 004c 8996 | 5801 0000 | 4883 8660 | 0100 0001 | 488b 5424 
  0x000001fa31bc8318: 2066 0f1f 

  0x000001fa31bc831c: ;   {optimized virtual_call}
  0x000001fa31bc831c: 4400 00e8 

  0x000001fa31bc8320: ; ImmutableOopMap {[32]=Oop }
                      ;*invokevirtual exitButton {reexecute=0 rethrow=0 return_oop=0}
                      ; - Client.View.Scenes.bootstrapScene.BootstrapScene::layer@5 (line 21)
  0x000001fa31bc8320: fc19 0000 | 488b 5424 

  0x000001fa31bc8328: ;   {metadata(method data for {method} {0x000001fa56c3ba80} 'layer' '()V' in 'Client/View/Scenes/First/FirstScene')}
  0x000001fa31bc8328: 2048 be20 | 18f1 56fa 

  0x000001fa31bc8330: ;   {metadata('Client/View/Scenes/First/FirstScene')}
  0x000001fa31bc8330: 0100 0049 | ba38 b700 | 0108 0000 | 004c 8996 | 9001 0000 | 4883 8698 | 0100 0001 | 488b 5424 
  0x000001fa31bc8350: 2066 0f1f 

  0x000001fa31bc8354: ;   {optimized virtual_call}
  0x000001fa31bc8354: 4400 00e8 

  0x000001fa31bc8358: ; ImmutableOopMap {}
                      ;*invokevirtual mainLayer {reexecute=0 rethrow=0 return_oop=0}
                      ; - Client.View.Scenes.bootstrapScene.BootstrapScene::layer@9 (line 22)
  0x000001fa31bc8358: 4426 0000 | 4883 c430 

  0x000001fa31bc8360: ;   {poll_return}
  0x000001fa31bc8360: 5d49 3ba7 | 7803 0000 | 0f87 2200 

  0x000001fa31bc836c: ;   {metadata({method} {0x000001fa56c3ba80} 'layer' '()V' in 'Client/View/Scenes/First/FirstScene')}
  0x000001fa31bc836c: 0000 c349 | ba78 bac3 | 56fa 0100 | 004c 8954 | 2408 48c7 | 0424 ffff 

  0x000001fa31bc8384: ;   {runtime_call counter_overflow Runtime1 stub}
  0x000001fa31bc8384: ffff e875 

  0x000001fa31bc8388: ; ImmutableOopMap {rdx=Oop }
                      ;*synchronization entry
                      ; - Client.View.Scenes.bootstrapScene.BootstrapScene::layer@-1 (line 20)
  0x000001fa31bc8388: 8e47 07e9 | 24ff ffff 

  0x000001fa31bc8390: ;   {internal_word}
  0x000001fa31bc8390: 49ba 6183 | bc31 fa01 | 0000 4d89 | 9790 0300 

  0x000001fa31bc83a0: ;   {runtime_call SafepointBlob}
  0x000001fa31bc83a0: 00e9 5afa | 3c07 498b | 8720 0400 | 0049 c787 | 2004 0000 | 0000 0000 | 49c7 8728 | 0400 0000 
  0x000001fa31bc83c0: 0000 0048 | 83c4 305d 

  0x000001fa31bc83c8: ;   {runtime_call unwind_exception Runtime1 stub}
  0x000001fa31bc83c8: e9b3 3f3e | 07f4 f4f4 | f4f4 f4f4 | f4f4 f4f4 | f4f4 f4f4 | f4f4 f4f4 
[Stub Code]
  0x000001fa31bc83e0: ;   {no_reloc}
  0x000001fa31bc83e0: 0f1f 4400 

  0x000001fa31bc83e4: ;   {static_stub}
  0x000001fa31bc83e4: 0048 bb00 | 0000 0000 

  0x000001fa31bc83ec: ;   {runtime_call}
  0x000001fa31bc83ec: 0000 00e9 | fbff ffff 

  0x000001fa31bc83f4: ;   {static_stub}
  0x000001fa31bc83f4: 9048 bb00 | 0000 0000 

  0x000001fa31bc83fc: ;   {runtime_call}
  0x000001fa31bc83fc: 0000 00e9 | fbff ffff 

  0x000001fa31bc8404: ;   {static_stub}
  0x000001fa31bc8404: 9048 bb00 | 0000 0000 

  0x000001fa31bc840c: ;   {runtime_call}
  0x000001fa31bc840c: 0000 00e9 | fbff ffff 
[Exception Handler]
  0x000001fa31bc8414: ;   {runtime_call handle_exception_from_callee Runtime1 stub}
  0x000001fa31bc8414: e8e7 4547 

  0x000001fa31bc8418: ;   {external_word}
  0x000001fa31bc8418: 0748 b928 | 49ee 59fb | 7f00 0048 

  0x000001fa31bc8424: ;   {runtime_call}
  0x000001fa31bc8424: 83e4 f049 | ba00 feb9 | 59fb 7f00 | 0041 ffd2 

  0x000001fa31bc8434: ;   {section_word}
  0x000001fa31bc8434: f449 ba35 | 84bc 31fa | 0100 0041 

  0x000001fa31bc8440: ;   {runtime_call DeoptimizationBlob}
  0x000001fa31bc8440: 52e9 5aec | 3c07 f4f4 
[/MachCode]


---------------  P R O C E S S  ---------------

Threads class SMR info:
_java_thread_list=0x000001fa621be6e0, length=14, elements={
0x000001fa5a817510, 0x000001fa5a818300, 0x000001fa5a81a100, 0x000001fa5a81da50,
0x000001fa5a81e380, 0x000001fa5a81edf0, 0x000001fa5a82f210, 0x000001fa5a82fb80,
0x000001fa5a832ce0, 0x000001fa5a92d290, 0x000001fa5a92dd30, 0x000001fa5a92ed20,
0x000001fa5a92c7f0, 0x000001fa5a92d7e0
}

Java Threads: ( => current thread )
  0x000001fa5a817510 JavaThread "Reference Handler" daemon [_thread_blocked, id=12368, stack(0x000000d008800000,0x000000d008900000)]
  0x000001fa5a818300 JavaThread "Finalizer" daemon [_thread_blocked, id=13136, stack(0x000000d008900000,0x000000d008a00000)]
  0x000001fa5a81a100 JavaThread "Signal Dispatcher" daemon [_thread_blocked, id=5956, stack(0x000000d008a00000,0x000000d008b00000)]
  0x000001fa5a81da50 JavaThread "Attach Listener" daemon [_thread_blocked, id=18836, stack(0x000000d008b00000,0x000000d008c00000)]
  0x000001fa5a81e380 JavaThread "Service Thread" daemon [_thread_blocked, id=21188, stack(0x000000d008c00000,0x000000d008d00000)]
  0x000001fa5a81edf0 JavaThread "Monitor Deflation Thread" daemon [_thread_blocked, id=17068, stack(0x000000d008d00000,0x000000d008e00000)]
  0x000001fa5a82f210 JavaThread "C2 CompilerThread0" daemon [_thread_blocked, id=21036, stack(0x000000d008e00000,0x000000d008f00000)]
  0x000001fa5a82fb80 JavaThread "C1 CompilerThread0" daemon [_thread_blocked, id=15480, stack(0x000000d008f00000,0x000000d009000000)]
  0x000001fa5a832ce0 JavaThread "Sweeper thread" daemon [_thread_blocked, id=21280, stack(0x000000d009000000,0x000000d009100000)]
  0x000001fa5a92d290 JavaThread "Common-Cleaner" daemon [_thread_blocked, id=20332, stack(0x000000d009100000,0x000000d009200000)]
  0x000001fa5a92dd30 JavaThread "Monitor Ctrl-Break" daemon [_thread_in_native, id=21488, stack(0x000000d009200000,0x000000d009300000)]
  0x000001fa5a92ed20 JavaThread "Notification Thread" daemon [_thread_blocked, id=19964, stack(0x000000d009300000,0x000000d009400000)]
=>0x000001fa5a92c7f0 JavaThread "Thread-0" [_thread_in_native, id=18748, stack(0x000000d009500000,0x000000d009600000)]
  0x000001fa5a92d7e0 JavaThread "DestroyJavaVM" [_thread_blocked, id=18412, stack(0x000000d008100000,0x000000d008200000)]

Other Threads:
  0x000001fa560aaef0 VMThread "VM Thread" [stack: 0x000000d008700000,0x000000d008800000] [id=9156]
  0x000001fa29a9eaa0 WatcherThread "VM Periodic Task Thread" [stack: 0x000000d009400000,0x000000d009500000] [id=15700]
  0x000001fa29b514e0 WorkerThread "GC Thread#0" [stack: 0x000000d008200000,0x000000d008300000] [id=11508]
  0x000001fa5aa37e50 WorkerThread "GC Thread#1" [stack: 0x000000d007e00000,0x000000d007f00000] [id=21016]
  0x000001fa5a90ad80 WorkerThread "GC Thread#2" [stack: 0x000000d007f00000,0x000000d008000000] [id=852]
  0x000001fa5abc9e50 WorkerThread "GC Thread#3" [stack: 0x000000d008000000,0x000000d008100000] [id=18524]
  0x000001fa5abca120 WorkerThread "GC Thread#4" [stack: 0x000000d009700000,0x000000d009800000] [id=15760]
  0x000001fa5a8b5c60 WorkerThread "GC Thread#5" [stack: 0x000000d009c00000,0x000000d009d00000] [id=3420]
  0x000001fa5abca870 WorkerThread "GC Thread#6" [stack: 0x000000d009d00000,0x000000d009e00000] [id=19616]
  0x000001fa5abcab40 WorkerThread "GC Thread#7" [stack: 0x000000d009e00000,0x000000d009f00000] [id=12460]
  0x000001fa29b63540 ConcurrentGCThread "G1 Main Marker" [stack: 0x000000d008300000,0x000000d008400000] [id=21072]
  0x000001fa29b65720 WorkerThread "G1 Conc#0" [stack: 0x000000d008400000,0x000000d008500000] [id=14420]
  0x000001fa55f61050 ConcurrentGCThread "G1 Refine#0" [stack: 0x000000d008500000,0x000000d008600000] [id=12068]
  0x000001fa55f61b90 ConcurrentGCThread "G1 Service" [stack: 0x000000d008600000,0x000000d008700000] [id=5692]

Threads with active compile tasks:

VM state: not at safepoint (normal execution)

VM Mutex/Monitor currently owned by a thread: None

Heap address: 0x0000000601400000, size: 8172 MB, Compressed Oops mode: Zero based, Oop shift amount: 3

CDS archive(s) mapped at: [0x0000000800000000-0x0000000800c30000-0x0000000800c30000), size 12779520, SharedBaseAddress: 0x0000000800000000, ArchiveRelocationMode: 0.
Compressed class space mapped at: 0x0000000801000000-0x0000000841000000, reserved size: 1073741824
Narrow klass base: 0x0000000800000000, Narrow klass shift: 0, Narrow klass range: 0x100000000

GC Precious Log:
 CardTable entry size: 512
 Card Set container configuration: InlinePtr #cards 4 size 8 Array Of Cards #cards 32 size 80 Howl #buckets 8 coarsen threshold 7372 Howl Bitmap #cards 1024 size 144 coarsen threshold 921 Card regions per heap region 1 cards per card region 8192
 CPUs: 8 total, 8 available
 Memory: 32685M
 Large Page Support: Disabled
 NUMA Support: Disabled
 Compressed Oops: Enabled (Zero based)
 Heap Region Size: 4M
 Heap Min Capacity: 8M
 Heap Initial Capacity: 512M
 Heap Max Capacity: 8172M
 Pre-touch: Disabled
 Parallel Workers: 8
 Concurrent Workers: 2
 Concurrent Refinement Workers: 8
 Periodic GC: Disabled

Heap:
 garbage-first heap   total 524288K, used 5343K [0x0000000601400000, 0x0000000800000000)
  region size 4096K, 2 young (8192K), 1 survivors (4096K)
 Metaspace       used 7038K, committed 7232K, reserved 1114112K
  class space    used 486K, committed 576K, reserved 1048576K

Heap Regions: E=young(eden), S=young(survivor), O=old, HS=humongous(starts), HC=humongous(continues), CS=collection set, F=free, OA=open archive, CA=closed archive, TAMS=top-at-mark-start (previous, next)
|   0|0x0000000601400000, 0x0000000601537c00, 0x0000000601800000| 30%| O|  |TAMS 0x0000000601400000, 0x0000000601400000| Untracked 
|   1|0x0000000601800000, 0x0000000601800000, 0x0000000601c00000|  0%| F|  |TAMS 0x0000000601800000, 0x0000000601800000| Untracked 
|   2|0x0000000601c00000, 0x0000000601c00000, 0x0000000602000000|  0%| F|  |TAMS 0x0000000601c00000, 0x0000000601c00000| Untracked 
|   3|0x0000000602000000, 0x0000000602000000, 0x0000000602400000|  0%| F|  |TAMS 0x0000000602000000, 0x0000000602000000| Untracked 
|   4|0x0000000602400000, 0x0000000602400000, 0x0000000602800000|  0%| F|  |TAMS 0x0000000602400000, 0x0000000602400000| Untracked 
|   5|0x0000000602800000, 0x0000000602800000, 0x0000000602c00000|  0%| F|  |TAMS 0x0000000602800000, 0x0000000602800000| Untracked 
|   6|0x0000000602c00000, 0x0000000602c00000, 0x0000000603000000|  0%| F|  |TAMS 0x0000000602c00000, 0x0000000602c00000| Untracked 
|   7|0x0000000603000000, 0x0000000603000000, 0x0000000603400000|  0%| F|  |TAMS 0x0000000603000000, 0x0000000603000000| Untracked 
|   8|0x0000000603400000, 0x0000000603400000, 0x0000000603800000|  0%| F|  |TAMS 0x0000000603400000, 0x0000000603400000| Untracked 
|   9|0x0000000603800000, 0x0000000603800000, 0x0000000603c00000|  0%| F|  |TAMS 0x0000000603800000, 0x0000000603800000| Untracked 
|  10|0x0000000603c00000, 0x0000000603c00000, 0x0000000604000000|  0%| F|  |TAMS 0x0000000603c00000, 0x0000000603c00000| Untracked 
|  11|0x0000000604000000, 0x0000000604000000, 0x0000000604400000|  0%| F|  |TAMS 0x0000000604000000, 0x0000000604000000| Untracked 
|  12|0x0000000604400000, 0x0000000604400000, 0x0000000604800000|  0%| F|  |TAMS 0x0000000604400000, 0x0000000604400000| Untracked 
|  13|0x0000000604800000, 0x0000000604800000, 0x0000000604c00000|  0%| F|  |TAMS 0x0000000604800000, 0x0000000604800000| Untracked 
|  14|0x0000000604c00000, 0x0000000604c00000, 0x0000000605000000|  0%| F|  |TAMS 0x0000000604c00000, 0x0000000604c00000| Untracked 
|  15|0x0000000605000000, 0x0000000605000000, 0x0000000605400000|  0%| F|  |TAMS 0x0000000605000000, 0x0000000605000000| Untracked 
|  16|0x0000000605400000, 0x0000000605400000, 0x0000000605800000|  0%| F|  |TAMS 0x0000000605400000, 0x0000000605400000| Untracked 
|  17|0x0000000605800000, 0x0000000605800000, 0x0000000605c00000|  0%| F|  |TAMS 0x0000000605800000, 0x0000000605800000| Untracked 
|  18|0x0000000605c00000, 0x0000000605c00000, 0x0000000606000000|  0%| F|  |TAMS 0x0000000605c00000, 0x0000000605c00000| Untracked 
|  19|0x0000000606000000, 0x0000000606000000, 0x0000000606400000|  0%| F|  |TAMS 0x0000000606000000, 0x0000000606000000| Untracked 
|  20|0x0000000606400000, 0x0000000606400000, 0x0000000606800000|  0%| F|  |TAMS 0x0000000606400000, 0x0000000606400000| Untracked 
|  21|0x0000000606800000, 0x0000000606800000, 0x0000000606c00000|  0%| F|  |TAMS 0x0000000606800000, 0x0000000606800000| Untracked 
|  22|0x0000000606c00000, 0x0000000606c00000, 0x0000000607000000|  0%| F|  |TAMS 0x0000000606c00000, 0x0000000606c00000| Untracked 
|  23|0x0000000607000000, 0x0000000607000000, 0x0000000607400000|  0%| F|  |TAMS 0x0000000607000000, 0x0000000607000000| Untracked 
|  24|0x0000000607400000, 0x0000000607400000, 0x0000000607800000|  0%| F|  |TAMS 0x0000000607400000, 0x0000000607400000| Untracked 
|  25|0x0000000607800000, 0x0000000607800000, 0x0000000607c00000|  0%| F|  |TAMS 0x0000000607800000, 0x0000000607800000| Untracked 
|  26|0x0000000607c00000, 0x0000000607c00000, 0x0000000608000000|  0%| F|  |TAMS 0x0000000607c00000, 0x0000000607c00000| Untracked 
|  27|0x0000000608000000, 0x0000000608000000, 0x0000000608400000|  0%| F|  |TAMS 0x0000000608000000, 0x0000000608000000| Untracked 
|  28|0x0000000608400000, 0x0000000608400000, 0x0000000608800000|  0%| F|  |TAMS 0x0000000608400000, 0x0000000608400000| Untracked 
|  29|0x0000000608800000, 0x0000000608800000, 0x0000000608c00000|  0%| F|  |TAMS 0x0000000608800000, 0x0000000608800000| Untracked 
|  30|0x0000000608c00000, 0x0000000608c00000, 0x0000000609000000|  0%| F|  |TAMS 0x0000000608c00000, 0x0000000608c00000| Untracked 
|  31|0x0000000609000000, 0x0000000609000000, 0x0000000609400000|  0%| F|  |TAMS 0x0000000609000000, 0x0000000609000000| Untracked 
|  32|0x0000000609400000, 0x0000000609400000, 0x0000000609800000|  0%| F|  |TAMS 0x0000000609400000, 0x0000000609400000| Untracked 
|  33|0x0000000609800000, 0x0000000609800000, 0x0000000609c00000|  0%| F|  |TAMS 0x0000000609800000, 0x0000000609800000| Untracked 
|  34|0x0000000609c00000, 0x0000000609c00000, 0x000000060a000000|  0%| F|  |TAMS 0x0000000609c00000, 0x0000000609c00000| Untracked 
|  35|0x000000060a000000, 0x000000060a000000, 0x000000060a400000|  0%| F|  |TAMS 0x000000060a000000, 0x000000060a000000| Untracked 
|  36|0x000000060a400000, 0x000000060a400000, 0x000000060a800000|  0%| F|  |TAMS 0x000000060a400000, 0x000000060a400000| Untracked 
|  37|0x000000060a800000, 0x000000060a800000, 0x000000060ac00000|  0%| F|  |TAMS 0x000000060a800000, 0x000000060a800000| Untracked 
|  38|0x000000060ac00000, 0x000000060ac00000, 0x000000060b000000|  0%| F|  |TAMS 0x000000060ac00000, 0x000000060ac00000| Untracked 
|  39|0x000000060b000000, 0x000000060b000000, 0x000000060b400000|  0%| F|  |TAMS 0x000000060b000000, 0x000000060b000000| Untracked 
|  40|0x000000060b400000, 0x000000060b400000, 0x000000060b800000|  0%| F|  |TAMS 0x000000060b400000, 0x000000060b400000| Untracked 
|  41|0x000000060b800000, 0x000000060b800000, 0x000000060bc00000|  0%| F|  |TAMS 0x000000060b800000, 0x000000060b800000| Untracked 
|  42|0x000000060bc00000, 0x000000060bc00000, 0x000000060c000000|  0%| F|  |TAMS 0x000000060bc00000, 0x000000060bc00000| Untracked 
|  43|0x000000060c000000, 0x000000060c000000, 0x000000060c400000|  0%| F|  |TAMS 0x000000060c000000, 0x000000060c000000| Untracked 
|  44|0x000000060c400000, 0x000000060c400000, 0x000000060c800000|  0%| F|  |TAMS 0x000000060c400000, 0x000000060c400000| Untracked 
|  45|0x000000060c800000, 0x000000060c800000, 0x000000060cc00000|  0%| F|  |TAMS 0x000000060c800000, 0x000000060c800000| Untracked 
|  46|0x000000060cc00000, 0x000000060cc00000, 0x000000060d000000|  0%| F|  |TAMS 0x000000060cc00000, 0x000000060cc00000| Untracked 
|  47|0x000000060d000000, 0x000000060d000000, 0x000000060d400000|  0%| F|  |TAMS 0x000000060d000000, 0x000000060d000000| Untracked 
|  48|0x000000060d400000, 0x000000060d400000, 0x000000060d800000|  0%| F|  |TAMS 0x000000060d400000, 0x000000060d400000| Untracked 
|  49|0x000000060d800000, 0x000000060d800000, 0x000000060dc00000|  0%| F|  |TAMS 0x000000060d800000, 0x000000060d800000| Untracked 
|  50|0x000000060dc00000, 0x000000060dc00000, 0x000000060e000000|  0%| F|  |TAMS 0x000000060dc00000, 0x000000060dc00000| Untracked 
|  51|0x000000060e000000, 0x000000060e000000, 0x000000060e400000|  0%| F|  |TAMS 0x000000060e000000, 0x000000060e000000| Untracked 
|  52|0x000000060e400000, 0x000000060e400000, 0x000000060e800000|  0%| F|  |TAMS 0x000000060e400000, 0x000000060e400000| Untracked 
|  53|0x000000060e800000, 0x000000060e800000, 0x000000060ec00000|  0%| F|  |TAMS 0x000000060e800000, 0x000000060e800000| Untracked 
|  54|0x000000060ec00000, 0x000000060ec00000, 0x000000060f000000|  0%| F|  |TAMS 0x000000060ec00000, 0x000000060ec00000| Untracked 
|  55|0x000000060f000000, 0x000000060f000000, 0x000000060f400000|  0%| F|  |TAMS 0x000000060f000000, 0x000000060f000000| Untracked 
|  56|0x000000060f400000, 0x000000060f400000, 0x000000060f800000|  0%| F|  |TAMS 0x000000060f400000, 0x000000060f400000| Untracked 
|  57|0x000000060f800000, 0x000000060f800000, 0x000000060fc00000|  0%| F|  |TAMS 0x000000060f800000, 0x000000060f800000| Untracked 
|  58|0x000000060fc00000, 0x000000060fc00000, 0x0000000610000000|  0%| F|  |TAMS 0x000000060fc00000, 0x000000060fc00000| Untracked 
|  59|0x0000000610000000, 0x0000000610000000, 0x0000000610400000|  0%| F|  |TAMS 0x0000000610000000, 0x0000000610000000| Untracked 
|  60|0x0000000610400000, 0x0000000610400000, 0x0000000610800000|  0%| F|  |TAMS 0x0000000610400000, 0x0000000610400000| Untracked 
|  61|0x0000000610800000, 0x0000000610800000, 0x0000000610c00000|  0%| F|  |TAMS 0x0000000610800000, 0x0000000610800000| Untracked 
|  62|0x0000000610c00000, 0x0000000610c00000, 0x0000000611000000|  0%| F|  |TAMS 0x0000000610c00000, 0x0000000610c00000| Untracked 
|  63|0x0000000611000000, 0x0000000611000000, 0x0000000611400000|  0%| F|  |TAMS 0x0000000611000000, 0x0000000611000000| Untracked 
|  64|0x0000000611400000, 0x0000000611400000, 0x0000000611800000|  0%| F|  |TAMS 0x0000000611400000, 0x0000000611400000| Untracked 
|  65|0x0000000611800000, 0x0000000611800000, 0x0000000611c00000|  0%| F|  |TAMS 0x0000000611800000, 0x0000000611800000| Untracked 
|  66|0x0000000611c00000, 0x0000000611c00000, 0x0000000612000000|  0%| F|  |TAMS 0x0000000611c00000, 0x0000000611c00000| Untracked 
|  67|0x0000000612000000, 0x0000000612000000, 0x0000000612400000|  0%| F|  |TAMS 0x0000000612000000, 0x0000000612000000| Untracked 
|  68|0x0000000612400000, 0x0000000612400000, 0x0000000612800000|  0%| F|  |TAMS 0x0000000612400000, 0x0000000612400000| Untracked 
|  69|0x0000000612800000, 0x0000000612800000, 0x0000000612c00000|  0%| F|  |TAMS 0x0000000612800000, 0x0000000612800000| Untracked 
|  70|0x0000000612c00000, 0x0000000612c00000, 0x0000000613000000|  0%| F|  |TAMS 0x0000000612c00000, 0x0000000612c00000| Untracked 
|  71|0x0000000613000000, 0x0000000613000000, 0x0000000613400000|  0%| F|  |TAMS 0x0000000613000000, 0x0000000613000000| Untracked 
|  72|0x0000000613400000, 0x0000000613400000, 0x0000000613800000|  0%| F|  |TAMS 0x0000000613400000, 0x0000000613400000| Untracked 
|  73|0x0000000613800000, 0x0000000613800000, 0x0000000613c00000|  0%| F|  |TAMS 0x0000000613800000, 0x0000000613800000| Untracked 
|  74|0x0000000613c00000, 0x0000000613c00000, 0x0000000614000000|  0%| F|  |TAMS 0x0000000613c00000, 0x0000000613c00000| Untracked 
|  75|0x0000000614000000, 0x0000000614000000, 0x0000000614400000|  0%| F|  |TAMS 0x0000000614000000, 0x0000000614000000| Untracked 
|  76|0x0000000614400000, 0x0000000614400000, 0x0000000614800000|  0%| F|  |TAMS 0x0000000614400000, 0x0000000614400000| Untracked 
|  77|0x0000000614800000, 0x0000000614800000, 0x0000000614c00000|  0%| F|  |TAMS 0x0000000614800000, 0x0000000614800000| Untracked 
|  78|0x0000000614c00000, 0x0000000614c00000, 0x0000000615000000|  0%| F|  |TAMS 0x0000000614c00000, 0x0000000614c00000| Untracked 
|  79|0x0000000615000000, 0x0000000615000000, 0x0000000615400000|  0%| F|  |TAMS 0x0000000615000000, 0x0000000615000000| Untracked 
|  80|0x0000000615400000, 0x0000000615400000, 0x0000000615800000|  0%| F|  |TAMS 0x0000000615400000, 0x0000000615400000| Untracked 
|  81|0x0000000615800000, 0x0000000615800000, 0x0000000615c00000|  0%| F|  |TAMS 0x0000000615800000, 0x0000000615800000| Untracked 
|  82|0x0000000615c00000, 0x0000000615c00000, 0x0000000616000000|  0%| F|  |TAMS 0x0000000615c00000, 0x0000000615c00000| Untracked 
|  83|0x0000000616000000, 0x0000000616000000, 0x0000000616400000|  0%| F|  |TAMS 0x0000000616000000, 0x0000000616000000| Untracked 
|  84|0x0000000616400000, 0x0000000616400000, 0x0000000616800000|  0%| F|  |TAMS 0x0000000616400000, 0x0000000616400000| Untracked 
|  85|0x0000000616800000, 0x0000000616800000, 0x0000000616c00000|  0%| F|  |TAMS 0x0000000616800000, 0x0000000616800000| Untracked 
|  86|0x0000000616c00000, 0x0000000616c00000, 0x0000000617000000|  0%| F|  |TAMS 0x0000000616c00000, 0x0000000616c00000| Untracked 
|  87|0x0000000617000000, 0x0000000617000000, 0x0000000617400000|  0%| F|  |TAMS 0x0000000617000000, 0x0000000617000000| Untracked 
|  88|0x0000000617400000, 0x0000000617400000, 0x0000000617800000|  0%| F|  |TAMS 0x0000000617400000, 0x0000000617400000| Untracked 
|  89|0x0000000617800000, 0x0000000617800000, 0x0000000617c00000|  0%| F|  |TAMS 0x0000000617800000, 0x0000000617800000| Untracked 
|  90|0x0000000617c00000, 0x0000000617c00000, 0x0000000618000000|  0%| F|  |TAMS 0x0000000617c00000, 0x0000000617c00000| Untracked 
|  91|0x0000000618000000, 0x0000000618000000, 0x0000000618400000|  0%| F|  |TAMS 0x0000000618000000, 0x0000000618000000| Untracked 
|  92|0x0000000618400000, 0x0000000618400000, 0x0000000618800000|  0%| F|  |TAMS 0x0000000618400000, 0x0000000618400000| Untracked 
|  93|0x0000000618800000, 0x0000000618800000, 0x0000000618c00000|  0%| F|  |TAMS 0x0000000618800000, 0x0000000618800000| Untracked 
|  94|0x0000000618c00000, 0x0000000618c00000, 0x0000000619000000|  0%| F|  |TAMS 0x0000000618c00000, 0x0000000618c00000| Untracked 
|  95|0x0000000619000000, 0x0000000619000000, 0x0000000619400000|  0%| F|  |TAMS 0x0000000619000000, 0x0000000619000000| Untracked 
|  96|0x0000000619400000, 0x0000000619400000, 0x0000000619800000|  0%| F|  |TAMS 0x0000000619400000, 0x0000000619400000| Untracked 
|  97|0x0000000619800000, 0x0000000619800000, 0x0000000619c00000|  0%| F|  |TAMS 0x0000000619800000, 0x0000000619800000| Untracked 
|  98|0x0000000619c00000, 0x0000000619c00000, 0x000000061a000000|  0%| F|  |TAMS 0x0000000619c00000, 0x0000000619c00000| Untracked 
|  99|0x000000061a000000, 0x000000061a000000, 0x000000061a400000|  0%| F|  |TAMS 0x000000061a000000, 0x000000061a000000| Untracked 
| 100|0x000000061a400000, 0x000000061a400000, 0x000000061a800000|  0%| F|  |TAMS 0x000000061a400000, 0x000000061a400000| Untracked 
| 101|0x000000061a800000, 0x000000061a800000, 0x000000061ac00000|  0%| F|  |TAMS 0x000000061a800000, 0x000000061a800000| Untracked 
| 102|0x000000061ac00000, 0x000000061ac00000, 0x000000061b000000|  0%| F|  |TAMS 0x000000061ac00000, 0x000000061ac00000| Untracked 
| 103|0x000000061b000000, 0x000000061b000000, 0x000000061b400000|  0%| F|  |TAMS 0x000000061b000000, 0x000000061b000000| Untracked 
| 104|0x000000061b400000, 0x000000061b400000, 0x000000061b800000|  0%| F|  |TAMS 0x000000061b400000, 0x000000061b400000| Untracked 
| 105|0x000000061b800000, 0x000000061b800000, 0x000000061bc00000|  0%| F|  |TAMS 0x000000061b800000, 0x000000061b800000| Untracked 
| 106|0x000000061bc00000, 0x000000061bc00000, 0x000000061c000000|  0%| F|  |TAMS 0x000000061bc00000, 0x000000061bc00000| Untracked 
| 107|0x000000061c000000, 0x000000061c000000, 0x000000061c400000|  0%| F|  |TAMS 0x000000061c000000, 0x000000061c000000| Untracked 
| 108|0x000000061c400000, 0x000000061c400000, 0x000000061c800000|  0%| F|  |TAMS 0x000000061c400000, 0x000000061c400000| Untracked 
| 109|0x000000061c800000, 0x000000061c800000, 0x000000061cc00000|  0%| F|  |TAMS 0x000000061c800000, 0x000000061c800000| Untracked 
| 110|0x000000061cc00000, 0x000000061cc00000, 0x000000061d000000|  0%| F|  |TAMS 0x000000061cc00000, 0x000000061cc00000| Untracked 
| 111|0x000000061d000000, 0x000000061d000000, 0x000000061d400000|  0%| F|  |TAMS 0x000000061d000000, 0x000000061d000000| Untracked 
| 112|0x000000061d400000, 0x000000061d400000, 0x000000061d800000|  0%| F|  |TAMS 0x000000061d400000, 0x000000061d400000| Untracked 
| 113|0x000000061d800000, 0x000000061d800000, 0x000000061dc00000|  0%| F|  |TAMS 0x000000061d800000, 0x000000061d800000| Untracked 
| 114|0x000000061dc00000, 0x000000061dc00000, 0x000000061e000000|  0%| F|  |TAMS 0x000000061dc00000, 0x000000061dc00000| Untracked 
| 115|0x000000061e000000, 0x000000061e000000, 0x000000061e400000|  0%| F|  |TAMS 0x000000061e000000, 0x000000061e000000| Untracked 
| 116|0x000000061e400000, 0x000000061e400000, 0x000000061e800000|  0%| F|  |TAMS 0x000000061e400000, 0x000000061e400000| Untracked 
| 117|0x000000061e800000, 0x000000061e800000, 0x000000061ec00000|  0%| F|  |TAMS 0x000000061e800000, 0x000000061e800000| Untracked 
| 118|0x000000061ec00000, 0x000000061ec00000, 0x000000061f000000|  0%| F|  |TAMS 0x000000061ec00000, 0x000000061ec00000| Untracked 
| 119|0x000000061f000000, 0x000000061f000000, 0x000000061f400000|  0%| F|  |TAMS 0x000000061f000000, 0x000000061f000000| Untracked 
| 120|0x000000061f400000, 0x000000061f400000, 0x000000061f800000|  0%| F|  |TAMS 0x000000061f400000, 0x000000061f400000| Untracked 
| 121|0x000000061f800000, 0x000000061fc00000, 0x000000061fc00000|100%| S|CS|TAMS 0x000000061f800000, 0x000000061f800000| Complete 
| 122|0x000000061fc00000, 0x000000061fc00000, 0x0000000620000000|  0%| F|  |TAMS 0x000000061fc00000, 0x000000061fc00000| Untracked 
| 123|0x0000000620000000, 0x0000000620000000, 0x0000000620400000|  0%| F|  |TAMS 0x0000000620000000, 0x0000000620000000| Untracked 
| 124|0x0000000620400000, 0x0000000620400000, 0x0000000620800000|  0%| F|  |TAMS 0x0000000620400000, 0x0000000620400000| Untracked 
| 125|0x0000000620800000, 0x0000000620800000, 0x0000000620c00000|  0%| F|  |TAMS 0x0000000620800000, 0x0000000620800000| Untracked 
| 126|0x0000000620c00000, 0x0000000620c00000, 0x0000000621000000|  0%| F|  |TAMS 0x0000000620c00000, 0x0000000620c00000| Untracked 
| 127|0x0000000621000000, 0x000000062110c390, 0x0000000621400000| 26%| E|  |TAMS 0x0000000621000000, 0x0000000621000000| Complete 

Card table byte_map: [0x000001fa41d30000,0x000001fa42d30000] _byte_map_base: 0x000001fa3ed26000

Marking Bits (Prev, Next): (CMBitMap*) 0x000001fa29b52b20, (CMBitMap*) 0x000001fa29b52b60
 Prev Bits: [0x000001fa43d30000, 0x000001fa4bce0000)
 Next Bits: [0x000001fa4bce0000, 0x000001fa53c90000)

Polling page: 0x000001fa27aa0000

Metaspace:

Usage:
  Non-class:      6.40 MB used.
      Class:    486.70 KB used.
       Both:      6.87 MB used.

Virtual space:
  Non-class space:       64.00 MB reserved,       6.50 MB ( 10%) committed,  1 nodes.
      Class space:        1.00 GB reserved,     576.00 KB ( <1%) committed,  1 nodes.
             Both:        1.06 GB reserved,       7.06 MB ( <1%) committed. 

Chunk freelists:
   Non-Class:  836.00 KB
       Class:  3.46 MB
        Both:  4.28 MB

MaxMetaspaceSize: unlimited
CompressedClassSpaceSize: 1.00 GB
Initial GC threshold: 21.00 MB
Current GC threshold: 21.00 MB
CDS: on
MetaspaceReclaimPolicy: balanced
 - commit_granule_bytes: 65536.
 - commit_granule_words: 8192.
 - virtual_space_node_default_size: 8388608.
 - enlarge_chunks_in_place: 1.
 - new_chunks_are_fully_committed: 0.
 - uncommit_free_chunks: 1.
 - use_allocation_guard: 0.


Internal statistics:

num_allocs_failed_limit: 0.
num_arena_births: 198.
num_arena_deaths: 0.
num_vsnodes_births: 2.
num_vsnodes_deaths: 0.
num_space_committed: 111.
num_space_uncommitted: 0.
num_chunks_returned_to_freelist: 0.
num_chunks_taken_from_freelist: 375.
num_chunk_merges: 0.
num_chunk_splits: 237.
num_chunks_enlarged: 144.
num_inconsistent_stats: 0.

CodeHeap 'non-profiled nmethods': size=120000Kb used=726Kb max_used=726Kb free=119273Kb
 bounds [0x000001fa394d0000, 0x000001fa39740000, 0x000001fa40a00000]
CodeHeap 'profiled nmethods': size=120000Kb used=2481Kb max_used=2481Kb free=117518Kb
 bounds [0x000001fa31a00000, 0x000001fa31c70000, 0x000001fa38f30000]
CodeHeap 'non-nmethods': size=5760Kb used=1810Kb max_used=1834Kb free=3949Kb
 bounds [0x000001fa38f30000, 0x000001fa391a0000, 0x000001fa394d0000]
 total_blobs=2852 nmethods=1653 adapters=1110
 compilation: enabled
              stopped_count=0, restarted_count=0
 full_count=0

Compilation events (20 events):
Event: 307.675 Thread 0x000001fa5a82f210 1645       4       org.lwjgl.glfw.GLFW::glfwGetWindowSize (35 bytes)
Event: 307.675 Thread 0x000001fa5a82f210 nmethod 1645 0x000001fa39584590 code [0x000001fa39584720, 0x000001fa39584868]
Event: 307.676 Thread 0x000001fa5a82f210 1646       4       org.lwjgl.glfw.GLFW::glfwGetFramebufferSize (35 bytes)
Event: 307.676 Thread 0x000001fa5a82f210 nmethod 1646 0x000001fa39584a90 code [0x000001fa39584c20, 0x000001fa39584d68]
Event: 309.969 Thread 0x000001fa5a82f210 1647       4       imgui.ImDrawData::getCmdListIdxBufferData (73 bytes)
Event: 309.970 Thread 0x000001fa5a82f210 nmethod 1647 0x000001fa39584f90 code [0x000001fa39585140, 0x000001fa395853a8]
Event: 321.321 Thread 0x000001fa5a82f210 1648       4       imgui.glfw.ImGuiImplGlfw::updateGamepads (249 bytes)
Event: 321.321 Thread 0x000001fa5a82f210 nmethod 1648 0x000001fa39585710 code [0x000001fa395858a0, 0x000001fa39585978]
Event: 322.348 Thread 0x000001fa5a82fb80 1649       3       java.lang.ref.ReferenceQueue::poll0 (65 bytes)
Event: 322.349 Thread 0x000001fa5a82fb80 nmethod 1649 0x000001fa31c68d10 code [0x000001fa31c68ee0, 0x000001fa31c69438]
Event: 322.349 Thread 0x000001fa5a82fb80 1650       3       java.util.zip.ZipCoder$UTF8ZipCoder::toString (12 bytes)
Event: 322.349 Thread 0x000001fa5a82fb80 nmethod 1650 0x000001fa31c69510 code [0x000001fa31c696c0, 0x000001fa31c69868]
Event: 322.349 Thread 0x000001fa5a82fb80 1651       3       java.lang.System$2::newStringUTF8NoRepl (7 bytes)
Event: 322.349 Thread 0x000001fa5a82fb80 nmethod 1651 0x000001fa31c69990 code [0x000001fa31c69b40, 0x000001fa31c69c88]
Event: 322.349 Thread 0x000001fa5a82fb80 1652       3       java.lang.String::newStringUTF8NoRepl (289 bytes)
Event: 322.350 Thread 0x000001fa5a82fb80 nmethod 1652 0x000001fa31c69d10 code [0x000001fa31c6a000, 0x000001fa31c6b268]
Event: 322.369 Thread 0x000001fa5a82fb80 1653       3       java.util.Arrays::fill (28 bytes)
Event: 322.370 Thread 0x000001fa5a82fb80 nmethod 1653 0x000001fa31c6b810 code [0x000001fa31c6b9e0, 0x000001fa31c6bd88]
Event: 322.370 Thread 0x000001fa5a82fb80 1654       3       java.util.concurrent.ConcurrentHashMap::sumCount (60 bytes)
Event: 322.370 Thread 0x000001fa5a82fb80 nmethod 1654 0x000001fa31c6bf10 code [0x000001fa31c6c0c0, 0x000001fa31c6c338]

GC Heap History (2 events):
Event: 297.790 GC heap before
{Heap before GC invocations=0 (full 0):
 garbage-first heap   total 524288K, used 20480K [0x0000000601400000, 0x0000000800000000)
  region size 4096K, 6 young (24576K), 0 survivors (0K)
 Metaspace       used 7007K, committed 7232K, reserved 1114112K
  class space    used 481K, committed 576K, reserved 1048576K
}
Event: 297.793 GC heap after
{Heap after GC invocations=1 (full 0):
 garbage-first heap   total 524288K, used 5343K [0x0000000601400000, 0x0000000800000000)
  region size 4096K, 1 young (4096K), 1 survivors (4096K)
 Metaspace       used 7007K, committed 7232K, reserved 1114112K
  class space    used 481K, committed 576K, reserved 1048576K
}

Dll operation events (14 events):
Event: 0.004 Loaded shared library C:\Users\Umar\.jdks\openjdk-19.0.1\bin\java.dll
Event: 0.010 Loaded shared library C:\Users\Umar\.jdks\openjdk-19.0.1\bin\jsvml.dll
Event: 0.055 Loaded shared library C:\Users\Umar\.jdks\openjdk-19.0.1\bin\zip.dll
Event: 0.056 Loaded shared library C:\Users\Umar\.jdks\openjdk-19.0.1\bin\instrument.dll
Event: 0.060 Loaded shared library C:\Users\Umar\.jdks\openjdk-19.0.1\bin\net.dll
Event: 0.061 Loaded shared library C:\Users\Umar\.jdks\openjdk-19.0.1\bin\nio.dll
Event: 0.064 Loaded shared library C:\Users\Umar\.jdks\openjdk-19.0.1\bin\zip.dll
Event: 0.087 Loaded shared library C:\Program Files\JetBrains\IntelliJ IDEA 2022.2.1\bin\breakgen64.dll
Event: 0.091 Loaded shared library C:\Users\Umar\.jdks\openjdk-19.0.1\bin\jimage.dll
Event: 0.092 Loaded shared library C:\Users\Umar\.jdks\openjdk-19.0.1\bin\extnet.dll
Event: 0.118 Loaded shared library C:\Users\Umar\.jdks\openjdk-19.0.1\bin\awt.dll
Event: 0.163 Loaded shared library C:\Users\Umar\AppData\Local\Temp\lwjglUmar\3.3.1-SNAPSHOT\lwjgl.dll
Event: 0.382 Loaded shared library C:\Users\Umar\AppData\Local\Temp\lwjglUmar\3.3.1-SNAPSHOT\lwjgl_opengl.dll
Event: 0.507 Loaded shared library C:\Users\Umar\AppData\Local\Temp\imgui-java-natives_1671372919767\imgui-java64.dll

Deoptimization events (20 events):
Event: 240.152 Thread 0x000001fa5a92c7f0 Uncommon trap: trap_request=0xffffffde fr.pc=0x000001fa3957d040 relative=0x0000000000000120
Event: 240.152 Thread 0x000001fa5a92c7f0 Uncommon trap: reason=class_check action=maybe_recompile pc=0x000001fa3957d040 method=jdk.internal.misc.Unsafe.allocateUninitializedArray(Ljava/lang/Class;I)Ljava/lang/Object; @ 51 c2
Event: 240.152 Thread 0x000001fa5a92c7f0 DEOPT PACKING pc=0x000001fa3957d040 sp=0x000000d0095fee50
Event: 240.152 Thread 0x000001fa5a92c7f0 DEOPT UNPACKING pc=0x000001fa38f96da3 sp=0x000000d0095fedd8 mode 2
Event: 240.152 Thread 0x000001fa5a92c7f0 Uncommon trap: trap_request=0xffffffde fr.pc=0x000001fa3957d040 relative=0x0000000000000120
Event: 240.152 Thread 0x000001fa5a92c7f0 Uncommon trap: reason=class_check action=maybe_recompile pc=0x000001fa3957d040 method=jdk.internal.misc.Unsafe.allocateUninitializedArray(Ljava/lang/Class;I)Ljava/lang/Object; @ 51 c2
Event: 240.152 Thread 0x000001fa5a92c7f0 DEOPT PACKING pc=0x000001fa3957d040 sp=0x000000d0095fee50
Event: 240.152 Thread 0x000001fa5a92c7f0 DEOPT UNPACKING pc=0x000001fa38f96da3 sp=0x000000d0095fedd8 mode 2
Event: 294.004 Thread 0x000001fa5a92c7f0 Uncommon trap: trap_request=0xffffff45 fr.pc=0x000001fa39544e6c relative=0x00000000000004cc
Event: 294.004 Thread 0x000001fa5a92c7f0 Uncommon trap: reason=unstable_if action=reinterpret pc=0x000001fa39544e6c method=imgui.glfw.ImGuiImplGlfw.newFrame()V @ 58 c2
Event: 294.004 Thread 0x000001fa5a92c7f0 DEOPT PACKING pc=0x000001fa39544e6c sp=0x000000d0095ff0b0
Event: 294.004 Thread 0x000001fa5a92c7f0 DEOPT UNPACKING pc=0x000001fa38f96da3 sp=0x000000d0095ff068 mode 2
Event: 294.004 Thread 0x000001fa5a92c7f0 Uncommon trap: trap_request=0xffffff45 fr.pc=0x000001fa3953bf40 relative=0x0000000000001ea0
Event: 294.004 Thread 0x000001fa5a92c7f0 Uncommon trap: reason=unstable_if action=reinterpret pc=0x000001fa3953bf40 method=imgui.gl3.ImGuiImplGl3.renderDrawData(Limgui/ImDrawData;)V @ 104 c2
Event: 294.004 Thread 0x000001fa5a92c7f0 DEOPT PACKING pc=0x000001fa3953bf40 sp=0x000000d0095ff080
Event: 294.004 Thread 0x000001fa5a92c7f0 DEOPT UNPACKING pc=0x000001fa38f96da3 sp=0x000000d0095fefe8 mode 2
Event: 305.167 Thread 0x000001fa5a92c7f0 Uncommon trap: trap_request=0xffffff45 fr.pc=0x000001fa39568a98 relative=0x00000000000000f8
Event: 305.167 Thread 0x000001fa5a92c7f0 Uncommon trap: reason=unstable_if action=reinterpret pc=0x000001fa39568a98 method=java.lang.ref.SoftReference.get()Ljava/lang/Object; @ 17 c2
Event: 305.167 Thread 0x000001fa5a92c7f0 DEOPT PACKING pc=0x000001fa39568a98 sp=0x000000d0095fed80
Event: 305.167 Thread 0x000001fa5a92c7f0 DEOPT UNPACKING pc=0x000001fa38f96da3 sp=0x000000d0095fed38 mode 2

Classes loaded (20 events):
Event: 195.713 Loading class java/util/function/UnaryOperator
Event: 195.713 Loading class java/util/function/UnaryOperator done
Event: 297.793 Loading class java/util/concurrent/locks/AbstractQueuedSynchronizer$ExclusiveNode
Event: 297.793 Loading class java/util/concurrent/locks/AbstractQueuedSynchronizer$ExclusiveNode done
Event: 322.370 Loading class java/net/StandardSocketOptions
Event: 322.370 Loading class java/net/StandardSocketOptions done
Event: 322.370 Loading class java/net/StandardSocketOptions$StdSocketOption
Event: 322.370 Loading class java/net/StandardSocketOptions$StdSocketOption done
Event: 322.370 Loading class sun/nio/ch/SocketOptionRegistry
Event: 322.370 Loading class sun/nio/ch/SocketOptionRegistry done
Event: 322.370 Loading class sun/nio/ch/SocketOptionRegistry$RegistryKey
Event: 322.370 Loading class sun/nio/ch/SocketOptionRegistry$RegistryKey done
Event: 322.370 Loading class sun/nio/ch/SocketOptionRegistry$LazyInitialization
Event: 322.370 Loading class sun/nio/ch/SocketOptionRegistry$LazyInitialization done
Event: 322.370 Loading class sun/nio/ch/OptionKey
Event: 322.370 Loading class sun/nio/ch/OptionKey done
Event: 322.370 Loading class sun/nio/ch/ExtendedSocketOption
Event: 322.370 Loading class sun/nio/ch/ExtendedSocketOption done
Event: 322.370 Loading class sun/nio/ch/ExtendedSocketOption$1
Event: 322.370 Loading class sun/nio/ch/ExtendedSocketOption$1 done

Classes unloaded (0 events):
No events

Classes redefined (0 events):
No events

Internal exceptions (20 events):
Event: 0.182 Thread 0x000001fa5a92c7f0 Exception <a 'sun/nio/fs/WindowsException'{0x00000006209cefb0}> (0x00000006209cefb0) 
thrown [s\open\src\hotspot\share\prims\jni.cpp, line 517]
Event: 0.182 Thread 0x000001fa5a92c7f0 Exception <a 'sun/nio/fs/WindowsException'{0x00000006209cf310}> (0x00000006209cf310) 
thrown [s\open\src\hotspot\share\prims\jni.cpp, line 517]
Event: 0.185 Thread 0x000001fa5a92c7f0 Exception <a 'java/lang/NoSuchMethodError'{0x00000006209e0bf8}: 'int java.lang.invoke.Invokers$Holder.invokeExact_MT(java.lang.Object, java.lang.Object)'> (0x00000006209e0bf8) 
thrown [s\open\src\hotspot\share\interpreter\linkResolver.cpp, line 774]
Event: 0.378 Thread 0x000001fa5a92c7f0 Exception <a 'java/lang/NoSuchMethodError'{0x0000000620a3f550}: 'void java.lang.System.load(java.lang.String, java.lang.Class)'> (0x0000000620a3f550) 
thrown [s\open\src\hotspot\share\interpreter\linkResolver.cpp, line 774]
Event: 0.378 Thread 0x000001fa5a92c7f0 Exception <a 'java/lang/NoSuchMethodError'{0x0000000620a42358}: 'void java.lang.System.loadLibrary(java.lang.String, java.lang.Class)'> (0x0000000620a42358) 
thrown [s\open\src\hotspot\share\interpreter\linkResolver.cpp, line 774]
Event: 0.381 Thread 0x000001fa5a92c7f0 Exception <a 'sun/nio/fs/WindowsException'{0x0000000620a4d948}> (0x0000000620a4d948) 
thrown [s\open\src\hotspot\share\prims\jni.cpp, line 517]
Event: 0.381 Thread 0x000001fa5a92c7f0 Exception <a 'sun/nio/fs/WindowsException'{0x0000000620a4dce8}> (0x0000000620a4dce8) 
thrown [s\open\src\hotspot\share\prims\jni.cpp, line 517]
Event: 0.383 Thread 0x000001fa5a92c7f0 Exception <a 'sun/nio/fs/WindowsException'{0x0000000620a53868}> (0x0000000620a53868) 
thrown [s\open\src\hotspot\share\prims\jni.cpp, line 517]
Event: 0.383 Thread 0x000001fa5a92c7f0 Exception <a 'sun/nio/fs/WindowsException'{0x0000000620a53b38}> (0x0000000620a53b38) 
thrown [s\open\src\hotspot\share\prims\jni.cpp, line 517]
Event: 0.435 Thread 0x000001fa5a92c7f0 Exception <a 'sun/nio/fs/WindowsException'{0x0000000620be63f0}> (0x0000000620be63f0) 
thrown [s\open\src\hotspot\share\prims\jni.cpp, line 517]
Event: 1.044 Thread 0x000001fa5a81da50 Exception <a 'java/lang/NoSuchMethodError'{0x00000006206f6978}: 'java.lang.Object java.lang.invoke.Invokers$Holder.invokeExact_MT(java.lang.Object, java.lang.Object, java.lang.Object, java.lang.Object, java.lang.Object, java.lang.Object)'> (0x00000006206f6978) 
thrown [s\open\src\hotspot\share\interpreter\linkResolver.cpp, line 774]
Event: 5.001 Thread 0x000001fa5a92c7f0 Exception <a 'java/lang/NoSuchMethodError'{0x000000062079faf0}: static LServer/TransferMessageContainer;.<clinit>()V> (0x000000062079faf0) 
thrown [s\open\src\hotspot\share\prims\jni.cpp, line 1107]
Event: 5.010 Thread 0x000001fa5a92c7f0 Exception <a 'java/lang/NoSuchMethodError'{0x00000006207e6950}: 'long java.lang.invoke.DirectMethodHandle$Holder.invokeSpecial(java.lang.Object, java.lang.Object)'> (0x00000006207e6950) 
thrown [s\open\src\hotspot\share\interpreter\linkResolver.cpp, line 774]
Event: 5.010 Thread 0x000001fa5a92c7f0 Exception <a 'java/lang/NoSuchMethodError'{0x00000006207e9ff8}: 'long java.lang.invoke.Invokers$Holder.invokeExact_MT(java.lang.Object, java.lang.Object)'> (0x00000006207e9ff8) 
thrown [s\open\src\hotspot\share\interpreter\linkResolver.cpp, line 774]
Event: 24.832 Thread 0x000001fa5a92c7f0 Exception <a 'java/lang/NoSuchMethodError'{0x0000000620043018}: static LServer/Entities/Employee;.<clinit>()V> (0x0000000620043018) 
thrown [s\open\src\hotspot\share\prims\jni.cpp, line 1107]
Event: 24.833 Thread 0x000001fa5a92c7f0 Exception <a 'java/lang/NoSuchMethodError'{0x000000062004bdb0}: static LServer/Entities/Company;.<clinit>()V> (0x000000062004bdb0) 
thrown [s\open\src\hotspot\share\prims\jni.cpp, line 1107]
Event: 24.834 Thread 0x000001fa5a92c7f0 Exception <a 'java/lang/NoSuchMethodError'{0x0000000620054fa8}: static LServer/Entities/Person;.<clinit>()V> (0x0000000620054fa8) 
thrown [s\open\src\hotspot\share\prims\jni.cpp, line 1107]
Event: 24.835 Thread 0x000001fa5a92c7f0 Exception <a 'java/lang/NoSuchMethodError'{0x000000062005f850}: static LServer/Entities/User;.<clinit>()V> (0x000000062005f850) 
thrown [s\open\src\hotspot\share\prims\jni.cpp, line 1107]
Event: 195.712 Thread 0x000001fa5a92c7f0 Implicit null exception at 0x000001fa39568daf to 0x000001fa3956904c
Event: 195.713 Thread 0x000001fa5a92c7f0 Exception <a 'java/lang/NoSuchMethodError'{0x000000061fc709e8}: static LServer/TransferMessageContainer$EmployeeList;.<clinit>()V> (0x000000061fc709e8) 
thrown [s\open\src\hotspot\share\prims\jni.cpp, line 1107]

VM Operations (20 events):
Event: 114.838 Executing VM operation: Cleanup
Event: 114.838 Executing VM operation: Cleanup done
Event: 120.901 Executing VM operation: Cleanup
Event: 120.901 Executing VM operation: Cleanup done
Event: 167.230 Executing VM operation: Cleanup
Event: 167.230 Executing VM operation: Cleanup done
Event: 193.463 Executing VM operation: Cleanup
Event: 193.464 Executing VM operation: Cleanup done
Event: 196.481 Executing VM operation: Cleanup
Event: 196.481 Executing VM operation: Cleanup done
Event: 203.544 Executing VM operation: Cleanup
Event: 203.544 Executing VM operation: Cleanup done
Event: 237.809 Executing VM operation: Cleanup
Event: 237.809 Executing VM operation: Cleanup done
Event: 238.824 Executing VM operation: Cleanup
Event: 238.824 Executing VM operation: Cleanup done
Event: 297.790 Executing VM operation: G1CollectForAllocation
Event: 297.793 Executing VM operation: G1CollectForAllocation done
Event: 297.793 Executing VM operation: HandshakeAllThreads
Event: 297.793 Executing VM operation: HandshakeAllThreads done

Events (20 events):
Event: 0.010 Thread 0x000001fa29a9da80 Thread added: 0x000001fa29a9da80
Event: 0.018 Thread 0x000001fa5a817510 Thread added: 0x000001fa5a817510
Event: 0.018 Thread 0x000001fa5a818300 Thread added: 0x000001fa5a818300
Event: 0.019 Thread 0x000001fa5a81a100 Thread added: 0x000001fa5a81a100
Event: 0.019 Thread 0x000001fa5a81da50 Thread added: 0x000001fa5a81da50
Event: 0.019 Thread 0x000001fa5a81e380 Thread added: 0x000001fa5a81e380
Event: 0.019 Thread 0x000001fa5a81edf0 Thread added: 0x000001fa5a81edf0
Event: 0.019 Thread 0x000001fa5a82f210 Thread added: 0x000001fa5a82f210
Event: 0.019 Thread 0x000001fa5a82fb80 Thread added: 0x000001fa5a82fb80
Event: 0.019 Thread 0x000001fa5a832ce0 Thread added: 0x000001fa5a832ce0
Event: 0.044 Thread 0x000001fa5a92d290 Thread added: 0x000001fa5a92d290
Event: 0.087 Thread 0x000001fa5a92dd30 Thread added: 0x000001fa5a92dd30
Event: 0.087 Thread 0x000001fa5a92ed20 Thread added: 0x000001fa5a92ed20
Event: 0.133 Thread 0x000001fa5a92c7f0 Thread added: 0x000001fa5a92c7f0
Event: 0.133 Thread 0x000001fa29a9da80 Thread exited: 0x000001fa29a9da80
Event: 0.133 Thread 0x000001fa5a92d7e0 Thread added: 0x000001fa5a92d7e0
Event: 0.395 Thread 0x000001fa62070720 Thread added: 0x000001fa62070720
Event: 0.806 Thread 0x000001fa62070720 Thread exited: 0x000001fa62070720
Event: 1.039 Thread 0x000001fa621a3c20 Thread added: 0x000001fa621a3c20
Event: 1.220 Thread 0x000001fa621a3c20 Thread exited: 0x000001fa621a3c20


Dynamic libraries:
0x00007ff7f6310000 - 0x00007ff7f631e000 	C:\Users\Umar\.jdks\openjdk-19.0.1\bin\java.exe
0x00007ffc098b0000 - 0x00007ffc09aa5000 	C:\WINDOWS\SYSTEM32\ntdll.dll
0x00007ffc089c0000 - 0x00007ffc08a7e000 	C:\WINDOWS\System32\KERNEL32.DLL
0x00007ffc075c0000 - 0x00007ffc07888000 	C:\WINDOWS\System32\KERNELBASE.dll
0x00007ffc07400000 - 0x00007ffc07500000 	C:\WINDOWS\System32\ucrtbase.dll
0x00007ffbcff80000 - 0x00007ffbcff97000 	C:\Users\Umar\.jdks\openjdk-19.0.1\bin\jli.dll
0x00007ffbd0f80000 - 0x00007ffbd0f9b000 	C:\Users\Umar\.jdks\openjdk-19.0.1\bin\VCRUNTIME140.dll
0x00007ffc08b30000 - 0x00007ffc08cd0000 	C:\WINDOWS\System32\USER32.dll
0x00007ffbf0c50000 - 0x00007ffbf0eea000 	C:\WINDOWS\WinSxS\amd64_microsoft.windows.common-controls_6595b64144ccf1df_6.0.19041.1110_none_60b5254171f9507e\COMCTL32.dll
0x00007ffc07890000 - 0x00007ffc078b2000 	C:\WINDOWS\System32\win32u.dll
0x00007ffc07ae0000 - 0x00007ffc07b7e000 	C:\WINDOWS\System32\msvcrt.dll
0x00007ffc08f90000 - 0x00007ffc08fba000 	C:\WINDOWS\System32\GDI32.dll
0x00007ffc07130000 - 0x00007ffc0723b000 	C:\WINDOWS\System32\gdi32full.dll
0x00007ffc07240000 - 0x00007ffc072dd000 	C:\WINDOWS\System32\msvcp_win.dll
0x00007ffc08f00000 - 0x00007ffc08f30000 	C:\WINDOWS\System32\IMM32.DLL
0x00007ffbdd170000 - 0x00007ffbdd17c000 	C:\Users\Umar\.jdks\openjdk-19.0.1\bin\vcruntime140_1.dll
0x00007ffbcdcb0000 - 0x00007ffbcdd3e000 	C:\Users\Umar\.jdks\openjdk-19.0.1\bin\msvcp140.dll
0x00007ffb59580000 - 0x00007ffb5a240000 	C:\Users\Umar\.jdks\openjdk-19.0.1\bin\server\jvm.dll
0x00007ffc08a80000 - 0x00007ffc08b2e000 	C:\WINDOWS\System32\ADVAPI32.dll
0x00007ffc08d30000 - 0x00007ffc08dcc000 	C:\WINDOWS\System32\sechost.dll
0x00007ffc07c70000 - 0x00007ffc07d95000 	C:\WINDOWS\System32\RPCRT4.dll
0x00007ffbf29d0000 - 0x00007ffbf29d9000 	C:\WINDOWS\SYSTEM32\WSOCK32.dll
0x00007ffbf6440000 - 0x00007ffbf6467000 	C:\WINDOWS\SYSTEM32\WINMM.dll
0x00007ffc04390000 - 0x00007ffc0439a000 	C:\WINDOWS\SYSTEM32\VERSION.dll
0x00007ffc08940000 - 0x00007ffc089ab000 	C:\WINDOWS\System32\WS2_32.dll
0x00007ffc04f10000 - 0x00007ffc04f22000 	C:\WINDOWS\SYSTEM32\kernel.appcore.dll
0x00007ffbdc030000 - 0x00007ffbdc03a000 	C:\Users\Umar\.jdks\openjdk-19.0.1\bin\jimage.dll
0x00007ffbfea00000 - 0x00007ffbfebe4000 	C:\WINDOWS\SYSTEM32\DBGHELP.DLL
0x00007ffbfe9d0000 - 0x00007ffbfe9fc000 	C:\WINDOWS\SYSTEM32\dbgcore.DLL
0x00007ffc07500000 - 0x00007ffc07582000 	C:\WINDOWS\System32\bcryptPrimitives.dll
0x00007ffc037e0000 - 0x00007ffc037ee000 	C:\Users\Umar\.jdks\openjdk-19.0.1\bin\instrument.dll
0x00007ffbce020000 - 0x00007ffbce046000 	C:\Users\Umar\.jdks\openjdk-19.0.1\bin\java.dll
0x00007ffbcdbd0000 - 0x00007ffbcdca7000 	C:\Users\Umar\.jdks\openjdk-19.0.1\bin\jsvml.dll
0x00007ffc07da0000 - 0x00007ffc084e4000 	C:\WINDOWS\System32\SHELL32.dll
0x00007ffc05110000 - 0x00007ffc058a4000 	C:\WINDOWS\SYSTEM32\windows.storage.dll
0x00007ffc08550000 - 0x00007ffc088a4000 	C:\WINDOWS\System32\combase.dll
0x00007ffc06a40000 - 0x00007ffc06a6c000 	C:\WINDOWS\SYSTEM32\Wldp.dll
0x00007ffc079c0000 - 0x00007ffc07a6d000 	C:\WINDOWS\System32\SHCORE.dll
0x00007ffc08cd0000 - 0x00007ffc08d25000 	C:\WINDOWS\System32\shlwapi.dll
0x00007ffc06f10000 - 0x00007ffc06f2f000 	C:\WINDOWS\SYSTEM32\profapi.dll
0x00007ffbcdb90000 - 0x00007ffbcdba8000 	C:\Users\Umar\.jdks\openjdk-19.0.1\bin\zip.dll
0x00007ffbce000000 - 0x00007ffbce013000 	C:\Users\Umar\.jdks\openjdk-19.0.1\bin\net.dll
0x00007ffc00530000 - 0x00007ffc0063a000 	C:\WINDOWS\SYSTEM32\WINHTTP.dll
0x00007ffc067a0000 - 0x00007ffc0680a000 	C:\WINDOWS\system32\mswsock.dll
0x00007ffbcdbb0000 - 0x00007ffbcdbc6000 	C:\Users\Umar\.jdks\openjdk-19.0.1\bin\nio.dll
0x00007ffbdb5b0000 - 0x00007ffbdb5ca000 	C:\Program Files\JetBrains\IntelliJ IDEA 2022.2.1\bin\breakgen64.dll
0x00007ffbdc010000 - 0x00007ffbdc018000 	C:\Users\Umar\.jdks\openjdk-19.0.1\bin\extnet.dll
0x00007ffc06480000 - 0x00007ffc0654b000 	C:\WINDOWS\SYSTEM32\DNSAPI.dll
0x00007ffc06440000 - 0x00007ffc0647b000 	C:\WINDOWS\SYSTEM32\IPHLPAPI.DLL
0x00007ffc07c60000 - 0x00007ffc07c68000 	C:\WINDOWS\System32\NSI.dll
0x00007ffc002f0000 - 0x00007ffc002fa000 	C:\Windows\System32\rasadhlp.dll
0x00007ffbff670000 - 0x00007ffbff6ef000 	C:\WINDOWS\System32\fwpuclnt.dll
0x00007ffc07590000 - 0x00007ffc075b7000 	C:\WINDOWS\System32\bcrypt.dll
0x00007ffb64ef0000 - 0x00007ffb65080000 	C:\Users\Umar\.jdks\openjdk-19.0.1\bin\awt.dll
0x00007ffc097a0000 - 0x00007ffc0986d000 	C:\WINDOWS\System32\OLEAUT32.dll
0x00007ffc03ba0000 - 0x00007ffc03c30000 	C:\WINDOWS\SYSTEM32\apphelp.dll
0x00007ffb64e70000 - 0x00007ffb64ee5000 	C:\Users\Umar\AppData\Local\Temp\lwjglUmar\3.3.1-SNAPSHOT\lwjgl.dll
0x00007ffb64e00000 - 0x00007ffb64e61000 	C:\Users\Umar\AppData\Local\Temp\lwjglUmar\3.3.1-SNAPSHOT\glfw.dll
0x00007ffbcff20000 - 0x00007ffbcff65000 	C:\WINDOWS\SYSTEM32\dinput8.dll
0x00007ffbce720000 - 0x00007ffbce731000 	C:\WINDOWS\SYSTEM32\xinput1_4.dll
0x00007ffc078c0000 - 0x00007ffc0790e000 	C:\WINDOWS\System32\cfgmgr32.dll
0x00007ffc06d80000 - 0x00007ffc06dac000 	C:\WINDOWS\SYSTEM32\DEVOBJ.dll
0x00007ffc04e00000 - 0x00007ffc04e2f000 	C:\WINDOWS\SYSTEM32\dwmapi.dll
0x00007ffbfbaa0000 - 0x00007ffbfbbf2000 	C:\WINDOWS\SYSTEM32\inputhost.dll
0x00007ffc03200000 - 0x00007ffc032f2000 	C:\WINDOWS\SYSTEM32\CoreMessaging.dll
0x00007ffc03e90000 - 0x00007ffc03fe4000 	C:\WINDOWS\SYSTEM32\wintypes.dll
0x00007ffc03c40000 - 0x00007ffc03d36000 	C:\WINDOWS\SYSTEM32\PROPSYS.dll
0x00007ffc03300000 - 0x00007ffc0365e000 	C:\WINDOWS\SYSTEM32\CoreUIComponents.dll
0x00007ffc05ce0000 - 0x00007ffc05d13000 	C:\WINDOWS\SYSTEM32\ntmarta.dll
0x00007ffc04a50000 - 0x00007ffc04aee000 	C:\WINDOWS\system32\uxtheme.dll
0x00007ffc08fc0000 - 0x00007ffc090d5000 	C:\WINDOWS\System32\MSCTF.dll
0x00007ffb666a0000 - 0x00007ffb667c6000 	C:\WINDOWS\SYSTEM32\opengl32.dll
0x00007ffbd0120000 - 0x00007ffbd014c000 	C:\WINDOWS\SYSTEM32\GLU32.dll
0x00007ffc07910000 - 0x00007ffc079b9000 	C:\WINDOWS\System32\clbcatq.dll
0x00007ffb563c0000 - 0x00007ffb59579000 	C:\WINDOWS\System32\DriverStore\FileRepository\nv_dispig.inf_amd64_ee20464bb4ac57f4\nvoglv64.dll
0x00007ffc09330000 - 0x00007ffc0979a000 	C:\WINDOWS\System32\SETUPAPI.dll
0x00007ffc08dd0000 - 0x00007ffc08efa000 	C:\WINDOWS\System32\ole32.dll
0x00007ffc04100000 - 0x00007ffc04114000 	C:\WINDOWS\SYSTEM32\WTSAPI32.dll
0x00007ffc069b0000 - 0x00007ffc069bc000 	C:\WINDOWS\SYSTEM32\CRYPTBASE.DLL
0x00007ffc06bc0000 - 0x00007ffc06bd2000 	C:\WINDOWS\SYSTEM32\msasn1.dll
0x00007ffc004f0000 - 0x00007ffc00521000 	C:\WINDOWS\SYSTEM32\cryptnet.dll
0x00007ffc06fd0000 - 0x00007ffc07126000 	C:\WINDOWS\System32\CRYPT32.dll
0x00007ffc00140000 - 0x00007ffc00288000 	C:\WINDOWS\SYSTEM32\drvstore.dll
0x00007ffc07390000 - 0x00007ffc073f8000 	C:\WINDOWS\System32\WINTRUST.dll
0x00007ffbf91e0000 - 0x00007ffbf921b000 	C:\WINDOWS\SYSTEM32\dxcore.dll
0x00007ffbd2620000 - 0x00007ffbd28e7000 	C:\WINDOWS\system32\nvspcap64.dll
0x00007ffc065b0000 - 0x00007ffc065fb000 	C:\WINDOWS\SYSTEM32\powrprof.dll
0x00007ffc06420000 - 0x00007ffc06432000 	C:\WINDOWS\SYSTEM32\UMPDC.dll
0x00007ffc05d50000 - 0x00007ffc05daa000 	C:\WINDOWS\SYSTEM32\WINSTA.dll
0x00007ffbfbc00000 - 0x00007ffbfbcf9000 	C:\WINDOWS\SYSTEM32\textinputframework.dll
0x00007ffb64da0000 - 0x00007ffb64dfd000 	C:\Users\Umar\AppData\Local\Temp\lwjglUmar\3.3.1-SNAPSHOT\lwjgl_opengl.dll
0x0000000064a00000 - 0x000000006580f000 	C:\Users\Umar\AppData\Local\Temp\imgui-java-natives_1671372919767\imgui-java64.dll

dbghelp: loaded successfully - version: 4.0.5 - missing functions: none
symbol engine: initialized successfully - sym options: 0x614 - pdb path: .;C:\Users\Umar\.jdks\openjdk-19.0.1\bin;C:\WINDOWS\SYSTEM32;C:\WINDOWS\WinSxS\amd64_microsoft.windows.common-controls_6595b64144ccf1df_6.0.19041.1110_none_60b5254171f9507e;C:\Users\Umar\.jdks\openjdk-19.0.1\bin\server;C:\Program Files\JetBrains\IntelliJ IDEA 2022.2.1\bin;C:\Users\Umar\AppData\Local\Temp\lwjglUmar\3.3.1-SNAPSHOT;C:\WINDOWS\System32\DriverStore\FileRepository\nv_dispig.inf_amd64_ee20464bb4ac57f4;C:\Users\Umar\AppData\Local\Temp\imgui-java-natives_1671372919767

VM Arguments:
jvm_args: -javaagent:C:\Program Files\JetBrains\IntelliJ IDEA 2022.2.1\lib\idea_rt.jar=52349:C:\Program Files\JetBrains\IntelliJ IDEA 2022.2.1\bin -Dfile.encoding=UTF-8 -Dsun.stdout.encoding=UTF-8 -Dsun.stderr.encoding=UTF-8 
java_command: Client.ClientBootstrap
java_class_path (initial): C:\Users\Umar\IdeaProjects\course-work-2022\target\classes;C:\Users\Umar\.m2\repository\com\mysql\mysql-connector-j\8.0.31\mysql-connector-j-8.0.31.jar;C:\Users\Umar\.m2\repository\com\google\protobuf\protobuf-java\3.19.4\protobuf-java-3.19.4.jar;C:\Users\Umar\.m2\repository\org\hibernate\hibernate-entitymanager\5.6.14.Final\hibernate-entitymanager-5.6.14.Final.jar;C:\Users\Umar\.m2\repository\org\jboss\logging\jboss-logging\3.4.3.Final\jboss-logging-3.4.3.Final.jar;C:\Users\Umar\.m2\repository\org\hibernate\hibernate-core\5.6.14.Final\hibernate-core-5.6.14.Final.jar;C:\Users\Umar\.m2\repository\antlr\antlr\2.7.7\antlr-2.7.7.jar;C:\Users\Umar\.m2\repository\org\jboss\jandex\2.4.2.Final\jandex-2.4.2.Final.jar;C:\Users\Umar\.m2\repository\com\fasterxml\classmate\1.5.1\classmate-1.5.1.jar;C:\Users\Umar\.m2\repository\javax\activation\javax.activation-api\1.2.0\javax.activation-api-1.2.0.jar;C:\Users\Umar\.m2\repository\javax\xml\bind\jaxb-api\2.3.1\jaxb-api-2.3.1.jar;C:\Users\Umar\.m2\repository\org\glassfish\jaxb\jaxb-runtime\2.3.1\jaxb-runtime-2.3.1.jar;C:\Users\Umar\.m2\repository\org\glassfish\jaxb\txw2\2.3.1\txw2-2.3.1.jar;C:\Users\Umar\.m2\repository\com\sun\istack\istack-commons-runtime\3.0.7\istack-commons-runtime-3.0.7.jar;C:\Users\Umar\.m2\repository\org\jvnet\staxex\stax-ex\1.8\stax-ex-1.8.jar;C:\Users\Umar\.m2\repository\com\sun\xml\fastinfoset\FastInfoset\1.2.15\FastInfoset-1.2.15.jar;C:\Users\Umar\.m2\repository\org\hibernate\common\hibernate-commons-annotations\5.1.2.Final\hibernate-commons-annotations-5.1.2.Final.jar;C:\Users\Umar\.m2\repository\javax\persistence\javax.persistence-api\2.2\javax.persistence-api-2.2.jar;C:\Users\Umar\.m2\repository\net\bytebuddy\byte-buddy\1.12.18\byte-buddy-1.12.18.jar;C:\Users\Umar\.m2\repository\org\jboss\spec\javax\transaction\jboss-transaction-api_1.2_spec\1.1.1.Final\jboss-transaction-api_1.2_spec-1.1.1.Final.jar;C:\Users\Umar\.m2\repository\io\github\spair\imgui-java-app\1.86.4\imgui-java-app-1.86.4.jar;C:\Users\Umar\.m2\repository\org\lwjgl\lwjgl\3.3.1\lwjgl-3.3.1.jar;C:\Users\Umar\.m2\repository\org\lwjgl\lwjgl-glfw\3.3.1\lwjgl-glfw-3.3.1.jar;C:\Users\Umar\.m2\repository\org\lwjgl\lwjgl-opengl\3.3.1\lwjgl-opengl-3.3.1.jar;C:\Users\Umar\.m2\repository\org\lwjgl\lwjgl\3.3.1\lwjgl-3.3.1-natives-linux.jar;C:\Users\Umar\.m2\repository\org\lwjgl\lwjgl-glfw\3.3.1\lwjgl-glfw-3.3.1-natives-linux.jar;C:\Users\Umar\.m2\repository\org\lwjgl\lwjgl-opengl\3.3.1\lwjgl-opengl-3.3.1-natives-linux.jar;C:\Users\Umar\.m2\repository\org\lwjgl\lwjgl\3.3.1\lwjgl-3.3.1-natives-windows.jar;C:\Users\Umar\.m2\repository\org\lwjgl\lwjgl-glfw\3.3.1\lwjgl-glfw-3.3.1-natives-windows.jar;C:\Users\Umar\.m2\repository\org\lwjgl\lwjgl-opengl\3.3.1\lwjgl-opengl-3.3.1-natives-windows.jar;C:\Users\Umar\.m2\repository\org\lwjgl\lwjgl\3.3.1\lwjgl-3.3.1-natives-macos.jar;C:\Users\Umar\.m2\repository\org\lwjgl\lwjgl-glfw\3.3.1\lwjgl-glfw-3.3.1-natives-macos.jar;C:\Users\Umar\.m2\repository\org\lwjgl\lwjgl-opengl\3.3.1\lwjgl-opengl-3.3.1-natives-macos.jar;C:\Users\Umar\.m2\repository\io\github\spair\imgui-java-binding\1.86.4\imgui-java-binding-1.86.4.jar;C:\Users\Umar\.m2\repository\io\github\spair\imgui-java-lwjgl3\1.86.4\imgui-java-lwjgl3-1.86.4.jar
Launcher Type: SUN_STANDARD

[Global flags]
     intx CICompilerCount                          = 4                                         {product} {ergonomic}
     uint ConcGCThreads                            = 2                                         {product} {ergonomic}
     uint G1ConcRefinementThreads                  = 8                                         {product} {ergonomic}
   size_t G1HeapRegionSize                         = 4194304                                   {product} {ergonomic}
    uintx GCDrainStackTargetSize                   = 64                                        {product} {ergonomic}
   size_t InitialHeapSize                          = 536870912                                 {product} {ergonomic}
   size_t MarkStackSize                            = 4194304                                   {product} {ergonomic}
   size_t MaxHeapSize                              = 8568963072                                {product} {ergonomic}
   size_t MaxNewSize                               = 5138022400                                {product} {ergonomic}
   size_t MinHeapDeltaBytes                        = 4194304                                   {product} {ergonomic}
   size_t MinHeapSize                              = 8388608                                   {product} {ergonomic}
    uintx NonNMethodCodeHeapSize                   = 5839372                                {pd product} {ergonomic}
    uintx NonProfiledCodeHeapSize                  = 122909434                              {pd product} {ergonomic}
    uintx ProfiledCodeHeapSize                     = 122909434                              {pd product} {ergonomic}
    uintx ReservedCodeCacheSize                    = 251658240                              {pd product} {ergonomic}
     bool SegmentedCodeCache                       = true                                      {product} {ergonomic}
   size_t SoftMaxHeapSize                          = 8568963072                             {manageable} {ergonomic}
     bool UseCompressedClassPointers               = true                           {product lp64_product} {ergonomic}
     bool UseCompressedOops                        = true                           {product lp64_product} {ergonomic}
     bool UseG1GC                                  = true                                      {product} {ergonomic}
     bool UseLargePagesIndividualAllocation        = false                                  {pd product} {ergonomic}

Logging:
Log output configuration:
 #0: stdout all=warning uptime,level,tags foldmultilines=false
 #1: stderr all=off uptime,level,tags foldmultilines=false

Environment Variables:
PATH=C:\Program Files (x86)\VMware\VMware Player\bin\;C:\ProgramData\Oracle\Java\javapath;C:\WINDOWS\system32;C:\WINDOWS;C:\WINDOWS\System32\Wbem;C:\WINDOWS\System32\WindowsPowerShell\v1.0\;C:\WINDOWS\System32\OpenSSH\;C:\Program Files\Git\cmd;C:\Program Files (x86)\NVIDIA Corporation\PhysX\Common;C:\Program Files\NVIDIA Corporation\NVIDIA NvDLISR;C:\Program Files\WireGuard\;C:\Program Files\dotnet\;C:\Program Files\MySQL\MySQL Shell 8.0\bin\;C:\Users\Umar\AppData\Local\Microsoft\WindowsApps;C:\Users\Umar\.dotnet\tools;C:\Program Files\JetBrains\IntelliJ IDEA 2022.2.1\bin
USERNAME=Umar
OS=Windows_NT
PROCESSOR_IDENTIFIER=Intel64 Family 6 Model 158 Stepping 13, GenuineIntel
TMP=C:\Users\Umar\AppData\Local\Temp
TEMP=C:\Users\Umar\AppData\Local\Temp



---------------  S Y S T E M  ---------------

OS:
 Windows 10 , 64 bit Build 19041 (10.0.19041.1645)
OS uptime: 0 days 5:03 hours

CPU: total 8 (initial active 8) (8 cores per cpu, 1 threads per core) family 6 model 158 stepping 13 microcode 0xd6, cx8, cmov, fxsr, mmx, 3dnowpref, sse, sse2, sse3, ssse3, sse4.1, sse4.2, popcnt, lzcnt, tsc, tscinvbit, avx, avx2, aes, erms, clmul, bmi1, bmi2, adx, fma, vzeroupper, clflush, clflushopt, rdtscp

Memory: 4k page, system-wide physical 32685M (16455M free)
TotalPageFile size 37549M (AvailPageFile size 16472M)
current process WorkingSet (physical memory assigned to process): 131M, peak: 167M
current process commit charge ("private bytes"): 708M, peak: 714M

vm_info: OpenJDK 64-Bit Server VM (19.0.1+10-21) for windows-amd64 JRE (19.0.1+10-21), built on 2022-09-14T12:45:06Z by "mach5one" with MS VC++ 17.1 (VS2022)

END.
