#
# A fatal error has been detected by the Java Runtime Environment:
#
#  EXCEPTION_ACCESS_VIOLATION (0xc0000005) at pc=0x0000000064a61fed, pid=17860, tid=14368
#
# JRE version: OpenJDK Runtime Environment (19.0.1+10) (build 19.0.1+10-21)
# Java VM: OpenJDK 64-Bit Server VM (19.0.1+10-21, mixed mode, sharing, tiered, compressed oops, compressed class ptrs, g1 gc, windows-amd64)
# Problematic frame:
# C  [imgui-java64.dll+0x61fed]
#
# No core dump will be written. Minidumps are not enabled by default on client versions of Windows
#
# If you would like to submit a bug report, please visit:
#   https://bugreport.java.com/bugreport/crash.jsp
# The crash happened outside the Java Virtual Machine in native code.
# See problematic frame for where to report the bug.
#

---------------  S U M M A R Y ------------

Command Line: -javaagent:C:\Program Files\JetBrains\IntelliJ IDEA 2022.2.1\lib\idea_rt.jar=59175:C:\Program Files\JetBrains\IntelliJ IDEA 2022.2.1\bin -Dfile.encoding=UTF-8 -Dsun.stdout.encoding=UTF-8 -Dsun.stderr.encoding=UTF-8 Client.ClientBootstrap

Host: Intel(R) Core(TM) i7-9700F CPU @ 3.00GHz, 8 cores, 31G,  Windows 10 , 64 bit Build 19041 (10.0.19041.1645)
Time: Sun Dec 18 23:54:00 2022  Windows 10 , 64 bit Build 19041 (10.0.19041.1645) elapsed time: 627.863292 seconds (0d 0h 10m 27s)

---------------  T H R E A D  ---------------

Current thread (0x00000124988acd50):  JavaThread "Thread-0" [_thread_in_native, id=14368, stack(0x0000000127800000,0x0000000127900000)]

Stack: [0x0000000127800000,0x0000000127900000],  sp=0x00000001278ff540,  free space=1021k
Native frames: (J=compiled Java code, j=interpreted, Vv=VM code, C=native code)
C  [imgui-java64.dll+0x61fed]

Java frames: (J=compiled Java code, j=interpreted, Vv=VM code)
J 1072  imgui.ImGui.end()V (0 bytes) @ 0x00000124f6884be6 [0x00000124f6884ba0+0x0000000000000046]
J 1253 c1 Client.View.Scenes.bootstrapScene.BootstrapScene.exitButton()V (79 bytes) @ 0x00000124eef1afac [0x00000124eef1ac00+0x00000000000003ac]
J 1250 c1 Client.View.Scenes.bootstrapScene.BootstrapScene.layer()V (13 bytes) @ 0x00000124eef19224 [0x00000124eef19160+0x00000000000000c4]
j  Client.View.Window.Window.run()V+65
j  Client.View.Initializer.UIInitializer.lambda$initialize$0(LClient/View/Window/Window;LClient/View/Scenes/Layer;)V+6
j  Client.View.Initializer.UIInitializer$$Lambda$28+0x000000080100bb70.run()V+8
j  java.lang.Thread.run()V+13 java.base@19.0.1
v  ~StubRoutines::call_stub 0x00000124f629100e

siginfo: EXCEPTION_ACCESS_VIOLATION (0xc0000005), reading address 0x0000000000001cf8


Registers:
RAX=0x0000012494b08f90, RBX=0x0000000000000000, RCX=0x00000124988ad030, RDX=0x00000001278ff5d0
RSP=0x00000001278ff540, RBP=0x00000001278ff5e0, RSI=0x0000012494b08000, RDI=0x0000000000000120
R8 =0x0000000000000001, R9 =0x0000000620d9bc20, R10=0x0000000064a90800, R11=0x000001249446ab10
R12=0x0000000000000000, R13=0x00000124eef1af84, R14=0x00000001278ff5d0, R15=0x00000124988acd50
RIP=0x0000000064a61fed, EFLAGS=0x0000000000010202


Register to memory mapping:

RIP=0x0000000064a61fed imgui-java64.dll
RAX=0x0000012494b08f90 is pointing into metadata
RBX=0x0 is NULL
RCX=0x00000124988ad030 points into unknown readable memory: 0x00000124988ebe50 | 50 be 8e 98 24 01 00 00
RDX=0x00000001278ff5d0 is pointing into the stack for thread: 0x00000124988acd50
RSP=0x00000001278ff540 is pointing into the stack for thread: 0x00000124988acd50
RBP=0x00000001278ff5e0 is pointing into the stack for thread: 0x00000124988acd50
RSI=0x0000012494b08000 is pointing into metadata
RDI=0x0000000000000120 is an unknown value
R8 =0x0000000000000001 is an unknown value
R9 =0x0000000620d9bc20 is an oop: java.net.Socket 
{0x0000000620d9bc20} - klass: 'java/net/Socket'
 - ---- fields (total size 5 words):
 - private 'created' 'Z' @12  true
 - private 'bound' 'Z' @13  true
 - private 'connected' 'Z' @14  true
 - private 'closed' 'Z' @15  true
 - private 'shutIn' 'Z' @16  false
 - private 'shutOut' 'Z' @17  false
 - private 'closeLock' 'Ljava/lang/Object;' @20  a 'java/lang/Object'{0x0000000620db46b0} (c41b68d6)
 - 'impl' 'Ljava/net/SocketImpl;' @24  a 'java/net/SocksSocketImpl'{0x0000000620db4780} (c41b68f0)
 - private volatile 'in' 'Ljava/io/InputStream;' @28  a 'java/net/Socket$SocketInputStream'{0x0000000620dbf000} (c41b7e00)
 - private volatile 'out' 'Ljava/io/OutputStream;' @32  a 'java/net/Socket$SocketOutputStream'{0x0000000620db4fe0} (c41b69fc)
 - private volatile 'options' 'Ljava/util/Set;' @36  NULL (0)
R10=0x0000000064a90800 imgui-java64.dll
R11={method} {0x000001249446ab18} 'close' '()V' in 'java/net/Socket'
R12=0x0 is NULL
R13=0x00000124eef1af84 is at entry_point+900 in (nmethod*)0x00000124eef1a990
Compiled method (c1)  627875 1253       3       Client.View.Scenes.bootstrapScene.BootstrapScene::exitButton (79 bytes)
 total in heap  [0x00000124eef1a990,0x00000124eef1b4e0] = 2896
 relocation     [0x00000124eef1aaf0,0x00000124eef1abd0] = 224
 constants      [0x00000124eef1abe0,0x00000124eef1ac00] = 32
 main code      [0x00000124eef1ac00,0x00000124eef1b160] = 1376
 stub code      [0x00000124eef1b160,0x00000124eef1b218] = 184
 oops           [0x00000124eef1b218,0x00000124eef1b228] = 16
 metadata       [0x00000124eef1b228,0x00000124eef1b268] = 64
 scopes data    [0x00000124eef1b268,0x00000124eef1b300] = 152
 scopes pcs     [0x00000124eef1b300,0x00000124eef1b450] = 336
 dependencies   [0x00000124eef1b450,0x00000124eef1b468] = 24
 handler table  [0x00000124eef1b468,0x00000124eef1b4b0] = 72
 nul chk table  [0x00000124eef1b4b0,0x00000124eef1b4e0] = 48
R14=0x00000001278ff5d0 is pointing into the stack for thread: 0x00000124988acd50
R15=0x00000124988acd50 is a thread


Top of Stack: (sp=0x00000001278ff540)
0x00000001278ff540:   0000012494808be0 0000000000000000
0x00000001278ff550:   0000000620d9b9e0 0000012494808b60
0x00000001278ff560:   0000000000000000 00000001278ff5f0
0x00000001278ff570:   0000012494b08000 00000124f6884c7c
0x00000001278ff580:   0000000620d9bc08 00000001278ff588
0x00000001278ff590:   00000124948372a3 00000001278ff5e8
0x00000001278ff5a0:   00000124948396f0 0000012494b08f90
0x00000001278ff5b0:   0000000620f4a048 00000124948372f0
0x00000001278ff5c0:   0000000000000000 00000001278ff5f0
0x00000001278ff5d0:   0000000620428be8 00000124eef1af84
0x00000001278ff5e0:   00000001278ff708 00000124eef1afac
0x00000001278ff5f0:   0000000620214908 00000124949a2e78
0x00000001278ff600:   0000000000000000 00007ffbde5d4550
0x00000001278ff610:   00000001278ff6a0 0000000000000000
0x00000001278ff620:   00000001278ff6c0 00000001278ff690
0x00000001278ff630:   000000062061f130 0000000620212c60 

Instructions: (pc=0x0000000064a61fed)
0x0000000064a61eed:   c0 48 83 c4 28 5b 5e 5f 5d 41 5c 41 5d 41 5e 41
0x0000000064a61efd:   5f c3 90 39 c5 7c e7 e8 d7 e0 12 00 84 c0 74 2b
0x0000000064a61f0d:   4c 8d 05 a6 f5 4a 00 ba 06 07 00 00 48 8d 0d b1
0x0000000064a61f1d:   f5 4a 00 e8 db df 12 00 48 8b 86 48 1f 00 00 4e
0x0000000064a61f2d:   8b 04 38 eb b9 66 0f 1f 44 00 00 3b ae 40 1f 00
0x0000000064a61f3d:   00 7c 1a 41 b8 06 07 00 00 48 8d 15 6d f5 4a 00
0x0000000064a61f4d:   48 8d 0d 7d f5 4a 00 ff 15 be 57 da 00 48 8b 86
0x0000000064a61f5d:   48 1f 00 00 4e 8b 04 38 eb 84 66 0f 1f 84 00 00
0x0000000064a61f6d:   00 00 00 48 8b 05 d1 71 55 00 48 89 d1 48 8b 90
0x0000000064a61f7d:   58 1f 00 00 48 85 c9 74 3a 44 8b 80 a8 1c 00 00
0x0000000064a61f8d:   44 89 41 60 48 39 d1 74 44 f3 0f 10 41 28 48 89
0x0000000064a61f9d:   88 58 1f 00 00 f3 0f 11 80 50 1f 00 00 48 8b 80
0x0000000064a61fad:   f0 15 00 00 48 85 c0 74 24 48 ff e0 0f 1f 80 00
0x0000000064a61fbd:   00 00 00 48 85 d2 74 15 c7 80 50 1f 00 00 00 00
0x0000000064a61fcd:   80 3f 48 c7 80 58 1f 00 00 00 00 00 00 c3 0f 1f
0x0000000064a61fdd:   44 00 00 56 53 48 83 ec 28 48 8b 1d 5b 71 55 00
0x0000000064a61fed:   8b 83 f8 1c 00 00 48 8b b3 28 1d 00 00 83 f8 01
0x0000000064a61ffd:   0f 8e 0d 02 00 00 8b 46 0c 25 00 00 00 21 3d 00
0x0000000064a6200d:   00 00 01 0f 84 4a 02 00 00 48 83 be b8 01 00 00
0x0000000064a6201d:   00 74 05 e8 8b 03 0c 00 8b 46 0c a9 00 00 00 20
0x0000000064a6202d:   0f 84 bd 02 00 00 a9 00 00 00 01 0f 84 a2 02 00
0x0000000064a6203d:   00 48 8b 86 10 04 00 00 48 85 c0 74 49 f6 86 f1
0x0000000064a6204d:   03 00 00 04 74 40 48 8b 80 88 00 00 00 48 85 c0
0x0000000064a6205d:   74 34 f3 0f 10 86 2c 01 00 00 f3 0f 10 8e 28 01
0x0000000064a6206d:   00 00 f3 0f 58 46 7c f3 0f 58 4e 78 f3 0f 5c 40
0x0000000064a6207d:   7c f3 0f 5c 48 78 f3 0f 11 80 2c 01 00 00 f3 0f
0x0000000064a6208d:   11 88 28 01 00 00 48 63 93 f8 1c 00 00 85 d2 0f
0x0000000064a6209d:   8e 5e 02 00 00 48 63 c2 48 8d 0c 80 48 8d 04 48
0x0000000064a620ad:   48 8b 8b 00 1d 00 00 48 8d 04 c1 f3 0f 6f 50 b0
0x0000000064a620bd:   48 83 e8 58 0f 11 93 e8 1d 00 00 f3 0f 6f 58 18
0x0000000064a620cd:   0f 11 9b f8 1d 00 00 f3 0f 6f 60 28 0f 11 a3 08
0x0000000064a620dd:   1e 00 00 48 8b 48 38 48 89 8b 18 1e 00 00 8b 40 


Stack slot to memory mapping:
stack at sp + 0 slots: 0x0000012494808be0 is pointing into metadata
stack at sp + 1 slots: 0x0 is NULL
stack at sp + 2 slots: 0x0000000620d9b9e0 is an oop: java.lang.Class 
{0x0000000620d9b9e0} - klass: 'java/lang/Class'
 - ---- fields (total size 14 words):
 - private volatile transient 'classRedefinedCount' 'I' @12  0
 - abstract internal 'klass' 'J' @16  34376530320 (1003990 8)
 - abstract internal 'array_klass' 'J' @24  0 (0 0)
 - abstract internal 'oop_size' 'I' @32  14 (e)
 - abstract internal 'static_oop_field_count' 'I' @36  0
 - private volatile transient 'cachedConstructor' 'Ljava/lang/reflect/Constructor;' @40  NULL (0)
 - private transient 'name' 'Ljava/lang/String;' @44  "Server.Session.SessionSteam"{0x0000000620d9ba60} (c41b374c)
 - private transient 'module' 'Ljava/lang/Module;' @48  a 'java/lang/Module'{0x00000006210724f8} (c420e49f)
 - private final 'classLoader' 'Ljava/lang/ClassLoader;' @52  a 'jdk/internal/loader/ClassLoaders$AppClassLoader'{0x0000000621072338} (c420e467)
 - private transient 'classData' 'Ljava/lang/Object;' @56  NULL (0)
 - private transient 'packageName' 'Ljava/lang/String;' @60  "Server.Session"{0x0000000620d99f70} (c41b33ee)
 - private final 'componentType' 'Ljava/lang/Class;' @64  NULL (0)
 - private volatile transient 'reflectionData' 'Ljava/lang/ref/SoftReference;' @68  NULL (0)
 - private volatile transient 'genericInfo' 'Lsun/reflect/generics/repository/ClassRepository;' @72  NULL (0)
 - private volatile transient 'enumConstants' '[Ljava/lang/Object;' @76  NULL (0)
 - private volatile transient 'enumConstantDirectory' 'Ljava/util/Map;' @80  NULL (0)
 - private volatile transient 'annotationData' 'Ljava/lang/Class$AnnotationData;' @84  NULL (0)
 - private volatile transient 'annotationType' 'Lsun/reflect/annotation/AnnotationType;' @88  NULL (0)
 - transient 'classValueMap' 'Ljava/lang/ClassValue$ClassValueMap;' @92  NULL (0)
 - abstract internal 'protection_domain' 'Ljava/lang/Object;' @96  a 'java/security/ProtectionDomain'{0x0000000620d96b58} (c41b2d6b)
 - abstract internal 'signers_name' 'Ljava/lang/Object;' @100  NULL (0)
 - abstract internal 'source_file' 'Ljava/lang/Object;' @104  NULL (0)
 - signature: LServer/Session/SessionSteam;
 - ---- static fields (0):
stack at sp + 3 slots: {method} {0x0000012494808b68} 'dispose' '()V' in 'Server/Session/SessionSteam'
stack at sp + 4 slots: 0x0 is NULL
stack at sp + 5 slots: 0x00000001278ff5f0 is pointing into the stack for thread: 0x00000124988acd50
stack at sp + 6 slots: 0x0000012494b08000 is pointing into metadata
stack at sp + 7 slots: 0x00000124f6884c7c is at entry_point+220 in (nmethod*)0x00000124f6884a10
Compiled method (n/a)  627879 1072     n 0       imgui.ImGui::end (native)
 total in heap  [0x00000124f6884a10,0x00000124f6884db8] = 936
 relocation     [0x00000124f6884b70,0x00000124f6884ba0] = 48
 main code      [0x00000124f6884ba0,0x00000124f6884dad] = 525
 stub code      [0x00000124f6884dad,0x00000124f6884db0] = 3
 oops           [0x00000124f6884db0,0x00000124f6884db8] = 8


Compiled method (n/a)  627880 1072     n 0       imgui.ImGui::end (native)
 total in heap  [0x00000124f6884a10,0x00000124f6884db8] = 936
 relocation     [0x00000124f6884b70,0x00000124f6884ba0] = 48
 main code      [0x00000124f6884ba0,0x00000124f6884dad] = 525
 stub code      [0x00000124f6884dad,0x00000124f6884db0] = 3
 oops           [0x00000124f6884db0,0x00000124f6884db8] = 8

[Constant Pool (empty)]

[MachCode]
[Entry Point]
  # {method} {0x00000124949a47c8} 'end' '()V' in 'imgui/ImGui'
  #           [sp+0x70]  (sp of caller)
  0x00000124f6884ba0: 448b 5208 | 49bb 0000 | 0000 0800 | 0000 4d03 | d349 3bc2 | 0f84 0600 

  0x00000124f6884bb8: ;   {runtime_call ic_miss_stub}
  0x00000124f6884bb8: 0000 e9c1 | cba6 ff90 
[Verified Entry Point]
  0x00000124f6884bc0: 8984 2400 | 90ff ff55 | 488b ec48 

  0x00000124f6884bcc: ;   {oop(a 'java/lang/Class'{0x0000000620428be8} = 'imgui/ImGui')}
  0x00000124f6884bcc: 83ec 6049 | bee8 8b42 | 2006 0000 | 004c 8974 | 2450 4c8d | 7424 5049 | 8bd6 c5f8 

  0x00000124f6884be8: ;   {internal_word}
  0x00000124f6884be8: 7749 bae6 | 4b88 f624 | 0100 004d | 8997 c802 | 0000 4989 | a7c0 0200 

  0x00000124f6884c00: ;   {external_word}
  0x00000124f6884c00: 0049 bac9 | 8415 5afb | 7f00 0041 | 803a 000f | 8448 0000 

  0x00000124f6884c14: ;   {metadata({method} {0x00000124949a47c8} 'end' '()V' in 'imgui/ImGui')}
  0x00000124f6884c14: 0052 48ba | c047 9a94 | 2401 0000 | 498b cf48 | 83ec 2040 | f6c4 0f0f | 841a 0000 | 0048 83ec 
  0x00000124f6884c34: ;   {runtime_call}
  0x00000124f6884c34: 0849 ba90 | 2bcd 59fb | 7f00 0041 | ffd2 4883 | c408 e90d 

  0x00000124f6884c48: ;   {runtime_call}
  0x00000124f6884c48: 0000 0049 | ba90 2bcd | 59fb 7f00 | 0041 ffd2 | 4883 c420 | 5a49 8d8f | e002 0000 | 41c7 8774 
  0x00000124f6884c68: 0300 0004 

  0x00000124f6884c6c: ;   {runtime_call}
  0x00000124f6884c6c: 0000 0049 | ba00 08a9 | 6400 0000 | 0041 ffd2 | c5f8 7741 | c787 7403 | 0000 0500 | 0000 f083 
  0x00000124f6884c8c: 4424 c000 | 493b af78 | 0300 000f | 8711 0000 | 0041 81bf | 7003 0000 | 0000 0000 | 0f84 2400 
  0x00000124f6884cac: 0000 c5f8 | 7749 8bcf | 4c8b e448 | 83ec 2048 

  0x00000124f6884cbc: ;   {runtime_call}
  0x00000124f6884cbc: 83e4 f049 | baa0 18d8 | 59fb 7f00 | 0041 ffd2 | 498b e44d | 33e4 41c7 | 8774 0300 | 0008 0000 
  0x00000124f6884cdc: 0041 81bf | e803 0000 | 0200 0000 | 0f84 9900 

  0x00000124f6884cec: ;   {external_word}
  0x00000124f6884cec: 0000 49ba | c984 155a | fb7f 0000 | 4180 3a00 | 0f84 4600 

  0x00000124f6884d00: ;   {metadata({method} {0x00000124949a47c8} 'end' '()V' in 'imgui/ImGui')}
  0x00000124f6884d00: 0000 48ba | c047 9a94 | 2401 0000 | 498b cf48 | 83ec 2040 | f6c4 0f0f | 841a 0000 | 0048 83ec 
  0x00000124f6884d20: ;   {runtime_call}
  0x00000124f6884d20: 0849 ba90 | 2bcd 59fb | 7f00 0041 | ffd2 4883 | c408 e90d 

  0x00000124f6884d34: ;   {runtime_call}
  0x00000124f6884d34: 0000 0049 | ba90 2bcd | 59fb 7f00 | 0041 ffd2 | 4883 c420 | 49c7 87c0 | 0200 0000 | 0000 0049 
  0x00000124f6884d54: c787 c802 | 0000 0000 | 0000 c5f8 | 7749 8b8f | 5003 0000 | c781 0001 | 0000 0000 | 0000 c949 
  0x00000124f6884d74: 817f 0800 | 0000 000f | 8501 0000 

  0x00000124f6884d80: ;   {runtime_call StubRoutines (1)}
  0x00000124f6884d80: 00c3 e979 | c1a0 ffc5 | f877 4c8b | e448 83ec | 2048 83e4 

  0x00000124f6884d94: ;   {runtime_call}
  0x00000124f6884d94: f049 bad0 | 5fcd 59fb | 7f00 0041 | ffd2 498b | e44d 33e4 | e941 ffff | fff4 f4f4 
[/MachCode]


Compiled method (c1)  627885 1253       3       Client.View.Scenes.bootstrapScene.BootstrapScene::exitButton (79 bytes)
 total in heap  [0x00000124eef1a990,0x00000124eef1b4e0] = 2896
 relocation     [0x00000124eef1aaf0,0x00000124eef1abd0] = 224
 constants      [0x00000124eef1abe0,0x00000124eef1ac00] = 32
 main code      [0x00000124eef1ac00,0x00000124eef1b160] = 1376
 stub code      [0x00000124eef1b160,0x00000124eef1b218] = 184
 oops           [0x00000124eef1b218,0x00000124eef1b228] = 16
 metadata       [0x00000124eef1b228,0x00000124eef1b268] = 64
 scopes data    [0x00000124eef1b268,0x00000124eef1b300] = 152
 scopes pcs     [0x00000124eef1b300,0x00000124eef1b450] = 336
 dependencies   [0x00000124eef1b450,0x00000124eef1b468] = 24
 handler table  [0x00000124eef1b468,0x00000124eef1b4b0] = 72
 nul chk table  [0x00000124eef1b4b0,0x00000124eef1b4e0] = 48


[Constant Pool]
             Address          hex4                    hex8      
  0x00000124eef1abe0:   0x42c80000      0x42dc000042c80000      
  0x00000124eef1abe4:   0x42dc0000                              
  0x00000124eef1abe8:   0xf4f4f4f4      0xf4f4f4f4f4f4f4f4      
  0x00000124eef1abec:   0xf4f4f4f4                              
  0x00000124eef1abf0:   0xf4f4f4f4      0xf4f4f4f4f4f4f4f4      
  0x00000124eef1abf4:   0xf4f4f4f4                              
  0x00000124eef1abf8:   0xf4f4f4f4      0xf4f4f4f4f4f4f4f4      
  0x00000124eef1abfc:   0xf4f4f4f4                              

[MachCode]
[Entry Point]
  # {method} {0x000001249483bd18} 'exitButton' '()V' in 'Client/View/Scenes/First/FirstScene'
  #           [sp+0x80]  (sp of caller)
  0x00000124eef1ac00: ;   {no_reloc}
  0x00000124eef1ac00: 448b 5208 | 49bb 0000 | 0000 0800 | 0000 4d03 | d34c 3bd0 

  0x00000124eef1ac14: ;   {runtime_call ic_miss_stub}
  0x00000124eef1ac14: 0f85 666b | 3d07 660f | 1f44 0000 
[Verified Entry Point]
  0x00000124eef1ac20: 8984 2400 | 90ff ff55 | 4883 ec70 

  0x00000124eef1ac2c: ;   {metadata(method data for {method} {0x000001249483bd18} 'exitButton' '()V' in 'Client/View/Scenes/First/FirstScene')}
  0x00000124eef1ac2c: 48be 0080 | b094 2401 | 0000 8bbe | cc00 0000 | 83c7 0289 | becc 0000 | 0081 e7fe | 0700 0083 
  0x00000124eef1ac4c: ff00 0f84 | 1204 0000 | 4889 5424 

  0x00000124eef1ac58: ;   {oop(a 'Client/View/Config/ViewConfig$WindowSettings'{0x000000062061f130})}
  0x00000124eef1ac58: 4848 be30 | f161 2006 | 0000 008b | 7e10 48c1 | e703 483b | 0748 8bdf 

  0x00000124eef1ac70: ;   {metadata(method data for {method} {0x000001249483bd18} 'exitButton' '()V' in 'Client/View/Scenes/First/FirstScene')}
  0x00000124eef1ac70: 48b8 0080 | b094 2401 | 0000 4883 | 8010 0100 | 0001 8b5f | 0c48 8bc7 

  0x00000124eef1ac88: ;   {metadata(method data for {method} {0x000001249483bd18} 'exitButton' '()V' in 'Client/View/Scenes/First/FirstScene')}
  0x00000124eef1ac88: 48b9 0080 | b094 2401 | 0000 4883 | 8148 0100 | 0001 8b7f 

  0x00000124eef1ac9c: ;   {metadata(method data for {method} {0x000001249483bd18} 'exitButton' '()V' in 'Client/View/Scenes/First/FirstScene')}
  0x00000124eef1ac9c: 1048 b800 | 80b0 9424 | 0100 0048 | 8380 8001 | 0000 01c5 | fa2a c3c5 | f22a cf48 | 8974 2440 
  0x00000124eef1acbc: ;   {static_call}
  0x00000124eef1acbc: 6666 90e8 

  0x00000124eef1acc0: ; ImmutableOopMap {[64]=Oop [72]=Oop }
                      ;*invokestatic setNextWindowPos {reexecute=0 rethrow=0 return_oop=0}
                      ; - Client.View.Scenes.bootstrapScene.BootstrapScene::exitButton@20 (line 81)
  0x00000124eef1acc0: fc92 9607 

  0x00000124eef1acc4: ;   {metadata(method data for {method} {0x000001249483bd18} 'exitButton' '()V' in 'Client/View/Scenes/First/FirstScene')}
  0x00000124eef1acc4: 48ba 0080 | b094 2401 | 0000 4883 | 8290 0100 

  0x00000124eef1acd4: ;   {metadata(method data for {method} {0x00000124949a4530} 'begin' '(Ljava/lang/String;I)Z' in 'imgui/ImGui')}
  0x00000124eef1acd4: 0001 48ba | 98cc ae94 | 2401 0000 | 448b 82cc | 0000 0041 | 83c0 0244 | 8982 cc00 | 0000 4181 
  0x00000124eef1acf4: e0fe ff1f | 0041 83f8 | 000f 848e 

  0x00000124eef1ad00: ;   {metadata(method data for {method} {0x00000124949a4530} 'begin' '(Ljava/lang/String;I)Z' in 'imgui/ImGui')}
  0x00000124eef1ad00: 0300 0048 | ba98 ccae | 9424 0100 | 0048 8382 | 1001 0000 

  0x00000124eef1ad14: ;   {oop("Exit"{0x000000062061f9b8})}
  0x00000124eef1ad14: 0148 beb8 | f961 2006 | 0000 0048 | 8bd6 41b8 | 0a00 0000 | 4889 7424 

  0x00000124eef1ad2c: ;   {static_call}
  0x00000124eef1ad2c: 5066 90e8 

  0x00000124eef1ad30: ; ImmutableOopMap {[64]=Oop [72]=Oop [80]=Oop }
                      ;*invokestatic nBegin {reexecute=0 rethrow=0 return_oop=0}
                      ; - imgui.ImGui::begin@2 (line 457)
                      ; - Client.View.Scenes.bootstrapScene.BootstrapScene::exitButton@27 (line 82)
  0x00000124eef1ad30: 8c96 9607 

  0x00000124eef1ad34: ;   {metadata(method data for {method} {0x000001249483bd18} 'exitButton' '()V' in 'Client/View/Scenes/First/FirstScene')}
  0x00000124eef1ad34: 48be 0080 | b094 2401 | 0000 4883 | 86a0 0100 

  0x00000124eef1ad44: ;   {section_word}
  0x00000124eef1ad44: 0001 c5fa | 1005 92fe 

  0x00000124eef1ad4c: ;   {section_word}
  0x00000124eef1ad4c: ffff c5fa | 100d 8efe 

  0x00000124eef1ad54: ;   {static_call}
  0x00000124eef1ad54: ffff 90e8 

  0x00000124eef1ad58: ; ImmutableOopMap {[64]=Oop [72]=Oop [80]=Oop }
                      ;*invokestatic setWindowSize {reexecute=0 rethrow=0 return_oop=0}
                      ; - Client.View.Scenes.bootstrapScene.BootstrapScene::exitButton@35 (line 83)
  0x00000124eef1ad58: 64d9 9607 | 488b 7424 | 408b 5614 | 48c1 e203 

  0x00000124eef1ad68: ; implicit exception: dispatches to 0x00000124eef1b0b2
  0x00000124eef1ad68: 483b 0248 

  0x00000124eef1ad6c: ;   {metadata(method data for {method} {0x000001249483bd18} 'exitButton' '()V' in 'Client/View/Scenes/First/FirstScene')}
  0x00000124eef1ad6c: 8bf2 48bf | 0080 b094 | 2401 0000 | 4883 87b0 | 0100 0001 | 8b72 0c48 

  0x00000124eef1ad84: ;   {metadata(method data for {method} {0x000001249483bd18} 'exitButton' '()V' in 'Client/View/Scenes/First/FirstScene')}
  0x00000124eef1ad84: 8bfa 48bb | 0080 b094 | 2401 0000 | 4883 83e8 | 0100 0001 

  0x00000124eef1ad98: ;   {metadata(method data for {method} {0x000001249483bd18} 'exitButton' '()V' in 'Client/View/Scenes/First/FirstScene')}
  0x00000124eef1ad98: 8b52 1048 | bf00 80b0 | 9424 0100 | 0048 8387 | 2002 0000 | 01c5 fa2a | c6c5 f22a | ca48 8b54 
  0x00000124eef1adb8: 2450 0f1f 

  0x00000124eef1adbc: ;   {static_call}
  0x00000124eef1adbc: 4400 00e8 

  0x00000124eef1adc0: ; ImmutableOopMap {[72]=Oop }
                      ;*invokestatic button {reexecute=0 rethrow=0 return_oop=0}
                      ; - Client.View.Scenes.bootstrapScene.BootstrapScene::exitButton@60 (line 84)
  0x00000124eef1adc0: 7c85 9607 

  0x00000124eef1adc4: ;   {metadata(method data for {method} {0x000001249483bd18} 'exitButton' '()V' in 'Client/View/Scenes/First/FirstScene')}
  0x00000124eef1adc4: 83f8 0049 | b800 80b0 | 9424 0100 | 0048 ba30 | 0200 0000 | 0000 000f | 840a 0000 | 0048 ba40 
  0x00000124eef1ade4: 0200 0000 | 0000 0049 | 8b34 1048 | 8d76 0149 | 8934 100f | 8497 0100 | 0048 8b54 | 2448 8b72 
  0x00000124eef1ae04: 0c48 c1e6 | 0348 83fe | 000f 8429 

  0x00000124eef1ae10: ;   {metadata('Client/Loop/ClientLoop')}
  0x00000124eef1ae10: 0000 0048 | bb80 b000 | 0108 0000 | 008b 7e08 | 49ba 0000 | 0000 0800 | 0000 4903 | fa48 3b5f 
  0x00000124eef1ae30: 380f 8580 | 0200 00e9 | 0000 0000 | 4c8b c648 | 3b06 4c8b 

  0x00000124eef1ae44: ;   {metadata(method data for {method} {0x000001249483bd18} 'exitButton' '()V' in 'Client/View/Scenes/First/FirstScene')}
  0x00000124eef1ae44: c648 ba00 | 80b0 9424 

  0x00000124eef1ae4c: ;   {metadata('Client/Loop/ClientLoop')}
  0x00000124eef1ae4c: 0100 0049 | ba80 b000 | 0108 0000 | 004c 8992 | 6002 0000 | 4883 8268 | 0200 0001 

  0x00000124eef1ae68: ;   {metadata(method data for {method} {0x0000012494837cd0} 'onButtonExit' '()V' in 'Client/Loop/ClientLoop')}
  0x00000124eef1ae68: 49b8 6889 | b094 2401 | 0000 418b | 90cc 0000 | 0083 c202 | 4189 90cc | 0000 0081 | e2fe ff1f 
  0x00000124eef1ae88: 0083 fa00 | 0f84 2f02 | 0000 8b56 | 0c48 c1e2 | 0348 3b02 

  0x00000124eef1ae9c: ;   {metadata(method data for {method} {0x0000012494837cd0} 'onButtonExit' '()V' in 'Client/Loop/ClientLoop')}
  0x00000124eef1ae9c: 4c8b c248 | bf68 89b0 | 9424 0100 | 0045 8b40 | 0849 ba00 | 0000 0008 | 0000 004d | 03c2 4c3b 
  0x00000124eef1aebc: 8720 0100 | 0075 0d48 | 8387 2801 | 0000 01e9 | 6600 0000 | 4c3b 8730 | 0100 0075 | 0d48 8387 
  0x00000124eef1aedc: 3801 0000 | 01e9 5000 | 0000 4881 | bf20 0100 | 0000 0000 | 0075 174c | 8987 2001 | 0000 48c7 
  0x00000124eef1aefc: 8728 0100 | 0001 0000 | 00e9 2c00 | 0000 4881 | bf30 0100 | 0000 0000 | 0075 174c | 8987 3001 
  0x00000124eef1af1c: 0000 48c7 | 8738 0100 | 0001 0000 | 00e9 0800 | 0000 4883 | 8710 0100 

  0x00000124eef1af34: ;   {oop("EXIT"{0x00000006211ecff8})}
  0x00000124eef1af34: 0001 49b8 | f8cf 1e21 | 0600 0000 | 4889 7424 

  0x00000124eef1af44: ;   {optimized virtual_call}
  0x00000124eef1af44: 5866 90e8 

  0x00000124eef1af48: ; ImmutableOopMap {[88]=Oop }
                      ;*invokevirtual startAction {reexecute=0 rethrow=0 return_oop=0}
                      ; - Client.Loop.ClientLoop::onButtonExit@7 (line 271)
                      ; - Client.View.Scenes.bootstrapScene.BootstrapScene::exitButton@70 (line 85)
  0x00000124eef1af48: 5902 0000 | 488b 7424 

  0x00000124eef1af50: ;   {metadata(method data for {method} {0x0000012494837cd0} 'onButtonExit' '()V' in 'Client/Loop/ClientLoop')}
  0x00000124eef1af50: 5848 ba68 | 89b0 9424 

  0x00000124eef1af58: ;   {metadata('Client/Loop/ClientLoop')}
  0x00000124eef1af58: 0100 0049 | ba80 b000 | 0108 0000 | 004c 8992 | 5801 0000 | 4883 8260 | 0100 0001 | 488b 5424 
  0x00000124eef1af78: 5866 0f1f 

  0x00000124eef1af7c: ;   {optimized virtual_call}
  0x00000124eef1af7c: 4400 00e8 

  0x00000124eef1af80: ; ImmutableOopMap {}
                      ;*invokevirtual dispose {reexecute=0 rethrow=0 return_oop=0}
                      ; - Client.Loop.ClientLoop::onButtonExit@11 (line 272)
                      ; - Client.View.Scenes.bootstrapScene.BootstrapScene::exitButton@70 (line 85)
  0x00000124eef1af80: 3102 0000 

  0x00000124eef1af84: ;   {metadata(method data for {method} {0x0000012494837cd0} 'onButtonExit' '()V' in 'Client/Loop/ClientLoop')}
  0x00000124eef1af84: 48be 6889 | b094 2401 | 0000 ff86 | 8001 0000 

  0x00000124eef1af94: ;   {metadata(method data for {method} {0x000001249483bd18} 'exitButton' '()V' in 'Client/View/Scenes/First/FirstScene')}
  0x00000124eef1af94: 48be 0080 | b094 2401 | 0000 4883 | 8688 0200 

  0x00000124eef1afa4: ;   {static_call}
  0x00000124eef1afa4: 0001 90e8 

  0x00000124eef1afa8: ; ImmutableOopMap {}
                      ;*invokestatic end {reexecute=0 rethrow=0 return_oop=0}
                      ; - Client.View.Scenes.bootstrapScene.BootstrapScene::exitButton@75 (line 86)
  0x00000124eef1afa8: 149c 9607 | 4883 c470 

  0x00000124eef1afb0: ;   {poll_return}
  0x00000124eef1afb0: 5d49 3ba7 | 7803 0000 | 0f87 2901 | 0000 c349 | 8b87 2004 | 0000 4d33 | d24d 8997 | 2004 0000 
  0x00000124eef1afd0: 4d33 d24d | 8997 2804 | 0000 4c8b | c066 6690 

  0x00000124eef1afe0: ;   {no_reloc}
  0x00000124eef1afe0: e927 0100 | 0000 0000 | 0000 498b | 87f8 0000 | 0048 8d78 | 2849 3bbf | 0801 0000 | 0f87 1401 
  0x00000124eef1b000: 0000 4989 | bff8 0000 | 0048 c700 | 0100 0000 | 488b ca49 | ba00 0000 | 0008 0000 | 0049 2bca 
  0x00000124eef1b020: 8948 0848 | 33c9 8948 | 0c48 33c9 | 4889 4810 | 4889 4818 | 4889 4820 

  0x00000124eef1b038: ;   {metadata(method data for {method} {0x0000012494837cd0} 'onButtonExit' '()V' in 'Client/Loop/ClientLoop')}
  0x00000124eef1b038: 488b d048 | be68 89b0 | 9424 0100 | 0048 8386 | 9801 0000 | 0148 8bd0 | 4889 4424 

  0x00000124eef1b054: ;   {optimized virtual_call}
  0x00000124eef1b054: 6066 90e8 

  0x00000124eef1b058: ; ImmutableOopMap {[96]=Oop }
                      ;*invokespecial <init> {reexecute=0 rethrow=0 return_oop=0}
                      ; - Client.Loop.ClientLoop::onButtonExit@23 (line 274)
                      ; - Client.View.Scenes.bootstrapScene.BootstrapScene::exitButton@70 (line 85)
  0x00000124eef1b058: 246a 3d07 | 488b 4424 | 60e9 da00 

  0x00000124eef1b064: ;   {metadata({method} {0x000001249483bd18} 'exitButton' '()V' in 'Client/View/Scenes/First/FirstScene')}
  0x00000124eef1b064: 0000 49ba | 10bd 8394 | 2401 0000 | 4c89 5424 | 0848 c704 | 24ff ffff 

  0x00000124eef1b07c: ;   {runtime_call counter_overflow Runtime1 stub}
  0x00000124eef1b07c: ffe8 7e3a 

  0x00000124eef1b080: ; ImmutableOopMap {rdx=Oop }
                      ;*synchronization entry
                      ; - Client.View.Scenes.bootstrapScene.BootstrapScene::exitButton@-1 (line 81)
  0x00000124eef1b080: 4807 e9cd 

  0x00000124eef1b084: ;   {runtime_call throw_null_pointer_exception Runtime1 stub}
  0x00000124eef1b084: fbff ffe8 

  0x00000124eef1b088: ; ImmutableOopMap {rsi=Oop [72]=Oop }
                      ;*getfield Position {reexecute=1 rethrow=0 return_oop=0}
                      ; - (reexecute) Client.View.Scenes.bootstrapScene.BootstrapScene::exitButton@3 (line 81)
  0x00000124eef1b088: 94e9 4707 

  0x00000124eef1b08c: ;   {runtime_call throw_null_pointer_exception Runtime1 stub}
  0x00000124eef1b08c: e88f e947 

  0x00000124eef1b090: ; ImmutableOopMap {rsi=Oop rdi=Oop [72]=Oop }
                      ;*invokevirtual x {reexecute=0 rethrow=0 return_oop=0}
                      ; - Client.View.Scenes.bootstrapScene.BootstrapScene::exitButton@6 (line 81)
                      ;   {metadata({method} {0x00000124949a4530} 'begin' '(Ljava/lang/String;I)Z' in 'imgui/ImGui')}
  0x00000124eef1b090: 0749 ba28 | 459a 9424 | 0100 004c | 8954 2408 | 48c7 0424 | ffff ffff 

  0x00000124eef1b0a8: ;   {runtime_call counter_overflow Runtime1 stub}
  0x00000124eef1b0a8: e853 3a48 

  0x00000124eef1b0ac: ; ImmutableOopMap {[64]=Oop [72]=Oop }
                      ;*synchronization entry
                      ; - imgui.ImGui::begin@-1 (line 457)
                      ; - Client.View.Scenes.bootstrapScene.BootstrapScene::exitButton@27 (line 82)
  0x00000124eef1b0ac: 07e9 51fc 

  0x00000124eef1b0b0: ;   {runtime_call throw_null_pointer_exception Runtime1 stub}
  0x00000124eef1b0b0: ffff e869 

  0x00000124eef1b0b4: ; ImmutableOopMap {rdx=Oop [72]=Oop [80]=Oop }
                      ;*invokevirtual x {reexecute=0 rethrow=0 return_oop=0}
                      ; - Client.View.Scenes.bootstrapScene.BootstrapScene::exitButton@46 (line 84)
                      ;   {runtime_call throw_incompatible_class_change_error Runtime1 stub}
  0x00000124eef1b0b4: e947 07e8 

  0x00000124eef1b0b8: ; ImmutableOopMap {rsi=Oop }
                      ;*invokeinterface onButtonExit {reexecute=0 rethrow=0 return_oop=0}
                      ; - Client.View.Scenes.bootstrapScene.BootstrapScene::exitButton@70 (line 85)
  0x00000124eef1b0b8: 6410 4807 

  0x00000124eef1b0bc: ;   {runtime_call throw_null_pointer_exception Runtime1 stub}
  0x00000124eef1b0bc: e85f e947 

  0x00000124eef1b0c0: ; ImmutableOopMap {rsi=Oop }
                      ;*invokeinterface onButtonExit {reexecute=0 rethrow=0 return_oop=0}
                      ; - Client.View.Scenes.bootstrapScene.BootstrapScene::exitButton@70 (line 85)
                      ;   {metadata({method} {0x0000012494837cd0} 'onButtonExit' '()V' in 'Client/Loop/ClientLoop')}
  0x00000124eef1b0c0: 0749 bac8 | 7c83 9424 | 0100 004c | 8954 2408 | 48c7 0424 | ffff ffff 

  0x00000124eef1b0d8: ;   {runtime_call counter_overflow Runtime1 stub}
  0x00000124eef1b0d8: e823 3a48 

  0x00000124eef1b0dc: ; ImmutableOopMap {rsi=Oop }
                      ;*synchronization entry
                      ; - Client.Loop.ClientLoop::onButtonExit@-1 (line 271)
                      ; - Client.View.Scenes.bootstrapScene.BootstrapScene::exitButton@70 (line 85)
  0x00000124eef1b0dc: 07e9 b0fd 

  0x00000124eef1b0e0: ;   {runtime_call throw_null_pointer_exception Runtime1 stub}
  0x00000124eef1b0e0: ffff e839 

  0x00000124eef1b0e4: ; ImmutableOopMap {rsi=Oop rdx=Oop }
                      ;*invokevirtual startAction {reexecute=0 rethrow=0 return_oop=0}
                      ; - Client.Loop.ClientLoop::onButtonExit@7 (line 271)
                      ; - Client.View.Scenes.bootstrapScene.BootstrapScene::exitButton@70 (line 85)
                      ;   {internal_word}
  0x00000124eef1b0e4: e947 0749 | bab1 aff1 | ee24 0100 | 004d 8997 | 9003 0000 

  0x00000124eef1b0f8: ;   {runtime_call SafepointBlob}
  0x00000124eef1b0f8: e903 cd3d 

  0x00000124eef1b0fc: ;   {metadata(NULL)}
  0x00000124eef1b0fc: 0748 ba00 | 0000 0000 | 0000 00b8 | 000f 050a 

  0x00000124eef1b10c: ;   {runtime_call load_klass_patching Runtime1 stub}
  0x00000124eef1b10c: e86f 2948 

  0x00000124eef1b110: ; ImmutableOopMap {r8=Oop }
                      ;*new {reexecute=1 rethrow=0 return_oop=0}
                      ; - (reexecute) Client.Loop.ClientLoop::onButtonExit@18 (line 274)
                      ; - Client.View.Scenes.bootstrapScene.BootstrapScene::exitButton@70 (line 85)
  0x00000124eef1b110: 07e9 cafe | ffff 488b 

  0x00000124eef1b118: ;   {runtime_call fast_new_instance Runtime1 stub}
  0x00000124eef1b118: d2e8 e2f1 

  0x00000124eef1b11c: ; ImmutableOopMap {r8=Oop }
                      ;*new {reexecute=0 rethrow=0 return_oop=0}
                      ; - Client.Loop.ClientLoop::onButtonExit@18 (line 274)
                      ; - Client.View.Scenes.bootstrapScene.BootstrapScene::exitButton@70 (line 85)
  0x00000124eef1b11c: 4707 e915 | ffff ff49 | 8b87 2004 | 0000 49c7 | 8720 0400 | 0000 0000 | 0049 c787 | 2804 0000 
  0x00000124eef1b13c: 0000 0000 | 4883 c470 

  0x00000124eef1b144: ;   {runtime_call unwind_exception Runtime1 stub}
  0x00000124eef1b144: 5de9 3609 | 3f07 f4f4 | f4f4 f4f4 | f4f4 f4f4 | f4f4 f4f4 | f4f4 f4f4 | f4f4 f4f4 
[Stub Code]
  0x00000124eef1b160: ;   {no_reloc}
  0x00000124eef1b160: 0f1f 4400 

  0x00000124eef1b164: ;   {static_stub}
  0x00000124eef1b164: 0048 bb00 | 0000 0000 

  0x00000124eef1b16c: ;   {runtime_call}
  0x00000124eef1b16c: 0000 00e9 | fbff ffff 

  0x00000124eef1b174: ;   {static_stub}
  0x00000124eef1b174: 9048 bb00 | 0000 0000 

  0x00000124eef1b17c: ;   {runtime_call}
  0x00000124eef1b17c: 0000 00e9 | fbff ffff 

  0x00000124eef1b184: ;   {static_stub}
  0x00000124eef1b184: 9048 bb00 | 0000 0000 

  0x00000124eef1b18c: ;   {runtime_call}
  0x00000124eef1b18c: 0000 00e9 | fbff ffff 

  0x00000124eef1b194: ;   {static_stub}
  0x00000124eef1b194: 9048 bb00 | 0000 0000 

  0x00000124eef1b19c: ;   {runtime_call}
  0x00000124eef1b19c: 0000 00e9 | fbff ffff 

  0x00000124eef1b1a4: ;   {static_stub}
  0x00000124eef1b1a4: 9048 bb70 | 8880 9424 

  0x00000124eef1b1ac: ;   {runtime_call I2C/C2I adapters}
  0x00000124eef1b1ac: 0100 00e9 | a9b8 3d07 

  0x00000124eef1b1b4: ;   {static_stub}
  0x00000124eef1b1b4: 9048 bbf0 | 7283 9424 

  0x00000124eef1b1bc: ;   {runtime_call I2C/C2I adapters}
  0x00000124eef1b1bc: 0100 00e9 | 955c 3d07 

  0x00000124eef1b1c4: ;   {static_stub}
  0x00000124eef1b1c4: 9048 bb00 | 0000 0000 

  0x00000124eef1b1cc: ;   {runtime_call}
  0x00000124eef1b1cc: 0000 00e9 | fbff ffff 

  0x00000124eef1b1d4: ;   {static_stub}
  0x00000124eef1b1d4: 9048 bb00 | 0000 0000 

  0x00000124eef1b1dc: ;   {runtime_call}
  0x00000124eef1b1dc: 0000 00e9 | fbff ffff 
[Exception Handler]
  0x00000124eef1b1e4: ;   {runtime_call handle_exception_from_callee Runtime1 stub}
  0x00000124eef1b1e4: e817 0648 

  0x00000124eef1b1e8: ;   {external_word}
  0x00000124eef1b1e8: 0748 b928 | 49ee 59fb | 7f00 0048 

  0x00000124eef1b1f4: ;   {runtime_call}
  0x00000124eef1b1f4: 83e4 f049 | ba00 feb9 | 59fb 7f00 | 0041 ffd2 

  0x00000124eef1b204: ;   {section_word}
  0x00000124eef1b204: f449 ba05 | b2f1 ee24 | 0100 0041 

  0x00000124eef1b210: ;   {runtime_call DeoptimizationBlob}
  0x00000124eef1b210: 52e9 8abe | 3d07 f4f4 
[/MachCode]


Compiled method (c1)  627895 1250       3       Client.View.Scenes.bootstrapScene.BootstrapScene::layer (13 bytes)
 total in heap  [0x00000124eef18f90,0x00000124eef193f0] = 1120
 relocation     [0x00000124eef190f0,0x00000124eef19150] = 96
 main code      [0x00000124eef19160,0x00000124eef192e0] = 384
 stub code      [0x00000124eef192e0,0x00000124eef19348] = 104
 oops           [0x00000124eef19348,0x00000124eef19350] = 8
 metadata       [0x00000124eef19350,0x00000124eef19360] = 16
 scopes data    [0x00000124eef19360,0x00000124eef19388] = 40
 scopes pcs     [0x00000124eef19388,0x00000124eef193e8] = 96
 dependencies   [0x00000124eef193e8,0x00000124eef193f0] = 8

[Constant Pool (empty)]

[MachCode]
[Entry Point]
  # {method} {0x000001249483ba68} 'layer' '()V' in 'Client/View/Scenes/First/FirstScene'
  #           [sp+0x40]  (sp of caller)
  0x00000124eef19160: 448b 5208 | 49bb 0000 | 0000 0800 | 0000 4d03 | d34c 3bd0 

  0x00000124eef19174: ;   {runtime_call ic_miss_stub}
  0x00000124eef19174: 0f85 0686 | 3d07 660f | 1f44 0000 
[Verified Entry Point]
  0x00000124eef19180: 8984 2400 | 90ff ff55 | 4883 ec30 

  0x00000124eef1918c: ;   {metadata(method data for {method} {0x000001249483ba68} 'layer' '()V' in 'Client/View/Scenes/First/FirstScene')}
  0x00000124eef1918c: 48be 1077 | b094 2401 | 0000 8bbe | cc00 0000 | 83c7 0289 | becc 0000 | 0081 e7fe | 0700 0083 
  0x00000124eef191ac: ff00 0f84 | bb00 0000 

  0x00000124eef191b4: ;   {metadata(method data for {method} {0x000001249483ba68} 'layer' '()V' in 'Client/View/Scenes/First/FirstScene')}
  0x00000124eef191b4: 488b f248 | bf10 77b0 | 9424 0100 

  0x00000124eef191c0: ;   {metadata('Client/View/Scenes/First/FirstScene')}
  0x00000124eef191c0: 0049 ba38 | b700 0108 | 0000 004c | 8997 2001 | 0000 4883 | 8728 0100 | 0001 488b | f248 8bd6 
  0x00000124eef191e0: 4889 7424 

  0x00000124eef191e4: ;   {optimized virtual_call}
  0x00000124eef191e4: 2066 90e8 

  0x00000124eef191e8: ; ImmutableOopMap {[32]=Oop }
                      ;*invokevirtual colorSchemeLayer {reexecute=0 rethrow=0 return_oop=0}
                      ; - Client.View.Scenes.bootstrapScene.BootstrapScene::layer@1 (line 19)
  0x00000124eef191e8: 3405 0000 | 488b 5424 

  0x00000124eef191f0: ;   {metadata(method data for {method} {0x000001249483ba68} 'layer' '()V' in 'Client/View/Scenes/First/FirstScene')}
  0x00000124eef191f0: 2048 be10 | 77b0 9424 

  0x00000124eef191f8: ;   {metadata('Client/View/Scenes/First/FirstScene')}
  0x00000124eef191f8: 0100 0049 | ba38 b700 | 0108 0000 | 004c 8996 | 5801 0000 | 4883 8660 | 0100 0001 | 488b 5424 
  0x00000124eef19218: 2066 0f1f 

  0x00000124eef1921c: ;   {optimized virtual_call}
  0x00000124eef1921c: 4400 00e8 

  0x00000124eef19220: ; ImmutableOopMap {[32]=Oop }
                      ;*invokevirtual exitButton {reexecute=0 rethrow=0 return_oop=0}
                      ; - Client.View.Scenes.bootstrapScene.BootstrapScene::layer@5 (line 20)
  0x00000124eef19220: fc19 0000 | 488b 5424 

  0x00000124eef19228: ;   {metadata(method data for {method} {0x000001249483ba68} 'layer' '()V' in 'Client/View/Scenes/First/FirstScene')}
  0x00000124eef19228: 2048 be10 | 77b0 9424 

  0x00000124eef19230: ;   {metadata('Client/View/Scenes/First/FirstScene')}
  0x00000124eef19230: 0100 0049 | ba38 b700 | 0108 0000 | 004c 8996 | 9001 0000 | 4883 8698 | 0100 0001 | 488b 5424 
  0x00000124eef19250: 2066 0f1f 

  0x00000124eef19254: ;   {optimized virtual_call}
  0x00000124eef19254: 4400 00e8 

  0x00000124eef19258: ; ImmutableOopMap {}
                      ;*invokevirtual mainLayer {reexecute=0 rethrow=0 return_oop=0}
                      ; - Client.View.Scenes.bootstrapScene.BootstrapScene::layer@9 (line 21)
  0x00000124eef19258: a458 0600 | 4883 c430 

  0x00000124eef19260: ;   {poll_return}
  0x00000124eef19260: 5d49 3ba7 | 7803 0000 | 0f87 2200 

  0x00000124eef1926c: ;   {metadata({method} {0x000001249483ba68} 'layer' '()V' in 'Client/View/Scenes/First/FirstScene')}
  0x00000124eef1926c: 0000 c349 | ba60 ba83 | 9424 0100 | 004c 8954 | 2408 48c7 | 0424 ffff 

  0x00000124eef19284: ;   {runtime_call counter_overflow Runtime1 stub}
  0x00000124eef19284: ffff e875 

  0x00000124eef19288: ; ImmutableOopMap {rdx=Oop }
                      ;*synchronization entry
                      ; - Client.View.Scenes.bootstrapScene.BootstrapScene::layer@-1 (line 19)
  0x00000124eef19288: 5848 07e9 | 24ff ffff 

  0x00000124eef19290: ;   {internal_word}
  0x00000124eef19290: 49ba 6192 | f1ee 2401 | 0000 4d89 | 9790 0300 

  0x00000124eef192a0: ;   {runtime_call SafepointBlob}
  0x00000124eef192a0: 00e9 5aeb | 3d07 498b | 8720 0400 | 0049 c787 | 2004 0000 | 0000 0000 | 49c7 8728 | 0400 0000 
  0x00000124eef192c0: 0000 0048 | 83c4 305d 

  0x00000124eef192c8: ;   {runtime_call unwind_exception Runtime1 stub}
  0x00000124eef192c8: e9b3 273f | 07f4 f4f4 | f4f4 f4f4 | f4f4 f4f4 | f4f4 f4f4 | f4f4 f4f4 
[Stub Code]
  0x00000124eef192e0: ;   {no_reloc}
  0x00000124eef192e0: 0f1f 4400 

  0x00000124eef192e4: ;   {static_stub}
  0x00000124eef192e4: 0048 bb00 | 0000 0000 

  0x00000124eef192ec: ;   {runtime_call}
  0x00000124eef192ec: 0000 00e9 | fbff ffff 

  0x00000124eef192f4: ;   {static_stub}
  0x00000124eef192f4: 9048 bb00 | 0000 0000 

  0x00000124eef192fc: ;   {runtime_call}
  0x00000124eef192fc: 0000 00e9 | fbff ffff 

  0x00000124eef19304: ;   {static_stub}
  0x00000124eef19304: 9048 bb98 | bb83 9424 

  0x00000124eef1930c: ;   {runtime_call I2C/C2I adapters}
  0x00000124eef1930c: 0100 00e9 | 457b 3d07 
[Exception Handler]
  0x00000124eef19314: ;   {runtime_call handle_exception_from_callee Runtime1 stub}
  0x00000124eef19314: e8e7 2448 

  0x00000124eef19318: ;   {external_word}
  0x00000124eef19318: 0748 b928 | 49ee 59fb | 7f00 0048 

  0x00000124eef19324: ;   {runtime_call}
  0x00000124eef19324: 83e4 f049 | ba00 feb9 | 59fb 7f00 | 0041 ffd2 

  0x00000124eef19334: ;   {section_word}
  0x00000124eef19334: f449 ba35 | 93f1 ee24 | 0100 0041 

  0x00000124eef19340: ;   {runtime_call DeoptimizationBlob}
  0x00000124eef19340: 52e9 5add | 3d07 f4f4 
[/MachCode]


---------------  P R O C E S S  ---------------

Threads class SMR info:
_java_thread_list=0x000001249fe11cf0, length=14, elements={
0x00000124ffc7a550, 0x00000124ffc7b4e0, 0x00000124ffc7f8c0, 0x00000124ffc83990,
0x00000124ffc84ba0, 0x00000124ffc86620, 0x00000124ffc8ba70, 0x0000012498400860,
0x0000012498413b00, 0x00000124ffc4e730, 0x000001249870a4f0, 0x0000012498801090,
0x00000124988acd50, 0x00000124e562deb0
}

Java Threads: ( => current thread )
  0x00000124ffc7a550 JavaThread "Reference Handler" daemon [_thread_blocked, id=21904, stack(0x0000000126b00000,0x0000000126c00000)]
  0x00000124ffc7b4e0 JavaThread "Finalizer" daemon [_thread_blocked, id=13980, stack(0x0000000126c00000,0x0000000126d00000)]
  0x00000124ffc7f8c0 JavaThread "Signal Dispatcher" daemon [_thread_blocked, id=22212, stack(0x0000000126d00000,0x0000000126e00000)]
  0x00000124ffc83990 JavaThread "Attach Listener" daemon [_thread_blocked, id=21772, stack(0x0000000126e00000,0x0000000126f00000)]
  0x00000124ffc84ba0 JavaThread "Service Thread" daemon [_thread_blocked, id=22340, stack(0x0000000126f00000,0x0000000127000000)]
  0x00000124ffc86620 JavaThread "Monitor Deflation Thread" daemon [_thread_blocked, id=17276, stack(0x0000000127000000,0x0000000127100000)]
  0x00000124ffc8ba70 JavaThread "C2 CompilerThread0" daemon [_thread_blocked, id=20648, stack(0x0000000127100000,0x0000000127200000)]
  0x0000012498400860 JavaThread "C1 CompilerThread0" daemon [_thread_blocked, id=18092, stack(0x0000000127200000,0x0000000127300000)]
  0x0000012498413b00 JavaThread "Sweeper thread" daemon [_thread_blocked, id=15612, stack(0x0000000127300000,0x0000000127400000)]
  0x00000124ffc4e730 JavaThread "Common-Cleaner" daemon [_thread_blocked, id=18608, stack(0x0000000127400000,0x0000000127500000)]
  0x000001249870a4f0 JavaThread "Monitor Ctrl-Break" daemon [_thread_in_native, id=13472, stack(0x0000000127500000,0x0000000127600000)]
  0x0000012498801090 JavaThread "Notification Thread" daemon [_thread_blocked, id=22204, stack(0x0000000127600000,0x0000000127700000)]
=>0x00000124988acd50 JavaThread "Thread-0" [_thread_in_native, id=14368, stack(0x0000000127800000,0x0000000127900000)]
  0x00000124e562deb0 JavaThread "DestroyJavaVM" [_thread_blocked, id=15376, stack(0x0000000126400000,0x0000000126500000)]

Other Threads:
  0x00000124ffc5d710 VMThread "VM Thread" [stack: 0x0000000126a00000,0x0000000126b00000] [id=13700]
  0x000001249870d560 WatcherThread "VM Periodic Task Thread" [stack: 0x0000000127700000,0x0000000127800000] [id=312]
  0x00000124e56e2a50 WorkerThread "GC Thread#0" [stack: 0x0000000126500000,0x0000000126600000] [id=7464]
  0x00000124e56f4910 ConcurrentGCThread "G1 Main Marker" [stack: 0x0000000126600000,0x0000000126700000] [id=3260]
  0x00000124e56f6350 WorkerThread "G1 Conc#0" [stack: 0x0000000126700000,0x0000000126800000] [id=21616]
  0x00000124ffb1b400 ConcurrentGCThread "G1 Refine#0" [stack: 0x0000000126800000,0x0000000126900000] [id=14984]
  0x00000124ffb1bf40 ConcurrentGCThread "G1 Service" [stack: 0x0000000126900000,0x0000000126a00000] [id=8864]

Threads with active compile tasks:

VM state: not at safepoint (normal execution)

VM Mutex/Monitor currently owned by a thread: None

Heap address: 0x0000000601400000, size: 8172 MB, Compressed Oops mode: Zero based, Oop shift amount: 3

CDS archive(s) mapped at: [0x0000000800000000-0x0000000800c30000-0x0000000800c30000), size 12779520, SharedBaseAddress: 0x0000000800000000, ArchiveRelocationMode: 0.
Compressed class space mapped at: 0x0000000801000000-0x0000000841000000, reserved size: 1073741824
Narrow klass base: 0x0000000800000000, Narrow klass shift: 0, Narrow klass range: 0x100000000

GC Precious Log:
 CardTable entry size: 512
 Card Set container configuration: InlinePtr #cards 4 size 8 Array Of Cards #cards 32 size 80 Howl #buckets 8 coarsen threshold 7372 Howl Bitmap #cards 1024 size 144 coarsen threshold 921 Card regions per heap region 1 cards per card region 8192
 CPUs: 8 total, 8 available
 Memory: 32685M
 Large Page Support: Disabled
 NUMA Support: Disabled
 Compressed Oops: Enabled (Zero based)
 Heap Region Size: 4M
 Heap Min Capacity: 8M
 Heap Initial Capacity: 512M
 Heap Max Capacity: 8172M
 Pre-touch: Disabled
 Parallel Workers: 8
 Concurrent Workers: 2
 Concurrent Refinement Workers: 8
 Periodic GC: Disabled

Heap:
 garbage-first heap   total 524288K, used 12288K [0x0000000601400000, 0x0000000800000000)
  region size 4096K, 5 young (20480K), 0 survivors (0K)
 Metaspace       used 6988K, committed 7232K, reserved 1114112K
  class space    used 482K, committed 576K, reserved 1048576K

Heap Regions: E=young(eden), S=young(survivor), O=old, HS=humongous(starts), HC=humongous(continues), CS=collection set, F=free, OA=open archive, CA=closed archive, TAMS=top-at-mark-start (previous, next)
|   0|0x0000000601400000, 0x0000000601400000, 0x0000000601800000|  0%| F|  |TAMS 0x0000000601400000, 0x0000000601400000| Untracked 
|   1|0x0000000601800000, 0x0000000601800000, 0x0000000601c00000|  0%| F|  |TAMS 0x0000000601800000, 0x0000000601800000| Untracked 
|   2|0x0000000601c00000, 0x0000000601c00000, 0x0000000602000000|  0%| F|  |TAMS 0x0000000601c00000, 0x0000000601c00000| Untracked 
|   3|0x0000000602000000, 0x0000000602000000, 0x0000000602400000|  0%| F|  |TAMS 0x0000000602000000, 0x0000000602000000| Untracked 
|   4|0x0000000602400000, 0x0000000602400000, 0x0000000602800000|  0%| F|  |TAMS 0x0000000602400000, 0x0000000602400000| Untracked 
|   5|0x0000000602800000, 0x0000000602800000, 0x0000000602c00000|  0%| F|  |TAMS 0x0000000602800000, 0x0000000602800000| Untracked 
|   6|0x0000000602c00000, 0x0000000602c00000, 0x0000000603000000|  0%| F|  |TAMS 0x0000000602c00000, 0x0000000602c00000| Untracked 
|   7|0x0000000603000000, 0x0000000603000000, 0x0000000603400000|  0%| F|  |TAMS 0x0000000603000000, 0x0000000603000000| Untracked 
|   8|0x0000000603400000, 0x0000000603400000, 0x0000000603800000|  0%| F|  |TAMS 0x0000000603400000, 0x0000000603400000| Untracked 
|   9|0x0000000603800000, 0x0000000603800000, 0x0000000603c00000|  0%| F|  |TAMS 0x0000000603800000, 0x0000000603800000| Untracked 
|  10|0x0000000603c00000, 0x0000000603c00000, 0x0000000604000000|  0%| F|  |TAMS 0x0000000603c00000, 0x0000000603c00000| Untracked 
|  11|0x0000000604000000, 0x0000000604000000, 0x0000000604400000|  0%| F|  |TAMS 0x0000000604000000, 0x0000000604000000| Untracked 
|  12|0x0000000604400000, 0x0000000604400000, 0x0000000604800000|  0%| F|  |TAMS 0x0000000604400000, 0x0000000604400000| Untracked 
|  13|0x0000000604800000, 0x0000000604800000, 0x0000000604c00000|  0%| F|  |TAMS 0x0000000604800000, 0x0000000604800000| Untracked 
|  14|0x0000000604c00000, 0x0000000604c00000, 0x0000000605000000|  0%| F|  |TAMS 0x0000000604c00000, 0x0000000604c00000| Untracked 
|  15|0x0000000605000000, 0x0000000605000000, 0x0000000605400000|  0%| F|  |TAMS 0x0000000605000000, 0x0000000605000000| Untracked 
|  16|0x0000000605400000, 0x0000000605400000, 0x0000000605800000|  0%| F|  |TAMS 0x0000000605400000, 0x0000000605400000| Untracked 
|  17|0x0000000605800000, 0x0000000605800000, 0x0000000605c00000|  0%| F|  |TAMS 0x0000000605800000, 0x0000000605800000| Untracked 
|  18|0x0000000605c00000, 0x0000000605c00000, 0x0000000606000000|  0%| F|  |TAMS 0x0000000605c00000, 0x0000000605c00000| Untracked 
|  19|0x0000000606000000, 0x0000000606000000, 0x0000000606400000|  0%| F|  |TAMS 0x0000000606000000, 0x0000000606000000| Untracked 
|  20|0x0000000606400000, 0x0000000606400000, 0x0000000606800000|  0%| F|  |TAMS 0x0000000606400000, 0x0000000606400000| Untracked 
|  21|0x0000000606800000, 0x0000000606800000, 0x0000000606c00000|  0%| F|  |TAMS 0x0000000606800000, 0x0000000606800000| Untracked 
|  22|0x0000000606c00000, 0x0000000606c00000, 0x0000000607000000|  0%| F|  |TAMS 0x0000000606c00000, 0x0000000606c00000| Untracked 
|  23|0x0000000607000000, 0x0000000607000000, 0x0000000607400000|  0%| F|  |TAMS 0x0000000607000000, 0x0000000607000000| Untracked 
|  24|0x0000000607400000, 0x0000000607400000, 0x0000000607800000|  0%| F|  |TAMS 0x0000000607400000, 0x0000000607400000| Untracked 
|  25|0x0000000607800000, 0x0000000607800000, 0x0000000607c00000|  0%| F|  |TAMS 0x0000000607800000, 0x0000000607800000| Untracked 
|  26|0x0000000607c00000, 0x0000000607c00000, 0x0000000608000000|  0%| F|  |TAMS 0x0000000607c00000, 0x0000000607c00000| Untracked 
|  27|0x0000000608000000, 0x0000000608000000, 0x0000000608400000|  0%| F|  |TAMS 0x0000000608000000, 0x0000000608000000| Untracked 
|  28|0x0000000608400000, 0x0000000608400000, 0x0000000608800000|  0%| F|  |TAMS 0x0000000608400000, 0x0000000608400000| Untracked 
|  29|0x0000000608800000, 0x0000000608800000, 0x0000000608c00000|  0%| F|  |TAMS 0x0000000608800000, 0x0000000608800000| Untracked 
|  30|0x0000000608c00000, 0x0000000608c00000, 0x0000000609000000|  0%| F|  |TAMS 0x0000000608c00000, 0x0000000608c00000| Untracked 
|  31|0x0000000609000000, 0x0000000609000000, 0x0000000609400000|  0%| F|  |TAMS 0x0000000609000000, 0x0000000609000000| Untracked 
|  32|0x0000000609400000, 0x0000000609400000, 0x0000000609800000|  0%| F|  |TAMS 0x0000000609400000, 0x0000000609400000| Untracked 
|  33|0x0000000609800000, 0x0000000609800000, 0x0000000609c00000|  0%| F|  |TAMS 0x0000000609800000, 0x0000000609800000| Untracked 
|  34|0x0000000609c00000, 0x0000000609c00000, 0x000000060a000000|  0%| F|  |TAMS 0x0000000609c00000, 0x0000000609c00000| Untracked 
|  35|0x000000060a000000, 0x000000060a000000, 0x000000060a400000|  0%| F|  |TAMS 0x000000060a000000, 0x000000060a000000| Untracked 
|  36|0x000000060a400000, 0x000000060a400000, 0x000000060a800000|  0%| F|  |TAMS 0x000000060a400000, 0x000000060a400000| Untracked 
|  37|0x000000060a800000, 0x000000060a800000, 0x000000060ac00000|  0%| F|  |TAMS 0x000000060a800000, 0x000000060a800000| Untracked 
|  38|0x000000060ac00000, 0x000000060ac00000, 0x000000060b000000|  0%| F|  |TAMS 0x000000060ac00000, 0x000000060ac00000| Untracked 
|  39|0x000000060b000000, 0x000000060b000000, 0x000000060b400000|  0%| F|  |TAMS 0x000000060b000000, 0x000000060b000000| Untracked 
|  40|0x000000060b400000, 0x000000060b400000, 0x000000060b800000|  0%| F|  |TAMS 0x000000060b400000, 0x000000060b400000| Untracked 
|  41|0x000000060b800000, 0x000000060b800000, 0x000000060bc00000|  0%| F|  |TAMS 0x000000060b800000, 0x000000060b800000| Untracked 
|  42|0x000000060bc00000, 0x000000060bc00000, 0x000000060c000000|  0%| F|  |TAMS 0x000000060bc00000, 0x000000060bc00000| Untracked 
|  43|0x000000060c000000, 0x000000060c000000, 0x000000060c400000|  0%| F|  |TAMS 0x000000060c000000, 0x000000060c000000| Untracked 
|  44|0x000000060c400000, 0x000000060c400000, 0x000000060c800000|  0%| F|  |TAMS 0x000000060c400000, 0x000000060c400000| Untracked 
|  45|0x000000060c800000, 0x000000060c800000, 0x000000060cc00000|  0%| F|  |TAMS 0x000000060c800000, 0x000000060c800000| Untracked 
|  46|0x000000060cc00000, 0x000000060cc00000, 0x000000060d000000|  0%| F|  |TAMS 0x000000060cc00000, 0x000000060cc00000| Untracked 
|  47|0x000000060d000000, 0x000000060d000000, 0x000000060d400000|  0%| F|  |TAMS 0x000000060d000000, 0x000000060d000000| Untracked 
|  48|0x000000060d400000, 0x000000060d400000, 0x000000060d800000|  0%| F|  |TAMS 0x000000060d400000, 0x000000060d400000| Untracked 
|  49|0x000000060d800000, 0x000000060d800000, 0x000000060dc00000|  0%| F|  |TAMS 0x000000060d800000, 0x000000060d800000| Untracked 
|  50|0x000000060dc00000, 0x000000060dc00000, 0x000000060e000000|  0%| F|  |TAMS 0x000000060dc00000, 0x000000060dc00000| Untracked 
|  51|0x000000060e000000, 0x000000060e000000, 0x000000060e400000|  0%| F|  |TAMS 0x000000060e000000, 0x000000060e000000| Untracked 
|  52|0x000000060e400000, 0x000000060e400000, 0x000000060e800000|  0%| F|  |TAMS 0x000000060e400000, 0x000000060e400000| Untracked 
|  53|0x000000060e800000, 0x000000060e800000, 0x000000060ec00000|  0%| F|  |TAMS 0x000000060e800000, 0x000000060e800000| Untracked 
|  54|0x000000060ec00000, 0x000000060ec00000, 0x000000060f000000|  0%| F|  |TAMS 0x000000060ec00000, 0x000000060ec00000| Untracked 
|  55|0x000000060f000000, 0x000000060f000000, 0x000000060f400000|  0%| F|  |TAMS 0x000000060f000000, 0x000000060f000000| Untracked 
|  56|0x000000060f400000, 0x000000060f400000, 0x000000060f800000|  0%| F|  |TAMS 0x000000060f400000, 0x000000060f400000| Untracked 
|  57|0x000000060f800000, 0x000000060f800000, 0x000000060fc00000|  0%| F|  |TAMS 0x000000060f800000, 0x000000060f800000| Untracked 
|  58|0x000000060fc00000, 0x000000060fc00000, 0x0000000610000000|  0%| F|  |TAMS 0x000000060fc00000, 0x000000060fc00000| Untracked 
|  59|0x0000000610000000, 0x0000000610000000, 0x0000000610400000|  0%| F|  |TAMS 0x0000000610000000, 0x0000000610000000| Untracked 
|  60|0x0000000610400000, 0x0000000610400000, 0x0000000610800000|  0%| F|  |TAMS 0x0000000610400000, 0x0000000610400000| Untracked 
|  61|0x0000000610800000, 0x0000000610800000, 0x0000000610c00000|  0%| F|  |TAMS 0x0000000610800000, 0x0000000610800000| Untracked 
|  62|0x0000000610c00000, 0x0000000610c00000, 0x0000000611000000|  0%| F|  |TAMS 0x0000000610c00000, 0x0000000610c00000| Untracked 
|  63|0x0000000611000000, 0x0000000611000000, 0x0000000611400000|  0%| F|  |TAMS 0x0000000611000000, 0x0000000611000000| Untracked 
|  64|0x0000000611400000, 0x0000000611400000, 0x0000000611800000|  0%| F|  |TAMS 0x0000000611400000, 0x0000000611400000| Untracked 
|  65|0x0000000611800000, 0x0000000611800000, 0x0000000611c00000|  0%| F|  |TAMS 0x0000000611800000, 0x0000000611800000| Untracked 
|  66|0x0000000611c00000, 0x0000000611c00000, 0x0000000612000000|  0%| F|  |TAMS 0x0000000611c00000, 0x0000000611c00000| Untracked 
|  67|0x0000000612000000, 0x0000000612000000, 0x0000000612400000|  0%| F|  |TAMS 0x0000000612000000, 0x0000000612000000| Untracked 
|  68|0x0000000612400000, 0x0000000612400000, 0x0000000612800000|  0%| F|  |TAMS 0x0000000612400000, 0x0000000612400000| Untracked 
|  69|0x0000000612800000, 0x0000000612800000, 0x0000000612c00000|  0%| F|  |TAMS 0x0000000612800000, 0x0000000612800000| Untracked 
|  70|0x0000000612c00000, 0x0000000612c00000, 0x0000000613000000|  0%| F|  |TAMS 0x0000000612c00000, 0x0000000612c00000| Untracked 
|  71|0x0000000613000000, 0x0000000613000000, 0x0000000613400000|  0%| F|  |TAMS 0x0000000613000000, 0x0000000613000000| Untracked 
|  72|0x0000000613400000, 0x0000000613400000, 0x0000000613800000|  0%| F|  |TAMS 0x0000000613400000, 0x0000000613400000| Untracked 
|  73|0x0000000613800000, 0x0000000613800000, 0x0000000613c00000|  0%| F|  |TAMS 0x0000000613800000, 0x0000000613800000| Untracked 
|  74|0x0000000613c00000, 0x0000000613c00000, 0x0000000614000000|  0%| F|  |TAMS 0x0000000613c00000, 0x0000000613c00000| Untracked 
|  75|0x0000000614000000, 0x0000000614000000, 0x0000000614400000|  0%| F|  |TAMS 0x0000000614000000, 0x0000000614000000| Untracked 
|  76|0x0000000614400000, 0x0000000614400000, 0x0000000614800000|  0%| F|  |TAMS 0x0000000614400000, 0x0000000614400000| Untracked 
|  77|0x0000000614800000, 0x0000000614800000, 0x0000000614c00000|  0%| F|  |TAMS 0x0000000614800000, 0x0000000614800000| Untracked 
|  78|0x0000000614c00000, 0x0000000614c00000, 0x0000000615000000|  0%| F|  |TAMS 0x0000000614c00000, 0x0000000614c00000| Untracked 
|  79|0x0000000615000000, 0x0000000615000000, 0x0000000615400000|  0%| F|  |TAMS 0x0000000615000000, 0x0000000615000000| Untracked 
|  80|0x0000000615400000, 0x0000000615400000, 0x0000000615800000|  0%| F|  |TAMS 0x0000000615400000, 0x0000000615400000| Untracked 
|  81|0x0000000615800000, 0x0000000615800000, 0x0000000615c00000|  0%| F|  |TAMS 0x0000000615800000, 0x0000000615800000| Untracked 
|  82|0x0000000615c00000, 0x0000000615c00000, 0x0000000616000000|  0%| F|  |TAMS 0x0000000615c00000, 0x0000000615c00000| Untracked 
|  83|0x0000000616000000, 0x0000000616000000, 0x0000000616400000|  0%| F|  |TAMS 0x0000000616000000, 0x0000000616000000| Untracked 
|  84|0x0000000616400000, 0x0000000616400000, 0x0000000616800000|  0%| F|  |TAMS 0x0000000616400000, 0x0000000616400000| Untracked 
|  85|0x0000000616800000, 0x0000000616800000, 0x0000000616c00000|  0%| F|  |TAMS 0x0000000616800000, 0x0000000616800000| Untracked 
|  86|0x0000000616c00000, 0x0000000616c00000, 0x0000000617000000|  0%| F|  |TAMS 0x0000000616c00000, 0x0000000616c00000| Untracked 
|  87|0x0000000617000000, 0x0000000617000000, 0x0000000617400000|  0%| F|  |TAMS 0x0000000617000000, 0x0000000617000000| Untracked 
|  88|0x0000000617400000, 0x0000000617400000, 0x0000000617800000|  0%| F|  |TAMS 0x0000000617400000, 0x0000000617400000| Untracked 
|  89|0x0000000617800000, 0x0000000617800000, 0x0000000617c00000|  0%| F|  |TAMS 0x0000000617800000, 0x0000000617800000| Untracked 
|  90|0x0000000617c00000, 0x0000000617c00000, 0x0000000618000000|  0%| F|  |TAMS 0x0000000617c00000, 0x0000000617c00000| Untracked 
|  91|0x0000000618000000, 0x0000000618000000, 0x0000000618400000|  0%| F|  |TAMS 0x0000000618000000, 0x0000000618000000| Untracked 
|  92|0x0000000618400000, 0x0000000618400000, 0x0000000618800000|  0%| F|  |TAMS 0x0000000618400000, 0x0000000618400000| Untracked 
|  93|0x0000000618800000, 0x0000000618800000, 0x0000000618c00000|  0%| F|  |TAMS 0x0000000618800000, 0x0000000618800000| Untracked 
|  94|0x0000000618c00000, 0x0000000618c00000, 0x0000000619000000|  0%| F|  |TAMS 0x0000000618c00000, 0x0000000618c00000| Untracked 
|  95|0x0000000619000000, 0x0000000619000000, 0x0000000619400000|  0%| F|  |TAMS 0x0000000619000000, 0x0000000619000000| Untracked 
|  96|0x0000000619400000, 0x0000000619400000, 0x0000000619800000|  0%| F|  |TAMS 0x0000000619400000, 0x0000000619400000| Untracked 
|  97|0x0000000619800000, 0x0000000619800000, 0x0000000619c00000|  0%| F|  |TAMS 0x0000000619800000, 0x0000000619800000| Untracked 
|  98|0x0000000619c00000, 0x0000000619c00000, 0x000000061a000000|  0%| F|  |TAMS 0x0000000619c00000, 0x0000000619c00000| Untracked 
|  99|0x000000061a000000, 0x000000061a000000, 0x000000061a400000|  0%| F|  |TAMS 0x000000061a000000, 0x000000061a000000| Untracked 
| 100|0x000000061a400000, 0x000000061a400000, 0x000000061a800000|  0%| F|  |TAMS 0x000000061a400000, 0x000000061a400000| Untracked 
| 101|0x000000061a800000, 0x000000061a800000, 0x000000061ac00000|  0%| F|  |TAMS 0x000000061a800000, 0x000000061a800000| Untracked 
| 102|0x000000061ac00000, 0x000000061ac00000, 0x000000061b000000|  0%| F|  |TAMS 0x000000061ac00000, 0x000000061ac00000| Untracked 
| 103|0x000000061b000000, 0x000000061b000000, 0x000000061b400000|  0%| F|  |TAMS 0x000000061b000000, 0x000000061b000000| Untracked 
| 104|0x000000061b400000, 0x000000061b400000, 0x000000061b800000|  0%| F|  |TAMS 0x000000061b400000, 0x000000061b400000| Untracked 
| 105|0x000000061b800000, 0x000000061b800000, 0x000000061bc00000|  0%| F|  |TAMS 0x000000061b800000, 0x000000061b800000| Untracked 
| 106|0x000000061bc00000, 0x000000061bc00000, 0x000000061c000000|  0%| F|  |TAMS 0x000000061bc00000, 0x000000061bc00000| Untracked 
| 107|0x000000061c000000, 0x000000061c000000, 0x000000061c400000|  0%| F|  |TAMS 0x000000061c000000, 0x000000061c000000| Untracked 
| 108|0x000000061c400000, 0x000000061c400000, 0x000000061c800000|  0%| F|  |TAMS 0x000000061c400000, 0x000000061c400000| Untracked 
| 109|0x000000061c800000, 0x000000061c800000, 0x000000061cc00000|  0%| F|  |TAMS 0x000000061c800000, 0x000000061c800000| Untracked 
| 110|0x000000061cc00000, 0x000000061cc00000, 0x000000061d000000|  0%| F|  |TAMS 0x000000061cc00000, 0x000000061cc00000| Untracked 
| 111|0x000000061d000000, 0x000000061d000000, 0x000000061d400000|  0%| F|  |TAMS 0x000000061d000000, 0x000000061d000000| Untracked 
| 112|0x000000061d400000, 0x000000061d400000, 0x000000061d800000|  0%| F|  |TAMS 0x000000061d400000, 0x000000061d400000| Untracked 
| 113|0x000000061d800000, 0x000000061d800000, 0x000000061dc00000|  0%| F|  |TAMS 0x000000061d800000, 0x000000061d800000| Untracked 
| 114|0x000000061dc00000, 0x000000061dc00000, 0x000000061e000000|  0%| F|  |TAMS 0x000000061dc00000, 0x000000061dc00000| Untracked 
| 115|0x000000061e000000, 0x000000061e000000, 0x000000061e400000|  0%| F|  |TAMS 0x000000061e000000, 0x000000061e000000| Untracked 
| 116|0x000000061e400000, 0x000000061e400000, 0x000000061e800000|  0%| F|  |TAMS 0x000000061e400000, 0x000000061e400000| Untracked 
| 117|0x000000061e800000, 0x000000061e800000, 0x000000061ec00000|  0%| F|  |TAMS 0x000000061e800000, 0x000000061e800000| Untracked 
| 118|0x000000061ec00000, 0x000000061ec00000, 0x000000061f000000|  0%| F|  |TAMS 0x000000061ec00000, 0x000000061ec00000| Untracked 
| 119|0x000000061f000000, 0x000000061f000000, 0x000000061f400000|  0%| F|  |TAMS 0x000000061f000000, 0x000000061f000000| Untracked 
| 120|0x000000061f400000, 0x000000061f400000, 0x000000061f800000|  0%| F|  |TAMS 0x000000061f400000, 0x000000061f400000| Untracked 
| 121|0x000000061f800000, 0x000000061f800000, 0x000000061fc00000|  0%| F|  |TAMS 0x000000061f800000, 0x000000061f800000| Untracked 
| 122|0x000000061fc00000, 0x000000061fc00000, 0x0000000620000000|  0%| F|  |TAMS 0x000000061fc00000, 0x000000061fc00000| Untracked 
| 123|0x0000000620000000, 0x0000000620266ef0, 0x0000000620400000| 60%| E|  |TAMS 0x0000000620000000, 0x0000000620000000| Complete 
| 124|0x0000000620400000, 0x0000000620800000, 0x0000000620800000|100%| E|CS|TAMS 0x0000000620400000, 0x0000000620400000| Complete 
| 125|0x0000000620800000, 0x0000000620c00000, 0x0000000620c00000|100%| E|CS|TAMS 0x0000000620800000, 0x0000000620800000| Complete 
| 126|0x0000000620c00000, 0x0000000621000000, 0x0000000621000000|100%| E|CS|TAMS 0x0000000620c00000, 0x0000000620c00000| Complete 
| 127|0x0000000621000000, 0x0000000621400000, 0x0000000621400000|100%| E|  |TAMS 0x0000000621000000, 0x0000000621000000| Complete 

Card table byte_map: [0x0000012480000000,0x0000012481000000] _byte_map_base: 0x000001247cff6000

Marking Bits (Prev, Next): (CMBitMap*) 0x00000124e56e3080, (CMBitMap*) 0x00000124e56e30c0
 Prev Bits: [0x0000012482000000, 0x0000012489fb0000)
 Next Bits: [0x0000012489fb0000, 0x0000012491f60000)

Polling page: 0x00000124e5700000

Metaspace:

Usage:
  Non-class:      6.35 MB used.
      Class:    482.24 KB used.
       Both:      6.82 MB used.

Virtual space:
  Non-class space:       64.00 MB reserved,       6.50 MB ( 10%) committed,  1 nodes.
      Class space:        1.00 GB reserved,     576.00 KB ( <1%) committed,  1 nodes.
             Both:        1.06 GB reserved,       7.06 MB ( <1%) committed. 

Chunk freelists:
   Non-Class:  862.00 KB
       Class:  3.47 MB
        Both:  4.32 MB

MaxMetaspaceSize: unlimited
CompressedClassSpaceSize: 1.00 GB
Initial GC threshold: 21.00 MB
Current GC threshold: 21.00 MB
CDS: on
MetaspaceReclaimPolicy: balanced
 - commit_granule_bytes: 65536.
 - commit_granule_words: 8192.
 - virtual_space_node_default_size: 8388608.
 - enlarge_chunks_in_place: 1.
 - new_chunks_are_fully_committed: 0.
 - uncommit_free_chunks: 1.
 - use_allocation_guard: 0.


Internal statistics:

num_allocs_failed_limit: 0.
num_arena_births: 188.
num_arena_deaths: 0.
num_vsnodes_births: 2.
num_vsnodes_deaths: 0.
num_space_committed: 111.
num_space_uncommitted: 0.
num_chunks_returned_to_freelist: 0.
num_chunks_taken_from_freelist: 370.
num_chunk_merges: 0.
num_chunk_splits: 231.
num_chunks_enlarged: 137.
num_inconsistent_stats: 0.

CodeHeap 'non-profiled nmethods': size=120000Kb used=581Kb max_used=581Kb free=119418Kb
 bounds [0x00000124f6830000, 0x00000124f6aa0000, 0x00000124fdd60000]
CodeHeap 'profiled nmethods': size=120000Kb used=2314Kb max_used=2314Kb free=117685Kb
 bounds [0x00000124eed60000, 0x00000124eefd0000, 0x00000124f6290000]
CodeHeap 'non-nmethods': size=5760Kb used=1810Kb max_used=1834Kb free=3949Kb
 bounds [0x00000124f6290000, 0x00000124f6500000, 0x00000124f6830000]
 total_blobs=2742 nmethods=1543 adapters=1110
 compilation: enabled
              stopped_count=0, restarted_count=0
 full_count=0

Compilation events (20 events):
Event: 617.544 Thread 0x00000124ffc8ba70 1533       4       java.lang.StringConcatHelper::stringOf (20 bytes)
Event: 617.545 Thread 0x00000124ffc8ba70 nmethod 1533 0x00000124f68c0810 code [0x00000124f68c09a0, 0x00000124f68c0a38]
Event: 620.572 Thread 0x0000012498400860 1534       3       Client.View.Scenes.SetPosition.SetPositionLayer::layer (17 bytes)
Event: 620.573 Thread 0x0000012498400860 nmethod 1534 0x00000124eef99c90 code [0x00000124eef99e60, 0x00000124eef9a098]
Event: 620.573 Thread 0x0000012498400860 1536       3       Client.View.Scenes.SetPosition.SetPositionLayer::mainLayer (216 bytes)
Event: 620.574 Thread 0x0000012498400860 nmethod 1536 0x00000124eef9a190 code [0x00000124eef9a7c0, 0x00000124eef9d378]
Event: 620.574 Thread 0x0000012498400860 1535       3       Client.View.Scenes.SetPosition.SetPositionLayer::selectButtonLayer (217 bytes)
Event: 620.574 Thread 0x0000012498400860 nmethod 1535 0x00000124eef9e390 code [0x00000124eef9e6a0, 0x00000124eef9f688]
Event: 627.829 Thread 0x00000124ffc8ba70 1537       4       jdk.internal.org.objectweb.asm.Symbol::<init> (38 bytes)
Event: 627.829 Thread 0x0000012498400860 1538       3       java.lang.invoke.LambdaForm::returnType (26 bytes)
Event: 627.829 Thread 0x0000012498400860 nmethod 1538 0x00000124eef9fa90 code [0x00000124eef9fc40, 0x00000124eef9fdf8]
Event: 627.831 Thread 0x0000012498400860 1540       3       java.util.zip.ZipCoder$UTF8ZipCoder::toString (12 bytes)
Event: 627.831 Thread 0x0000012498400860 nmethod 1540 0x00000124eef9ff10 code [0x00000124eefa00c0, 0x00000124eefa0268]
Event: 627.831 Thread 0x0000012498400860 1541       3       java.lang.System$2::newStringUTF8NoRepl (7 bytes)
Event: 627.831 Thread 0x0000012498400860 nmethod 1541 0x00000124eefa0390 code [0x00000124eefa0540, 0x00000124eefa0688]
Event: 627.831 Thread 0x0000012498400860 1542       3       java.lang.String::newStringUTF8NoRepl (289 bytes)
Event: 627.831 Thread 0x00000124ffc8ba70 nmethod 1537 0x00000124f68c1110 code [0x00000124f68c1280, 0x00000124f68c15f8]
Event: 627.831 Thread 0x0000012498400860 nmethod 1542 0x00000124eefa0710 code [0x00000124eefa0a00, 0x00000124eefa1c68]
Event: 627.858 Thread 0x0000012498400860 1543       3       java.util.Arrays::fill (28 bytes)
Event: 627.859 Thread 0x0000012498400860 nmethod 1543 0x00000124eefa2210 code [0x00000124eefa23e0, 0x00000124eefa2788]

GC Heap History (0 events):
No events

Dll operation events (14 events):
Event: 0.004 Loaded shared library C:\Users\Umar\.jdks\openjdk-19.0.1\bin\java.dll
Event: 0.010 Loaded shared library C:\Users\Umar\.jdks\openjdk-19.0.1\bin\jsvml.dll
Event: 0.057 Loaded shared library C:\Users\Umar\.jdks\openjdk-19.0.1\bin\zip.dll
Event: 0.058 Loaded shared library C:\Users\Umar\.jdks\openjdk-19.0.1\bin\instrument.dll
Event: 0.062 Loaded shared library C:\Users\Umar\.jdks\openjdk-19.0.1\bin\net.dll
Event: 0.063 Loaded shared library C:\Users\Umar\.jdks\openjdk-19.0.1\bin\nio.dll
Event: 0.065 Loaded shared library C:\Users\Umar\.jdks\openjdk-19.0.1\bin\zip.dll
Event: 0.090 Loaded shared library C:\Program Files\JetBrains\IntelliJ IDEA 2022.2.1\bin\breakgen64.dll
Event: 0.094 Loaded shared library C:\Users\Umar\.jdks\openjdk-19.0.1\bin\jimage.dll
Event: 0.095 Loaded shared library C:\Users\Umar\.jdks\openjdk-19.0.1\bin\extnet.dll
Event: 0.123 Loaded shared library C:\Users\Umar\.jdks\openjdk-19.0.1\bin\awt.dll
Event: 0.169 Loaded shared library C:\Users\Umar\AppData\Local\Temp\lwjglUmar\3.3.1-SNAPSHOT\lwjgl.dll
Event: 0.365 Loaded shared library C:\Users\Umar\AppData\Local\Temp\lwjglUmar\3.3.1-SNAPSHOT\lwjgl_opengl.dll
Event: 0.500 Loaded shared library C:\Users\Umar\AppData\Local\Temp\imgui-java-natives_1671396213505\imgui-java64.dll

Deoptimization events (20 events):
Event: 1.053 Thread 0x00000124ffc83990 DEOPT PACKING pc=0x00000124f687820c sp=0x0000000126eff300
Event: 1.053 Thread 0x00000124ffc83990 DEOPT UNPACKING pc=0x00000124f62f6da3 sp=0x0000000126eff2a8 mode 2
Event: 1.227 Thread 0x00000124988acd50 Uncommon trap: trap_request=0xffffff45 fr.pc=0x00000124f6871d90 relative=0x0000000000000270
Event: 1.227 Thread 0x00000124988acd50 Uncommon trap: reason=unstable_if action=reinterpret pc=0x00000124f6871d90 method=java.lang.String.startsWith(Ljava/lang/String;I)Z @ 1 c2
Event: 1.227 Thread 0x00000124988acd50 DEOPT PACKING pc=0x00000124f6871d90 sp=0x00000001278fde60
Event: 1.227 Thread 0x00000124988acd50 DEOPT UNPACKING pc=0x00000124f62f6da3 sp=0x00000001278fddc8 mode 2
Event: 1.231 Thread 0x00000124988acd50 Uncommon trap: trap_request=0xffffff45 fr.pc=0x00000124f683e560 relative=0x0000000000000b40
Event: 1.231 Thread 0x00000124988acd50 Uncommon trap: reason=unstable_if action=reinterpret pc=0x00000124f683e560 method=java.util.HashMap.putVal(ILjava/lang/Object;Ljava/lang/Object;ZZ)Ljava/lang/Object; @ 181 c2
Event: 1.231 Thread 0x00000124988acd50 DEOPT PACKING pc=0x00000124f683e560 sp=0x00000001278fea10
Event: 1.231 Thread 0x00000124988acd50 DEOPT UNPACKING pc=0x00000124f62f6da3 sp=0x00000001278fe9d0 mode 2
Event: 101.886 Thread 0x00000124988acd50 DEOPT PACKING pc=0x00000124eedd83e5 sp=0x00000001278fe540
Event: 101.886 Thread 0x00000124988acd50 DEOPT UNPACKING pc=0x00000124f62f7543 sp=0x00000001278fd990 mode 0
Event: 108.619 Thread 0x00000124988acd50 Uncommon trap: trap_request=0xffffff45 fr.pc=0x00000124f689a3dc relative=0x000000000000143c
Event: 108.619 Thread 0x00000124988acd50 Uncommon trap: reason=unstable_if action=reinterpret pc=0x00000124f689a3dc method=imgui.gl3.ImGuiImplGl3.renderDrawData(Limgui/ImDrawData;)V @ 250 c2
Event: 108.619 Thread 0x00000124988acd50 DEOPT PACKING pc=0x00000124f689a3dc sp=0x00000001278ff620
Event: 108.619 Thread 0x00000124988acd50 DEOPT UNPACKING pc=0x00000124f62f6da3 sp=0x00000001278ff588 mode 2
Event: 604.418 Thread 0x00000124988acd50 Uncommon trap: trap_request=0xffffff45 fr.pc=0x00000124f68bb3e4 relative=0x0000000000000444
Event: 604.418 Thread 0x00000124988acd50 Uncommon trap: reason=unstable_if action=reinterpret pc=0x00000124f68bb3e4 method=Client.View.Scenes.Admin.AdminScene.mainLayer()V @ 92 c2
Event: 604.418 Thread 0x00000124988acd50 DEOPT PACKING pc=0x00000124f68bb3e4 sp=0x00000001278ff640
Event: 604.418 Thread 0x00000124988acd50 DEOPT UNPACKING pc=0x00000124f62f6da3 sp=0x00000001278ff5e8 mode 2

Classes loaded (20 events):
Event: 5.606 Loading class java/io/ObjectStreamClass$ExceptionInfo
Event: 5.606 Loading class java/io/ObjectStreamClass$ExceptionInfo done
Event: 108.577 Loading class java/util/function/UnaryOperator
Event: 108.577 Loading class java/util/function/UnaryOperator done
Event: 627.858 Loading class java/net/StandardSocketOptions
Event: 627.858 Loading class java/net/StandardSocketOptions done
Event: 627.858 Loading class java/net/StandardSocketOptions$StdSocketOption
Event: 627.859 Loading class java/net/StandardSocketOptions$StdSocketOption done
Event: 627.859 Loading class sun/nio/ch/SocketOptionRegistry
Event: 627.859 Loading class sun/nio/ch/SocketOptionRegistry done
Event: 627.859 Loading class sun/nio/ch/SocketOptionRegistry$RegistryKey
Event: 627.859 Loading class sun/nio/ch/SocketOptionRegistry$RegistryKey done
Event: 627.859 Loading class sun/nio/ch/SocketOptionRegistry$LazyInitialization
Event: 627.859 Loading class sun/nio/ch/SocketOptionRegistry$LazyInitialization done
Event: 627.859 Loading class sun/nio/ch/OptionKey
Event: 627.859 Loading class sun/nio/ch/OptionKey done
Event: 627.859 Loading class sun/nio/ch/ExtendedSocketOption
Event: 627.859 Loading class sun/nio/ch/ExtendedSocketOption done
Event: 627.859 Loading class sun/nio/ch/ExtendedSocketOption$1
Event: 627.859 Loading class sun/nio/ch/ExtendedSocketOption$1 done

Classes unloaded (0 events):
No events

Classes redefined (0 events):
No events

Internal exceptions (20 events):
Event: 0.177 Thread 0x00000124988acd50 Exception <a 'java/lang/NoSuchMethodError'{0x0000000620970f78}: 'int java.lang.invoke.DirectMethodHandle$Holder.invokeStaticInit(java.lang.Object, java.lang.Object, java.lang.Object, long)'> (0x0000000620970f78) 
thrown [s\open\src\hotspot\share\interpreter\linkResolver.cpp, line 774]
Event: 0.189 Thread 0x00000124988acd50 Exception <a 'sun/nio/fs/WindowsException'{0x0000000620a067e8}> (0x0000000620a067e8) 
thrown [s\open\src\hotspot\share\prims\jni.cpp, line 517]
Event: 0.189 Thread 0x00000124988acd50 Exception <a 'sun/nio/fs/WindowsException'{0x0000000620a06b48}> (0x0000000620a06b48) 
thrown [s\open\src\hotspot\share\prims\jni.cpp, line 517]
Event: 0.192 Thread 0x00000124988acd50 Exception <a 'java/lang/NoSuchMethodError'{0x0000000620a18680}: 'int java.lang.invoke.Invokers$Holder.invokeExact_MT(java.lang.Object, java.lang.Object)'> (0x0000000620a18680) 
thrown [s\open\src\hotspot\share\interpreter\linkResolver.cpp, line 774]
Event: 0.360 Thread 0x00000124988acd50 Exception <a 'java/lang/NoSuchMethodError'{0x0000000620a76cc0}: 'void java.lang.System.load(java.lang.String, java.lang.Class)'> (0x0000000620a76cc0) 
thrown [s\open\src\hotspot\share\interpreter\linkResolver.cpp, line 774]
Event: 0.361 Thread 0x00000124988acd50 Exception <a 'java/lang/NoSuchMethodError'{0x0000000620a79ac8}: 'void java.lang.System.loadLibrary(java.lang.String, java.lang.Class)'> (0x0000000620a79ac8) 
thrown [s\open\src\hotspot\share\interpreter\linkResolver.cpp, line 774]
Event: 0.364 Thread 0x00000124988acd50 Exception <a 'sun/nio/fs/WindowsException'{0x0000000620a84e68}> (0x0000000620a84e68) 
thrown [s\open\src\hotspot\share\prims\jni.cpp, line 517]
Event: 0.364 Thread 0x00000124988acd50 Exception <a 'sun/nio/fs/WindowsException'{0x0000000620a85208}> (0x0000000620a85208) 
thrown [s\open\src\hotspot\share\prims\jni.cpp, line 517]
Event: 0.367 Thread 0x00000124988acd50 Exception <a 'sun/nio/fs/WindowsException'{0x0000000620a8aac0}> (0x0000000620a8aac0) 
thrown [s\open\src\hotspot\share\prims\jni.cpp, line 517]
Event: 0.367 Thread 0x00000124988acd50 Exception <a 'sun/nio/fs/WindowsException'{0x0000000620a8ad90}> (0x0000000620a8ad90) 
thrown [s\open\src\hotspot\share\prims\jni.cpp, line 517]
Event: 0.424 Thread 0x00000124988acd50 Exception <a 'sun/nio/fs/WindowsException'{0x0000000620430dd0}> (0x0000000620430dd0) 
thrown [s\open\src\hotspot\share\prims\jni.cpp, line 517]
Event: 1.052 Thread 0x00000124ffc83990 Exception <a 'java/lang/NoSuchMethodError'{0x000000062072b570}: 'java.lang.Object java.lang.invoke.Invokers$Holder.invokeExact_MT(java.lang.Object, java.lang.Object, java.lang.Object, java.lang.Object, java.lang.Object, java.lang.Object)'> (0x000000062072b570) 
thrown [s\open\src\hotspot\share\interpreter\linkResolver.cpp, line 774]
Event: 1.225 Thread 0x00000124988acd50 Exception <a 'java/lang/NoSuchMethodError'{0x00000006207c8178}: static LServer/TransferMessageContainer;.<clinit>()V> (0x00000006207c8178) 
thrown [s\open\src\hotspot\share\prims\jni.cpp, line 1107]
Event: 1.235 Thread 0x00000124988acd50 Exception <a 'java/lang/NoSuchMethodError'{0x000000062000f460}: 'long java.lang.invoke.DirectMethodHandle$Holder.invokeSpecial(java.lang.Object, java.lang.Object)'> (0x000000062000f460) 
thrown [s\open\src\hotspot\share\interpreter\linkResolver.cpp, line 774]
Event: 1.235 Thread 0x00000124988acd50 Exception <a 'java/lang/NoSuchMethodError'{0x0000000620012b08}: 'long java.lang.invoke.Invokers$Holder.invokeExact_MT(java.lang.Object, java.lang.Object)'> (0x0000000620012b08) 
thrown [s\open\src\hotspot\share\interpreter\linkResolver.cpp, line 774]
Event: 5.596 Thread 0x00000124988acd50 Exception <a 'java/lang/NoSuchMethodError'{0x0000000620034c58}: static LServer/Entities/User;.<clinit>()V> (0x0000000620034c58) 
thrown [s\open\src\hotspot\share\prims\jni.cpp, line 1107]
Event: 5.604 Thread 0x00000124988acd50 Exception <a 'java/lang/NoSuchMethodError'{0x000000062005e148}: static LServer/Entities/Employee;.<clinit>()V> (0x000000062005e148) 
thrown [s\open\src\hotspot\share\prims\jni.cpp, line 1107]
Event: 5.604 Thread 0x00000124988acd50 Exception <a 'java/lang/NoSuchMethodError'{0x0000000620068ae0}: static LServer/Entities/Company;.<clinit>()V> (0x0000000620068ae0) 
thrown [s\open\src\hotspot\share\prims\jni.cpp, line 1107]
Event: 5.605 Thread 0x00000124988acd50 Exception <a 'java/lang/NoSuchMethodError'{0x0000000620075120}: static LServer/Entities/Person;.<clinit>()V> (0x0000000620075120) 
thrown [s\open\src\hotspot\share\prims\jni.cpp, line 1107]
Event: 108.576 Thread 0x00000124988acd50 Exception <a 'java/lang/NoSuchMethodError'{0x00000006201287f0}: static LServer/TransferMessageContainer$EmployeeList;.<clinit>()V> (0x00000006201287f0) 
thrown [s\open\src\hotspot\share\prims\jni.cpp, line 1107]

VM Operations (20 events):
Event: 89.905 Executing VM operation: Cleanup
Event: 89.905 Executing VM operation: Cleanup done
Event: 91.917 Executing VM operation: Cleanup
Event: 91.917 Executing VM operation: Cleanup done
Event: 92.926 Executing VM operation: Cleanup
Event: 92.926 Executing VM operation: Cleanup done
Event: 97.950 Executing VM operation: Cleanup
Event: 97.951 Executing VM operation: Cleanup done
Event: 109.028 Executing VM operation: Cleanup
Event: 109.028 Executing VM operation: Cleanup done
Event: 604.870 Executing VM operation: Cleanup
Event: 604.870 Executing VM operation: Cleanup done
Event: 605.873 Executing VM operation: Cleanup
Event: 605.873 Executing VM operation: Cleanup done
Event: 608.891 Executing VM operation: Cleanup
Event: 608.891 Executing VM operation: Cleanup done
Event: 617.949 Executing VM operation: Cleanup
Event: 617.949 Executing VM operation: Cleanup done
Event: 624.988 Executing VM operation: Cleanup
Event: 624.988 Executing VM operation: Cleanup done

Events (20 events):
Event: 0.010 Thread 0x00000124e562deb0 Thread added: 0x00000124e562deb0
Event: 0.018 Thread 0x00000124ffc7a550 Thread added: 0x00000124ffc7a550
Event: 0.018 Thread 0x00000124ffc7b4e0 Thread added: 0x00000124ffc7b4e0
Event: 0.019 Thread 0x00000124ffc7f8c0 Thread added: 0x00000124ffc7f8c0
Event: 0.019 Thread 0x00000124ffc83990 Thread added: 0x00000124ffc83990
Event: 0.019 Thread 0x00000124ffc84ba0 Thread added: 0x00000124ffc84ba0
Event: 0.019 Thread 0x00000124ffc86620 Thread added: 0x00000124ffc86620
Event: 0.019 Thread 0x00000124ffc8ba70 Thread added: 0x00000124ffc8ba70
Event: 0.019 Thread 0x0000012498400860 Thread added: 0x0000012498400860
Event: 0.019 Thread 0x0000012498413b00 Thread added: 0x0000012498413b00
Event: 0.044 Thread 0x00000124ffc4e730 Thread added: 0x00000124ffc4e730
Event: 0.091 Thread 0x000001249870a4f0 Thread added: 0x000001249870a4f0
Event: 0.091 Thread 0x0000012498801090 Thread added: 0x0000012498801090
Event: 0.138 Thread 0x00000124988acd50 Thread added: 0x00000124988acd50
Event: 0.138 Thread 0x00000124e562deb0 Thread exited: 0x00000124e562deb0
Event: 0.138 Thread 0x00000124e562deb0 Thread added: 0x00000124e562deb0
Event: 0.380 Thread 0x0000012498abf240 Thread added: 0x0000012498abf240
Event: 0.503 Thread 0x0000012498abf240 Thread exited: 0x0000012498abf240
Event: 1.047 Thread 0x000001249fda5070 Thread added: 0x000001249fda5070
Event: 1.220 Thread 0x000001249fda5070 Thread exited: 0x000001249fda5070


Dynamic libraries:
0x00007ff7f6310000 - 0x00007ff7f631e000 	C:\Users\Umar\.jdks\openjdk-19.0.1\bin\java.exe
0x00007ffc098b0000 - 0x00007ffc09aa5000 	C:\WINDOWS\SYSTEM32\ntdll.dll
0x00007ffc089c0000 - 0x00007ffc08a7e000 	C:\WINDOWS\System32\KERNEL32.DLL
0x00007ffc075c0000 - 0x00007ffc07888000 	C:\WINDOWS\System32\KERNELBASE.dll
0x00007ffc07400000 - 0x00007ffc07500000 	C:\WINDOWS\System32\ucrtbase.dll
0x00007ffbcff80000 - 0x00007ffbcff97000 	C:\Users\Umar\.jdks\openjdk-19.0.1\bin\jli.dll
0x00007ffbd0f80000 - 0x00007ffbd0f9b000 	C:\Users\Umar\.jdks\openjdk-19.0.1\bin\VCRUNTIME140.dll
0x00007ffc08b30000 - 0x00007ffc08cd0000 	C:\WINDOWS\System32\USER32.dll
0x00007ffbf0c50000 - 0x00007ffbf0eea000 	C:\WINDOWS\WinSxS\amd64_microsoft.windows.common-controls_6595b64144ccf1df_6.0.19041.1110_none_60b5254171f9507e\COMCTL32.dll
0x00007ffc07890000 - 0x00007ffc078b2000 	C:\WINDOWS\System32\win32u.dll
0x00007ffc07ae0000 - 0x00007ffc07b7e000 	C:\WINDOWS\System32\msvcrt.dll
0x00007ffc08f90000 - 0x00007ffc08fba000 	C:\WINDOWS\System32\GDI32.dll
0x00007ffc07130000 - 0x00007ffc0723b000 	C:\WINDOWS\System32\gdi32full.dll
0x00007ffc07240000 - 0x00007ffc072dd000 	C:\WINDOWS\System32\msvcp_win.dll
0x00007ffc08f00000 - 0x00007ffc08f30000 	C:\WINDOWS\System32\IMM32.DLL
0x00007ffbdd170000 - 0x00007ffbdd17c000 	C:\Users\Umar\.jdks\openjdk-19.0.1\bin\vcruntime140_1.dll
0x00007ffbcdcb0000 - 0x00007ffbcdd3e000 	C:\Users\Umar\.jdks\openjdk-19.0.1\bin\msvcp140.dll
0x00007ffb59580000 - 0x00007ffb5a240000 	C:\Users\Umar\.jdks\openjdk-19.0.1\bin\server\jvm.dll
0x00007ffc08a80000 - 0x00007ffc08b2e000 	C:\WINDOWS\System32\ADVAPI32.dll
0x00007ffc08d30000 - 0x00007ffc08dcc000 	C:\WINDOWS\System32\sechost.dll
0x00007ffc07c70000 - 0x00007ffc07d95000 	C:\WINDOWS\System32\RPCRT4.dll
0x00007ffbf29d0000 - 0x00007ffbf29d9000 	C:\WINDOWS\SYSTEM32\WSOCK32.dll
0x00007ffbf6440000 - 0x00007ffbf6467000 	C:\WINDOWS\SYSTEM32\WINMM.dll
0x00007ffc04390000 - 0x00007ffc0439a000 	C:\WINDOWS\SYSTEM32\VERSION.dll
0x00007ffc08940000 - 0x00007ffc089ab000 	C:\WINDOWS\System32\WS2_32.dll
0x00007ffc04f10000 - 0x00007ffc04f22000 	C:\WINDOWS\SYSTEM32\kernel.appcore.dll
0x00007ffbdc030000 - 0x00007ffbdc03a000 	C:\Users\Umar\.jdks\openjdk-19.0.1\bin\jimage.dll
0x00007ffbfea00000 - 0x00007ffbfebe4000 	C:\WINDOWS\SYSTEM32\DBGHELP.DLL
0x00007ffbfe9d0000 - 0x00007ffbfe9fc000 	C:\WINDOWS\SYSTEM32\dbgcore.DLL
0x00007ffc07500000 - 0x00007ffc07582000 	C:\WINDOWS\System32\bcryptPrimitives.dll
0x00007ffc037e0000 - 0x00007ffc037ee000 	C:\Users\Umar\.jdks\openjdk-19.0.1\bin\instrument.dll
0x00007ffbce020000 - 0x00007ffbce046000 	C:\Users\Umar\.jdks\openjdk-19.0.1\bin\java.dll
0x00007ffbcdbd0000 - 0x00007ffbcdca7000 	C:\Users\Umar\.jdks\openjdk-19.0.1\bin\jsvml.dll
0x00007ffc07da0000 - 0x00007ffc084e4000 	C:\WINDOWS\System32\SHELL32.dll
0x00007ffc05110000 - 0x00007ffc058a4000 	C:\WINDOWS\SYSTEM32\windows.storage.dll
0x00007ffc08550000 - 0x00007ffc088a4000 	C:\WINDOWS\System32\combase.dll
0x00007ffc06a40000 - 0x00007ffc06a6c000 	C:\WINDOWS\SYSTEM32\Wldp.dll
0x00007ffc079c0000 - 0x00007ffc07a6d000 	C:\WINDOWS\System32\SHCORE.dll
0x00007ffc08cd0000 - 0x00007ffc08d25000 	C:\WINDOWS\System32\shlwapi.dll
0x00007ffc06f10000 - 0x00007ffc06f2f000 	C:\WINDOWS\SYSTEM32\profapi.dll
0x00007ffbcdb90000 - 0x00007ffbcdba8000 	C:\Users\Umar\.jdks\openjdk-19.0.1\bin\zip.dll
0x00007ffbce000000 - 0x00007ffbce013000 	C:\Users\Umar\.jdks\openjdk-19.0.1\bin\net.dll
0x00007ffc00530000 - 0x00007ffc0063a000 	C:\WINDOWS\SYSTEM32\WINHTTP.dll
0x00007ffc067a0000 - 0x00007ffc0680a000 	C:\WINDOWS\system32\mswsock.dll
0x00007ffbcdbb0000 - 0x00007ffbcdbc6000 	C:\Users\Umar\.jdks\openjdk-19.0.1\bin\nio.dll
0x00007ffbdb5b0000 - 0x00007ffbdb5ca000 	C:\Program Files\JetBrains\IntelliJ IDEA 2022.2.1\bin\breakgen64.dll
0x00007ffbdc010000 - 0x00007ffbdc018000 	C:\Users\Umar\.jdks\openjdk-19.0.1\bin\extnet.dll
0x00007ffc06480000 - 0x00007ffc0654b000 	C:\WINDOWS\SYSTEM32\DNSAPI.dll
0x00007ffc06440000 - 0x00007ffc0647b000 	C:\WINDOWS\SYSTEM32\IPHLPAPI.DLL
0x00007ffc07c60000 - 0x00007ffc07c68000 	C:\WINDOWS\System32\NSI.dll
0x00007ffc002f0000 - 0x00007ffc002fa000 	C:\Windows\System32\rasadhlp.dll
0x00007ffbff670000 - 0x00007ffbff6ef000 	C:\WINDOWS\System32\fwpuclnt.dll
0x00007ffc07590000 - 0x00007ffc075b7000 	C:\WINDOWS\System32\bcrypt.dll
0x00007ffb77620000 - 0x00007ffb777b0000 	C:\Users\Umar\.jdks\openjdk-19.0.1\bin\awt.dll
0x00007ffc097a0000 - 0x00007ffc0986d000 	C:\WINDOWS\System32\OLEAUT32.dll
0x00007ffc03ba0000 - 0x00007ffc03c30000 	C:\WINDOWS\SYSTEM32\apphelp.dll
0x00007ffbde640000 - 0x00007ffbde6b5000 	C:\Users\Umar\AppData\Local\Temp\lwjglUmar\3.3.1-SNAPSHOT\lwjgl.dll
0x00007ffbde5d0000 - 0x00007ffbde631000 	C:\Users\Umar\AppData\Local\Temp\lwjglUmar\3.3.1-SNAPSHOT\glfw.dll
0x00007ffbde8b0000 - 0x00007ffbde8f5000 	C:\WINDOWS\SYSTEM32\dinput8.dll
0x00007ffbce720000 - 0x00007ffbce731000 	C:\WINDOWS\SYSTEM32\xinput1_4.dll
0x00007ffc078c0000 - 0x00007ffc0790e000 	C:\WINDOWS\System32\cfgmgr32.dll
0x00007ffc06d80000 - 0x00007ffc06dac000 	C:\WINDOWS\SYSTEM32\DEVOBJ.dll
0x00007ffc04e00000 - 0x00007ffc04e2f000 	C:\WINDOWS\SYSTEM32\dwmapi.dll
0x00007ffbfbaa0000 - 0x00007ffbfbbf2000 	C:\WINDOWS\SYSTEM32\inputhost.dll
0x00007ffc03200000 - 0x00007ffc032f2000 	C:\WINDOWS\SYSTEM32\CoreMessaging.dll
0x00007ffc03300000 - 0x00007ffc0365e000 	C:\WINDOWS\SYSTEM32\CoreUIComponents.dll
0x00007ffc03e90000 - 0x00007ffc03fe4000 	C:\WINDOWS\SYSTEM32\wintypes.dll
0x00007ffc03c40000 - 0x00007ffc03d36000 	C:\WINDOWS\SYSTEM32\PROPSYS.dll
0x00007ffc05ce0000 - 0x00007ffc05d13000 	C:\WINDOWS\SYSTEM32\ntmarta.dll
0x00007ffc04a50000 - 0x00007ffc04aee000 	C:\WINDOWS\system32\uxtheme.dll
0x00007ffc08fc0000 - 0x00007ffc090d5000 	C:\WINDOWS\System32\MSCTF.dll
0x00007ffb666a0000 - 0x00007ffb667c6000 	C:\WINDOWS\SYSTEM32\opengl32.dll
0x00007ffbd0120000 - 0x00007ffbd014c000 	C:\WINDOWS\SYSTEM32\GLU32.dll
0x00007ffc07910000 - 0x00007ffc079b9000 	C:\WINDOWS\System32\clbcatq.dll
0x00007ffb5f5d0000 - 0x00007ffb62789000 	C:\WINDOWS\System32\DriverStore\FileRepository\nv_dispig.inf_amd64_ee20464bb4ac57f4\nvoglv64.dll
0x00007ffc09330000 - 0x00007ffc0979a000 	C:\WINDOWS\System32\SETUPAPI.dll
0x00007ffc08dd0000 - 0x00007ffc08efa000 	C:\WINDOWS\System32\ole32.dll
0x00007ffc04100000 - 0x00007ffc04114000 	C:\WINDOWS\SYSTEM32\WTSAPI32.dll
0x00007ffc069b0000 - 0x00007ffc069bc000 	C:\WINDOWS\SYSTEM32\CRYPTBASE.DLL
0x00007ffc06bc0000 - 0x00007ffc06bd2000 	C:\WINDOWS\SYSTEM32\msasn1.dll
0x00007ffc004f0000 - 0x00007ffc00521000 	C:\WINDOWS\SYSTEM32\cryptnet.dll
0x00007ffc06fd0000 - 0x00007ffc07126000 	C:\WINDOWS\System32\CRYPT32.dll
0x00007ffc00140000 - 0x00007ffc00288000 	C:\WINDOWS\SYSTEM32\drvstore.dll
0x00007ffc07390000 - 0x00007ffc073f8000 	C:\WINDOWS\System32\WINTRUST.dll
0x00007ffbf91e0000 - 0x00007ffbf921b000 	C:\WINDOWS\SYSTEM32\dxcore.dll
0x00007ffbd2620000 - 0x00007ffbd28e7000 	C:\WINDOWS\system32\nvspcap64.dll
0x00007ffc065b0000 - 0x00007ffc065fb000 	C:\WINDOWS\SYSTEM32\powrprof.dll
0x00007ffc06420000 - 0x00007ffc06432000 	C:\WINDOWS\SYSTEM32\UMPDC.dll
0x00007ffc05d50000 - 0x00007ffc05daa000 	C:\WINDOWS\SYSTEM32\WINSTA.dll
0x00007ffbfbc00000 - 0x00007ffbfbcf9000 	C:\WINDOWS\SYSTEM32\textinputframework.dll
0x00007ffbdc4a0000 - 0x00007ffbdc4fd000 	C:\Users\Umar\AppData\Local\Temp\lwjglUmar\3.3.1-SNAPSHOT\lwjgl_opengl.dll
0x0000000064a00000 - 0x000000006580f000 	C:\Users\Umar\AppData\Local\Temp\imgui-java-natives_1671396213505\imgui-java64.dll

dbghelp: loaded successfully - version: 4.0.5 - missing functions: none
symbol engine: initialized successfully - sym options: 0x614 - pdb path: .;C:\Users\Umar\.jdks\openjdk-19.0.1\bin;C:\WINDOWS\SYSTEM32;C:\WINDOWS\WinSxS\amd64_microsoft.windows.common-controls_6595b64144ccf1df_6.0.19041.1110_none_60b5254171f9507e;C:\Users\Umar\.jdks\openjdk-19.0.1\bin\server;C:\Program Files\JetBrains\IntelliJ IDEA 2022.2.1\bin;C:\Users\Umar\AppData\Local\Temp\lwjglUmar\3.3.1-SNAPSHOT;C:\WINDOWS\System32\DriverStore\FileRepository\nv_dispig.inf_amd64_ee20464bb4ac57f4;C:\Users\Umar\AppData\Local\Temp\imgui-java-natives_1671396213505

VM Arguments:
jvm_args: -javaagent:C:\Program Files\JetBrains\IntelliJ IDEA 2022.2.1\lib\idea_rt.jar=59175:C:\Program Files\JetBrains\IntelliJ IDEA 2022.2.1\bin -Dfile.encoding=UTF-8 -Dsun.stdout.encoding=UTF-8 -Dsun.stderr.encoding=UTF-8 
java_command: Client.ClientBootstrap
java_class_path (initial): C:\Users\Umar\IdeaProjects\course-work-2022\target\classes;C:\Users\Umar\.m2\repository\com\mysql\mysql-connector-j\8.0.31\mysql-connector-j-8.0.31.jar;C:\Users\Umar\.m2\repository\com\google\protobuf\protobuf-java\3.19.4\protobuf-java-3.19.4.jar;C:\Users\Umar\.m2\repository\org\hibernate\hibernate-entitymanager\5.6.14.Final\hibernate-entitymanager-5.6.14.Final.jar;C:\Users\Umar\.m2\repository\org\jboss\logging\jboss-logging\3.4.3.Final\jboss-logging-3.4.3.Final.jar;C:\Users\Umar\.m2\repository\org\hibernate\hibernate-core\5.6.14.Final\hibernate-core-5.6.14.Final.jar;C:\Users\Umar\.m2\repository\antlr\antlr\2.7.7\antlr-2.7.7.jar;C:\Users\Umar\.m2\repository\org\jboss\jandex\2.4.2.Final\jandex-2.4.2.Final.jar;C:\Users\Umar\.m2\repository\com\fasterxml\classmate\1.5.1\classmate-1.5.1.jar;C:\Users\Umar\.m2\repository\javax\activation\javax.activation-api\1.2.0\javax.activation-api-1.2.0.jar;C:\Users\Umar\.m2\repository\javax\xml\bind\jaxb-api\2.3.1\jaxb-api-2.3.1.jar;C:\Users\Umar\.m2\repository\org\glassfish\jaxb\jaxb-runtime\2.3.1\jaxb-runtime-2.3.1.jar;C:\Users\Umar\.m2\repository\org\glassfish\jaxb\txw2\2.3.1\txw2-2.3.1.jar;C:\Users\Umar\.m2\repository\com\sun\istack\istack-commons-runtime\3.0.7\istack-commons-runtime-3.0.7.jar;C:\Users\Umar\.m2\repository\org\jvnet\staxex\stax-ex\1.8\stax-ex-1.8.jar;C:\Users\Umar\.m2\repository\com\sun\xml\fastinfoset\FastInfoset\1.2.15\FastInfoset-1.2.15.jar;C:\Users\Umar\.m2\repository\org\hibernate\common\hibernate-commons-annotations\5.1.2.Final\hibernate-commons-annotations-5.1.2.Final.jar;C:\Users\Umar\.m2\repository\javax\persistence\javax.persistence-api\2.2\javax.persistence-api-2.2.jar;C:\Users\Umar\.m2\repository\net\bytebuddy\byte-buddy\1.12.18\byte-buddy-1.12.18.jar;C:\Users\Umar\.m2\repository\org\jboss\spec\javax\transaction\jboss-transaction-api_1.2_spec\1.1.1.Final\jboss-transaction-api_1.2_spec-1.1.1.Final.jar;C:\Users\Umar\.m2\repository\io\github\spair\imgui-java-app\1.86.4\imgui-java-app-1.86.4.jar;C:\Users\Umar\.m2\repository\org\lwjgl\lwjgl\3.3.1\lwjgl-3.3.1.jar;C:\Users\Umar\.m2\repository\org\lwjgl\lwjgl-glfw\3.3.1\lwjgl-glfw-3.3.1.jar;C:\Users\Umar\.m2\repository\org\lwjgl\lwjgl-opengl\3.3.1\lwjgl-opengl-3.3.1.jar;C:\Users\Umar\.m2\repository\org\lwjgl\lwjgl\3.3.1\lwjgl-3.3.1-natives-linux.jar;C:\Users\Umar\.m2\repository\org\lwjgl\lwjgl-glfw\3.3.1\lwjgl-glfw-3.3.1-natives-linux.jar;C:\Users\Umar\.m2\repository\org\lwjgl\lwjgl-opengl\3.3.1\lwjgl-opengl-3.3.1-natives-linux.jar;C:\Users\Umar\.m2\repository\org\lwjgl\lwjgl\3.3.1\lwjgl-3.3.1-natives-windows.jar;C:\Users\Umar\.m2\repository\org\lwjgl\lwjgl-glfw\3.3.1\lwjgl-glfw-3.3.1-natives-windows.jar;C:\Users\Umar\.m2\repository\org\lwjgl\lwjgl-opengl\3.3.1\lwjgl-opengl-3.3.1-natives-windows.jar;C:\Users\Umar\.m2\repository\org\lwjgl\lwjgl\3.3.1\lwjgl-3.3.1-natives-macos.jar;C:\Users\Umar\.m2\repository\org\lwjgl\lwjgl-glfw\3.3.1\lwjgl-glfw-3.3.1-natives-macos.jar;C:\Users\Umar\.m2\repository\org\lwjgl\lwjgl-opengl\3.3.1\lwjgl-opengl-3.3.1-natives-macos.jar;C:\Users\Umar\.m2\repository\io\github\spair\imgui-java-binding\1.86.4\imgui-java-binding-1.86.4.jar;C:\Users\Umar\.m2\repository\io\github\spair\imgui-java-lwjgl3\1.86.4\imgui-java-lwjgl3-1.86.4.jar
Launcher Type: SUN_STANDARD

[Global flags]
     intx CICompilerCount                          = 4                                         {product} {ergonomic}
     uint ConcGCThreads                            = 2                                         {product} {ergonomic}
     uint G1ConcRefinementThreads                  = 8                                         {product} {ergonomic}
   size_t G1HeapRegionSize                         = 4194304                                   {product} {ergonomic}
    uintx GCDrainStackTargetSize                   = 64                                        {product} {ergonomic}
   size_t InitialHeapSize                          = 536870912                                 {product} {ergonomic}
   size_t MarkStackSize                            = 4194304                                   {product} {ergonomic}
   size_t MaxHeapSize                              = 8568963072                                {product} {ergonomic}
   size_t MaxNewSize                               = 5138022400                                {product} {ergonomic}
   size_t MinHeapDeltaBytes                        = 4194304                                   {product} {ergonomic}
   size_t MinHeapSize                              = 8388608                                   {product} {ergonomic}
    uintx NonNMethodCodeHeapSize                   = 5839372                                {pd product} {ergonomic}
    uintx NonProfiledCodeHeapSize                  = 122909434                              {pd product} {ergonomic}
    uintx ProfiledCodeHeapSize                     = 122909434                              {pd product} {ergonomic}
    uintx ReservedCodeCacheSize                    = 251658240                              {pd product} {ergonomic}
     bool SegmentedCodeCache                       = true                                      {product} {ergonomic}
   size_t SoftMaxHeapSize                          = 8568963072                             {manageable} {ergonomic}
     bool UseCompressedClassPointers               = true                           {product lp64_product} {ergonomic}
     bool UseCompressedOops                        = true                           {product lp64_product} {ergonomic}
     bool UseG1GC                                  = true                                      {product} {ergonomic}
     bool UseLargePagesIndividualAllocation        = false                                  {pd product} {ergonomic}

Logging:
Log output configuration:
 #0: stdout all=warning uptime,level,tags foldmultilines=false
 #1: stderr all=off uptime,level,tags foldmultilines=false

Environment Variables:
PATH=C:\Program Files (x86)\VMware\VMware Player\bin\;C:\ProgramData\Oracle\Java\javapath;C:\WINDOWS\system32;C:\WINDOWS;C:\WINDOWS\System32\Wbem;C:\WINDOWS\System32\WindowsPowerShell\v1.0\;C:\WINDOWS\System32\OpenSSH\;C:\Program Files\Git\cmd;C:\Program Files (x86)\NVIDIA Corporation\PhysX\Common;C:\Program Files\NVIDIA Corporation\NVIDIA NvDLISR;C:\Program Files\WireGuard\;C:\Program Files\dotnet\;C:\Program Files\MySQL\MySQL Shell 8.0\bin\;C:\Users\Umar\AppData\Local\Microsoft\WindowsApps;C:\Users\Umar\.dotnet\tools;C:\Program Files\JetBrains\IntelliJ IDEA 2022.2.1\bin
USERNAME=Umar
OS=Windows_NT
PROCESSOR_IDENTIFIER=Intel64 Family 6 Model 158 Stepping 13, GenuineIntel
TMP=C:\Users\Umar\AppData\Local\Temp
TEMP=C:\Users\Umar\AppData\Local\Temp



---------------  S Y S T E M  ---------------

OS:
 Windows 10 , 64 bit Build 19041 (10.0.19041.1645)
OS uptime: 0 days 11:36 hours

CPU: total 8 (initial active 8) (8 cores per cpu, 1 threads per core) family 6 model 158 stepping 13 microcode 0xd6, cx8, cmov, fxsr, mmx, 3dnowpref, sse, sse2, sse3, ssse3, sse4.1, sse4.2, popcnt, lzcnt, tsc, tscinvbit, avx, avx2, aes, erms, clmul, bmi1, bmi2, adx, fma, vzeroupper, clflush, clflushopt, rdtscp

Memory: 4k page, system-wide physical 32685M (16565M free)
TotalPageFile size 37549M (AvailPageFile size 13740M)
current process WorkingSet (physical memory assigned to process): 119M, peak: 126M
current process commit charge ("private bytes"): 700M, peak: 715M

vm_info: OpenJDK 64-Bit Server VM (19.0.1+10-21) for windows-amd64 JRE (19.0.1+10-21), built on 2022-09-14T12:45:06Z by "mach5one" with MS VC++ 17.1 (VS2022)

END.
