#
# A fatal error has been detected by the Java Runtime Environment:
#
#  EXCEPTION_ACCESS_VIOLATION (0xc0000005) at pc=0x0000000064a61fed, pid=6924, tid=21812
#
# JRE version: OpenJDK Runtime Environment (19.0.1+10) (build 19.0.1+10-21)
# Java VM: OpenJDK 64-Bit Server VM (19.0.1+10-21, mixed mode, sharing, tiered, compressed oops, compressed class ptrs, g1 gc, windows-amd64)
# Problematic frame:
# C  [imgui-java64.dll+0x61fed]
#
# No core dump will be written. Minidumps are not enabled by default on client versions of Windows
#
# If you would like to submit a bug report, please visit:
#   https://bugreport.java.com/bugreport/crash.jsp
# The crash happened outside the Java Virtual Machine in native code.
# See problematic frame for where to report the bug.
#

---------------  S U M M A R Y ------------

Command Line: -javaagent:C:\Program Files\JetBrains\IntelliJ IDEA 2022.2.1\lib\idea_rt.jar=59141:C:\Program Files\JetBrains\IntelliJ IDEA 2022.2.1\bin -Dfile.encoding=UTF-8 -Dsun.stdout.encoding=UTF-8 -Dsun.stderr.encoding=UTF-8 Client.ClientBootstrap

Host: Intel(R) Core(TM) i7-9700F CPU @ 3.00GHz, 8 cores, 31G,  Windows 10 , 64 bit Build 19041 (10.0.19041.1645)
Time: Sun Dec 18 23:43:30 2022  Windows 10 , 64 bit Build 19041 (10.0.19041.1645) elapsed time: 119.750423 seconds (0d 0h 1m 59s)

---------------  T H R E A D  ---------------

Current thread (0x0000022de434e9e0):  JavaThread "Thread-0" [_thread_in_native, id=21812, stack(0x000000d811b00000,0x000000d811c00000)]

Stack: [0x000000d811b00000,0x000000d811c00000],  sp=0x000000d811bff380,  free space=1020k
Native frames: (J=compiled Java code, j=interpreted, Vv=VM code, C=native code)
C  [imgui-java64.dll+0x61fed]

Java frames: (J=compiled Java code, j=interpreted, Vv=VM code)
J 1066  imgui.ImGui.end()V (0 bytes) @ 0x0000022dc78f46e6 [0x0000022dc78f46a0+0x0000000000000046]
j  Client.View.Scenes.bootstrapScene.BootstrapScene.exitButton()V+75
j  Client.View.Scenes.bootstrapScene.BootstrapScene.layer()V+5
j  Client.View.Window.Window.run()V+65
j  Client.View.Initializer.UIInitializer.lambda$initialize$0(LClient/View/Window/Window;LClient/View/Scenes/Layer;)V+6
j  Client.View.Initializer.UIInitializer$$Lambda$28+0x000000080100bb70.run()V+8
j  java.lang.Thread.run()V+13 java.base@19.0.1
v  ~StubRoutines::call_stub 0x0000022dc730100e

siginfo: EXCEPTION_ACCESS_VIOLATION (0xc0000005), reading address 0x0000000000001cf8


Registers:
RAX=0x0000022de51a47a8, RBX=0x0000000000000000, RCX=0x0000022de434ecc0, RDX=0x000000d811bff410
RSP=0x000000d811bff380, RBP=0x000000d811bff420, RSI=0x0000000620db3fc0, RDI=0x0000022dc731b796
R8 =0x0000000000000001, R9 =0x0000000620d9bc20, R10=0x0000000064a90800, R11=0x0000022dc78f46c0
R12=0x0000000000000000, R13=0x000000d811bff440, R14=0x000000d811bff410, R15=0x0000022de434e9e0
RIP=0x0000000064a61fed, EFLAGS=0x0000000000010202


Register to memory mapping:

RIP=0x0000000064a61fed imgui-java64.dll
RAX={method} {0x0000022de51a47b0} 'end' '()V' in 'imgui/ImGui'
RBX=0x0 is NULL
RCX=0x0000022de434ecc0 points into unknown readable memory: 0x0000022de9162010 | 10 20 16 e9 2d 02 00 00
RDX=0x000000d811bff410 is pointing into the stack for thread: 0x0000022de434e9e0
RSP=0x000000d811bff380 is pointing into the stack for thread: 0x0000022de434e9e0
RBP=0x000000d811bff420 is pointing into the stack for thread: 0x0000022de434e9e0
RSI=0x0000000620db3fc0 is an oop: jdk.internal.ref.CleanerImpl$PhantomCleanableRef 
{0x0000000620db3fc0} - klass: 'jdk/internal/ref/CleanerImpl$PhantomCleanableRef'
 - ---- fields (total size 6 words):
 - private 'referent' 'Ljava/lang/Object;' @12  NULL (0)
 - volatile 'queue' 'Ljava/lang/ref/ReferenceQueue;' @16  a 'java/lang/ref/ReferenceQueue'{0x000000062118cef8} (c42319df)
 - volatile 'next' 'Ljava/lang/ref/Reference;' @20  NULL (0)
 - private transient 'discovered' 'Ljava/lang/ref/Reference;' @24  NULL (0)
 - 'prev' 'Ljdk/internal/ref/PhantomCleanable;' @28  a 'jdk/internal/ref/CleanerImpl$PhantomCleanableRef'{0x0000000620db3fc0} (c41b67f8)
 - 'next' 'Ljdk/internal/ref/PhantomCleanable;' @32  a 'jdk/internal/ref/CleanerImpl$PhantomCleanableRef'{0x0000000620db3fc0} (c41b67f8)
 - private final 'list' 'Ljdk/internal/ref/PhantomCleanable;' @36  a 'jdk/internal/ref/CleanerImpl$PhantomCleanableRef'{0x000000062118d110} (c4231a22)
 - private final 'action' 'Ljava/lang/Runnable;' @40  a 'sun/nio/ch/NioSocketImpl$$Lambda$14+0x00000008010491d8'{0x0000000620db3fb0} (c41b67f6)
RDI=0x0000022dc731b796 is at code_begin+1110 in an Interpreter codelet
return entry points  [0x0000022dc731b340, 0x0000022dc731be20]  2784 bytes
R8 =0x0000000000000001 is an unknown value
R9 =0x0000000620d9bc20 is an oop: java.net.Socket 
{0x0000000620d9bc20} - klass: 'java/net/Socket'
 - ---- fields (total size 5 words):
 - private 'created' 'Z' @12  true
 - private 'bound' 'Z' @13  true
 - private 'connected' 'Z' @14  true
 - private 'closed' 'Z' @15  true
 - private 'shutIn' 'Z' @16  false
 - private 'shutOut' 'Z' @17  false
 - private 'closeLock' 'Ljava/lang/Object;' @20  a 'java/lang/Object'{0x0000000620db3e78} (c41b67cf)
 - 'impl' 'Ljava/net/SocketImpl;' @24  a 'java/net/SocksSocketImpl'{0x0000000620db3f48} (c41b67e9)
 - private volatile 'in' 'Ljava/io/InputStream;' @28  a 'java/net/Socket$SocketInputStream'{0x0000000620dbe7c8} (c41b7cf9)
 - private volatile 'out' 'Ljava/io/OutputStream;' @32  a 'java/net/Socket$SocketOutputStream'{0x0000000620db47a8} (c41b68f5)
 - private volatile 'options' 'Ljava/util/Set;' @36  NULL (0)
R10=0x0000000064a90800 imgui-java64.dll
R11=0x0000022dc78f46c0 is at entry_point+32 in (nmethod*)0x0000022dc78f4510
Compiled method (n/a)  119761 1066     n 0       imgui.ImGui::end (native)
 total in heap  [0x0000022dc78f4510,0x0000022dc78f48b8] = 936
 relocation     [0x0000022dc78f4670,0x0000022dc78f46a0] = 48
 main code      [0x0000022dc78f46a0,0x0000022dc78f48ad] = 525
 stub code      [0x0000022dc78f48ad,0x0000022dc78f48b0] = 3
 oops           [0x0000022dc78f48b0,0x0000022dc78f48b8] = 8
R12=0x0 is NULL
R13=0x000000d811bff440 is pointing into the stack for thread: 0x0000022de434e9e0
R14=0x000000d811bff410 is pointing into the stack for thread: 0x0000022de434e9e0
R15=0x0000022de434e9e0 is a thread


Top of Stack: (sp=0x000000d811bff380)
0x000000d811bff380:   000000d811bff3d0 0000022de50396f0
0x000000d811bff390:   0000000000000000 0000000620f48438
0x000000d811bff3a0:   0000022de50372f0 0000022de51a47a8
0x000000d811bff3b0:   0000000620db3fc0 0000022dc78f477c
0x000000d811bff3c0:   0000022dc731b796 0000000000000000
0x000000d811bff3d0:   0000000620f494b0 000000d811bff3d8
0x000000d811bff3e0:   0000022de5037c8b 000000d811bff438
0x000000d811bff3f0:   0000022de50396f0 0000000000000000
0x000000d811bff400:   0000000620f48438 0000022de5037cc8
0x000000d811bff410:   0000000620428be8 000000d811bff438
0x000000d811bff420:   000000d811bff488 0000022dc731b796
0x000000d811bff430:   0000000000000000 0000022dc731b796
0x000000d811bff440:   000000d811bff440 0000022de503bcf3
0x000000d811bff450:   000000d811bff498 0000022de503e000
0x000000d811bff460:   0000000000000000 0000000620f4c188
0x000000d811bff470:   0000022de503bd10 000000d811bff440 

Instructions: (pc=0x0000000064a61fed)
0x0000000064a61eed:   c0 48 83 c4 28 5b 5e 5f 5d 41 5c 41 5d 41 5e 41
0x0000000064a61efd:   5f c3 90 39 c5 7c e7 e8 d7 e0 12 00 84 c0 74 2b
0x0000000064a61f0d:   4c 8d 05 a6 f5 4a 00 ba 06 07 00 00 48 8d 0d b1
0x0000000064a61f1d:   f5 4a 00 e8 db df 12 00 48 8b 86 48 1f 00 00 4e
0x0000000064a61f2d:   8b 04 38 eb b9 66 0f 1f 44 00 00 3b ae 40 1f 00
0x0000000064a61f3d:   00 7c 1a 41 b8 06 07 00 00 48 8d 15 6d f5 4a 00
0x0000000064a61f4d:   48 8d 0d 7d f5 4a 00 ff 15 be 57 da 00 48 8b 86
0x0000000064a61f5d:   48 1f 00 00 4e 8b 04 38 eb 84 66 0f 1f 84 00 00
0x0000000064a61f6d:   00 00 00 48 8b 05 d1 71 55 00 48 89 d1 48 8b 90
0x0000000064a61f7d:   58 1f 00 00 48 85 c9 74 3a 44 8b 80 a8 1c 00 00
0x0000000064a61f8d:   44 89 41 60 48 39 d1 74 44 f3 0f 10 41 28 48 89
0x0000000064a61f9d:   88 58 1f 00 00 f3 0f 11 80 50 1f 00 00 48 8b 80
0x0000000064a61fad:   f0 15 00 00 48 85 c0 74 24 48 ff e0 0f 1f 80 00
0x0000000064a61fbd:   00 00 00 48 85 d2 74 15 c7 80 50 1f 00 00 00 00
0x0000000064a61fcd:   80 3f 48 c7 80 58 1f 00 00 00 00 00 00 c3 0f 1f
0x0000000064a61fdd:   44 00 00 56 53 48 83 ec 28 48 8b 1d 5b 71 55 00
0x0000000064a61fed:   8b 83 f8 1c 00 00 48 8b b3 28 1d 00 00 83 f8 01
0x0000000064a61ffd:   0f 8e 0d 02 00 00 8b 46 0c 25 00 00 00 21 3d 00
0x0000000064a6200d:   00 00 01 0f 84 4a 02 00 00 48 83 be b8 01 00 00
0x0000000064a6201d:   00 74 05 e8 8b 03 0c 00 8b 46 0c a9 00 00 00 20
0x0000000064a6202d:   0f 84 bd 02 00 00 a9 00 00 00 01 0f 84 a2 02 00
0x0000000064a6203d:   00 48 8b 86 10 04 00 00 48 85 c0 74 49 f6 86 f1
0x0000000064a6204d:   03 00 00 04 74 40 48 8b 80 88 00 00 00 48 85 c0
0x0000000064a6205d:   74 34 f3 0f 10 86 2c 01 00 00 f3 0f 10 8e 28 01
0x0000000064a6206d:   00 00 f3 0f 58 46 7c f3 0f 58 4e 78 f3 0f 5c 40
0x0000000064a6207d:   7c f3 0f 5c 48 78 f3 0f 11 80 2c 01 00 00 f3 0f
0x0000000064a6208d:   11 88 28 01 00 00 48 63 93 f8 1c 00 00 85 d2 0f
0x0000000064a6209d:   8e 5e 02 00 00 48 63 c2 48 8d 0c 80 48 8d 04 48
0x0000000064a620ad:   48 8b 8b 00 1d 00 00 48 8d 04 c1 f3 0f 6f 50 b0
0x0000000064a620bd:   48 83 e8 58 0f 11 93 e8 1d 00 00 f3 0f 6f 58 18
0x0000000064a620cd:   0f 11 9b f8 1d 00 00 f3 0f 6f 60 28 0f 11 a3 08
0x0000000064a620dd:   1e 00 00 48 8b 48 38 48 89 8b 18 1e 00 00 8b 40 


Stack slot to memory mapping:
stack at sp + 0 slots: 0x000000d811bff3d0 is pointing into the stack for thread: 0x0000022de434e9e0
stack at sp + 1 slots: 0x0000022de50396f0 is pointing into metadata
stack at sp + 2 slots: 0x0 is NULL
stack at sp + 3 slots: 0x0000000620f48438 is an oop: java.lang.Class 
{0x0000000620f48438} - klass: 'java/lang/Class'
 - ---- fields (total size 14 words):
 - private volatile transient 'classRedefinedCount' 'I' @12  0
 - abstract internal 'klass' 'J' @16  34376560768 (100b080 8)
 - abstract internal 'array_klass' 'J' @24  0 (0 0)
 - abstract internal 'oop_size' 'I' @32  14 (e)
 - abstract internal 'static_oop_field_count' 'I' @36  0
 - private volatile transient 'cachedConstructor' 'Ljava/lang/reflect/Constructor;' @40  NULL (0)
 - private transient 'name' 'Ljava/lang/String;' @44  "Client.Loop.ClientLoop"{0x0000000620f484b8} (c41e9097)
 - private transient 'module' 'Ljava/lang/Module;' @48  a 'java/lang/Module'{0x00000006210724f8} (c420e49f)
 - private final 'classLoader' 'Ljava/lang/ClassLoader;' @52  a 'jdk/internal/loader/ClassLoaders$AppClassLoader'{0x0000000621072338} (c420e467)
 - private transient 'classData' 'Ljava/lang/Object;' @56  NULL (0)
 - private transient 'packageName' 'Ljava/lang/String;' @60  "Client.Loop"{0x0000000620f31478} (c41e628f)
 - private final 'componentType' 'Ljava/lang/Class;' @64  NULL (0)
 - private volatile transient 'reflectionData' 'Ljava/lang/ref/SoftReference;' @68  NULL (0)
 - private volatile transient 'genericInfo' 'Lsun/reflect/generics/repository/ClassRepository;' @72  NULL (0)
 - private volatile transient 'enumConstants' '[Ljava/lang/Object;' @76  NULL (0)
 - private volatile transient 'enumConstantDirectory' 'Ljava/util/Map;' @80  NULL (0)
 - private volatile transient 'annotationData' 'Ljava/lang/Class$AnnotationData;' @84  NULL (0)
 - private volatile transient 'annotationType' 'Lsun/reflect/annotation/AnnotationType;' @88  NULL (0)
 - transient 'classValueMap' 'Ljava/lang/ClassValue$ClassValueMap;' @92  NULL (0)
 - abstract internal 'protection_domain' 'Ljava/lang/Object;' @96  a 'java/security/ProtectionDomain'{0x0000000620d96b58} (c41b2d6b)
 - abstract internal 'signers_name' 'Ljava/lang/Object;' @100  NULL (0)
 - abstract internal 'source_file' 'Ljava/lang/Object;' @104  NULL (0)
 - signature: LClient/Loop/ClientLoop;
 - ---- static fields (0):
stack at sp + 4 slots: {method} {0x0000022de50372f8} 'dispose' '()V' in 'Client/Loop/ClientLoop'
stack at sp + 5 slots: {method} {0x0000022de51a47b0} 'end' '()V' in 'imgui/ImGui'
stack at sp + 6 slots: 0x0000000620db3fc0 is an oop: jdk.internal.ref.CleanerImpl$PhantomCleanableRef 
{0x0000000620db3fc0} - klass: 'jdk/internal/ref/CleanerImpl$PhantomCleanableRef'
 - ---- fields (total size 6 words):
 - private 'referent' 'Ljava/lang/Object;' @12  NULL (0)
 - volatile 'queue' 'Ljava/lang/ref/ReferenceQueue;' @16  a 'java/lang/ref/ReferenceQueue'{0x000000062118cef8} (c42319df)
 - volatile 'next' 'Ljava/lang/ref/Reference;' @20  NULL (0)
 - private transient 'discovered' 'Ljava/lang/ref/Reference;' @24  NULL (0)
 - 'prev' 'Ljdk/internal/ref/PhantomCleanable;' @28  a 'jdk/internal/ref/CleanerImpl$PhantomCleanableRef'{0x0000000620db3fc0} (c41b67f8)
 - 'next' 'Ljdk/internal/ref/PhantomCleanable;' @32  a 'jdk/internal/ref/CleanerImpl$PhantomCleanableRef'{0x0000000620db3fc0} (c41b67f8)
 - private final 'list' 'Ljdk/internal/ref/PhantomCleanable;' @36  a 'jdk/internal/ref/CleanerImpl$PhantomCleanableRef'{0x000000062118d110} (c4231a22)
 - private final 'action' 'Ljava/lang/Runnable;' @40  a 'sun/nio/ch/NioSocketImpl$$Lambda$14+0x00000008010491d8'{0x0000000620db3fb0} (c41b67f6)
stack at sp + 7 slots: 0x0000022dc78f477c is at entry_point+220 in (nmethod*)0x0000022dc78f4510
Compiled method (n/a)  119767 1066     n 0       imgui.ImGui::end (native)
 total in heap  [0x0000022dc78f4510,0x0000022dc78f48b8] = 936
 relocation     [0x0000022dc78f4670,0x0000022dc78f46a0] = 48
 main code      [0x0000022dc78f46a0,0x0000022dc78f48ad] = 525
 stub code      [0x0000022dc78f48ad,0x0000022dc78f48b0] = 3
 oops           [0x0000022dc78f48b0,0x0000022dc78f48b8] = 8


Compiled method (n/a)  119768 1066     n 0       imgui.ImGui::end (native)
 total in heap  [0x0000022dc78f4510,0x0000022dc78f48b8] = 936
 relocation     [0x0000022dc78f4670,0x0000022dc78f46a0] = 48
 main code      [0x0000022dc78f46a0,0x0000022dc78f48ad] = 525
 stub code      [0x0000022dc78f48ad,0x0000022dc78f48b0] = 3
 oops           [0x0000022dc78f48b0,0x0000022dc78f48b8] = 8

[Constant Pool (empty)]

[MachCode]
[Entry Point]
  # {method} {0x0000022de51a47b0} 'end' '()V' in 'imgui/ImGui'
  #           [sp+0x70]  (sp of caller)
  0x0000022dc78f46a0: 448b 5208 | 49bb 0000 | 0000 0800 | 0000 4d03 | d349 3bc2 | 0f84 0600 

  0x0000022dc78f46b8: ;   {runtime_call ic_miss_stub}
  0x0000022dc78f46b8: 0000 e9c1 | d0a6 ff90 
[Verified Entry Point]
  0x0000022dc78f46c0: 8984 2400 | 90ff ff55 | 488b ec48 

  0x0000022dc78f46cc: ;   {oop(a 'java/lang/Class'{0x0000000620428be8} = 'imgui/ImGui')}
  0x0000022dc78f46cc: 83ec 6049 | bee8 8b42 | 2006 0000 | 004c 8974 | 2450 4c8d | 7424 5049 | 8bd6 c5f8 

  0x0000022dc78f46e8: ;   {internal_word}
  0x0000022dc78f46e8: 7749 bae6 | 468f c72d | 0200 004d | 8997 c802 | 0000 4989 | a7c0 0200 

  0x0000022dc78f4700: ;   {external_word}
  0x0000022dc78f4700: 0049 bac9 | 8415 5afb | 7f00 0041 | 803a 000f | 8448 0000 

  0x0000022dc78f4714: ;   {metadata({method} {0x0000022de51a47b0} 'end' '()V' in 'imgui/ImGui')}
  0x0000022dc78f4714: 0052 48ba | a847 1ae5 | 2d02 0000 | 498b cf48 | 83ec 2040 | f6c4 0f0f | 841a 0000 | 0048 83ec 
  0x0000022dc78f4734: ;   {runtime_call}
  0x0000022dc78f4734: 0849 ba90 | 2bcd 59fb | 7f00 0041 | ffd2 4883 | c408 e90d 

  0x0000022dc78f4748: ;   {runtime_call}
  0x0000022dc78f4748: 0000 0049 | ba90 2bcd | 59fb 7f00 | 0041 ffd2 | 4883 c420 | 5a49 8d8f | e002 0000 | 41c7 8774 
  0x0000022dc78f4768: 0300 0004 

  0x0000022dc78f476c: ;   {runtime_call}
  0x0000022dc78f476c: 0000 0049 | ba00 08a9 | 6400 0000 | 0041 ffd2 | c5f8 7741 | c787 7403 | 0000 0500 | 0000 f083 
  0x0000022dc78f478c: 4424 c000 | 493b af78 | 0300 000f | 8711 0000 | 0041 81bf | 7003 0000 | 0000 0000 | 0f84 2400 
  0x0000022dc78f47ac: 0000 c5f8 | 7749 8bcf | 4c8b e448 | 83ec 2048 

  0x0000022dc78f47bc: ;   {runtime_call}
  0x0000022dc78f47bc: 83e4 f049 | baa0 18d8 | 59fb 7f00 | 0041 ffd2 | 498b e44d | 33e4 41c7 | 8774 0300 | 0008 0000 
  0x0000022dc78f47dc: 0041 81bf | e803 0000 | 0200 0000 | 0f84 9900 

  0x0000022dc78f47ec: ;   {external_word}
  0x0000022dc78f47ec: 0000 49ba | c984 155a | fb7f 0000 | 4180 3a00 | 0f84 4600 

  0x0000022dc78f4800: ;   {metadata({method} {0x0000022de51a47b0} 'end' '()V' in 'imgui/ImGui')}
  0x0000022dc78f4800: 0000 48ba | a847 1ae5 | 2d02 0000 | 498b cf48 | 83ec 2040 | f6c4 0f0f | 841a 0000 | 0048 83ec 
  0x0000022dc78f4820: ;   {runtime_call}
  0x0000022dc78f4820: 0849 ba90 | 2bcd 59fb | 7f00 0041 | ffd2 4883 | c408 e90d 

  0x0000022dc78f4834: ;   {runtime_call}
  0x0000022dc78f4834: 0000 0049 | ba90 2bcd | 59fb 7f00 | 0041 ffd2 | 4883 c420 | 49c7 87c0 | 0200 0000 | 0000 0049 
  0x0000022dc78f4854: c787 c802 | 0000 0000 | 0000 c5f8 | 7749 8b8f | 5003 0000 | c781 0001 | 0000 0000 | 0000 c949 
  0x0000022dc78f4874: 817f 0800 | 0000 000f | 8501 0000 

  0x0000022dc78f4880: ;   {runtime_call StubRoutines (1)}
  0x0000022dc78f4880: 00c3 e979 | c6a0 ffc5 | f877 4c8b | e448 83ec | 2048 83e4 

  0x0000022dc78f4894: ;   {runtime_call}
  0x0000022dc78f4894: f049 bad0 | 5fcd 59fb | 7f00 0041 | ffd2 498b | e44d 33e4 | e941 ffff | fff4 f4f4 
[/MachCode]


---------------  P R O C E S S  ---------------

Threads class SMR info:
_java_thread_list=0x0000022de97f6b00, length=14, elements={
0x0000022de43655b0, 0x0000022de43663a0, 0x0000022de436a330, 0x0000022de436e2a0,
0x0000022de434e490, 0x0000022de4350f10, 0x0000022de8c03650, 0x0000022de8c05af0,
0x0000022de4351460, 0x0000022de434f480, 0x0000022de43519b0, 0x0000022de434f9d0,
0x0000022de434e9e0, 0x0000022de434ef30
}

Java Threads: ( => current thread )
  0x0000022de43655b0 JavaThread "Reference Handler" daemon [_thread_blocked, id=14348, stack(0x000000d810d00000,0x000000d810e00000)]
  0x0000022de43663a0 JavaThread "Finalizer" daemon [_thread_blocked, id=2548, stack(0x000000d810e00000,0x000000d810f00000)]
  0x0000022de436a330 JavaThread "Signal Dispatcher" daemon [_thread_blocked, id=20528, stack(0x000000d810f00000,0x000000d811000000)]
  0x0000022de436e2a0 JavaThread "Attach Listener" daemon [_thread_blocked, id=18124, stack(0x000000d811000000,0x000000d811100000)]
  0x0000022de434e490 JavaThread "Service Thread" daemon [_thread_blocked, id=13116, stack(0x000000d811100000,0x000000d811200000)]
  0x0000022de4350f10 JavaThread "Monitor Deflation Thread" daemon [_thread_blocked, id=15428, stack(0x000000d811200000,0x000000d811300000)]
  0x0000022de8c03650 JavaThread "C2 CompilerThread0" daemon [_thread_blocked, id=17428, stack(0x000000d811300000,0x000000d811400000)]
  0x0000022de8c05af0 JavaThread "C1 CompilerThread0" daemon [_thread_blocked, id=13672, stack(0x000000d811400000,0x000000d811500000)]
  0x0000022de4351460 JavaThread "Sweeper thread" daemon [_thread_blocked, id=9128, stack(0x000000d811500000,0x000000d811600000)]
  0x0000022de434f480 JavaThread "Common-Cleaner" daemon [_thread_blocked, id=20296, stack(0x000000d811600000,0x000000d811700000)]
  0x0000022de43519b0 JavaThread "Monitor Ctrl-Break" daemon [_thread_in_native, id=8360, stack(0x000000d811800000,0x000000d811900000)]
  0x0000022de434f9d0 JavaThread "Notification Thread" daemon [_thread_blocked, id=13548, stack(0x000000d811900000,0x000000d811a00000)]
=>0x0000022de434e9e0 JavaThread "Thread-0" [_thread_in_native, id=21812, stack(0x000000d811b00000,0x000000d811c00000)]
  0x0000022de434ef30 JavaThread "DestroyJavaVM" [_thread_blocked, id=16716, stack(0x000000d810600000,0x000000d810700000)]

Other Threads:
  0x0000022de4343b90 VMThread "VM Thread" [stack: 0x000000d810c00000,0x000000d810d00000] [id=3124]
  0x0000022de8f68d70 WatcherThread "VM Periodic Task Thread" [stack: 0x000000d811a00000,0x000000d811b00000] [id=20700]
  0x0000022db7f22c50 WorkerThread "GC Thread#0" [stack: 0x000000d810700000,0x000000d810800000] [id=13392]
  0x0000022db7f34cb0 ConcurrentGCThread "G1 Main Marker" [stack: 0x000000d810800000,0x000000d810900000] [id=20544]
  0x0000022db7f37290 WorkerThread "G1 Conc#0" [stack: 0x000000d810900000,0x000000d810a00000] [id=2332]
  0x0000022de41fa240 ConcurrentGCThread "G1 Refine#0" [stack: 0x000000d810a00000,0x000000d810b00000] [id=18344]
  0x0000022de41fad80 ConcurrentGCThread "G1 Service" [stack: 0x000000d810b00000,0x000000d810c00000] [id=20576]

Threads with active compile tasks:

VM state: not at safepoint (normal execution)

VM Mutex/Monitor currently owned by a thread: None

Heap address: 0x0000000601400000, size: 8172 MB, Compressed Oops mode: Zero based, Oop shift amount: 3

CDS archive(s) mapped at: [0x0000000800000000-0x0000000800c30000-0x0000000800c30000), size 12779520, SharedBaseAddress: 0x0000000800000000, ArchiveRelocationMode: 0.
Compressed class space mapped at: 0x0000000801000000-0x0000000841000000, reserved size: 1073741824
Narrow klass base: 0x0000000800000000, Narrow klass shift: 0, Narrow klass range: 0x100000000

GC Precious Log:
 CardTable entry size: 512
 Card Set container configuration: InlinePtr #cards 4 size 8 Array Of Cards #cards 32 size 80 Howl #buckets 8 coarsen threshold 7372 Howl Bitmap #cards 1024 size 144 coarsen threshold 921 Card regions per heap region 1 cards per card region 8192
 CPUs: 8 total, 8 available
 Memory: 32685M
 Large Page Support: Disabled
 NUMA Support: Disabled
 Compressed Oops: Enabled (Zero based)
 Heap Region Size: 4M
 Heap Min Capacity: 8M
 Heap Initial Capacity: 512M
 Heap Max Capacity: 8172M
 Pre-touch: Disabled
 Parallel Workers: 8
 Concurrent Workers: 2
 Concurrent Refinement Workers: 8
 Periodic GC: Disabled

Heap:
 garbage-first heap   total 524288K, used 12288K [0x0000000601400000, 0x0000000800000000)
  region size 4096K, 5 young (20480K), 0 survivors (0K)
 Metaspace       used 6796K, committed 6976K, reserved 1114112K
  class space    used 479K, committed 576K, reserved 1048576K

Heap Regions: E=young(eden), S=young(survivor), O=old, HS=humongous(starts), HC=humongous(continues), CS=collection set, F=free, OA=open archive, CA=closed archive, TAMS=top-at-mark-start (previous, next)
|   0|0x0000000601400000, 0x0000000601400000, 0x0000000601800000|  0%| F|  |TAMS 0x0000000601400000, 0x0000000601400000| Untracked 
|   1|0x0000000601800000, 0x0000000601800000, 0x0000000601c00000|  0%| F|  |TAMS 0x0000000601800000, 0x0000000601800000| Untracked 
|   2|0x0000000601c00000, 0x0000000601c00000, 0x0000000602000000|  0%| F|  |TAMS 0x0000000601c00000, 0x0000000601c00000| Untracked 
|   3|0x0000000602000000, 0x0000000602000000, 0x0000000602400000|  0%| F|  |TAMS 0x0000000602000000, 0x0000000602000000| Untracked 
|   4|0x0000000602400000, 0x0000000602400000, 0x0000000602800000|  0%| F|  |TAMS 0x0000000602400000, 0x0000000602400000| Untracked 
|   5|0x0000000602800000, 0x0000000602800000, 0x0000000602c00000|  0%| F|  |TAMS 0x0000000602800000, 0x0000000602800000| Untracked 
|   6|0x0000000602c00000, 0x0000000602c00000, 0x0000000603000000|  0%| F|  |TAMS 0x0000000602c00000, 0x0000000602c00000| Untracked 
|   7|0x0000000603000000, 0x0000000603000000, 0x0000000603400000|  0%| F|  |TAMS 0x0000000603000000, 0x0000000603000000| Untracked 
|   8|0x0000000603400000, 0x0000000603400000, 0x0000000603800000|  0%| F|  |TAMS 0x0000000603400000, 0x0000000603400000| Untracked 
|   9|0x0000000603800000, 0x0000000603800000, 0x0000000603c00000|  0%| F|  |TAMS 0x0000000603800000, 0x0000000603800000| Untracked 
|  10|0x0000000603c00000, 0x0000000603c00000, 0x0000000604000000|  0%| F|  |TAMS 0x0000000603c00000, 0x0000000603c00000| Untracked 
|  11|0x0000000604000000, 0x0000000604000000, 0x0000000604400000|  0%| F|  |TAMS 0x0000000604000000, 0x0000000604000000| Untracked 
|  12|0x0000000604400000, 0x0000000604400000, 0x0000000604800000|  0%| F|  |TAMS 0x0000000604400000, 0x0000000604400000| Untracked 
|  13|0x0000000604800000, 0x0000000604800000, 0x0000000604c00000|  0%| F|  |TAMS 0x0000000604800000, 0x0000000604800000| Untracked 
|  14|0x0000000604c00000, 0x0000000604c00000, 0x0000000605000000|  0%| F|  |TAMS 0x0000000604c00000, 0x0000000604c00000| Untracked 
|  15|0x0000000605000000, 0x0000000605000000, 0x0000000605400000|  0%| F|  |TAMS 0x0000000605000000, 0x0000000605000000| Untracked 
|  16|0x0000000605400000, 0x0000000605400000, 0x0000000605800000|  0%| F|  |TAMS 0x0000000605400000, 0x0000000605400000| Untracked 
|  17|0x0000000605800000, 0x0000000605800000, 0x0000000605c00000|  0%| F|  |TAMS 0x0000000605800000, 0x0000000605800000| Untracked 
|  18|0x0000000605c00000, 0x0000000605c00000, 0x0000000606000000|  0%| F|  |TAMS 0x0000000605c00000, 0x0000000605c00000| Untracked 
|  19|0x0000000606000000, 0x0000000606000000, 0x0000000606400000|  0%| F|  |TAMS 0x0000000606000000, 0x0000000606000000| Untracked 
|  20|0x0000000606400000, 0x0000000606400000, 0x0000000606800000|  0%| F|  |TAMS 0x0000000606400000, 0x0000000606400000| Untracked 
|  21|0x0000000606800000, 0x0000000606800000, 0x0000000606c00000|  0%| F|  |TAMS 0x0000000606800000, 0x0000000606800000| Untracked 
|  22|0x0000000606c00000, 0x0000000606c00000, 0x0000000607000000|  0%| F|  |TAMS 0x0000000606c00000, 0x0000000606c00000| Untracked 
|  23|0x0000000607000000, 0x0000000607000000, 0x0000000607400000|  0%| F|  |TAMS 0x0000000607000000, 0x0000000607000000| Untracked 
|  24|0x0000000607400000, 0x0000000607400000, 0x0000000607800000|  0%| F|  |TAMS 0x0000000607400000, 0x0000000607400000| Untracked 
|  25|0x0000000607800000, 0x0000000607800000, 0x0000000607c00000|  0%| F|  |TAMS 0x0000000607800000, 0x0000000607800000| Untracked 
|  26|0x0000000607c00000, 0x0000000607c00000, 0x0000000608000000|  0%| F|  |TAMS 0x0000000607c00000, 0x0000000607c00000| Untracked 
|  27|0x0000000608000000, 0x0000000608000000, 0x0000000608400000|  0%| F|  |TAMS 0x0000000608000000, 0x0000000608000000| Untracked 
|  28|0x0000000608400000, 0x0000000608400000, 0x0000000608800000|  0%| F|  |TAMS 0x0000000608400000, 0x0000000608400000| Untracked 
|  29|0x0000000608800000, 0x0000000608800000, 0x0000000608c00000|  0%| F|  |TAMS 0x0000000608800000, 0x0000000608800000| Untracked 
|  30|0x0000000608c00000, 0x0000000608c00000, 0x0000000609000000|  0%| F|  |TAMS 0x0000000608c00000, 0x0000000608c00000| Untracked 
|  31|0x0000000609000000, 0x0000000609000000, 0x0000000609400000|  0%| F|  |TAMS 0x0000000609000000, 0x0000000609000000| Untracked 
|  32|0x0000000609400000, 0x0000000609400000, 0x0000000609800000|  0%| F|  |TAMS 0x0000000609400000, 0x0000000609400000| Untracked 
|  33|0x0000000609800000, 0x0000000609800000, 0x0000000609c00000|  0%| F|  |TAMS 0x0000000609800000, 0x0000000609800000| Untracked 
|  34|0x0000000609c00000, 0x0000000609c00000, 0x000000060a000000|  0%| F|  |TAMS 0x0000000609c00000, 0x0000000609c00000| Untracked 
|  35|0x000000060a000000, 0x000000060a000000, 0x000000060a400000|  0%| F|  |TAMS 0x000000060a000000, 0x000000060a000000| Untracked 
|  36|0x000000060a400000, 0x000000060a400000, 0x000000060a800000|  0%| F|  |TAMS 0x000000060a400000, 0x000000060a400000| Untracked 
|  37|0x000000060a800000, 0x000000060a800000, 0x000000060ac00000|  0%| F|  |TAMS 0x000000060a800000, 0x000000060a800000| Untracked 
|  38|0x000000060ac00000, 0x000000060ac00000, 0x000000060b000000|  0%| F|  |TAMS 0x000000060ac00000, 0x000000060ac00000| Untracked 
|  39|0x000000060b000000, 0x000000060b000000, 0x000000060b400000|  0%| F|  |TAMS 0x000000060b000000, 0x000000060b000000| Untracked 
|  40|0x000000060b400000, 0x000000060b400000, 0x000000060b800000|  0%| F|  |TAMS 0x000000060b400000, 0x000000060b400000| Untracked 
|  41|0x000000060b800000, 0x000000060b800000, 0x000000060bc00000|  0%| F|  |TAMS 0x000000060b800000, 0x000000060b800000| Untracked 
|  42|0x000000060bc00000, 0x000000060bc00000, 0x000000060c000000|  0%| F|  |TAMS 0x000000060bc00000, 0x000000060bc00000| Untracked 
|  43|0x000000060c000000, 0x000000060c000000, 0x000000060c400000|  0%| F|  |TAMS 0x000000060c000000, 0x000000060c000000| Untracked 
|  44|0x000000060c400000, 0x000000060c400000, 0x000000060c800000|  0%| F|  |TAMS 0x000000060c400000, 0x000000060c400000| Untracked 
|  45|0x000000060c800000, 0x000000060c800000, 0x000000060cc00000|  0%| F|  |TAMS 0x000000060c800000, 0x000000060c800000| Untracked 
|  46|0x000000060cc00000, 0x000000060cc00000, 0x000000060d000000|  0%| F|  |TAMS 0x000000060cc00000, 0x000000060cc00000| Untracked 
|  47|0x000000060d000000, 0x000000060d000000, 0x000000060d400000|  0%| F|  |TAMS 0x000000060d000000, 0x000000060d000000| Untracked 
|  48|0x000000060d400000, 0x000000060d400000, 0x000000060d800000|  0%| F|  |TAMS 0x000000060d400000, 0x000000060d400000| Untracked 
|  49|0x000000060d800000, 0x000000060d800000, 0x000000060dc00000|  0%| F|  |TAMS 0x000000060d800000, 0x000000060d800000| Untracked 
|  50|0x000000060dc00000, 0x000000060dc00000, 0x000000060e000000|  0%| F|  |TAMS 0x000000060dc00000, 0x000000060dc00000| Untracked 
|  51|0x000000060e000000, 0x000000060e000000, 0x000000060e400000|  0%| F|  |TAMS 0x000000060e000000, 0x000000060e000000| Untracked 
|  52|0x000000060e400000, 0x000000060e400000, 0x000000060e800000|  0%| F|  |TAMS 0x000000060e400000, 0x000000060e400000| Untracked 
|  53|0x000000060e800000, 0x000000060e800000, 0x000000060ec00000|  0%| F|  |TAMS 0x000000060e800000, 0x000000060e800000| Untracked 
|  54|0x000000060ec00000, 0x000000060ec00000, 0x000000060f000000|  0%| F|  |TAMS 0x000000060ec00000, 0x000000060ec00000| Untracked 
|  55|0x000000060f000000, 0x000000060f000000, 0x000000060f400000|  0%| F|  |TAMS 0x000000060f000000, 0x000000060f000000| Untracked 
|  56|0x000000060f400000, 0x000000060f400000, 0x000000060f800000|  0%| F|  |TAMS 0x000000060f400000, 0x000000060f400000| Untracked 
|  57|0x000000060f800000, 0x000000060f800000, 0x000000060fc00000|  0%| F|  |TAMS 0x000000060f800000, 0x000000060f800000| Untracked 
|  58|0x000000060fc00000, 0x000000060fc00000, 0x0000000610000000|  0%| F|  |TAMS 0x000000060fc00000, 0x000000060fc00000| Untracked 
|  59|0x0000000610000000, 0x0000000610000000, 0x0000000610400000|  0%| F|  |TAMS 0x0000000610000000, 0x0000000610000000| Untracked 
|  60|0x0000000610400000, 0x0000000610400000, 0x0000000610800000|  0%| F|  |TAMS 0x0000000610400000, 0x0000000610400000| Untracked 
|  61|0x0000000610800000, 0x0000000610800000, 0x0000000610c00000|  0%| F|  |TAMS 0x0000000610800000, 0x0000000610800000| Untracked 
|  62|0x0000000610c00000, 0x0000000610c00000, 0x0000000611000000|  0%| F|  |TAMS 0x0000000610c00000, 0x0000000610c00000| Untracked 
|  63|0x0000000611000000, 0x0000000611000000, 0x0000000611400000|  0%| F|  |TAMS 0x0000000611000000, 0x0000000611000000| Untracked 
|  64|0x0000000611400000, 0x0000000611400000, 0x0000000611800000|  0%| F|  |TAMS 0x0000000611400000, 0x0000000611400000| Untracked 
|  65|0x0000000611800000, 0x0000000611800000, 0x0000000611c00000|  0%| F|  |TAMS 0x0000000611800000, 0x0000000611800000| Untracked 
|  66|0x0000000611c00000, 0x0000000611c00000, 0x0000000612000000|  0%| F|  |TAMS 0x0000000611c00000, 0x0000000611c00000| Untracked 
|  67|0x0000000612000000, 0x0000000612000000, 0x0000000612400000|  0%| F|  |TAMS 0x0000000612000000, 0x0000000612000000| Untracked 
|  68|0x0000000612400000, 0x0000000612400000, 0x0000000612800000|  0%| F|  |TAMS 0x0000000612400000, 0x0000000612400000| Untracked 
|  69|0x0000000612800000, 0x0000000612800000, 0x0000000612c00000|  0%| F|  |TAMS 0x0000000612800000, 0x0000000612800000| Untracked 
|  70|0x0000000612c00000, 0x0000000612c00000, 0x0000000613000000|  0%| F|  |TAMS 0x0000000612c00000, 0x0000000612c00000| Untracked 
|  71|0x0000000613000000, 0x0000000613000000, 0x0000000613400000|  0%| F|  |TAMS 0x0000000613000000, 0x0000000613000000| Untracked 
|  72|0x0000000613400000, 0x0000000613400000, 0x0000000613800000|  0%| F|  |TAMS 0x0000000613400000, 0x0000000613400000| Untracked 
|  73|0x0000000613800000, 0x0000000613800000, 0x0000000613c00000|  0%| F|  |TAMS 0x0000000613800000, 0x0000000613800000| Untracked 
|  74|0x0000000613c00000, 0x0000000613c00000, 0x0000000614000000|  0%| F|  |TAMS 0x0000000613c00000, 0x0000000613c00000| Untracked 
|  75|0x0000000614000000, 0x0000000614000000, 0x0000000614400000|  0%| F|  |TAMS 0x0000000614000000, 0x0000000614000000| Untracked 
|  76|0x0000000614400000, 0x0000000614400000, 0x0000000614800000|  0%| F|  |TAMS 0x0000000614400000, 0x0000000614400000| Untracked 
|  77|0x0000000614800000, 0x0000000614800000, 0x0000000614c00000|  0%| F|  |TAMS 0x0000000614800000, 0x0000000614800000| Untracked 
|  78|0x0000000614c00000, 0x0000000614c00000, 0x0000000615000000|  0%| F|  |TAMS 0x0000000614c00000, 0x0000000614c00000| Untracked 
|  79|0x0000000615000000, 0x0000000615000000, 0x0000000615400000|  0%| F|  |TAMS 0x0000000615000000, 0x0000000615000000| Untracked 
|  80|0x0000000615400000, 0x0000000615400000, 0x0000000615800000|  0%| F|  |TAMS 0x0000000615400000, 0x0000000615400000| Untracked 
|  81|0x0000000615800000, 0x0000000615800000, 0x0000000615c00000|  0%| F|  |TAMS 0x0000000615800000, 0x0000000615800000| Untracked 
|  82|0x0000000615c00000, 0x0000000615c00000, 0x0000000616000000|  0%| F|  |TAMS 0x0000000615c00000, 0x0000000615c00000| Untracked 
|  83|0x0000000616000000, 0x0000000616000000, 0x0000000616400000|  0%| F|  |TAMS 0x0000000616000000, 0x0000000616000000| Untracked 
|  84|0x0000000616400000, 0x0000000616400000, 0x0000000616800000|  0%| F|  |TAMS 0x0000000616400000, 0x0000000616400000| Untracked 
|  85|0x0000000616800000, 0x0000000616800000, 0x0000000616c00000|  0%| F|  |TAMS 0x0000000616800000, 0x0000000616800000| Untracked 
|  86|0x0000000616c00000, 0x0000000616c00000, 0x0000000617000000|  0%| F|  |TAMS 0x0000000616c00000, 0x0000000616c00000| Untracked 
|  87|0x0000000617000000, 0x0000000617000000, 0x0000000617400000|  0%| F|  |TAMS 0x0000000617000000, 0x0000000617000000| Untracked 
|  88|0x0000000617400000, 0x0000000617400000, 0x0000000617800000|  0%| F|  |TAMS 0x0000000617400000, 0x0000000617400000| Untracked 
|  89|0x0000000617800000, 0x0000000617800000, 0x0000000617c00000|  0%| F|  |TAMS 0x0000000617800000, 0x0000000617800000| Untracked 
|  90|0x0000000617c00000, 0x0000000617c00000, 0x0000000618000000|  0%| F|  |TAMS 0x0000000617c00000, 0x0000000617c00000| Untracked 
|  91|0x0000000618000000, 0x0000000618000000, 0x0000000618400000|  0%| F|  |TAMS 0x0000000618000000, 0x0000000618000000| Untracked 
|  92|0x0000000618400000, 0x0000000618400000, 0x0000000618800000|  0%| F|  |TAMS 0x0000000618400000, 0x0000000618400000| Untracked 
|  93|0x0000000618800000, 0x0000000618800000, 0x0000000618c00000|  0%| F|  |TAMS 0x0000000618800000, 0x0000000618800000| Untracked 
|  94|0x0000000618c00000, 0x0000000618c00000, 0x0000000619000000|  0%| F|  |TAMS 0x0000000618c00000, 0x0000000618c00000| Untracked 
|  95|0x0000000619000000, 0x0000000619000000, 0x0000000619400000|  0%| F|  |TAMS 0x0000000619000000, 0x0000000619000000| Untracked 
|  96|0x0000000619400000, 0x0000000619400000, 0x0000000619800000|  0%| F|  |TAMS 0x0000000619400000, 0x0000000619400000| Untracked 
|  97|0x0000000619800000, 0x0000000619800000, 0x0000000619c00000|  0%| F|  |TAMS 0x0000000619800000, 0x0000000619800000| Untracked 
|  98|0x0000000619c00000, 0x0000000619c00000, 0x000000061a000000|  0%| F|  |TAMS 0x0000000619c00000, 0x0000000619c00000| Untracked 
|  99|0x000000061a000000, 0x000000061a000000, 0x000000061a400000|  0%| F|  |TAMS 0x000000061a000000, 0x000000061a000000| Untracked 
| 100|0x000000061a400000, 0x000000061a400000, 0x000000061a800000|  0%| F|  |TAMS 0x000000061a400000, 0x000000061a400000| Untracked 
| 101|0x000000061a800000, 0x000000061a800000, 0x000000061ac00000|  0%| F|  |TAMS 0x000000061a800000, 0x000000061a800000| Untracked 
| 102|0x000000061ac00000, 0x000000061ac00000, 0x000000061b000000|  0%| F|  |TAMS 0x000000061ac00000, 0x000000061ac00000| Untracked 
| 103|0x000000061b000000, 0x000000061b000000, 0x000000061b400000|  0%| F|  |TAMS 0x000000061b000000, 0x000000061b000000| Untracked 
| 104|0x000000061b400000, 0x000000061b400000, 0x000000061b800000|  0%| F|  |TAMS 0x000000061b400000, 0x000000061b400000| Untracked 
| 105|0x000000061b800000, 0x000000061b800000, 0x000000061bc00000|  0%| F|  |TAMS 0x000000061b800000, 0x000000061b800000| Untracked 
| 106|0x000000061bc00000, 0x000000061bc00000, 0x000000061c000000|  0%| F|  |TAMS 0x000000061bc00000, 0x000000061bc00000| Untracked 
| 107|0x000000061c000000, 0x000000061c000000, 0x000000061c400000|  0%| F|  |TAMS 0x000000061c000000, 0x000000061c000000| Untracked 
| 108|0x000000061c400000, 0x000000061c400000, 0x000000061c800000|  0%| F|  |TAMS 0x000000061c400000, 0x000000061c400000| Untracked 
| 109|0x000000061c800000, 0x000000061c800000, 0x000000061cc00000|  0%| F|  |TAMS 0x000000061c800000, 0x000000061c800000| Untracked 
| 110|0x000000061cc00000, 0x000000061cc00000, 0x000000061d000000|  0%| F|  |TAMS 0x000000061cc00000, 0x000000061cc00000| Untracked 
| 111|0x000000061d000000, 0x000000061d000000, 0x000000061d400000|  0%| F|  |TAMS 0x000000061d000000, 0x000000061d000000| Untracked 
| 112|0x000000061d400000, 0x000000061d400000, 0x000000061d800000|  0%| F|  |TAMS 0x000000061d400000, 0x000000061d400000| Untracked 
| 113|0x000000061d800000, 0x000000061d800000, 0x000000061dc00000|  0%| F|  |TAMS 0x000000061d800000, 0x000000061d800000| Untracked 
| 114|0x000000061dc00000, 0x000000061dc00000, 0x000000061e000000|  0%| F|  |TAMS 0x000000061dc00000, 0x000000061dc00000| Untracked 
| 115|0x000000061e000000, 0x000000061e000000, 0x000000061e400000|  0%| F|  |TAMS 0x000000061e000000, 0x000000061e000000| Untracked 
| 116|0x000000061e400000, 0x000000061e400000, 0x000000061e800000|  0%| F|  |TAMS 0x000000061e400000, 0x000000061e400000| Untracked 
| 117|0x000000061e800000, 0x000000061e800000, 0x000000061ec00000|  0%| F|  |TAMS 0x000000061e800000, 0x000000061e800000| Untracked 
| 118|0x000000061ec00000, 0x000000061ec00000, 0x000000061f000000|  0%| F|  |TAMS 0x000000061ec00000, 0x000000061ec00000| Untracked 
| 119|0x000000061f000000, 0x000000061f000000, 0x000000061f400000|  0%| F|  |TAMS 0x000000061f000000, 0x000000061f000000| Untracked 
| 120|0x000000061f400000, 0x000000061f400000, 0x000000061f800000|  0%| F|  |TAMS 0x000000061f400000, 0x000000061f400000| Untracked 
| 121|0x000000061f800000, 0x000000061f800000, 0x000000061fc00000|  0%| F|  |TAMS 0x000000061f800000, 0x000000061f800000| Untracked 
| 122|0x000000061fc00000, 0x000000061fc00000, 0x0000000620000000|  0%| F|  |TAMS 0x000000061fc00000, 0x000000061fc00000| Untracked 
| 123|0x0000000620000000, 0x00000006201ec0d0, 0x0000000620400000| 48%| E|  |TAMS 0x0000000620000000, 0x0000000620000000| Complete 
| 124|0x0000000620400000, 0x0000000620800000, 0x0000000620800000|100%| E|CS|TAMS 0x0000000620400000, 0x0000000620400000| Complete 
| 125|0x0000000620800000, 0x0000000620c00000, 0x0000000620c00000|100%| E|CS|TAMS 0x0000000620800000, 0x0000000620800000| Complete 
| 126|0x0000000620c00000, 0x0000000621000000, 0x0000000621000000|100%| E|CS|TAMS 0x0000000620c00000, 0x0000000620c00000| Complete 
| 127|0x0000000621000000, 0x0000000621400000, 0x0000000621400000|100%| E|  |TAMS 0x0000000621000000, 0x0000000621000000| Complete 

Card table byte_map: [0x0000022dd0100000,0x0000022dd1100000] _byte_map_base: 0x0000022dcd0f6000

Marking Bits (Prev, Next): (CMBitMap*) 0x0000022db7f24290, (CMBitMap*) 0x0000022db7f242d0
 Prev Bits: [0x0000022dd2100000, 0x0000022dda0b0000)
 Next Bits: [0x0000022dda0b0000, 0x0000022de2060000)

Polling page: 0x0000022db5e10000

Metaspace:

Usage:
  Non-class:      6.17 MB used.
      Class:    479.23 KB used.
       Both:      6.64 MB used.

Virtual space:
  Non-class space:       64.00 MB reserved,       6.25 MB ( 10%) committed,  1 nodes.
      Class space:        1.00 GB reserved,     576.00 KB ( <1%) committed,  1 nodes.
             Both:        1.06 GB reserved,       6.81 MB ( <1%) committed. 

Chunk freelists:
   Non-Class:  910.00 KB
       Class:  3.47 MB
        Both:  4.36 MB

MaxMetaspaceSize: unlimited
CompressedClassSpaceSize: 1.00 GB
Initial GC threshold: 21.00 MB
Current GC threshold: 21.00 MB
CDS: on
MetaspaceReclaimPolicy: balanced
 - commit_granule_bytes: 65536.
 - commit_granule_words: 8192.
 - virtual_space_node_default_size: 8388608.
 - enlarge_chunks_in_place: 1.
 - new_chunks_are_fully_committed: 0.
 - uncommit_free_chunks: 1.
 - use_allocation_guard: 0.


Internal statistics:

num_allocs_failed_limit: 0.
num_arena_births: 188.
num_arena_deaths: 0.
num_vsnodes_births: 2.
num_vsnodes_deaths: 0.
num_space_committed: 107.
num_space_uncommitted: 0.
num_chunks_returned_to_freelist: 0.
num_chunks_taken_from_freelist: 354.
num_chunk_merges: 0.
num_chunk_splits: 225.
num_chunks_enlarged: 141.
num_inconsistent_stats: 0.

CodeHeap 'non-profiled nmethods': size=120000Kb used=522Kb max_used=522Kb free=119477Kb
 bounds [0x0000022dc78a0000, 0x0000022dc7b10000, 0x0000022dcedd0000]
CodeHeap 'profiled nmethods': size=120000Kb used=2026Kb max_used=2026Kb free=117973Kb
 bounds [0x0000022dbfdd0000, 0x0000022dc0040000, 0x0000022dc7300000]
CodeHeap 'non-nmethods': size=5760Kb used=1812Kb max_used=1835Kb free=3947Kb
 bounds [0x0000022dc7300000, 0x0000022dc7570000, 0x0000022dc78a0000]
 total_blobs=2602 nmethods=1403 adapters=1110
 compilation: enabled
              stopped_count=0, restarted_count=0
 full_count=0

Compilation events (20 events):
Event: 97.619 Thread 0x0000022de8c05af0 nmethod 1392 0x0000022dbffc2c90 code [0x0000022dbffc2e40, 0x0000022dbffc2f88]
Event: 99.326 Thread 0x0000022de8c05af0 1394       3       Client.View.Scenes.SetPosition.SetPositionLayer::mainLayer (216 bytes)
Event: 99.327 Thread 0x0000022de8c05af0 nmethod 1394 0x0000022dbffc3090 code [0x0000022dbffc36c0, 0x0000022dbffc61d8]
Event: 99.327 Thread 0x0000022de8c05af0 1395       3       Client.View.Scenes.SetPosition.SetPositionLayer::notificationLayer (89 bytes)
Event: 99.327 Thread 0x0000022de8c05af0 nmethod 1395 0x0000022dbffc7190 code [0x0000022dbffc73c0, 0x0000022dbffc7768]
Event: 99.327 Thread 0x0000022de8c05af0 1396       3       Client.View.Scenes.SetPosition.SetPositionLayer::returnButton (78 bytes)
Event: 99.327 Thread 0x0000022de8c05af0 nmethod 1396 0x0000022dbffc7910 code [0x0000022dbffc7b20, 0x0000022dbffc7ec8]
Event: 108.449 Thread 0x0000022de8c05af0 1397       3       imgui.glfw.ImGuiImplGlfw::updateMousePosAndButtons (334 bytes)
Event: 108.450 Thread 0x0000022de8c05af0 nmethod 1397 0x0000022dbffc8090 code [0x0000022dbffc8440, 0x0000022dbffc9438]
Event: 112.491 Thread 0x0000022de8c03650 1398       4       Client.View.Scenes.Admin.AdminScene::layer (13 bytes)
Event: 112.492 Thread 0x0000022de8c03650 nmethod 1398 0x0000022dc7921c10 code [0x0000022dc7921de0, 0x0000022dc7921f80]
Event: 112.492 Thread 0x0000022de8c03650 1399       4       Client.View.Scenes.Admin.AdminScene::notificationLayer (88 bytes)
Event: 112.493 Thread 0x0000022de8c03650 nmethod 1399 0x0000022dc7922190 code [0x0000022dc7922320, 0x0000022dc79223b8]
Event: 119.722 Thread 0x0000022de8c05af0 1400       3       java.lang.Class::getComponentType (14 bytes)
Event: 119.722 Thread 0x0000022de8c05af0 nmethod 1400 0x0000022dbffc9c90 code [0x0000022dbffc9e40, 0x0000022dbffca008]
Event: 119.722 Thread 0x0000022de8c05af0 1401       3       java.lang.invoke.LambdaForm::returnType (26 bytes)
Event: 119.722 Thread 0x0000022de8c03650 1402       4       jdk.internal.org.objectweb.asm.Symbol::<init> (38 bytes)
Event: 119.722 Thread 0x0000022de8c05af0 nmethod 1401 0x0000022dbffca090 code [0x0000022dbffca240, 0x0000022dbffca3f8]
Event: 119.724 Thread 0x0000022de8c03650 nmethod 1402 0x0000022dc7922490 code [0x0000022dc7922600, 0x0000022dc7922978]
Event: 119.745 Thread 0x0000022de8c05af0 1403       3       java.util.concurrent.ConcurrentHashMap::sumCount (60 bytes)

GC Heap History (0 events):
No events

Dll operation events (14 events):
Event: 0.013 Loaded shared library C:\Users\Umar\.jdks\openjdk-19.0.1\bin\java.dll
Event: 0.020 Loaded shared library C:\Users\Umar\.jdks\openjdk-19.0.1\bin\jsvml.dll
Event: 0.064 Loaded shared library C:\Users\Umar\.jdks\openjdk-19.0.1\bin\zip.dll
Event: 0.066 Loaded shared library C:\Users\Umar\.jdks\openjdk-19.0.1\bin\instrument.dll
Event: 0.069 Loaded shared library C:\Users\Umar\.jdks\openjdk-19.0.1\bin\net.dll
Event: 0.070 Loaded shared library C:\Users\Umar\.jdks\openjdk-19.0.1\bin\nio.dll
Event: 0.074 Loaded shared library C:\Users\Umar\.jdks\openjdk-19.0.1\bin\zip.dll
Event: 0.098 Loaded shared library C:\Program Files\JetBrains\IntelliJ IDEA 2022.2.1\bin\breakgen64.dll
Event: 0.103 Loaded shared library C:\Users\Umar\.jdks\openjdk-19.0.1\bin\extnet.dll
Event: 0.106 Loaded shared library C:\Users\Umar\.jdks\openjdk-19.0.1\bin\jimage.dll
Event: 0.134 Loaded shared library C:\Users\Umar\.jdks\openjdk-19.0.1\bin\awt.dll
Event: 0.219 Loaded shared library C:\Users\Umar\AppData\Local\Temp\lwjglUmar\3.3.1-SNAPSHOT\lwjgl.dll
Event: 0.463 Loaded shared library C:\Users\Umar\AppData\Local\Temp\lwjglUmar\3.3.1-SNAPSHOT\lwjgl_opengl.dll
Event: 0.594 Loaded shared library C:\Users\Umar\AppData\Local\Temp\imgui-java-natives_1671396091081\imgui-java64.dll

Deoptimization events (20 events):
Event: 67.098 Thread 0x0000022de434e9e0 Uncommon trap: trap_request=0xffffffde fr.pc=0x0000022dc79188c0 relative=0x0000000000000120
Event: 67.098 Thread 0x0000022de434e9e0 Uncommon trap: reason=class_check action=maybe_recompile pc=0x0000022dc79188c0 method=jdk.internal.misc.Unsafe.allocateUninitializedArray(Ljava/lang/Class;I)Ljava/lang/Object; @ 51 c2
Event: 67.098 Thread 0x0000022de434e9e0 DEOPT PACKING pc=0x0000022dc79188c0 sp=0x000000d811bff1d0
Event: 67.098 Thread 0x0000022de434e9e0 DEOPT UNPACKING pc=0x0000022dc7366da3 sp=0x000000d811bff158 mode 2
Event: 67.098 Thread 0x0000022de434e9e0 Uncommon trap: trap_request=0xffffffde fr.pc=0x0000022dc79188c0 relative=0x0000000000000120
Event: 67.098 Thread 0x0000022de434e9e0 Uncommon trap: reason=class_check action=maybe_recompile pc=0x0000022dc79188c0 method=jdk.internal.misc.Unsafe.allocateUninitializedArray(Ljava/lang/Class;I)Ljava/lang/Object; @ 51 c2
Event: 67.098 Thread 0x0000022de434e9e0 DEOPT PACKING pc=0x0000022dc79188c0 sp=0x000000d811bff1d0
Event: 67.098 Thread 0x0000022de434e9e0 DEOPT UNPACKING pc=0x0000022dc7366da3 sp=0x000000d811bff158 mode 2
Event: 67.098 Thread 0x0000022de434e9e0 Uncommon trap: trap_request=0xffffffde fr.pc=0x0000022dc79188c0 relative=0x0000000000000120
Event: 67.098 Thread 0x0000022de434e9e0 Uncommon trap: reason=class_check action=maybe_recompile pc=0x0000022dc79188c0 method=jdk.internal.misc.Unsafe.allocateUninitializedArray(Ljava/lang/Class;I)Ljava/lang/Object; @ 51 c2
Event: 67.098 Thread 0x0000022de434e9e0 DEOPT PACKING pc=0x0000022dc79188c0 sp=0x000000d811bff1d0
Event: 67.098 Thread 0x0000022de434e9e0 DEOPT UNPACKING pc=0x0000022dc7366da3 sp=0x000000d811bff158 mode 2
Event: 107.850 Thread 0x0000022de434e9e0 Uncommon trap: trap_request=0xffffff45 fr.pc=0x0000022dc7907008 relative=0x0000000000000448
Event: 107.850 Thread 0x0000022de434e9e0 Uncommon trap: reason=unstable_if action=reinterpret pc=0x0000022dc7907008 method=imgui.glfw.ImGuiImplGlfw.updateMousePosAndButtons()V @ 110 c2
Event: 107.850 Thread 0x0000022de434e9e0 DEOPT PACKING pc=0x0000022dc7907008 sp=0x000000d811bff440
Event: 107.850 Thread 0x0000022de434e9e0 DEOPT UNPACKING pc=0x0000022dc7366da3 sp=0x000000d811bff3a8 mode 2
Event: 118.681 Thread 0x0000022de434e9e0 Uncommon trap: trap_request=0xffffff45 fr.pc=0x0000022dc7921ecc relative=0x00000000000000ec
Event: 118.681 Thread 0x0000022de434e9e0 Uncommon trap: reason=unstable_if action=reinterpret pc=0x0000022dc7921ecc method=Client.View.Scenes.Admin.AdminScene.returnButton()V @ 60 c2
Event: 118.681 Thread 0x0000022de434e9e0 DEOPT PACKING pc=0x0000022dc7921ecc sp=0x000000d811bff4c0
Event: 118.681 Thread 0x0000022de434e9e0 DEOPT UNPACKING pc=0x0000022dc7366da3 sp=0x000000d811bff400 mode 2

Classes loaded (20 events):
Event: 11.045 Loading class java/io/ObjectStreamClass$ExceptionInfo
Event: 11.045 Loading class java/io/ObjectStreamClass$ExceptionInfo done
Event: 81.244 Loading class java/util/function/UnaryOperator
Event: 81.244 Loading class java/util/function/UnaryOperator done
Event: 119.744 Loading class java/net/StandardSocketOptions
Event: 119.744 Loading class java/net/StandardSocketOptions done
Event: 119.744 Loading class java/net/StandardSocketOptions$StdSocketOption
Event: 119.744 Loading class java/net/StandardSocketOptions$StdSocketOption done
Event: 119.744 Loading class sun/nio/ch/SocketOptionRegistry
Event: 119.744 Loading class sun/nio/ch/SocketOptionRegistry done
Event: 119.744 Loading class sun/nio/ch/SocketOptionRegistry$RegistryKey
Event: 119.745 Loading class sun/nio/ch/SocketOptionRegistry$RegistryKey done
Event: 119.745 Loading class sun/nio/ch/SocketOptionRegistry$LazyInitialization
Event: 119.745 Loading class sun/nio/ch/SocketOptionRegistry$LazyInitialization done
Event: 119.745 Loading class sun/nio/ch/OptionKey
Event: 119.745 Loading class sun/nio/ch/OptionKey done
Event: 119.745 Loading class sun/nio/ch/ExtendedSocketOption
Event: 119.745 Loading class sun/nio/ch/ExtendedSocketOption done
Event: 119.745 Loading class sun/nio/ch/ExtendedSocketOption$1
Event: 119.745 Loading class sun/nio/ch/ExtendedSocketOption$1 done

Classes unloaded (0 events):
No events

Classes redefined (0 events):
No events

Internal exceptions (20 events):
Event: 0.226 Thread 0x0000022de434e9e0 Exception <a 'java/lang/NoSuchMethodError'{0x0000000620971100}: 'int java.lang.invoke.DirectMethodHandle$Holder.invokeStaticInit(java.lang.Object, java.lang.Object, java.lang.Object, long)'> (0x0000000620971100) 
thrown [s\open\src\hotspot\share\interpreter\linkResolver.cpp, line 774]
Event: 0.258 Thread 0x0000022de434e9e0 Exception <a 'sun/nio/fs/WindowsException'{0x0000000620a06988}> (0x0000000620a06988) 
thrown [s\open\src\hotspot\share\prims\jni.cpp, line 517]
Event: 0.258 Thread 0x0000022de434e9e0 Exception <a 'sun/nio/fs/WindowsException'{0x0000000620a06ce8}> (0x0000000620a06ce8) 
thrown [s\open\src\hotspot\share\prims\jni.cpp, line 517]
Event: 0.261 Thread 0x0000022de434e9e0 Exception <a 'java/lang/NoSuchMethodError'{0x0000000620a185d0}: 'int java.lang.invoke.Invokers$Holder.invokeExact_MT(java.lang.Object, java.lang.Object)'> (0x0000000620a185d0) 
thrown [s\open\src\hotspot\share\interpreter\linkResolver.cpp, line 774]
Event: 0.436 Thread 0x0000022de434e9e0 Exception <a 'java/lang/NoSuchMethodError'{0x0000000620a76c40}: 'void java.lang.System.load(java.lang.String, java.lang.Class)'> (0x0000000620a76c40) 
thrown [s\open\src\hotspot\share\interpreter\linkResolver.cpp, line 774]
Event: 0.437 Thread 0x0000022de434e9e0 Exception <a 'java/lang/NoSuchMethodError'{0x0000000620a79a48}: 'void java.lang.System.loadLibrary(java.lang.String, java.lang.Class)'> (0x0000000620a79a48) 
thrown [s\open\src\hotspot\share\interpreter\linkResolver.cpp, line 774]
Event: 0.462 Thread 0x0000022de434e9e0 Exception <a 'sun/nio/fs/WindowsException'{0x0000000620a85038}> (0x0000000620a85038) 
thrown [s\open\src\hotspot\share\prims\jni.cpp, line 517]
Event: 0.462 Thread 0x0000022de434e9e0 Exception <a 'sun/nio/fs/WindowsException'{0x0000000620a853d8}> (0x0000000620a853d8) 
thrown [s\open\src\hotspot\share\prims\jni.cpp, line 517]
Event: 0.464 Thread 0x0000022de434e9e0 Exception <a 'sun/nio/fs/WindowsException'{0x0000000620a8aaf0}> (0x0000000620a8aaf0) 
thrown [s\open\src\hotspot\share\prims\jni.cpp, line 517]
Event: 0.464 Thread 0x0000022de434e9e0 Exception <a 'sun/nio/fs/WindowsException'{0x0000000620a8adc0}> (0x0000000620a8adc0) 
thrown [s\open\src\hotspot\share\prims\jni.cpp, line 517]
Event: 0.518 Thread 0x0000022de434e9e0 Exception <a 'sun/nio/fs/WindowsException'{0x0000000620430dd0}> (0x0000000620430dd0) 
thrown [s\open\src\hotspot\share\prims\jni.cpp, line 517]
Event: 1.112 Thread 0x0000022de436e2a0 Exception <a 'java/lang/NoSuchMethodError'{0x000000062072b4b8}: 'java.lang.Object java.lang.invoke.Invokers$Holder.invokeExact_MT(java.lang.Object, java.lang.Object, java.lang.Object, java.lang.Object, java.lang.Object, java.lang.Object)'> (0x000000062072b4b8) 
thrown [s\open\src\hotspot\share\interpreter\linkResolver.cpp, line 774]
Event: 1.595 Thread 0x0000022de434e9e0 Exception <a 'java/lang/NoSuchMethodError'{0x00000006207c9120}: static LServer/TransferMessageContainer;.<clinit>()V> (0x00000006207c9120) 
thrown [s\open\src\hotspot\share\prims\jni.cpp, line 1107]
Event: 1.605 Thread 0x0000022de434e9e0 Exception <a 'java/lang/NoSuchMethodError'{0x0000000620010438}: 'long java.lang.invoke.DirectMethodHandle$Holder.invokeSpecial(java.lang.Object, java.lang.Object)'> (0x0000000620010438) 
thrown [s\open\src\hotspot\share\interpreter\linkResolver.cpp, line 774]
Event: 1.605 Thread 0x0000022de434e9e0 Exception <a 'java/lang/NoSuchMethodError'{0x0000000620013ae0}: 'long java.lang.invoke.Invokers$Holder.invokeExact_MT(java.lang.Object, java.lang.Object)'> (0x0000000620013ae0) 
thrown [s\open\src\hotspot\share\interpreter\linkResolver.cpp, line 774]
Event: 11.035 Thread 0x0000022de434e9e0 Exception <a 'java/lang/NoSuchMethodError'{0x0000000620040040}: static LServer/Entities/User;.<clinit>()V> (0x0000000620040040) 
thrown [s\open\src\hotspot\share\prims\jni.cpp, line 1107]
Event: 11.043 Thread 0x0000022de434e9e0 Exception <a 'java/lang/NoSuchMethodError'{0x00000006200692f0}: static LServer/Entities/Employee;.<clinit>()V> (0x00000006200692f0) 
thrown [s\open\src\hotspot\share\prims\jni.cpp, line 1107]
Event: 11.044 Thread 0x0000022de434e9e0 Exception <a 'java/lang/NoSuchMethodError'{0x0000000620073c88}: static LServer/Entities/Company;.<clinit>()V> (0x0000000620073c88) 
thrown [s\open\src\hotspot\share\prims\jni.cpp, line 1107]
Event: 11.045 Thread 0x0000022de434e9e0 Exception <a 'java/lang/NoSuchMethodError'{0x0000000620080518}: static LServer/Entities/Person;.<clinit>()V> (0x0000000620080518) 
thrown [s\open\src\hotspot\share\prims\jni.cpp, line 1107]
Event: 81.243 Thread 0x0000022de434e9e0 Exception <a 'java/lang/NoSuchMethodError'{0x00000006201359d8}: static LServer/TransferMessageContainer$EmployeeList;.<clinit>()V> (0x00000006201359d8) 
thrown [s\open\src\hotspot\share\prims\jni.cpp, line 1107]

VM Operations (20 events):
Event: 1.217 Executing VM operation: Cleanup
Event: 1.217 Executing VM operation: Cleanup done
Event: 1.596 Executing VM operation: HandshakeAllThreads
Event: 1.596 Executing VM operation: HandshakeAllThreads done
Event: 2.598 Executing VM operation: Cleanup
Event: 2.598 Executing VM operation: Cleanup done
Event: 11.668 Executing VM operation: Cleanup
Event: 11.668 Executing VM operation: Cleanup done
Event: 18.707 Executing VM operation: Cleanup
Event: 18.707 Executing VM operation: Cleanup done
Event: 63.023 Executing VM operation: Cleanup
Event: 63.023 Executing VM operation: Cleanup done
Event: 65.036 Executing VM operation: Cleanup
Event: 65.036 Executing VM operation: Cleanup done
Event: 79.130 Executing VM operation: Cleanup
Event: 79.130 Executing VM operation: Cleanup done
Event: 82.169 Executing VM operation: Cleanup
Event: 82.169 Executing VM operation: Cleanup done
Event: 94.256 Executing VM operation: Cleanup
Event: 94.256 Executing VM operation: Cleanup done

Events (20 events):
Event: 0.028 Thread 0x0000022de436e2a0 Thread added: 0x0000022de436e2a0
Event: 0.028 Thread 0x0000022de434e490 Thread added: 0x0000022de434e490
Event: 0.028 Thread 0x0000022de4350f10 Thread added: 0x0000022de4350f10
Event: 0.028 Thread 0x0000022de8c03650 Thread added: 0x0000022de8c03650
Event: 0.028 Thread 0x0000022de8c05af0 Thread added: 0x0000022de8c05af0
Event: 0.029 Thread 0x0000022de4351460 Thread added: 0x0000022de4351460
Event: 0.053 Thread 0x0000022de434f480 Thread added: 0x0000022de434f480
Event: 0.079 Thread 0x0000022de8d701f0 Thread added: 0x0000022de8d701f0
Event: 0.099 Thread 0x0000022de43519b0 Thread added: 0x0000022de43519b0
Event: 0.099 Thread 0x0000022de434f9d0 Thread added: 0x0000022de434f9d0
Event: 0.165 Thread 0x0000022de434e9e0 Thread added: 0x0000022de434e9e0
Event: 0.165 Thread 0x0000022db7e6f880 Thread exited: 0x0000022db7e6f880
Event: 0.165 Thread 0x0000022de434ef30 Thread added: 0x0000022de434ef30
Event: 0.436 Thread 0x0000022de8d701f0 Thread exited: 0x0000022de8d701f0
Event: 0.479 Thread 0x0000022de97f76e0 Thread added: 0x0000022de97f76e0
Event: 0.923 Thread 0x0000022de97f76e0 Thread exited: 0x0000022de97f76e0
Event: 1.106 Thread 0x0000022df04c7d40 Thread added: 0x0000022df04c7d40
Event: 1.106 Thread 0x0000022df04c86d0 Thread added: 0x0000022df04c86d0
Event: 1.283 Thread 0x0000022df04c86d0 Thread exited: 0x0000022df04c86d0
Event: 1.283 Thread 0x0000022df04c7d40 Thread exited: 0x0000022df04c7d40


Dynamic libraries:
0x00007ff7f6310000 - 0x00007ff7f631e000 	C:\Users\Umar\.jdks\openjdk-19.0.1\bin\java.exe
0x00007ffc098b0000 - 0x00007ffc09aa5000 	C:\WINDOWS\SYSTEM32\ntdll.dll
0x00007ffc089c0000 - 0x00007ffc08a7e000 	C:\WINDOWS\System32\KERNEL32.DLL
0x00007ffc075c0000 - 0x00007ffc07888000 	C:\WINDOWS\System32\KERNELBASE.dll
0x00007ffc07400000 - 0x00007ffc07500000 	C:\WINDOWS\System32\ucrtbase.dll
0x00007ffbd0f80000 - 0x00007ffbd0f9b000 	C:\Users\Umar\.jdks\openjdk-19.0.1\bin\VCRUNTIME140.dll
0x00007ffbcff80000 - 0x00007ffbcff97000 	C:\Users\Umar\.jdks\openjdk-19.0.1\bin\jli.dll
0x00007ffc08b30000 - 0x00007ffc08cd0000 	C:\WINDOWS\System32\USER32.dll
0x00007ffbf0c50000 - 0x00007ffbf0eea000 	C:\WINDOWS\WinSxS\amd64_microsoft.windows.common-controls_6595b64144ccf1df_6.0.19041.1110_none_60b5254171f9507e\COMCTL32.dll
0x00007ffc07890000 - 0x00007ffc078b2000 	C:\WINDOWS\System32\win32u.dll
0x00007ffc07ae0000 - 0x00007ffc07b7e000 	C:\WINDOWS\System32\msvcrt.dll
0x00007ffc08f90000 - 0x00007ffc08fba000 	C:\WINDOWS\System32\GDI32.dll
0x00007ffc07130000 - 0x00007ffc0723b000 	C:\WINDOWS\System32\gdi32full.dll
0x00007ffc07240000 - 0x00007ffc072dd000 	C:\WINDOWS\System32\msvcp_win.dll
0x00007ffc08f00000 - 0x00007ffc08f30000 	C:\WINDOWS\System32\IMM32.DLL
0x00007ffbdd170000 - 0x00007ffbdd17c000 	C:\Users\Umar\.jdks\openjdk-19.0.1\bin\vcruntime140_1.dll
0x00007ffbcdcb0000 - 0x00007ffbcdd3e000 	C:\Users\Umar\.jdks\openjdk-19.0.1\bin\msvcp140.dll
0x00007ffb59580000 - 0x00007ffb5a240000 	C:\Users\Umar\.jdks\openjdk-19.0.1\bin\server\jvm.dll
0x00007ffc08a80000 - 0x00007ffc08b2e000 	C:\WINDOWS\System32\ADVAPI32.dll
0x00007ffc08d30000 - 0x00007ffc08dcc000 	C:\WINDOWS\System32\sechost.dll
0x00007ffc07c70000 - 0x00007ffc07d95000 	C:\WINDOWS\System32\RPCRT4.dll
0x00007ffbf29d0000 - 0x00007ffbf29d9000 	C:\WINDOWS\SYSTEM32\WSOCK32.dll
0x00007ffc08940000 - 0x00007ffc089ab000 	C:\WINDOWS\System32\WS2_32.dll
0x00007ffc04390000 - 0x00007ffc0439a000 	C:\WINDOWS\SYSTEM32\VERSION.dll
0x00007ffbf6440000 - 0x00007ffbf6467000 	C:\WINDOWS\SYSTEM32\WINMM.dll
0x00007ffc04f10000 - 0x00007ffc04f22000 	C:\WINDOWS\SYSTEM32\kernel.appcore.dll
0x00007ffbdc030000 - 0x00007ffbdc03a000 	C:\Users\Umar\.jdks\openjdk-19.0.1\bin\jimage.dll
0x00007ffbfea00000 - 0x00007ffbfebe4000 	C:\WINDOWS\SYSTEM32\DBGHELP.DLL
0x00007ffbfe9d0000 - 0x00007ffbfe9fc000 	C:\WINDOWS\SYSTEM32\dbgcore.DLL
0x00007ffc07500000 - 0x00007ffc07582000 	C:\WINDOWS\System32\bcryptPrimitives.dll
0x00007ffc037e0000 - 0x00007ffc037ee000 	C:\Users\Umar\.jdks\openjdk-19.0.1\bin\instrument.dll
0x00007ffbce020000 - 0x00007ffbce046000 	C:\Users\Umar\.jdks\openjdk-19.0.1\bin\java.dll
0x00007ffbcdbd0000 - 0x00007ffbcdca7000 	C:\Users\Umar\.jdks\openjdk-19.0.1\bin\jsvml.dll
0x00007ffc07da0000 - 0x00007ffc084e4000 	C:\WINDOWS\System32\SHELL32.dll
0x00007ffc05110000 - 0x00007ffc058a4000 	C:\WINDOWS\SYSTEM32\windows.storage.dll
0x00007ffc08550000 - 0x00007ffc088a4000 	C:\WINDOWS\System32\combase.dll
0x00007ffc06a40000 - 0x00007ffc06a6c000 	C:\WINDOWS\SYSTEM32\Wldp.dll
0x00007ffc079c0000 - 0x00007ffc07a6d000 	C:\WINDOWS\System32\SHCORE.dll
0x00007ffc08cd0000 - 0x00007ffc08d25000 	C:\WINDOWS\System32\shlwapi.dll
0x00007ffc06f10000 - 0x00007ffc06f2f000 	C:\WINDOWS\SYSTEM32\profapi.dll
0x00007ffbcdb90000 - 0x00007ffbcdba8000 	C:\Users\Umar\.jdks\openjdk-19.0.1\bin\zip.dll
0x00007ffbce000000 - 0x00007ffbce013000 	C:\Users\Umar\.jdks\openjdk-19.0.1\bin\net.dll
0x00007ffc00530000 - 0x00007ffc0063a000 	C:\WINDOWS\SYSTEM32\WINHTTP.dll
0x00007ffc067a0000 - 0x00007ffc0680a000 	C:\WINDOWS\system32\mswsock.dll
0x00007ffbcdbb0000 - 0x00007ffbcdbc6000 	C:\Users\Umar\.jdks\openjdk-19.0.1\bin\nio.dll
0x00007ffbdb5b0000 - 0x00007ffbdb5ca000 	C:\Program Files\JetBrains\IntelliJ IDEA 2022.2.1\bin\breakgen64.dll
0x00007ffbdc010000 - 0x00007ffbdc018000 	C:\Users\Umar\.jdks\openjdk-19.0.1\bin\extnet.dll
0x00007ffc06480000 - 0x00007ffc0654b000 	C:\WINDOWS\SYSTEM32\DNSAPI.dll
0x00007ffc06440000 - 0x00007ffc0647b000 	C:\WINDOWS\SYSTEM32\IPHLPAPI.DLL
0x00007ffc07c60000 - 0x00007ffc07c68000 	C:\WINDOWS\System32\NSI.dll
0x00007ffc002f0000 - 0x00007ffc002fa000 	C:\Windows\System32\rasadhlp.dll
0x00007ffbff670000 - 0x00007ffbff6ef000 	C:\WINDOWS\System32\fwpuclnt.dll
0x00007ffc07590000 - 0x00007ffc075b7000 	C:\WINDOWS\System32\bcrypt.dll
0x00007ffb77620000 - 0x00007ffb777b0000 	C:\Users\Umar\.jdks\openjdk-19.0.1\bin\awt.dll
0x00007ffc097a0000 - 0x00007ffc0986d000 	C:\WINDOWS\System32\OLEAUT32.dll
0x00007ffc03ba0000 - 0x00007ffc03c30000 	C:\WINDOWS\SYSTEM32\apphelp.dll
0x00007ffbde640000 - 0x00007ffbde6b5000 	C:\Users\Umar\AppData\Local\Temp\lwjglUmar\3.3.1-SNAPSHOT\lwjgl.dll
0x00007ffbde5d0000 - 0x00007ffbde631000 	C:\Users\Umar\AppData\Local\Temp\lwjglUmar\3.3.1-SNAPSHOT\glfw.dll
0x00007ffbdc4b0000 - 0x00007ffbdc4f5000 	C:\WINDOWS\SYSTEM32\dinput8.dll
0x00007ffbce720000 - 0x00007ffbce731000 	C:\WINDOWS\SYSTEM32\xinput1_4.dll
0x00007ffc078c0000 - 0x00007ffc0790e000 	C:\WINDOWS\System32\cfgmgr32.dll
0x00007ffc06d80000 - 0x00007ffc06dac000 	C:\WINDOWS\SYSTEM32\DEVOBJ.dll
0x00007ffc04e00000 - 0x00007ffc04e2f000 	C:\WINDOWS\SYSTEM32\dwmapi.dll
0x00007ffbfbaa0000 - 0x00007ffbfbbf2000 	C:\WINDOWS\SYSTEM32\inputhost.dll
0x00007ffc03c40000 - 0x00007ffc03d36000 	C:\WINDOWS\SYSTEM32\PROPSYS.dll
0x00007ffc03300000 - 0x00007ffc0365e000 	C:\WINDOWS\SYSTEM32\CoreUIComponents.dll
0x00007ffc03200000 - 0x00007ffc032f2000 	C:\WINDOWS\SYSTEM32\CoreMessaging.dll
0x00007ffc03e90000 - 0x00007ffc03fe4000 	C:\WINDOWS\SYSTEM32\wintypes.dll
0x00007ffc05ce0000 - 0x00007ffc05d13000 	C:\WINDOWS\SYSTEM32\ntmarta.dll
0x00007ffc04a50000 - 0x00007ffc04aee000 	C:\WINDOWS\system32\uxtheme.dll
0x00007ffc08fc0000 - 0x00007ffc090d5000 	C:\WINDOWS\System32\MSCTF.dll
0x00007ffb666a0000 - 0x00007ffb667c6000 	C:\WINDOWS\SYSTEM32\opengl32.dll
0x00007ffbd0120000 - 0x00007ffbd014c000 	C:\WINDOWS\SYSTEM32\GLU32.dll
0x00007ffc07910000 - 0x00007ffc079b9000 	C:\WINDOWS\System32\clbcatq.dll
0x00007ffb5f5d0000 - 0x00007ffb62789000 	C:\WINDOWS\System32\DriverStore\FileRepository\nv_dispig.inf_amd64_ee20464bb4ac57f4\nvoglv64.dll
0x00007ffc09330000 - 0x00007ffc0979a000 	C:\WINDOWS\System32\SETUPAPI.dll
0x00007ffc08dd0000 - 0x00007ffc08efa000 	C:\WINDOWS\System32\ole32.dll
0x00007ffc04100000 - 0x00007ffc04114000 	C:\WINDOWS\SYSTEM32\WTSAPI32.dll
0x00007ffc069b0000 - 0x00007ffc069bc000 	C:\WINDOWS\SYSTEM32\CRYPTBASE.DLL
0x00007ffc06bc0000 - 0x00007ffc06bd2000 	C:\WINDOWS\SYSTEM32\msasn1.dll
0x00007ffc004f0000 - 0x00007ffc00521000 	C:\WINDOWS\SYSTEM32\cryptnet.dll
0x00007ffc06fd0000 - 0x00007ffc07126000 	C:\WINDOWS\System32\CRYPT32.dll
0x00007ffc00140000 - 0x00007ffc00288000 	C:\WINDOWS\SYSTEM32\drvstore.dll
0x00007ffc07390000 - 0x00007ffc073f8000 	C:\WINDOWS\System32\WINTRUST.dll
0x00007ffbf91e0000 - 0x00007ffbf921b000 	C:\WINDOWS\SYSTEM32\dxcore.dll
0x00007ffbd2620000 - 0x00007ffbd28e7000 	C:\WINDOWS\system32\nvspcap64.dll
0x00007ffc065b0000 - 0x00007ffc065fb000 	C:\WINDOWS\SYSTEM32\powrprof.dll
0x00007ffc06420000 - 0x00007ffc06432000 	C:\WINDOWS\SYSTEM32\UMPDC.dll
0x00007ffc05d50000 - 0x00007ffc05daa000 	C:\WINDOWS\SYSTEM32\WINSTA.dll
0x00007ffbfbc00000 - 0x00007ffbfbcf9000 	C:\WINDOWS\SYSTEM32\textinputframework.dll
0x00007ffbdc3a0000 - 0x00007ffbdc3fd000 	C:\Users\Umar\AppData\Local\Temp\lwjglUmar\3.3.1-SNAPSHOT\lwjgl_opengl.dll
0x0000000064a00000 - 0x000000006580f000 	C:\Users\Umar\AppData\Local\Temp\imgui-java-natives_1671396091081\imgui-java64.dll

dbghelp: loaded successfully - version: 4.0.5 - missing functions: none
symbol engine: initialized successfully - sym options: 0x614 - pdb path: .;C:\Users\Umar\.jdks\openjdk-19.0.1\bin;C:\WINDOWS\SYSTEM32;C:\WINDOWS\WinSxS\amd64_microsoft.windows.common-controls_6595b64144ccf1df_6.0.19041.1110_none_60b5254171f9507e;C:\Users\Umar\.jdks\openjdk-19.0.1\bin\server;C:\Program Files\JetBrains\IntelliJ IDEA 2022.2.1\bin;C:\Users\Umar\AppData\Local\Temp\lwjglUmar\3.3.1-SNAPSHOT;C:\WINDOWS\System32\DriverStore\FileRepository\nv_dispig.inf_amd64_ee20464bb4ac57f4;C:\Users\Umar\AppData\Local\Temp\imgui-java-natives_1671396091081

VM Arguments:
jvm_args: -javaagent:C:\Program Files\JetBrains\IntelliJ IDEA 2022.2.1\lib\idea_rt.jar=59141:C:\Program Files\JetBrains\IntelliJ IDEA 2022.2.1\bin -Dfile.encoding=UTF-8 -Dsun.stdout.encoding=UTF-8 -Dsun.stderr.encoding=UTF-8 
java_command: Client.ClientBootstrap
java_class_path (initial): C:\Users\Umar\IdeaProjects\course-work-2022\target\classes;C:\Users\Umar\.m2\repository\com\mysql\mysql-connector-j\8.0.31\mysql-connector-j-8.0.31.jar;C:\Users\Umar\.m2\repository\com\google\protobuf\protobuf-java\3.19.4\protobuf-java-3.19.4.jar;C:\Users\Umar\.m2\repository\org\hibernate\hibernate-entitymanager\5.6.14.Final\hibernate-entitymanager-5.6.14.Final.jar;C:\Users\Umar\.m2\repository\org\jboss\logging\jboss-logging\3.4.3.Final\jboss-logging-3.4.3.Final.jar;C:\Users\Umar\.m2\repository\org\hibernate\hibernate-core\5.6.14.Final\hibernate-core-5.6.14.Final.jar;C:\Users\Umar\.m2\repository\antlr\antlr\2.7.7\antlr-2.7.7.jar;C:\Users\Umar\.m2\repository\org\jboss\jandex\2.4.2.Final\jandex-2.4.2.Final.jar;C:\Users\Umar\.m2\repository\com\fasterxml\classmate\1.5.1\classmate-1.5.1.jar;C:\Users\Umar\.m2\repository\javax\activation\javax.activation-api\1.2.0\javax.activation-api-1.2.0.jar;C:\Users\Umar\.m2\repository\javax\xml\bind\jaxb-api\2.3.1\jaxb-api-2.3.1.jar;C:\Users\Umar\.m2\repository\org\glassfish\jaxb\jaxb-runtime\2.3.1\jaxb-runtime-2.3.1.jar;C:\Users\Umar\.m2\repository\org\glassfish\jaxb\txw2\2.3.1\txw2-2.3.1.jar;C:\Users\Umar\.m2\repository\com\sun\istack\istack-commons-runtime\3.0.7\istack-commons-runtime-3.0.7.jar;C:\Users\Umar\.m2\repository\org\jvnet\staxex\stax-ex\1.8\stax-ex-1.8.jar;C:\Users\Umar\.m2\repository\com\sun\xml\fastinfoset\FastInfoset\1.2.15\FastInfoset-1.2.15.jar;C:\Users\Umar\.m2\repository\org\hibernate\common\hibernate-commons-annotations\5.1.2.Final\hibernate-commons-annotations-5.1.2.Final.jar;C:\Users\Umar\.m2\repository\javax\persistence\javax.persistence-api\2.2\javax.persistence-api-2.2.jar;C:\Users\Umar\.m2\repository\net\bytebuddy\byte-buddy\1.12.18\byte-buddy-1.12.18.jar;C:\Users\Umar\.m2\repository\org\jboss\spec\javax\transaction\jboss-transaction-api_1.2_spec\1.1.1.Final\jboss-transaction-api_1.2_spec-1.1.1.Final.jar;C:\Users\Umar\.m2\repository\io\github\spair\imgui-java-app\1.86.4\imgui-java-app-1.86.4.jar;C:\Users\Umar\.m2\repository\org\lwjgl\lwjgl\3.3.1\lwjgl-3.3.1.jar;C:\Users\Umar\.m2\repository\org\lwjgl\lwjgl-glfw\3.3.1\lwjgl-glfw-3.3.1.jar;C:\Users\Umar\.m2\repository\org\lwjgl\lwjgl-opengl\3.3.1\lwjgl-opengl-3.3.1.jar;C:\Users\Umar\.m2\repository\org\lwjgl\lwjgl\3.3.1\lwjgl-3.3.1-natives-linux.jar;C:\Users\Umar\.m2\repository\org\lwjgl\lwjgl-glfw\3.3.1\lwjgl-glfw-3.3.1-natives-linux.jar;C:\Users\Umar\.m2\repository\org\lwjgl\lwjgl-opengl\3.3.1\lwjgl-opengl-3.3.1-natives-linux.jar;C:\Users\Umar\.m2\repository\org\lwjgl\lwjgl\3.3.1\lwjgl-3.3.1-natives-windows.jar;C:\Users\Umar\.m2\repository\org\lwjgl\lwjgl-glfw\3.3.1\lwjgl-glfw-3.3.1-natives-windows.jar;C:\Users\Umar\.m2\repository\org\lwjgl\lwjgl-opengl\3.3.1\lwjgl-opengl-3.3.1-natives-windows.jar;C:\Users\Umar\.m2\repository\org\lwjgl\lwjgl\3.3.1\lwjgl-3.3.1-natives-macos.jar;C:\Users\Umar\.m2\repository\org\lwjgl\lwjgl-glfw\3.3.1\lwjgl-glfw-3.3.1-natives-macos.jar;C:\Users\Umar\.m2\repository\org\lwjgl\lwjgl-opengl\3.3.1\lwjgl-opengl-3.3.1-natives-macos.jar;C:\Users\Umar\.m2\repository\io\github\spair\imgui-java-binding\1.86.4\imgui-java-binding-1.86.4.jar;C:\Users\Umar\.m2\repository\io\github\spair\imgui-java-lwjgl3\1.86.4\imgui-java-lwjgl3-1.86.4.jar
Launcher Type: SUN_STANDARD

[Global flags]
     intx CICompilerCount                          = 4                                         {product} {ergonomic}
     uint ConcGCThreads                            = 2                                         {product} {ergonomic}
     uint G1ConcRefinementThreads                  = 8                                         {product} {ergonomic}
   size_t G1HeapRegionSize                         = 4194304                                   {product} {ergonomic}
    uintx GCDrainStackTargetSize                   = 64                                        {product} {ergonomic}
   size_t InitialHeapSize                          = 536870912                                 {product} {ergonomic}
   size_t MarkStackSize                            = 4194304                                   {product} {ergonomic}
   size_t MaxHeapSize                              = 8568963072                                {product} {ergonomic}
   size_t MaxNewSize                               = 5138022400                                {product} {ergonomic}
   size_t MinHeapDeltaBytes                        = 4194304                                   {product} {ergonomic}
   size_t MinHeapSize                              = 8388608                                   {product} {ergonomic}
    uintx NonNMethodCodeHeapSize                   = 5839372                                {pd product} {ergonomic}
    uintx NonProfiledCodeHeapSize                  = 122909434                              {pd product} {ergonomic}
    uintx ProfiledCodeHeapSize                     = 122909434                              {pd product} {ergonomic}
    uintx ReservedCodeCacheSize                    = 251658240                              {pd product} {ergonomic}
     bool SegmentedCodeCache                       = true                                      {product} {ergonomic}
   size_t SoftMaxHeapSize                          = 8568963072                             {manageable} {ergonomic}
     bool UseCompressedClassPointers               = true                           {product lp64_product} {ergonomic}
     bool UseCompressedOops                        = true                           {product lp64_product} {ergonomic}
     bool UseG1GC                                  = true                                      {product} {ergonomic}
     bool UseLargePagesIndividualAllocation        = false                                  {pd product} {ergonomic}

Logging:
Log output configuration:
 #0: stdout all=warning uptime,level,tags foldmultilines=false
 #1: stderr all=off uptime,level,tags foldmultilines=false

Environment Variables:
PATH=C:\Program Files (x86)\VMware\VMware Player\bin\;C:\ProgramData\Oracle\Java\javapath;C:\WINDOWS\system32;C:\WINDOWS;C:\WINDOWS\System32\Wbem;C:\WINDOWS\System32\WindowsPowerShell\v1.0\;C:\WINDOWS\System32\OpenSSH\;C:\Program Files\Git\cmd;C:\Program Files (x86)\NVIDIA Corporation\PhysX\Common;C:\Program Files\NVIDIA Corporation\NVIDIA NvDLISR;C:\Program Files\WireGuard\;C:\Program Files\dotnet\;C:\Program Files\MySQL\MySQL Shell 8.0\bin\;C:\Users\Umar\AppData\Local\Microsoft\WindowsApps;C:\Users\Umar\.dotnet\tools;C:\Program Files\JetBrains\IntelliJ IDEA 2022.2.1\bin
USERNAME=Umar
OS=Windows_NT
PROCESSOR_IDENTIFIER=Intel64 Family 6 Model 158 Stepping 13, GenuineIntel
TMP=C:\Users\Umar\AppData\Local\Temp
TEMP=C:\Users\Umar\AppData\Local\Temp



---------------  S Y S T E M  ---------------

OS:
 Windows 10 , 64 bit Build 19041 (10.0.19041.1645)
OS uptime: 0 days 11:26 hours

CPU: total 8 (initial active 8) (8 cores per cpu, 1 threads per core) family 6 model 158 stepping 13 microcode 0xd6, cx8, cmov, fxsr, mmx, 3dnowpref, sse, sse2, sse3, ssse3, sse4.1, sse4.2, popcnt, lzcnt, tsc, tscinvbit, avx, avx2, aes, erms, clmul, bmi1, bmi2, adx, fma, vzeroupper, clflush, clflushopt, rdtscp

Memory: 4k page, system-wide physical 32685M (16882M free)
TotalPageFile size 37549M (AvailPageFile size 14329M)
current process WorkingSet (physical memory assigned to process): 116M, peak: 120M
current process commit charge ("private bytes"): 705M, peak: 713M

vm_info: OpenJDK 64-Bit Server VM (19.0.1+10-21) for windows-amd64 JRE (19.0.1+10-21), built on 2022-09-14T12:45:06Z by "mach5one" with MS VC++ 17.1 (VS2022)

END.
